History Representation Experiment parameters.
Namespace(seed=0, payoffs=[1.0, 1.0], n_iterations=100, n_train_evals=25, train_id_start=0, epsilon=0.3, hist_rep_dim=4, dqn_hidden_dim=4, capacity=16, batch_size=8, dqn_lr=0.01, tau=1.0, gamma=0.975, len_update_cycle=100, n_epochs=500, popsize=48, es_lr=0.05, stdev_init=0.1, stdev_decay=0.9975, stdev_min=0.01, save=True, log_interval=0)

Parameter sources.
Command Line Args:   --seed=0 --save --log_interval=0
Config File (/data/engs-oxfair3/orie4536/online-lever-adaptation/experiments/history_representation/defaults.conf):
  payoffs:           ['1.', '1.']
  n_iterations:      100
  n_train_evals:     25
  train_id_start:    0
  epsilon:           0.3
  hist_rep_dim:      4
  dqn_hidden_dim:    4
  capacity:          16
  batch_size:        8
  dqn_lr:            0.01
  tau:               1.0
  gamma:             0.975
  len_update_cycle:  100
  n_epochs:          500
  popsize:           48
  es_lr:             0.05
  stdev_init:        0.1
  stdev_decay:       0.9975
  stdev_min:         0.01

2022-08-26 18:38:25.642730 [(0, 0, 0), (0, 1, 1), (1, 1, 0), (1, 1, 1)] 00
2022-08-26 18:47:27.442334 [(0, 0, 0), (0, 1, 1), (1, 1, 0), (1, 1, 1)] 01
2022-08-26 18:56:23.032340 [(0, 0, 0), (0, 1, 1), (1, 1, 0), (1, 1, 1)] 02
2022-08-26 19:05:23.742531 [(0, 0, 0), (0, 1, 1), (1, 1, 0), (1, 1, 1)] 03
2022-08-26 19:14:23.872694 [(0, 0, 0), (0, 1, 1), (1, 1, 0), (1, 1, 1)] 04
2022-08-26 19:23:29.606104 [(0, 0, 0), (0, 1, 1), (1, 1, 0), (1, 1, 1)] 05
2022-08-26 19:32:29.873716 [(0, 0, 0), (0, 1, 1), (1, 1, 0), (1, 1, 1)] 06
2022-08-26 19:41:23.982608 [(0, 0, 0), (0, 1, 1), (1, 1, 0), (1, 1, 1)] 07
2022-08-26 19:50:27.076827 [(0, 0, 0), (0, 1, 1), (1, 1, 0), (1, 1, 1)] 08
2022-08-26 19:59:31.576268 [(0, 0, 0), (0, 1, 1), (1, 1, 0), (1, 1, 1)] 09
2022-08-26 20:08:37.416966 [(0, 0, 0), (0, 1, 1), (1, 1, 0), (1, 1, 1)] 10
2022-08-26 20:17:33.481930 [(0, 0, 0), (0, 1, 1), (1, 1, 0), (1, 1, 1)] 11
2022-08-26 20:26:32.853208 [(0, 0, 0), (0, 1, 1), (1, 1, 0), (1, 1, 1)] 12
2022-08-26 20:35:31.229072 [(0, 0, 0), (0, 1, 1), (1, 1, 0), (1, 1, 1)] 13
2022-08-26 20:44:34.054021 [(0, 0, 0), (0, 1, 1), (1, 1, 0), (1, 1, 1)] 14
2022-08-26 20:53:42.903945 [(0, 0, 0), (0, 1, 1), (1, 1, 0), (1, 1, 1)] 15
2022-08-26 21:02:39.692780 [(0, 0, 0), (0, 1, 1), (1, 1, 0), (1, 1, 1)] 16
2022-08-26 21:11:43.555683 [(0, 0, 0), (0, 1, 1), (1, 1, 0), (1, 1, 1)] 17
2022-08-26 21:20:40.776405 [(0, 0, 0), (0, 1, 1), (1, 1, 0), (1, 1, 1)] 18
2022-08-26 21:29:45.259178 [(0, 0, 0), (0, 1, 1), (1, 1, 0), (1, 1, 1)] 19
2022-08-26 21:38:46.889860 [(0, 0, 0), (0, 1, 1), (1, 1, 0), (1, 1, 1)] 20
2022-08-26 21:47:47.661235 [(0, 0, 0), (0, 1, 1), (1, 1, 0), (1, 1, 1)] 21
2022-08-26 21:56:48.550475 [(0, 0, 0), (0, 1, 1), (1, 1, 0), (1, 1, 1)] 22
2022-08-26 22:05:51.644023 [(0, 0, 0), (0, 1, 1), (1, 1, 0), (1, 1, 1)] 23
2022-08-26 22:14:53.740489 [(0, 0, 0), (0, 1, 1), (1, 1, 0), (1, 1, 1)] 24
