History Representation Experiment parameters.
Namespace(seed=1, payoffs=[1.0, 1.0], n_iterations=100, n_train_evals=50, train_id_start=0, epsilon=0.3, hist_rep_dim=4, dqn_hidden_dim=4, capacity=16, batch_size=8, dqn_lr=0.01, tau=1.0, gamma=0.975, len_update_cycle=100, n_epochs=500, popsize=48, es_lr=0.05, stdev_init=0.1, stdev_decay=0.9975, stdev_min=0.01, save=True, log_interval=0)

Parameter sources.
Command Line Args:   --seed=1 --save --log_interval=0 --n_train_evals=50
Config File (/data/engs-oxfair3/orie4536/online-lever-adaptation/experiments/history_representation/defaults.conf):
  payoffs:           ['1.', '1.']
  n_iterations:      100
  train_id_start:    0
  epsilon:           0.3
  hist_rep_dim:      4
  dqn_hidden_dim:    4
  capacity:          16
  batch_size:        8
  dqn_lr:            0.01
  tau:               1.0
  gamma:             0.975
  len_update_cycle:  100
  n_epochs:          500
  popsize:           48
  es_lr:             0.05
  stdev_init:        0.1
  stdev_decay:       0.9975
  stdev_min:         0.01

2022-08-26 23:03:09.980955 [(0, 0, 0), (0, 1, 0), (1, 0, 0), (1, 1, 1)] 00
2022-08-26 23:11:52.596550 [(0, 0, 0), (0, 1, 0), (1, 0, 0), (1, 1, 1)] 01
2022-08-26 23:20:31.314443 [(0, 0, 0), (0, 1, 0), (1, 0, 0), (1, 1, 1)] 02
2022-08-26 23:29:09.995425 [(0, 0, 0), (0, 1, 0), (1, 0, 0), (1, 1, 1)] 03
2022-08-26 23:37:47.533462 [(0, 0, 0), (0, 1, 0), (1, 0, 0), (1, 1, 1)] 04
2022-08-26 23:46:27.150792 [(0, 0, 0), (0, 1, 0), (1, 0, 0), (1, 1, 1)] 05
2022-08-26 23:55:03.615229 [(0, 0, 0), (0, 1, 0), (1, 0, 0), (1, 1, 1)] 06
2022-08-27 00:03:41.932323 [(0, 0, 0), (0, 1, 0), (1, 0, 0), (1, 1, 1)] 07
2022-08-27 00:12:22.553408 [(0, 0, 0), (0, 1, 0), (1, 0, 0), (1, 1, 1)] 08
2022-08-27 00:21:02.027044 [(0, 0, 0), (0, 1, 0), (1, 0, 0), (1, 1, 1)] 09
2022-08-27 00:29:40.722590 [(0, 0, 0), (0, 1, 0), (1, 0, 0), (1, 1, 1)] 10
2022-08-27 00:38:17.940057 [(0, 0, 0), (0, 1, 0), (1, 0, 0), (1, 1, 1)] 11
2022-08-27 00:46:55.299374 [(0, 0, 0), (0, 1, 0), (1, 0, 0), (1, 1, 1)] 12
2022-08-27 00:55:32.553566 [(0, 0, 0), (0, 1, 0), (1, 0, 0), (1, 1, 1)] 13
2022-08-27 01:04:07.770639 [(0, 0, 0), (0, 1, 0), (1, 0, 0), (1, 1, 1)] 14
2022-08-27 01:12:47.126379 [(0, 0, 0), (0, 1, 0), (1, 0, 0), (1, 1, 1)] 15
2022-08-27 01:21:25.873537 [(0, 0, 0), (0, 1, 0), (1, 0, 0), (1, 1, 1)] 16
2022-08-27 01:30:03.485937 [(0, 0, 0), (0, 1, 0), (1, 0, 0), (1, 1, 1)] 17
2022-08-27 01:38:41.744105 [(0, 0, 0), (0, 1, 0), (1, 0, 0), (1, 1, 1)] 18
2022-08-27 01:47:20.578705 [(0, 0, 0), (0, 1, 0), (1, 0, 0), (1, 1, 1)] 19
2022-08-27 01:55:57.395907 [(0, 0, 0), (0, 1, 0), (1, 0, 0), (1, 1, 1)] 20
2022-08-27 02:04:40.408665 [(0, 0, 0), (0, 1, 0), (1, 0, 0), (1, 1, 1)] 21
2022-08-27 02:13:20.594171 [(0, 0, 0), (0, 1, 0), (1, 0, 0), (1, 1, 1)] 22
2022-08-27 02:21:58.926868 [(0, 0, 0), (0, 1, 0), (1, 0, 0), (1, 1, 1)] 23
2022-08-27 02:30:36.199517 [(0, 0, 0), (0, 1, 0), (1, 0, 0), (1, 1, 1)] 24
2022-08-27 02:39:12.763293 [(0, 0, 0), (0, 1, 0), (1, 0, 0), (1, 1, 1)] 25
2022-08-27 02:47:51.429848 [(0, 0, 0), (0, 1, 0), (1, 0, 0), (1, 1, 1)] 26
2022-08-27 02:56:32.071338 [(0, 0, 0), (0, 1, 0), (1, 0, 0), (1, 1, 1)] 27
2022-08-27 03:05:08.958220 [(0, 0, 0), (0, 1, 0), (1, 0, 0), (1, 1, 1)] 28
2022-08-27 03:13:46.779338 [(0, 0, 0), (0, 1, 0), (1, 0, 0), (1, 1, 1)] 29
2022-08-27 03:22:25.969801 [(0, 0, 0), (0, 1, 0), (1, 0, 0), (1, 1, 1)] 30
2022-08-27 03:31:05.459844 [(0, 0, 0), (0, 1, 0), (1, 0, 0), (1, 1, 1)] 31
2022-08-27 03:39:43.786878 [(0, 0, 0), (0, 1, 0), (1, 0, 0), (1, 1, 1)] 32
2022-08-27 03:48:21.948440 [(0, 0, 0), (0, 1, 0), (1, 0, 0), (1, 1, 1)] 33
2022-08-27 03:56:59.405044 [(0, 0, 0), (0, 1, 0), (1, 0, 0), (1, 1, 1)] 34
2022-08-27 04:05:38.439978 [(0, 0, 0), (0, 1, 0), (1, 0, 0), (1, 1, 1)] 35
2022-08-27 04:14:17.023244 [(0, 0, 0), (0, 1, 0), (1, 0, 0), (1, 1, 1)] 36
2022-08-27 04:22:55.118118 [(0, 0, 0), (0, 1, 0), (1, 0, 0), (1, 1, 1)] 37
2022-08-27 04:31:34.058752 [(0, 0, 0), (0, 1, 0), (1, 0, 0), (1, 1, 1)] 38
2022-08-27 04:40:11.512155 [(0, 0, 0), (0, 1, 0), (1, 0, 0), (1, 1, 1)] 39
2022-08-27 04:48:46.898846 [(0, 0, 0), (0, 1, 0), (1, 0, 0), (1, 1, 1)] 40
History Representation Experiment parameters.
Namespace(seed=1, payoffs=[1.0, 1.0], n_iterations=100, n_train_evals=50, train_id_start=0, epsilon=0.3, hist_rep_dim=4, dqn_hidden_dim=4, capacity=16, batch_size=8, dqn_lr=0.01, tau=1.0, gamma=0.975, len_update_cycle=100, n_epochs=500, popsize=48, es_lr=0.05, stdev_init=0.1, stdev_decay=0.9975, stdev_min=0.01, save=True, log_interval=0)

Parameter sources.
Command Line Args:   --seed=1 --save --log_interval=0 --n_train_evals=50
Config File (/data/engs-oxfair3/orie4536/online-lever-adaptation/experiments/history_representation/defaults.conf):
  payoffs:           ['1.', '1.']
  n_iterations:      100
  train_id_start:    0
  epsilon:           0.3
  hist_rep_dim:      4
  dqn_hidden_dim:    4
  capacity:          16
  batch_size:        8
  dqn_lr:            0.01
  tau:               1.0
  gamma:             0.975
  len_update_cycle:  100
  n_epochs:          500
  popsize:           48
  es_lr:             0.05
  stdev_init:        0.1
  stdev_decay:       0.9975
  stdev_min:         0.01

2022-08-27 04:55:29.585777 [(0, 0, 0), (0, 1, 0), (1, 0, 0), (1, 1, 1)] 00
2022-08-27 05:04:10.248526 [(0, 0, 0), (0, 1, 0), (1, 0, 0), (1, 1, 1)] 01
2022-08-27 05:12:50.950753 [(0, 0, 0), (0, 1, 0), (1, 0, 0), (1, 1, 1)] 02
2022-08-27 05:21:30.771130 [(0, 0, 0), (0, 1, 0), (1, 0, 0), (1, 1, 1)] 03
2022-08-27 05:30:09.543341 [(0, 0, 0), (0, 1, 0), (1, 0, 0), (1, 1, 1)] 04
History Representation Experiment parameters.
Namespace(seed=1, payoffs=[1.0, 1.0], n_iterations=100, n_train_evals=50, train_id_start=0, epsilon=0.3, hist_rep_dim=4, dqn_hidden_dim=4, capacity=16, batch_size=8, dqn_lr=0.01, tau=1.0, gamma=0.975, len_update_cycle=100, n_epochs=500, popsize=48, es_lr=0.05, stdev_init=0.1, stdev_decay=0.9975, stdev_min=0.01, save=True, log_interval=0)

Parameter sources.
Command Line Args:   --seed=1 --save --log_interval=0 --n_train_evals=50
Config File (/data/engs-oxfair3/orie4536/online-lever-adaptation/experiments/history_representation/defaults.conf):
  payoffs:           ['1.', '1.']
  n_iterations:      100
  train_id_start:    0
  epsilon:           0.3
  hist_rep_dim:      4
  dqn_hidden_dim:    4
  capacity:          16
  batch_size:        8
  dqn_lr:            0.01
  tau:               1.0
  gamma:             0.975
  len_update_cycle:  100
  n_epochs:          500
  popsize:           48
  es_lr:             0.05
  stdev_init:        0.1
  stdev_decay:       0.9975
  stdev_min:         0.01

2022-08-27 05:37:40.977817 [(0, 0, 0), (0, 1, 0), (1, 0, 0), (1, 1, 1)] 00
2022-08-27 05:46:23.124497 [(0, 0, 0), (0, 1, 0), (1, 0, 0), (1, 1, 1)] 01
History Representation Experiment parameters.
Namespace(seed=1, payoffs=[1.0, 1.0], n_iterations=100, n_train_evals=50, train_id_start=0, epsilon=0.3, hist_rep_dim=4, dqn_hidden_dim=4, capacity=16, batch_size=8, dqn_lr=0.01, tau=1.0, gamma=0.975, len_update_cycle=100, n_epochs=500, popsize=48, es_lr=0.05, stdev_init=0.1, stdev_decay=0.9975, stdev_min=0.01, save=True, log_interval=0)

Parameter sources.
Command Line Args:   --seed=1 --save --log_interval=0 --n_train_evals=50
Config File (/data/engs-oxfair3/orie4536/online-lever-adaptation/experiments/history_representation/defaults.conf):
  payoffs:           ['1.', '1.']
  n_iterations:      100
  train_id_start:    0
  epsilon:           0.3
  hist_rep_dim:      4
  dqn_hidden_dim:    4
  capacity:          16
  batch_size:        8
  dqn_lr:            0.01
  tau:               1.0
  gamma:             0.975
  len_update_cycle:  100
  n_epochs:          500
  popsize:           48
  es_lr:             0.05
  stdev_init:        0.1
  stdev_decay:       0.9975
  stdev_min:         0.01

2022-08-27 05:59:00.611704 [(0, 0, 0), (0, 1, 0), (1, 0, 0), (1, 1, 1)] 00
2022-08-27 06:07:42.781060 [(0, 0, 0), (0, 1, 0), (1, 0, 0), (1, 1, 1)] 01
2022-08-27 06:16:21.539528 [(0, 0, 0), (0, 1, 0), (1, 0, 0), (1, 1, 1)] 02
2022-08-27 06:24:58.210855 [(0, 0, 0), (0, 1, 0), (1, 0, 0), (1, 1, 1)] 03
2022-08-27 06:33:35.439371 [(0, 0, 0), (0, 1, 0), (1, 0, 0), (1, 1, 1)] 04
2022-08-27 06:42:10.665979 [(0, 0, 0), (0, 1, 0), (1, 0, 0), (1, 1, 1)] 05
2022-08-27 06:50:47.824030 [(0, 0, 0), (0, 1, 0), (1, 0, 0), (1, 1, 1)] 06
2022-08-27 06:59:22.656911 [(0, 0, 0), (0, 1, 0), (1, 0, 0), (1, 1, 1)] 07
2022-08-27 07:08:02.874026 [(0, 0, 0), (0, 1, 0), (1, 0, 0), (1, 1, 1)] 08
2022-08-27 07:16:38.405445 [(0, 0, 0), (0, 1, 0), (1, 0, 0), (1, 1, 1)] 09
2022-08-27 07:25:14.300207 [(0, 0, 0), (0, 1, 0), (1, 0, 0), (1, 1, 1)] 10
2022-08-27 07:33:50.697003 [(0, 0, 0), (0, 1, 0), (1, 0, 0), (1, 1, 1)] 11
2022-08-27 07:42:26.581019 [(0, 0, 0), (0, 1, 0), (1, 0, 0), (1, 1, 1)] 12
2022-08-27 07:51:05.634966 [(0, 0, 0), (0, 1, 0), (1, 0, 0), (1, 1, 1)] 13
2022-08-27 07:59:41.685626 [(0, 0, 0), (0, 1, 0), (1, 0, 0), (1, 1, 1)] 14
2022-08-27 08:08:21.008399 [(0, 0, 0), (0, 1, 0), (1, 0, 0), (1, 1, 1)] 15
2022-08-27 08:16:59.231982 [(0, 0, 0), (0, 1, 0), (1, 0, 0), (1, 1, 1)] 16
2022-08-27 08:25:35.765160 [(0, 0, 0), (0, 1, 0), (1, 0, 0), (1, 1, 1)] 17
2022-08-27 08:34:12.356366 [(0, 0, 0), (0, 1, 0), (1, 0, 0), (1, 1, 1)] 18
2022-08-27 08:42:48.507482 [(0, 0, 0), (0, 1, 0), (1, 0, 0), (1, 1, 1)] 19
2022-08-27 08:51:26.866386 [(0, 0, 0), (0, 1, 0), (1, 0, 0), (1, 1, 1)] 20
2022-08-27 09:00:02.985351 [(0, 0, 0), (0, 1, 0), (1, 0, 0), (1, 1, 1)] 21
History Representation Experiment parameters.
Namespace(seed=1, payoffs=[1.0, 1.0], n_iterations=100, n_train_evals=50, train_id_start=0, epsilon=0.3, hist_rep_dim=4, dqn_hidden_dim=4, capacity=16, batch_size=8, dqn_lr=0.01, tau=1.0, gamma=0.975, len_update_cycle=100, n_epochs=500, popsize=48, es_lr=0.05, stdev_init=0.1, stdev_decay=0.9975, stdev_min=0.01, save=True, log_interval=0)

Parameter sources.
Command Line Args:   --seed=1 --save --log_interval=0 --n_train_evals=50
Config File (/data/engs-oxfair3/orie4536/online-lever-adaptation/experiments/history_representation/defaults.conf):
  payoffs:           ['1.', '1.']
  n_iterations:      100
  train_id_start:    0
  epsilon:           0.3
  hist_rep_dim:      4
  dqn_hidden_dim:    4
  capacity:          16
  batch_size:        8
  dqn_lr:            0.01
  tau:               1.0
  gamma:             0.975
  len_update_cycle:  100
  n_epochs:          500
  popsize:           48
  es_lr:             0.05
  stdev_init:        0.1
  stdev_decay:       0.9975
  stdev_min:         0.01

2022-08-27 09:07:57.038687 [(0, 0, 0), (0, 1, 0), (1, 0, 0), (1, 1, 1)] 00
2022-08-27 09:16:42.695091 [(0, 0, 0), (0, 1, 0), (1, 0, 0), (1, 1, 1)] 01
2022-08-27 09:25:22.396636 [(0, 0, 0), (0, 1, 0), (1, 0, 0), (1, 1, 1)] 02
slurmstepd: error: *** JOB 2445754 ON arc-c306 CANCELLED AT 2022-08-27T09:28:25 ***
