History Representation Experiment parameters.
Namespace(seed=1, payoffs=[1.0, 1.0], n_iterations=100, n_train_evals=50, train_id_start=0, epsilon=0.3, hist_rep_dim=4, dqn_hidden_dim=4, capacity=16, batch_size=8, dqn_lr=0.01, tau=1.0, gamma=0.975, len_update_cycle=100, n_epochs=500, popsize=48, es_lr=0.05, stdev_init=0.1, stdev_decay=0.9975, stdev_min=0.01, save=True, log_interval=0)

Parameter sources.
Command Line Args:   --seed=1 --save --log_interval=0 --n_train_evals=50
Config File (/data/engs-oxfair3/orie4536/online-lever-adaptation/experiments/history_representation/defaults.conf):
  payoffs:           ['1.', '1.']
  n_iterations:      100
  train_id_start:    0
  epsilon:           0.3
  hist_rep_dim:      4
  dqn_hidden_dim:    4
  capacity:          16
  batch_size:        8
  dqn_lr:            0.01
  tau:               1.0
  gamma:             0.975
  len_update_cycle:  100
  n_epochs:          500
  popsize:           48
  es_lr:             0.05
  stdev_init:        0.1
  stdev_decay:       0.9975
  stdev_min:         0.01

2022-08-27 09:23:00.771926 [(0, 0, 0), (0, 1, 0), (1, 0, 0), (1, 1, 1)] 00 already exists.
2022-08-27 09:23:00.795219 [(0, 0, 0), (0, 1, 0), (1, 0, 0), (1, 1, 1)] 01 already exists.
2022-08-27 09:23:00.795802 [(0, 0, 0), (0, 1, 0), (1, 0, 0), (1, 1, 1)] 02 already exists.
2022-08-27 09:23:00.796326 [(0, 0, 0), (0, 1, 0), (1, 0, 0), (1, 1, 1)] 03 already exists.
2022-08-27 09:23:00.796807 [(0, 0, 0), (0, 1, 0), (1, 0, 0), (1, 1, 1)] 04 already exists.
2022-08-27 09:23:00.797118 [(0, 0, 0), (0, 1, 0), (1, 0, 0), (1, 1, 1)] 05 already exists.
2022-08-27 09:23:00.797550 [(0, 0, 0), (0, 1, 0), (1, 0, 0), (1, 1, 1)] 06 already exists.
2022-08-27 09:23:00.797984 [(0, 0, 0), (0, 1, 0), (1, 0, 0), (1, 1, 1)] 07 already exists.
2022-08-27 09:23:00.798447 [(0, 0, 0), (0, 1, 0), (1, 0, 0), (1, 1, 1)] 08 already exists.
2022-08-27 09:23:00.798826 [(0, 0, 0), (0, 1, 0), (1, 0, 0), (1, 1, 1)] 09 already exists.
2022-08-27 09:23:00.799260 [(0, 0, 0), (0, 1, 0), (1, 0, 0), (1, 1, 1)] 10 already exists.
2022-08-27 09:23:00.813253 [(0, 0, 0), (0, 1, 0), (1, 0, 0), (1, 1, 1)] 11 already exists.
2022-08-27 09:23:00.813721 [(0, 0, 0), (0, 1, 0), (1, 0, 0), (1, 1, 1)] 12 already exists.
2022-08-27 09:23:00.814055 [(0, 0, 0), (0, 1, 0), (1, 0, 0), (1, 1, 1)] 13 already exists.
2022-08-27 09:23:00.814491 [(0, 0, 0), (0, 1, 0), (1, 0, 0), (1, 1, 1)] 14 already exists.
2022-08-27 09:23:00.814859 [(0, 0, 0), (0, 1, 0), (1, 0, 0), (1, 1, 1)] 15 already exists.
2022-08-27 09:23:00.815305 [(0, 0, 0), (0, 1, 0), (1, 0, 0), (1, 1, 1)] 16 already exists.
2022-08-27 09:23:00.815675 [(0, 0, 0), (0, 1, 0), (1, 0, 0), (1, 1, 1)] 17 already exists.
2022-08-27 09:23:00.816140 [(0, 0, 0), (0, 1, 0), (1, 0, 0), (1, 1, 1)] 18 already exists.
2022-08-27 09:23:00.816501 [(0, 0, 0), (0, 1, 0), (1, 0, 0), (1, 1, 1)] 19 already exists.
2022-08-27 09:23:00.816879 [(0, 0, 0), (0, 1, 0), (1, 0, 0), (1, 1, 1)] 20 already exists.
2022-08-27 09:23:00.817214 [(0, 0, 0), (0, 1, 0), (1, 0, 0), (1, 1, 1)] 21 already exists.
2022-08-27 09:23:00.817577 [(0, 0, 0), (0, 1, 0), (1, 0, 0), (1, 1, 1)] 22 already exists.
2022-08-27 09:23:00.826406 [(0, 0, 0), (0, 1, 0), (1, 0, 0), (1, 1, 1)] 23 already exists.
2022-08-27 09:23:00.826880 [(0, 0, 0), (0, 1, 0), (1, 0, 0), (1, 1, 1)] 24 already exists.
2022-08-27 09:23:00.827381 [(0, 0, 0), (0, 1, 0), (1, 0, 0), (1, 1, 1)] 25 already exists.
2022-08-27 09:23:00.827798 [(0, 0, 0), (0, 1, 0), (1, 0, 0), (1, 1, 1)] 26 already exists.
2022-08-27 09:23:00.828164 [(0, 0, 0), (0, 1, 0), (1, 0, 0), (1, 1, 1)] 27 already exists.
2022-08-27 09:23:00.828582 [(0, 0, 0), (0, 1, 0), (1, 0, 0), (1, 1, 1)] 28 already exists.
2022-08-27 09:23:00.837495 [(0, 0, 0), (0, 1, 0), (1, 0, 0), (1, 1, 1)] 29 already exists.
2022-08-27 09:23:00.838094 [(0, 0, 0), (0, 1, 0), (1, 0, 0), (1, 1, 1)] 30 already exists.
2022-08-27 09:23:00.839886 [(0, 0, 0), (0, 1, 0), (1, 0, 0), (1, 1, 1)] 31 already exists.
2022-08-27 09:23:00.840431 [(0, 0, 0), (0, 1, 0), (1, 0, 0), (1, 1, 1)] 32 already exists.
2022-08-27 09:23:00.840824 [(0, 0, 0), (0, 1, 0), (1, 0, 0), (1, 1, 1)] 33 already exists.
2022-08-27 09:23:00.841205 [(0, 0, 0), (0, 1, 0), (1, 0, 0), (1, 1, 1)] 34 already exists.
2022-08-27 09:23:00.841559 [(0, 0, 0), (0, 1, 0), (1, 0, 0), (1, 1, 1)] 35 already exists.
2022-08-27 09:23:00.842116 [(0, 0, 0), (0, 1, 0), (1, 0, 0), (1, 1, 1)] 36 already exists.
2022-08-27 09:23:00.842587 [(0, 0, 0), (0, 1, 0), (1, 0, 0), (1, 1, 1)] 37 already exists.
2022-08-27 09:23:00.843156 [(0, 0, 0), (0, 1, 0), (1, 0, 0), (1, 1, 1)] 38 already exists.
2022-08-27 09:23:00.860472 [(0, 0, 0), (0, 1, 0), (1, 0, 0), (1, 1, 1)] 39 already exists.
2022-08-27 09:23:00.878358 [(0, 0, 0), (0, 1, 0), (1, 0, 0), (1, 1, 1)] 40
2022-08-27 09:33:31.447292 [(0, 0, 0), (0, 1, 0), (1, 0, 0), (1, 1, 1)] 41
2022-08-27 09:43:54.480225 [(0, 0, 0), (0, 1, 0), (1, 0, 0), (1, 1, 1)] 42
2022-08-27 09:53:20.712029 [(0, 0, 0), (0, 1, 0), (1, 0, 0), (1, 1, 1)] 43
2022-08-27 10:02:43.279458 [(0, 0, 0), (0, 1, 0), (1, 0, 0), (1, 1, 1)] 44
2022-08-27 10:11:56.182473 [(0, 0, 0), (0, 1, 0), (1, 0, 0), (1, 1, 1)] 45
2022-08-27 10:21:07.906479 [(0, 0, 0), (0, 1, 0), (1, 0, 0), (1, 1, 1)] 46
2022-08-27 10:30:26.998116 [(0, 0, 0), (0, 1, 0), (1, 0, 0), (1, 1, 1)] 47
2022-08-27 10:39:48.735201 [(0, 0, 0), (0, 1, 0), (1, 0, 0), (1, 1, 1)] 48
2022-08-27 10:49:05.475427 [(0, 0, 0), (0, 1, 0), (1, 0, 0), (1, 1, 1)] 49
