DRQN Experiment Parameters.
Namespace(seed=9, payoffs=[1.0, 1.0], n_iterations=100, n_train_evals=5, train_id_start=45, n_episodes=2000, epsilon=0.3, rnn_hidden_dim=4, fnn_hidden_dim=4, capacity=16, batch_size=8, lr=0.005, tau=0.01, gamma=0.975, len_update_cycle=1, save=True)

Parameter sources.
Command Line Args:   --seed=9 --train_id_start=45 --n_train_evals=5 --save
Config File (/data/engs-oxfair3/orie4536/online-lever-adaptation/experiments/all_length3_fpp/drqn.conf):
  n_episodes:        2000
  epsilon:           0.3
  rnn_hidden_dim:    4
  fnn_hidden_dim:    4
  capacity:          16
  batch_size:        8
  gamma:             0.975
  lr:                0.005
  tau:               1e-2
  len_update_cycle:  1
Config File (/data/engs-oxfair3/orie4536/online-lever-adaptation/experiments/all_length3_fpp/defaults.conf):
  payoffs:           ['1.', '1.']
  n_iterations:      100

2022-08-24 08:12:39.045293 ((0, 0, 0), (0, 0, 1), (0, 1, 0), (0, 1, 1)) 0 45
2022-08-24 08:14:18.591969 ((0, 0, 0), (0, 0, 1), (0, 1, 0), (0, 1, 1)) 0 46
2022-08-24 08:15:58.833634 ((0, 0, 0), (0, 0, 1), (0, 1, 0), (0, 1, 1)) 0 47
2022-08-24 08:17:38.797634 ((0, 0, 0), (0, 0, 1), (0, 1, 0), (0, 1, 1)) 0 48
2022-08-24 08:19:18.998088 ((0, 0, 0), (0, 0, 1), (0, 1, 0), (0, 1, 1)) 0 49
2022-08-24 08:20:59.716195 ((0, 0, 0), (0, 0, 1), (0, 1, 0), (1, 0, 0)) 1 45
2022-08-24 08:22:40.011540 ((0, 0, 0), (0, 0, 1), (0, 1, 0), (1, 0, 0)) 1 46
2022-08-24 08:24:21.178371 ((0, 0, 0), (0, 0, 1), (0, 1, 0), (1, 0, 0)) 1 47
2022-08-24 08:26:02.514712 ((0, 0, 0), (0, 0, 1), (0, 1, 0), (1, 0, 0)) 1 48
2022-08-24 08:27:42.608748 ((0, 0, 0), (0, 0, 1), (0, 1, 0), (1, 0, 0)) 1 49
2022-08-24 08:29:23.177510 ((0, 0, 0), (0, 0, 1), (0, 1, 0), (1, 0, 1)) 2 45
2022-08-24 08:31:03.516890 ((0, 0, 0), (0, 0, 1), (0, 1, 0), (1, 0, 1)) 2 46
2022-08-24 08:32:43.443562 ((0, 0, 0), (0, 0, 1), (0, 1, 0), (1, 0, 1)) 2 47
2022-08-24 08:34:23.561402 ((0, 0, 0), (0, 0, 1), (0, 1, 0), (1, 0, 1)) 2 48
2022-08-24 08:36:05.383270 ((0, 0, 0), (0, 0, 1), (0, 1, 0), (1, 0, 1)) 2 49
2022-08-24 08:37:45.045245 ((0, 0, 0), (0, 0, 1), (0, 1, 0), (1, 1, 0)) 3 45
2022-08-24 08:39:20.956814 ((0, 0, 0), (0, 0, 1), (0, 1, 0), (1, 1, 0)) 3 46
2022-08-24 08:40:56.961015 ((0, 0, 0), (0, 0, 1), (0, 1, 0), (1, 1, 0)) 3 47
2022-08-24 08:42:33.160590 ((0, 0, 0), (0, 0, 1), (0, 1, 0), (1, 1, 0)) 3 48
2022-08-24 08:44:08.827879 ((0, 0, 0), (0, 0, 1), (0, 1, 0), (1, 1, 0)) 3 49
2022-08-24 08:45:45.181139 ((0, 0, 0), (0, 0, 1), (0, 1, 0), (1, 1, 1)) 4 45
2022-08-24 08:47:20.752209 ((0, 0, 0), (0, 0, 1), (0, 1, 0), (1, 1, 1)) 4 46
2022-08-24 08:48:56.771838 ((0, 0, 0), (0, 0, 1), (0, 1, 0), (1, 1, 1)) 4 47
2022-08-24 08:50:32.899246 ((0, 0, 0), (0, 0, 1), (0, 1, 0), (1, 1, 1)) 4 48
2022-08-24 08:52:09.762531 ((0, 0, 0), (0, 0, 1), (0, 1, 0), (1, 1, 1)) 4 49
2022-08-24 08:53:45.535332 ((0, 0, 0), (0, 0, 1), (0, 1, 1), (1, 0, 0)) 5 45
2022-08-24 08:55:20.861302 ((0, 0, 0), (0, 0, 1), (0, 1, 1), (1, 0, 0)) 5 46
2022-08-24 08:56:56.371249 ((0, 0, 0), (0, 0, 1), (0, 1, 1), (1, 0, 0)) 5 47
2022-08-24 08:58:31.949554 ((0, 0, 0), (0, 0, 1), (0, 1, 1), (1, 0, 0)) 5 48
2022-08-24 09:00:07.940628 ((0, 0, 0), (0, 0, 1), (0, 1, 1), (1, 0, 0)) 5 49
2022-08-24 09:01:43.301010 ((0, 0, 0), (0, 0, 1), (0, 1, 1), (1, 0, 1)) 6 45
2022-08-24 09:03:19.221483 ((0, 0, 0), (0, 0, 1), (0, 1, 1), (1, 0, 1)) 6 46
2022-08-24 09:04:57.208664 ((0, 0, 0), (0, 0, 1), (0, 1, 1), (1, 0, 1)) 6 47
2022-08-24 09:06:32.979239 ((0, 0, 0), (0, 0, 1), (0, 1, 1), (1, 0, 1)) 6 48
2022-08-24 09:08:08.406376 ((0, 0, 0), (0, 0, 1), (0, 1, 1), (1, 0, 1)) 6 49
2022-08-24 09:09:44.386031 ((0, 0, 0), (0, 0, 1), (0, 1, 1), (1, 1, 0)) 7 45
2022-08-24 09:11:19.990697 ((0, 0, 0), (0, 0, 1), (0, 1, 1), (1, 1, 0)) 7 46
2022-08-24 09:12:56.599722 ((0, 0, 0), (0, 0, 1), (0, 1, 1), (1, 1, 0)) 7 47
2022-08-24 09:14:32.561459 ((0, 0, 0), (0, 0, 1), (0, 1, 1), (1, 1, 0)) 7 48
2022-08-24 09:16:08.105305 ((0, 0, 0), (0, 0, 1), (0, 1, 1), (1, 1, 0)) 7 49
2022-08-24 09:17:43.582652 ((0, 0, 0), (0, 0, 1), (0, 1, 1), (1, 1, 1)) 8 45
2022-08-24 09:19:19.080257 ((0, 0, 0), (0, 0, 1), (0, 1, 1), (1, 1, 1)) 8 46
2022-08-24 09:20:54.783861 ((0, 0, 0), (0, 0, 1), (0, 1, 1), (1, 1, 1)) 8 47
2022-08-24 09:22:29.981695 ((0, 0, 0), (0, 0, 1), (0, 1, 1), (1, 1, 1)) 8 48
2022-08-24 09:24:05.973005 ((0, 0, 0), (0, 0, 1), (0, 1, 1), (1, 1, 1)) 8 49
2022-08-24 09:25:41.708290 ((0, 0, 0), (0, 0, 1), (1, 0, 0), (1, 0, 1)) 9 45
2022-08-24 09:27:17.173394 ((0, 0, 0), (0, 0, 1), (1, 0, 0), (1, 0, 1)) 9 46
2022-08-24 09:28:52.410170 ((0, 0, 0), (0, 0, 1), (1, 0, 0), (1, 0, 1)) 9 47
2022-08-24 09:30:27.956999 ((0, 0, 0), (0, 0, 1), (1, 0, 0), (1, 0, 1)) 9 48
2022-08-24 09:32:03.626183 ((0, 0, 0), (0, 0, 1), (1, 0, 0), (1, 0, 1)) 9 49
2022-08-24 09:33:38.975189 ((0, 0, 0), (0, 0, 1), (1, 0, 0), (1, 1, 0)) 10 45
2022-08-24 09:35:14.445402 ((0, 0, 0), (0, 0, 1), (1, 0, 0), (1, 1, 0)) 10 46
2022-08-24 09:36:50.224757 ((0, 0, 0), (0, 0, 1), (1, 0, 0), (1, 1, 0)) 10 47
2022-08-24 09:38:26.869110 ((0, 0, 0), (0, 0, 1), (1, 0, 0), (1, 1, 0)) 10 48
2022-08-24 09:40:02.339775 ((0, 0, 0), (0, 0, 1), (1, 0, 0), (1, 1, 0)) 10 49
2022-08-24 09:41:38.468743 ((0, 0, 0), (0, 0, 1), (1, 0, 0), (1, 1, 1)) 11 45
2022-08-24 09:43:13.793704 ((0, 0, 0), (0, 0, 1), (1, 0, 0), (1, 1, 1)) 11 46
2022-08-24 09:44:49.671299 ((0, 0, 0), (0, 0, 1), (1, 0, 0), (1, 1, 1)) 11 47
2022-08-24 09:46:25.519682 ((0, 0, 0), (0, 0, 1), (1, 0, 0), (1, 1, 1)) 11 48
2022-08-24 09:48:00.850742 ((0, 0, 0), (0, 0, 1), (1, 0, 0), (1, 1, 1)) 11 49
2022-08-24 09:49:36.981430 ((0, 0, 0), (0, 0, 1), (1, 0, 1), (1, 1, 0)) 12 45
2022-08-24 09:51:12.962565 ((0, 0, 0), (0, 0, 1), (1, 0, 1), (1, 1, 0)) 12 46
2022-08-24 09:52:48.710370 ((0, 0, 0), (0, 0, 1), (1, 0, 1), (1, 1, 0)) 12 47
2022-08-24 09:54:23.824088 ((0, 0, 0), (0, 0, 1), (1, 0, 1), (1, 1, 0)) 12 48
2022-08-24 09:55:59.279646 ((0, 0, 0), (0, 0, 1), (1, 0, 1), (1, 1, 0)) 12 49
2022-08-24 09:57:34.864864 ((0, 0, 0), (0, 0, 1), (1, 0, 1), (1, 1, 1)) 13 45
2022-08-24 09:59:10.493907 ((0, 0, 0), (0, 0, 1), (1, 0, 1), (1, 1, 1)) 13 46
2022-08-24 10:00:46.496316 ((0, 0, 0), (0, 0, 1), (1, 0, 1), (1, 1, 1)) 13 47
2022-08-24 10:02:22.936097 ((0, 0, 0), (0, 0, 1), (1, 0, 1), (1, 1, 1)) 13 48
2022-08-24 10:03:58.449788 ((0, 0, 0), (0, 0, 1), (1, 0, 1), (1, 1, 1)) 13 49
2022-08-24 10:05:34.614459 ((0, 0, 0), (0, 0, 1), (1, 1, 0), (1, 1, 1)) 14 45
2022-08-24 10:07:10.285309 ((0, 0, 0), (0, 0, 1), (1, 1, 0), (1, 1, 1)) 14 46
2022-08-24 10:08:45.655020 ((0, 0, 0), (0, 0, 1), (1, 1, 0), (1, 1, 1)) 14 47
2022-08-24 10:10:21.538882 ((0, 0, 0), (0, 0, 1), (1, 1, 0), (1, 1, 1)) 14 48
2022-08-24 10:11:57.062208 ((0, 0, 0), (0, 0, 1), (1, 1, 0), (1, 1, 1)) 14 49
2022-08-24 10:13:32.541859 ((0, 0, 0), (0, 1, 0), (0, 1, 1), (1, 0, 0)) 15 45
2022-08-24 10:15:09.870441 ((0, 0, 0), (0, 1, 0), (0, 1, 1), (1, 0, 0)) 15 46
2022-08-24 10:16:45.066415 ((0, 0, 0), (0, 1, 0), (0, 1, 1), (1, 0, 0)) 15 47
2022-08-24 10:18:21.928897 ((0, 0, 0), (0, 1, 0), (0, 1, 1), (1, 0, 0)) 15 48
2022-08-24 10:19:57.832009 ((0, 0, 0), (0, 1, 0), (0, 1, 1), (1, 0, 0)) 15 49
2022-08-24 10:21:33.230385 ((0, 0, 0), (0, 1, 0), (0, 1, 1), (1, 0, 1)) 16 45
2022-08-24 10:23:08.738423 ((0, 0, 0), (0, 1, 0), (0, 1, 1), (1, 0, 1)) 16 46
2022-08-24 10:24:44.349576 ((0, 0, 0), (0, 1, 0), (0, 1, 1), (1, 0, 1)) 16 47
2022-08-24 10:26:19.899332 ((0, 0, 0), (0, 1, 0), (0, 1, 1), (1, 0, 1)) 16 48
2022-08-24 10:27:55.309288 ((0, 0, 0), (0, 1, 0), (0, 1, 1), (1, 0, 1)) 16 49
2022-08-24 10:29:31.028404 ((0, 0, 0), (0, 1, 0), (0, 1, 1), (1, 1, 0)) 17 45
2022-08-24 10:31:06.451718 ((0, 0, 0), (0, 1, 0), (0, 1, 1), (1, 1, 0)) 17 46
2022-08-24 10:32:42.062047 ((0, 0, 0), (0, 1, 0), (0, 1, 1), (1, 1, 0)) 17 47
2022-08-24 10:34:17.925011 ((0, 0, 0), (0, 1, 0), (0, 1, 1), (1, 1, 0)) 17 48
2022-08-24 10:35:53.408237 ((0, 0, 0), (0, 1, 0), (0, 1, 1), (1, 1, 0)) 17 49
2022-08-24 10:37:29.257345 ((0, 0, 0), (0, 1, 0), (0, 1, 1), (1, 1, 1)) 18 45
2022-08-24 10:39:05.062124 ((0, 0, 0), (0, 1, 0), (0, 1, 1), (1, 1, 1)) 18 46
2022-08-24 10:40:41.255971 ((0, 0, 0), (0, 1, 0), (0, 1, 1), (1, 1, 1)) 18 47
2022-08-24 10:42:16.956210 ((0, 0, 0), (0, 1, 0), (0, 1, 1), (1, 1, 1)) 18 48
2022-08-24 10:43:52.328914 ((0, 0, 0), (0, 1, 0), (0, 1, 1), (1, 1, 1)) 18 49
2022-08-24 10:45:28.310489 ((0, 0, 0), (0, 1, 0), (1, 0, 0), (1, 0, 1)) 19 45
2022-08-24 10:47:04.238056 ((0, 0, 0), (0, 1, 0), (1, 0, 0), (1, 0, 1)) 19 46
2022-08-24 10:48:39.487022 ((0, 0, 0), (0, 1, 0), (1, 0, 0), (1, 0, 1)) 19 47
2022-08-24 10:50:15.126146 ((0, 0, 0), (0, 1, 0), (1, 0, 0), (1, 0, 1)) 19 48
2022-08-24 10:51:50.922449 ((0, 0, 0), (0, 1, 0), (1, 0, 0), (1, 0, 1)) 19 49
2022-08-24 10:53:26.703276 ((0, 0, 0), (0, 1, 0), (1, 0, 0), (1, 1, 0)) 20 45
2022-08-24 10:55:02.766520 ((0, 0, 0), (0, 1, 0), (1, 0, 0), (1, 1, 0)) 20 46
2022-08-24 10:56:38.422479 ((0, 0, 0), (0, 1, 0), (1, 0, 0), (1, 1, 0)) 20 47
2022-08-24 10:58:13.948369 ((0, 0, 0), (0, 1, 0), (1, 0, 0), (1, 1, 0)) 20 48
2022-08-24 10:59:50.010403 ((0, 0, 0), (0, 1, 0), (1, 0, 0), (1, 1, 0)) 20 49
2022-08-24 11:01:25.752282 ((0, 0, 0), (0, 1, 0), (1, 0, 0), (1, 1, 1)) 21 45
2022-08-24 11:03:00.971522 ((0, 0, 0), (0, 1, 0), (1, 0, 0), (1, 1, 1)) 21 46
2022-08-24 11:04:36.588388 ((0, 0, 0), (0, 1, 0), (1, 0, 0), (1, 1, 1)) 21 47
2022-08-24 11:06:12.144126 ((0, 0, 0), (0, 1, 0), (1, 0, 0), (1, 1, 1)) 21 48
2022-08-24 11:07:47.378724 ((0, 0, 0), (0, 1, 0), (1, 0, 0), (1, 1, 1)) 21 49
2022-08-24 11:09:23.334524 ((0, 0, 0), (0, 1, 0), (1, 0, 1), (1, 1, 0)) 22 45
2022-08-24 11:10:59.124732 ((0, 0, 0), (0, 1, 0), (1, 0, 1), (1, 1, 0)) 22 46
2022-08-24 11:12:34.517264 ((0, 0, 0), (0, 1, 0), (1, 0, 1), (1, 1, 0)) 22 47
2022-08-24 11:14:09.964858 ((0, 0, 0), (0, 1, 0), (1, 0, 1), (1, 1, 0)) 22 48
2022-08-24 11:15:46.103835 ((0, 0, 0), (0, 1, 0), (1, 0, 1), (1, 1, 0)) 22 49
2022-08-24 11:17:21.891490 ((0, 0, 0), (0, 1, 0), (1, 0, 1), (1, 1, 1)) 23 45
2022-08-24 11:18:58.831907 ((0, 0, 0), (0, 1, 0), (1, 0, 1), (1, 1, 1)) 23 46
2022-08-24 11:20:34.564235 ((0, 0, 0), (0, 1, 0), (1, 0, 1), (1, 1, 1)) 23 47
2022-08-24 11:22:10.468028 ((0, 0, 0), (0, 1, 0), (1, 0, 1), (1, 1, 1)) 23 48
2022-08-24 11:23:46.505264 ((0, 0, 0), (0, 1, 0), (1, 0, 1), (1, 1, 1)) 23 49
2022-08-24 11:25:22.515559 ((0, 0, 0), (0, 1, 0), (1, 1, 0), (1, 1, 1)) 24 45
2022-08-24 11:26:58.109718 ((0, 0, 0), (0, 1, 0), (1, 1, 0), (1, 1, 1)) 24 46
2022-08-24 11:28:33.467007 ((0, 0, 0), (0, 1, 0), (1, 1, 0), (1, 1, 1)) 24 47
2022-08-24 11:30:09.439919 ((0, 0, 0), (0, 1, 0), (1, 1, 0), (1, 1, 1)) 24 48
2022-08-24 11:31:45.235199 ((0, 0, 0), (0, 1, 0), (1, 1, 0), (1, 1, 1)) 24 49
2022-08-24 11:33:20.975784 ((0, 0, 0), (0, 1, 1), (1, 0, 0), (1, 0, 1)) 25 45
2022-08-24 11:34:56.500562 ((0, 0, 0), (0, 1, 1), (1, 0, 0), (1, 0, 1)) 25 46
2022-08-24 11:36:32.106846 ((0, 0, 0), (0, 1, 1), (1, 0, 0), (1, 0, 1)) 25 47
2022-08-24 11:38:07.306329 ((0, 0, 0), (0, 1, 1), (1, 0, 0), (1, 0, 1)) 25 48
2022-08-24 11:39:42.936771 ((0, 0, 0), (0, 1, 1), (1, 0, 0), (1, 0, 1)) 25 49
2022-08-24 11:41:19.028357 ((0, 0, 0), (0, 1, 1), (1, 0, 0), (1, 1, 0)) 26 45
2022-08-24 11:42:54.960340 ((0, 0, 0), (0, 1, 1), (1, 0, 0), (1, 1, 0)) 26 46
2022-08-24 11:44:30.715298 ((0, 0, 0), (0, 1, 1), (1, 0, 0), (1, 1, 0)) 26 47
2022-08-24 11:46:06.403908 ((0, 0, 0), (0, 1, 1), (1, 0, 0), (1, 1, 0)) 26 48
2022-08-24 11:47:42.096301 ((0, 0, 0), (0, 1, 1), (1, 0, 0), (1, 1, 0)) 26 49
2022-08-24 11:49:17.762424 ((0, 0, 0), (0, 1, 1), (1, 0, 0), (1, 1, 1)) 27 45
2022-08-24 11:50:53.488403 ((0, 0, 0), (0, 1, 1), (1, 0, 0), (1, 1, 1)) 27 46
2022-08-24 11:52:29.231055 ((0, 0, 0), (0, 1, 1), (1, 0, 0), (1, 1, 1)) 27 47
2022-08-24 11:54:05.052532 ((0, 0, 0), (0, 1, 1), (1, 0, 0), (1, 1, 1)) 27 48
2022-08-24 11:55:40.345969 ((0, 0, 0), (0, 1, 1), (1, 0, 0), (1, 1, 1)) 27 49
2022-08-24 11:57:15.865547 ((0, 0, 0), (0, 1, 1), (1, 0, 1), (1, 1, 0)) 28 45
2022-08-24 11:58:51.782203 ((0, 0, 0), (0, 1, 1), (1, 0, 1), (1, 1, 0)) 28 46
2022-08-24 12:00:28.758310 ((0, 0, 0), (0, 1, 1), (1, 0, 1), (1, 1, 0)) 28 47
2022-08-24 12:02:05.316118 ((0, 0, 0), (0, 1, 1), (1, 0, 1), (1, 1, 0)) 28 48
2022-08-24 12:03:41.669588 ((0, 0, 0), (0, 1, 1), (1, 0, 1), (1, 1, 0)) 28 49
2022-08-24 12:05:19.076020 ((0, 0, 0), (0, 1, 1), (1, 0, 1), (1, 1, 1)) 29 45
2022-08-24 12:06:57.132693 ((0, 0, 0), (0, 1, 1), (1, 0, 1), (1, 1, 1)) 29 46
2022-08-24 12:08:34.646997 ((0, 0, 0), (0, 1, 1), (1, 0, 1), (1, 1, 1)) 29 47
2022-08-24 12:10:12.802019 ((0, 0, 0), (0, 1, 1), (1, 0, 1), (1, 1, 1)) 29 48
2022-08-24 12:11:50.745509 ((0, 0, 0), (0, 1, 1), (1, 0, 1), (1, 1, 1)) 29 49
2022-08-24 12:13:28.721268 ((0, 0, 0), (0, 1, 1), (1, 1, 0), (1, 1, 1)) 30 45
2022-08-24 12:15:06.773602 ((0, 0, 0), (0, 1, 1), (1, 1, 0), (1, 1, 1)) 30 46
2022-08-24 12:16:44.894363 ((0, 0, 0), (0, 1, 1), (1, 1, 0), (1, 1, 1)) 30 47
2022-08-24 12:18:23.337442 ((0, 0, 0), (0, 1, 1), (1, 1, 0), (1, 1, 1)) 30 48
2022-08-24 12:20:00.785218 ((0, 0, 0), (0, 1, 1), (1, 1, 0), (1, 1, 1)) 30 49
2022-08-24 12:21:38.773632 ((0, 0, 0), (1, 0, 0), (1, 0, 1), (1, 1, 0)) 31 45
2022-08-24 12:23:16.788973 ((0, 0, 0), (1, 0, 0), (1, 0, 1), (1, 1, 0)) 31 46
2022-08-24 12:24:55.017270 ((0, 0, 0), (1, 0, 0), (1, 0, 1), (1, 1, 0)) 31 47
2022-08-24 12:26:33.020786 ((0, 0, 0), (1, 0, 0), (1, 0, 1), (1, 1, 0)) 31 48
2022-08-24 12:28:10.821373 ((0, 0, 0), (1, 0, 0), (1, 0, 1), (1, 1, 0)) 31 49
2022-08-24 12:29:48.837470 ((0, 0, 0), (1, 0, 0), (1, 0, 1), (1, 1, 1)) 32 45
2022-08-24 12:31:27.203674 ((0, 0, 0), (1, 0, 0), (1, 0, 1), (1, 1, 1)) 32 46
2022-08-24 12:33:05.247544 ((0, 0, 0), (1, 0, 0), (1, 0, 1), (1, 1, 1)) 32 47
2022-08-24 12:34:43.096539 ((0, 0, 0), (1, 0, 0), (1, 0, 1), (1, 1, 1)) 32 48
2022-08-24 12:36:21.177912 ((0, 0, 0), (1, 0, 0), (1, 0, 1), (1, 1, 1)) 32 49
2022-08-24 12:37:59.273128 ((0, 0, 0), (1, 0, 0), (1, 1, 0), (1, 1, 1)) 33 45
2022-08-24 12:39:37.662657 ((0, 0, 0), (1, 0, 0), (1, 1, 0), (1, 1, 1)) 33 46
2022-08-24 12:41:15.577539 ((0, 0, 0), (1, 0, 0), (1, 1, 0), (1, 1, 1)) 33 47
2022-08-24 12:42:53.410899 ((0, 0, 0), (1, 0, 0), (1, 1, 0), (1, 1, 1)) 33 48
2022-08-24 12:44:31.421140 ((0, 0, 0), (1, 0, 0), (1, 1, 0), (1, 1, 1)) 33 49
2022-08-24 12:46:09.458823 ((0, 0, 0), (1, 0, 1), (1, 1, 0), (1, 1, 1)) 34 45
2022-08-24 12:47:47.440279 ((0, 0, 0), (1, 0, 1), (1, 1, 0), (1, 1, 1)) 34 46
2022-08-24 12:49:25.477788 ((0, 0, 0), (1, 0, 1), (1, 1, 0), (1, 1, 1)) 34 47
2022-08-24 12:51:04.681080 ((0, 0, 0), (1, 0, 1), (1, 1, 0), (1, 1, 1)) 34 48
2022-08-24 12:52:42.937659 ((0, 0, 0), (1, 0, 1), (1, 1, 0), (1, 1, 1)) 34 49
2022-08-24 12:54:20.862799 ((0, 0, 1), (0, 1, 0), (0, 1, 1), (1, 0, 0)) 35 45
2022-08-24 12:55:58.548549 ((0, 0, 1), (0, 1, 0), (0, 1, 1), (1, 0, 0)) 35 46
2022-08-24 12:57:35.917549 ((0, 0, 1), (0, 1, 0), (0, 1, 1), (1, 0, 0)) 35 47
2022-08-24 12:59:14.045055 ((0, 0, 1), (0, 1, 0), (0, 1, 1), (1, 0, 0)) 35 48
2022-08-24 13:00:51.956576 ((0, 0, 1), (0, 1, 0), (0, 1, 1), (1, 0, 0)) 35 49
2022-08-24 13:02:29.698921 ((0, 0, 1), (0, 1, 0), (0, 1, 1), (1, 0, 1)) 36 45
2022-08-24 13:04:08.142041 ((0, 0, 1), (0, 1, 0), (0, 1, 1), (1, 0, 1)) 36 46
2022-08-24 13:05:46.305905 ((0, 0, 1), (0, 1, 0), (0, 1, 1), (1, 0, 1)) 36 47
2022-08-24 13:07:24.509024 ((0, 0, 1), (0, 1, 0), (0, 1, 1), (1, 0, 1)) 36 48
2022-08-24 13:09:02.564214 ((0, 0, 1), (0, 1, 0), (0, 1, 1), (1, 0, 1)) 36 49
2022-08-24 13:10:40.777050 ((0, 0, 1), (0, 1, 0), (0, 1, 1), (1, 1, 0)) 37 45
2022-08-24 13:12:18.844725 ((0, 0, 1), (0, 1, 0), (0, 1, 1), (1, 1, 0)) 37 46
2022-08-24 13:13:56.929972 ((0, 0, 1), (0, 1, 0), (0, 1, 1), (1, 1, 0)) 37 47
2022-08-24 13:15:35.298076 ((0, 0, 1), (0, 1, 0), (0, 1, 1), (1, 1, 0)) 37 48
2022-08-24 13:17:13.222726 ((0, 0, 1), (0, 1, 0), (0, 1, 1), (1, 1, 0)) 37 49
2022-08-24 13:18:50.977514 ((0, 0, 1), (0, 1, 0), (0, 1, 1), (1, 1, 1)) 38 45
2022-08-24 13:20:28.898359 ((0, 0, 1), (0, 1, 0), (0, 1, 1), (1, 1, 1)) 38 46
2022-08-24 13:22:06.666715 ((0, 0, 1), (0, 1, 0), (0, 1, 1), (1, 1, 1)) 38 47
2022-08-24 13:23:44.448780 ((0, 0, 1), (0, 1, 0), (0, 1, 1), (1, 1, 1)) 38 48
2022-08-24 13:25:22.215207 ((0, 0, 1), (0, 1, 0), (0, 1, 1), (1, 1, 1)) 38 49
2022-08-24 13:27:00.748620 ((0, 0, 1), (0, 1, 0), (1, 0, 0), (1, 0, 1)) 39 45
2022-08-24 13:28:38.345499 ((0, 0, 1), (0, 1, 0), (1, 0, 0), (1, 0, 1)) 39 46
2022-08-24 13:30:16.340636 ((0, 0, 1), (0, 1, 0), (1, 0, 0), (1, 0, 1)) 39 47
2022-08-24 13:31:53.974438 ((0, 0, 1), (0, 1, 0), (1, 0, 0), (1, 0, 1)) 39 48
2022-08-24 13:33:31.902002 ((0, 0, 1), (0, 1, 0), (1, 0, 0), (1, 0, 1)) 39 49
2022-08-24 13:35:09.860037 ((0, 0, 1), (0, 1, 0), (1, 0, 0), (1, 1, 0)) 40 45
2022-08-24 13:36:47.642869 ((0, 0, 1), (0, 1, 0), (1, 0, 0), (1, 1, 0)) 40 46
2022-08-24 13:38:25.526060 ((0, 0, 1), (0, 1, 0), (1, 0, 0), (1, 1, 0)) 40 47
2022-08-24 13:40:04.031501 ((0, 0, 1), (0, 1, 0), (1, 0, 0), (1, 1, 0)) 40 48
2022-08-24 13:41:41.747089 ((0, 0, 1), (0, 1, 0), (1, 0, 0), (1, 1, 0)) 40 49
2022-08-24 13:43:19.853944 ((0, 0, 1), (0, 1, 0), (1, 0, 0), (1, 1, 1)) 41 45
2022-08-24 13:44:57.563230 ((0, 0, 1), (0, 1, 0), (1, 0, 0), (1, 1, 1)) 41 46
2022-08-24 13:46:35.532483 ((0, 0, 1), (0, 1, 0), (1, 0, 0), (1, 1, 1)) 41 47
2022-08-24 13:48:13.596677 ((0, 0, 1), (0, 1, 0), (1, 0, 0), (1, 1, 1)) 41 48
2022-08-24 13:49:51.399303 ((0, 0, 1), (0, 1, 0), (1, 0, 0), (1, 1, 1)) 41 49
2022-08-24 13:51:29.638201 ((0, 0, 1), (0, 1, 0), (1, 0, 1), (1, 1, 0)) 42 45
2022-08-24 13:53:08.478567 ((0, 0, 1), (0, 1, 0), (1, 0, 1), (1, 1, 0)) 42 46
2022-08-24 13:54:46.783991 ((0, 0, 1), (0, 1, 0), (1, 0, 1), (1, 1, 0)) 42 47
2022-08-24 13:56:25.527559 ((0, 0, 1), (0, 1, 0), (1, 0, 1), (1, 1, 0)) 42 48
2022-08-24 13:58:03.204311 ((0, 0, 1), (0, 1, 0), (1, 0, 1), (1, 1, 0)) 42 49
2022-08-24 13:59:41.318117 ((0, 0, 1), (0, 1, 0), (1, 0, 1), (1, 1, 1)) 43 45
2022-08-24 14:01:19.246042 ((0, 0, 1), (0, 1, 0), (1, 0, 1), (1, 1, 1)) 43 46
2022-08-24 14:02:56.876459 ((0, 0, 1), (0, 1, 0), (1, 0, 1), (1, 1, 1)) 43 47
2022-08-24 14:04:35.261912 ((0, 0, 1), (0, 1, 0), (1, 0, 1), (1, 1, 1)) 43 48
2022-08-24 14:06:13.315721 ((0, 0, 1), (0, 1, 0), (1, 0, 1), (1, 1, 1)) 43 49
2022-08-24 14:07:50.996616 ((0, 0, 1), (0, 1, 0), (1, 1, 0), (1, 1, 1)) 44 45
2022-08-24 14:09:31.247273 ((0, 0, 1), (0, 1, 0), (1, 1, 0), (1, 1, 1)) 44 46
2022-08-24 14:11:09.673298 ((0, 0, 1), (0, 1, 0), (1, 1, 0), (1, 1, 1)) 44 47
2022-08-24 14:12:47.772450 ((0, 0, 1), (0, 1, 0), (1, 1, 0), (1, 1, 1)) 44 48
2022-08-24 14:14:25.404514 ((0, 0, 1), (0, 1, 0), (1, 1, 0), (1, 1, 1)) 44 49
2022-08-24 14:16:03.314539 ((0, 0, 1), (0, 1, 1), (1, 0, 0), (1, 0, 1)) 45 45
2022-08-24 14:17:40.914355 ((0, 0, 1), (0, 1, 1), (1, 0, 0), (1, 0, 1)) 45 46
2022-08-24 14:19:18.551964 ((0, 0, 1), (0, 1, 1), (1, 0, 0), (1, 0, 1)) 45 47
2022-08-24 14:20:58.868534 ((0, 0, 1), (0, 1, 1), (1, 0, 0), (1, 0, 1)) 45 48
2022-08-24 14:22:36.430699 ((0, 0, 1), (0, 1, 1), (1, 0, 0), (1, 0, 1)) 45 49
2022-08-24 14:24:14.814780 ((0, 0, 1), (0, 1, 1), (1, 0, 0), (1, 1, 0)) 46 45
2022-08-24 14:25:53.334294 ((0, 0, 1), (0, 1, 1), (1, 0, 0), (1, 1, 0)) 46 46
2022-08-24 14:27:31.374089 ((0, 0, 1), (0, 1, 1), (1, 0, 0), (1, 1, 0)) 46 47
2022-08-24 14:29:11.605641 ((0, 0, 1), (0, 1, 1), (1, 0, 0), (1, 1, 0)) 46 48
2022-08-24 14:30:49.501089 ((0, 0, 1), (0, 1, 1), (1, 0, 0), (1, 1, 0)) 46 49
2022-08-24 14:32:27.365717 ((0, 0, 1), (0, 1, 1), (1, 0, 0), (1, 1, 1)) 47 45
2022-08-24 14:34:05.811526 ((0, 0, 1), (0, 1, 1), (1, 0, 0), (1, 1, 1)) 47 46
2022-08-24 14:35:45.677832 ((0, 0, 1), (0, 1, 1), (1, 0, 0), (1, 1, 1)) 47 47
2022-08-24 14:37:24.346269 ((0, 0, 1), (0, 1, 1), (1, 0, 0), (1, 1, 1)) 47 48
2022-08-24 14:39:02.549484 ((0, 0, 1), (0, 1, 1), (1, 0, 0), (1, 1, 1)) 47 49
2022-08-24 14:40:41.217094 ((0, 0, 1), (0, 1, 1), (1, 0, 1), (1, 1, 0)) 48 45
2022-08-24 14:42:20.287743 ((0, 0, 1), (0, 1, 1), (1, 0, 1), (1, 1, 0)) 48 46
2022-08-24 14:43:58.646438 ((0, 0, 1), (0, 1, 1), (1, 0, 1), (1, 1, 0)) 48 47
2022-08-24 14:45:36.662650 ((0, 0, 1), (0, 1, 1), (1, 0, 1), (1, 1, 0)) 48 48
2022-08-24 14:47:14.720631 ((0, 0, 1), (0, 1, 1), (1, 0, 1), (1, 1, 0)) 48 49
2022-08-24 14:48:52.700859 ((0, 0, 1), (0, 1, 1), (1, 0, 1), (1, 1, 1)) 49 45
2022-08-24 14:50:30.815097 ((0, 0, 1), (0, 1, 1), (1, 0, 1), (1, 1, 1)) 49 46
2022-08-24 14:52:08.623556 ((0, 0, 1), (0, 1, 1), (1, 0, 1), (1, 1, 1)) 49 47
2022-08-24 14:53:46.817743 ((0, 0, 1), (0, 1, 1), (1, 0, 1), (1, 1, 1)) 49 48
2022-08-24 14:55:25.045087 ((0, 0, 1), (0, 1, 1), (1, 0, 1), (1, 1, 1)) 49 49
2022-08-24 14:57:10.013645 ((0, 0, 1), (0, 1, 1), (1, 1, 0), (1, 1, 1)) 50 45
2022-08-24 14:58:59.836584 ((0, 0, 1), (0, 1, 1), (1, 1, 0), (1, 1, 1)) 50 46
2022-08-24 15:00:49.729037 ((0, 0, 1), (0, 1, 1), (1, 1, 0), (1, 1, 1)) 50 47
2022-08-24 15:02:39.614534 ((0, 0, 1), (0, 1, 1), (1, 1, 0), (1, 1, 1)) 50 48
2022-08-24 15:04:30.630606 ((0, 0, 1), (0, 1, 1), (1, 1, 0), (1, 1, 1)) 50 49
2022-08-24 15:06:21.467424 ((0, 0, 1), (1, 0, 0), (1, 0, 1), (1, 1, 0)) 51 45
2022-08-24 15:08:12.784610 ((0, 0, 1), (1, 0, 0), (1, 0, 1), (1, 1, 0)) 51 46
2022-08-24 15:09:58.367693 ((0, 0, 1), (1, 0, 0), (1, 0, 1), (1, 1, 0)) 51 47
2022-08-24 15:11:48.265416 ((0, 0, 1), (1, 0, 0), (1, 0, 1), (1, 1, 0)) 51 48
2022-08-24 15:13:37.292484 ((0, 0, 1), (1, 0, 0), (1, 0, 1), (1, 1, 0)) 51 49
2022-08-24 15:15:28.142826 ((0, 0, 1), (1, 0, 0), (1, 0, 1), (1, 1, 1)) 52 45
2022-08-24 15:17:18.935297 ((0, 0, 1), (1, 0, 0), (1, 0, 1), (1, 1, 1)) 52 46
2022-08-24 15:19:10.026837 ((0, 0, 1), (1, 0, 0), (1, 0, 1), (1, 1, 1)) 52 47
2022-08-24 15:21:01.275221 ((0, 0, 1), (1, 0, 0), (1, 0, 1), (1, 1, 1)) 52 48
2022-08-24 15:22:48.172120 ((0, 0, 1), (1, 0, 0), (1, 0, 1), (1, 1, 1)) 52 49
2022-08-24 15:24:37.263412 ((0, 0, 1), (1, 0, 0), (1, 1, 0), (1, 1, 1)) 53 45
2022-08-24 15:26:26.326931 ((0, 0, 1), (1, 0, 0), (1, 1, 0), (1, 1, 1)) 53 46
2022-08-24 15:28:16.339250 ((0, 0, 1), (1, 0, 0), (1, 1, 0), (1, 1, 1)) 53 47
2022-08-24 15:30:07.440257 ((0, 0, 1), (1, 0, 0), (1, 1, 0), (1, 1, 1)) 53 48
2022-08-24 15:31:57.691918 ((0, 0, 1), (1, 0, 0), (1, 1, 0), (1, 1, 1)) 53 49
2022-08-24 15:33:48.408470 ((0, 0, 1), (1, 0, 1), (1, 1, 0), (1, 1, 1)) 54 45
2022-08-24 15:35:38.788907 ((0, 0, 1), (1, 0, 1), (1, 1, 0), (1, 1, 1)) 54 46
2022-08-24 15:37:23.461110 ((0, 0, 1), (1, 0, 1), (1, 1, 0), (1, 1, 1)) 54 47
2022-08-24 15:39:14.047865 ((0, 0, 1), (1, 0, 1), (1, 1, 0), (1, 1, 1)) 54 48
2022-08-24 15:41:03.853661 ((0, 0, 1), (1, 0, 1), (1, 1, 0), (1, 1, 1)) 54 49
2022-08-24 15:42:53.322546 ((0, 1, 0), (0, 1, 1), (1, 0, 0), (1, 0, 1)) 55 45
2022-08-24 15:44:43.452626 ((0, 1, 0), (0, 1, 1), (1, 0, 0), (1, 0, 1)) 55 46
2022-08-24 15:46:34.564167 ((0, 1, 0), (0, 1, 1), (1, 0, 0), (1, 0, 1)) 55 47
2022-08-24 15:48:25.420243 ((0, 1, 0), (0, 1, 1), (1, 0, 0), (1, 0, 1)) 55 48
2022-08-24 15:50:10.117676 ((0, 1, 0), (0, 1, 1), (1, 0, 0), (1, 0, 1)) 55 49
2022-08-24 15:52:01.125241 ((0, 1, 0), (0, 1, 1), (1, 0, 0), (1, 1, 0)) 56 45
2022-08-24 15:53:51.114106 ((0, 1, 0), (0, 1, 1), (1, 0, 0), (1, 1, 0)) 56 46
2022-08-24 15:55:41.266479 ((0, 1, 0), (0, 1, 1), (1, 0, 0), (1, 1, 0)) 56 47
2022-08-24 15:57:32.564375 ((0, 1, 0), (0, 1, 1), (1, 0, 0), (1, 1, 0)) 56 48
2022-08-24 15:59:23.186587 ((0, 1, 0), (0, 1, 1), (1, 0, 0), (1, 1, 0)) 56 49
2022-08-24 16:01:13.687380 ((0, 1, 0), (0, 1, 1), (1, 0, 0), (1, 1, 1)) 57 45
2022-08-24 16:02:58.791150 ((0, 1, 0), (0, 1, 1), (1, 0, 0), (1, 1, 1)) 57 46
2022-08-24 16:04:49.425444 ((0, 1, 0), (0, 1, 1), (1, 0, 0), (1, 1, 1)) 57 47
2022-08-24 16:06:38.631933 ((0, 1, 0), (0, 1, 1), (1, 0, 0), (1, 1, 1)) 57 48
2022-08-24 16:08:29.443656 ((0, 1, 0), (0, 1, 1), (1, 0, 0), (1, 1, 1)) 57 49
2022-08-24 16:10:19.404356 ((0, 1, 0), (0, 1, 1), (1, 0, 1), (1, 1, 0)) 58 45
2022-08-24 16:12:10.001212 ((0, 1, 0), (0, 1, 1), (1, 0, 1), (1, 1, 0)) 58 46
2022-08-24 16:14:01.467103 ((0, 1, 0), (0, 1, 1), (1, 0, 1), (1, 1, 0)) 58 47
2022-08-24 16:15:49.048353 ((0, 1, 0), (0, 1, 1), (1, 0, 1), (1, 1, 0)) 58 48
2022-08-24 16:17:38.367010 ((0, 1, 0), (0, 1, 1), (1, 0, 1), (1, 1, 0)) 58 49
2022-08-24 16:19:28.426073 ((0, 1, 0), (0, 1, 1), (1, 0, 1), (1, 1, 1)) 59 45
2022-08-24 16:21:18.514641 ((0, 1, 0), (0, 1, 1), (1, 0, 1), (1, 1, 1)) 59 46
2022-08-24 16:23:09.479443 ((0, 1, 0), (0, 1, 1), (1, 0, 1), (1, 1, 1)) 59 47
2022-08-24 16:25:00.220486 ((0, 1, 0), (0, 1, 1), (1, 0, 1), (1, 1, 1)) 59 48
2022-08-24 16:26:50.990022 ((0, 1, 0), (0, 1, 1), (1, 0, 1), (1, 1, 1)) 59 49
2022-08-24 16:28:39.260895 ((0, 1, 0), (0, 1, 1), (1, 1, 0), (1, 1, 1)) 60 45
2022-08-24 16:30:28.544896 ((0, 1, 0), (0, 1, 1), (1, 1, 0), (1, 1, 1)) 60 46
2022-08-24 16:32:17.857868 ((0, 1, 0), (0, 1, 1), (1, 1, 0), (1, 1, 1)) 60 47
2022-08-24 16:34:08.524393 ((0, 1, 0), (0, 1, 1), (1, 1, 0), (1, 1, 1)) 60 48
2022-08-24 16:35:59.466812 ((0, 1, 0), (0, 1, 1), (1, 1, 0), (1, 1, 1)) 60 49
2022-08-24 16:37:50.770372 ((0, 1, 0), (1, 0, 0), (1, 0, 1), (1, 1, 0)) 61 45
2022-08-24 16:39:41.937022 ((0, 1, 0), (1, 0, 0), (1, 0, 1), (1, 1, 0)) 61 46
2022-08-24 16:41:30.804072 ((0, 1, 0), (1, 0, 0), (1, 0, 1), (1, 1, 0)) 61 47
2022-08-24 16:43:19.587004 ((0, 1, 0), (1, 0, 0), (1, 0, 1), (1, 1, 0)) 61 48
2022-08-24 16:45:08.868933 ((0, 1, 0), (1, 0, 0), (1, 0, 1), (1, 1, 0)) 61 49
2022-08-24 16:46:59.302305 ((0, 1, 0), (1, 0, 0), (1, 0, 1), (1, 1, 1)) 62 45
2022-08-24 16:48:49.643562 ((0, 1, 0), (1, 0, 0), (1, 0, 1), (1, 1, 1)) 62 46
2022-08-24 16:50:39.957036 ((0, 1, 0), (1, 0, 0), (1, 0, 1), (1, 1, 1)) 62 47
2022-08-24 16:52:30.827992 ((0, 1, 0), (1, 0, 0), (1, 0, 1), (1, 1, 1)) 62 48
2022-08-24 16:54:21.114186 ((0, 1, 0), (1, 0, 0), (1, 0, 1), (1, 1, 1)) 62 49
2022-08-24 16:56:09.127399 ((0, 1, 0), (1, 0, 0), (1, 1, 0), (1, 1, 1)) 63 45
2022-08-24 16:57:59.111365 ((0, 1, 0), (1, 0, 0), (1, 1, 0), (1, 1, 1)) 63 46
2022-08-24 16:59:49.842674 ((0, 1, 0), (1, 0, 0), (1, 1, 0), (1, 1, 1)) 63 47
2022-08-24 17:01:40.210880 ((0, 1, 0), (1, 0, 0), (1, 1, 0), (1, 1, 1)) 63 48
2022-08-24 17:03:31.159655 ((0, 1, 0), (1, 0, 0), (1, 1, 0), (1, 1, 1)) 63 49
2022-08-24 17:05:21.954596 ((0, 1, 0), (1, 0, 1), (1, 1, 0), (1, 1, 1)) 64 45
2022-08-24 17:07:12.736216 ((0, 1, 0), (1, 0, 1), (1, 1, 0), (1, 1, 1)) 64 46
2022-08-24 17:08:57.873701 ((0, 1, 0), (1, 0, 1), (1, 1, 0), (1, 1, 1)) 64 47
2022-08-24 17:10:50.324670 ((0, 1, 0), (1, 0, 1), (1, 1, 0), (1, 1, 1)) 64 48
2022-08-24 17:12:39.800272 ((0, 1, 0), (1, 0, 1), (1, 1, 0), (1, 1, 1)) 64 49
2022-08-24 17:14:30.036851 ((0, 1, 1), (1, 0, 0), (1, 0, 1), (1, 1, 0)) 65 45
2022-08-24 17:16:20.979180 ((0, 1, 1), (1, 0, 0), (1, 0, 1), (1, 1, 0)) 65 46
2022-08-24 17:18:11.934131 ((0, 1, 1), (1, 0, 0), (1, 0, 1), (1, 1, 0)) 65 47
2022-08-24 17:20:03.068739 ((0, 1, 1), (1, 0, 0), (1, 0, 1), (1, 1, 0)) 65 48
2022-08-24 17:21:47.572892 ((0, 1, 1), (1, 0, 0), (1, 0, 1), (1, 1, 0)) 65 49
2022-08-24 17:23:39.074456 ((0, 1, 1), (1, 0, 0), (1, 0, 1), (1, 1, 1)) 66 45
2022-08-24 17:25:29.838090 ((0, 1, 1), (1, 0, 0), (1, 0, 1), (1, 1, 1)) 66 46
2022-08-24 17:27:20.718331 ((0, 1, 1), (1, 0, 0), (1, 0, 1), (1, 1, 1)) 66 47
2022-08-24 17:29:11.208681 ((0, 1, 1), (1, 0, 0), (1, 0, 1), (1, 1, 1)) 66 48
2022-08-24 17:31:02.218159 ((0, 1, 1), (1, 0, 0), (1, 0, 1), (1, 1, 1)) 66 49
2022-08-24 17:32:46.523802 ((0, 1, 1), (1, 0, 0), (1, 1, 0), (1, 1, 1)) 67 45
2022-08-24 17:34:36.996309 ((0, 1, 1), (1, 0, 0), (1, 1, 0), (1, 1, 1)) 67 46
2022-08-24 17:36:27.868477 ((0, 1, 1), (1, 0, 0), (1, 1, 0), (1, 1, 1)) 67 47
2022-08-24 17:38:18.923753 ((0, 1, 1), (1, 0, 0), (1, 1, 0), (1, 1, 1)) 67 48
2022-08-24 17:40:09.251822 ((0, 1, 1), (1, 0, 0), (1, 1, 0), (1, 1, 1)) 67 49
2022-08-24 17:41:56.352027 ((0, 1, 1), (1, 0, 1), (1, 1, 0), (1, 1, 1)) 68 45
2022-08-24 17:43:44.889552 ((0, 1, 1), (1, 0, 1), (1, 1, 0), (1, 1, 1)) 68 46
2022-08-24 17:45:34.968523 ((0, 1, 1), (1, 0, 1), (1, 1, 0), (1, 1, 1)) 68 47
2022-08-24 17:47:25.909214 ((0, 1, 1), (1, 0, 1), (1, 1, 0), (1, 1, 1)) 68 48
2022-08-24 17:49:16.592062 ((0, 1, 1), (1, 0, 1), (1, 1, 0), (1, 1, 1)) 68 49
2022-08-24 17:51:07.692763 ((1, 0, 0), (1, 0, 1), (1, 1, 0), (1, 1, 1)) 69 45
2022-08-24 17:52:52.621130 ((1, 0, 0), (1, 0, 1), (1, 1, 0), (1, 1, 1)) 69 46
2022-08-24 17:54:43.258658 ((1, 0, 0), (1, 0, 1), (1, 1, 0), (1, 1, 1)) 69 47
2022-08-24 17:56:34.892291 ((1, 0, 0), (1, 0, 1), (1, 1, 0), (1, 1, 1)) 69 48
2022-08-24 17:58:25.903156 ((1, 0, 0), (1, 0, 1), (1, 1, 0), (1, 1, 1)) 69 49
