DRQN Experiment Parameters.
Namespace(seed=7, payoffs=[1.0, 1.0], n_iterations=100, n_train_evals=5, train_id_start=35, n_episodes=2000, epsilon=0.3, rnn_hidden_dim=4, fnn_hidden_dim=4, capacity=16, batch_size=8, lr=0.005, tau=0.01, gamma=0.975, len_update_cycle=1, save=True)

Parameter sources.
Command Line Args:   --seed=7 --train_id_start=35 --n_train_evals=5 --save
Config File (/data/engs-oxfair3/orie4536/online-lever-adaptation/experiments/all_length3_fpp/drqn.conf):
  n_episodes:        2000
  epsilon:           0.3
  rnn_hidden_dim:    4
  fnn_hidden_dim:    4
  capacity:          16
  batch_size:        8
  gamma:             0.975
  lr:                0.005
  tau:               1e-2
  len_update_cycle:  1
Config File (/data/engs-oxfair3/orie4536/online-lever-adaptation/experiments/all_length3_fpp/defaults.conf):
  payoffs:           ['1.', '1.']
  n_iterations:      100

2022-08-24 08:10:29.876933 ((0, 0, 0), (0, 0, 1), (0, 1, 0), (0, 1, 1)) 0 35
2022-08-24 08:12:08.933250 ((0, 0, 0), (0, 0, 1), (0, 1, 0), (0, 1, 1)) 0 36
2022-08-24 08:13:49.301425 ((0, 0, 0), (0, 0, 1), (0, 1, 0), (0, 1, 1)) 0 37
2022-08-24 08:15:32.763809 ((0, 0, 0), (0, 0, 1), (0, 1, 0), (0, 1, 1)) 0 38
2022-08-24 08:17:14.152966 ((0, 0, 0), (0, 0, 1), (0, 1, 0), (0, 1, 1)) 0 39
2022-08-24 08:18:55.206908 ((0, 0, 0), (0, 0, 1), (0, 1, 0), (1, 0, 0)) 1 35
2022-08-24 08:20:37.227676 ((0, 0, 0), (0, 0, 1), (0, 1, 0), (1, 0, 0)) 1 36
2022-08-24 08:22:18.930407 ((0, 0, 0), (0, 0, 1), (0, 1, 0), (1, 0, 0)) 1 37
2022-08-24 08:24:00.449400 ((0, 0, 0), (0, 0, 1), (0, 1, 0), (1, 0, 0)) 1 38
2022-08-24 08:25:42.399224 ((0, 0, 0), (0, 0, 1), (0, 1, 0), (1, 0, 0)) 1 39
2022-08-24 08:27:24.003616 ((0, 0, 0), (0, 0, 1), (0, 1, 0), (1, 0, 1)) 2 35
2022-08-24 08:29:04.953268 ((0, 0, 0), (0, 0, 1), (0, 1, 0), (1, 0, 1)) 2 36
2022-08-24 08:30:47.133842 ((0, 0, 0), (0, 0, 1), (0, 1, 0), (1, 0, 1)) 2 37
2022-08-24 08:32:28.469394 ((0, 0, 0), (0, 0, 1), (0, 1, 0), (1, 0, 1)) 2 38
2022-08-24 08:34:09.812639 ((0, 0, 0), (0, 0, 1), (0, 1, 0), (1, 0, 1)) 2 39
2022-08-24 08:35:50.124834 ((0, 0, 0), (0, 0, 1), (0, 1, 0), (1, 1, 0)) 3 35
2022-08-24 08:37:26.648262 ((0, 0, 0), (0, 0, 1), (0, 1, 0), (1, 1, 0)) 3 36
2022-08-24 08:39:02.784441 ((0, 0, 0), (0, 0, 1), (0, 1, 0), (1, 1, 0)) 3 37
2022-08-24 08:40:39.065639 ((0, 0, 0), (0, 0, 1), (0, 1, 0), (1, 1, 0)) 3 38
2022-08-24 08:42:15.100849 ((0, 0, 0), (0, 0, 1), (0, 1, 0), (1, 1, 0)) 3 39
2022-08-24 08:43:50.878551 ((0, 0, 0), (0, 0, 1), (0, 1, 0), (1, 1, 1)) 4 35
2022-08-24 08:45:27.643176 ((0, 0, 0), (0, 0, 1), (0, 1, 0), (1, 1, 1)) 4 36
2022-08-24 08:47:03.952620 ((0, 0, 0), (0, 0, 1), (0, 1, 0), (1, 1, 1)) 4 37
2022-08-24 08:48:40.940686 ((0, 0, 0), (0, 0, 1), (0, 1, 0), (1, 1, 1)) 4 38
2022-08-24 08:50:17.774026 ((0, 0, 0), (0, 0, 1), (0, 1, 0), (1, 1, 1)) 4 39
2022-08-24 08:51:53.717832 ((0, 0, 0), (0, 0, 1), (0, 1, 1), (1, 0, 0)) 5 35
2022-08-24 08:53:29.816030 ((0, 0, 0), (0, 0, 1), (0, 1, 1), (1, 0, 0)) 5 36
2022-08-24 08:55:06.558934 ((0, 0, 0), (0, 0, 1), (0, 1, 1), (1, 0, 0)) 5 37
2022-08-24 08:56:42.956021 ((0, 0, 0), (0, 0, 1), (0, 1, 1), (1, 0, 0)) 5 38
2022-08-24 08:58:19.117558 ((0, 0, 0), (0, 0, 1), (0, 1, 1), (1, 0, 0)) 5 39
2022-08-24 08:59:55.028470 ((0, 0, 0), (0, 0, 1), (0, 1, 1), (1, 0, 1)) 6 35
2022-08-24 09:01:31.310198 ((0, 0, 0), (0, 0, 1), (0, 1, 1), (1, 0, 1)) 6 36
2022-08-24 09:03:07.139784 ((0, 0, 0), (0, 0, 1), (0, 1, 1), (1, 0, 1)) 6 37
2022-08-24 09:04:43.273821 ((0, 0, 0), (0, 0, 1), (0, 1, 1), (1, 0, 1)) 6 38
2022-08-24 09:06:21.904127 ((0, 0, 0), (0, 0, 1), (0, 1, 1), (1, 0, 1)) 6 39
2022-08-24 09:07:57.741319 ((0, 0, 0), (0, 0, 1), (0, 1, 1), (1, 1, 0)) 7 35
2022-08-24 09:09:34.280931 ((0, 0, 0), (0, 0, 1), (0, 1, 1), (1, 1, 0)) 7 36
2022-08-24 09:11:10.581636 ((0, 0, 0), (0, 0, 1), (0, 1, 1), (1, 1, 0)) 7 37
2022-08-24 09:12:46.286804 ((0, 0, 0), (0, 0, 1), (0, 1, 1), (1, 1, 0)) 7 38
2022-08-24 09:14:22.448702 ((0, 0, 0), (0, 0, 1), (0, 1, 1), (1, 1, 0)) 7 39
2022-08-24 09:15:58.520055 ((0, 0, 0), (0, 0, 1), (0, 1, 1), (1, 1, 1)) 8 35
2022-08-24 09:17:34.731098 ((0, 0, 0), (0, 0, 1), (0, 1, 1), (1, 1, 1)) 8 36
2022-08-24 09:19:11.116289 ((0, 0, 0), (0, 0, 1), (0, 1, 1), (1, 1, 1)) 8 37
2022-08-24 09:20:46.949304 ((0, 0, 0), (0, 0, 1), (0, 1, 1), (1, 1, 1)) 8 38
2022-08-24 09:22:23.355219 ((0, 0, 0), (0, 0, 1), (0, 1, 1), (1, 1, 1)) 8 39
2022-08-24 09:23:59.525851 ((0, 0, 0), (0, 0, 1), (1, 0, 0), (1, 0, 1)) 9 35
2022-08-24 09:25:35.288539 ((0, 0, 0), (0, 0, 1), (1, 0, 0), (1, 0, 1)) 9 36
2022-08-24 09:27:11.543427 ((0, 0, 0), (0, 0, 1), (1, 0, 0), (1, 0, 1)) 9 37
2022-08-24 09:28:47.643059 ((0, 0, 0), (0, 0, 1), (1, 0, 0), (1, 0, 1)) 9 38
2022-08-24 09:30:23.849628 ((0, 0, 0), (0, 0, 1), (1, 0, 0), (1, 0, 1)) 9 39
2022-08-24 09:32:00.046300 ((0, 0, 0), (0, 0, 1), (1, 0, 0), (1, 1, 0)) 10 35
2022-08-24 09:33:35.886338 ((0, 0, 0), (0, 0, 1), (1, 0, 0), (1, 1, 0)) 10 36
2022-08-24 09:35:12.251408 ((0, 0, 0), (0, 0, 1), (1, 0, 0), (1, 1, 0)) 10 37
2022-08-24 09:36:48.451418 ((0, 0, 0), (0, 0, 1), (1, 0, 0), (1, 1, 0)) 10 38
2022-08-24 09:38:24.503340 ((0, 0, 0), (0, 0, 1), (1, 0, 0), (1, 1, 0)) 10 39
2022-08-24 09:40:00.798148 ((0, 0, 0), (0, 0, 1), (1, 0, 0), (1, 1, 1)) 11 35
2022-08-24 09:41:36.995244 ((0, 0, 0), (0, 0, 1), (1, 0, 0), (1, 1, 1)) 11 36
2022-08-24 09:43:13.503045 ((0, 0, 0), (0, 0, 1), (1, 0, 0), (1, 1, 1)) 11 37
2022-08-24 09:44:49.835117 ((0, 0, 0), (0, 0, 1), (1, 0, 0), (1, 1, 1)) 11 38
2022-08-24 09:46:26.664135 ((0, 0, 0), (0, 0, 1), (1, 0, 0), (1, 1, 1)) 11 39
2022-08-24 09:48:02.640244 ((0, 0, 0), (0, 0, 1), (1, 0, 1), (1, 1, 0)) 12 35
2022-08-24 09:49:38.573675 ((0, 0, 0), (0, 0, 1), (1, 0, 1), (1, 1, 0)) 12 36
2022-08-24 09:51:14.645723 ((0, 0, 0), (0, 0, 1), (1, 0, 1), (1, 1, 0)) 12 37
2022-08-24 09:52:51.029685 ((0, 0, 0), (0, 0, 1), (1, 0, 1), (1, 1, 0)) 12 38
2022-08-24 09:54:27.438719 ((0, 0, 0), (0, 0, 1), (1, 0, 1), (1, 1, 0)) 12 39
2022-08-24 09:56:03.752104 ((0, 0, 0), (0, 0, 1), (1, 0, 1), (1, 1, 1)) 13 35
2022-08-24 09:57:40.115103 ((0, 0, 0), (0, 0, 1), (1, 0, 1), (1, 1, 1)) 13 36
2022-08-24 09:59:16.264757 ((0, 0, 0), (0, 0, 1), (1, 0, 1), (1, 1, 1)) 13 37
2022-08-24 10:00:52.572328 ((0, 0, 0), (0, 0, 1), (1, 0, 1), (1, 1, 1)) 13 38
2022-08-24 10:02:28.469274 ((0, 0, 0), (0, 0, 1), (1, 0, 1), (1, 1, 1)) 13 39
2022-08-24 10:04:05.234698 ((0, 0, 0), (0, 0, 1), (1, 1, 0), (1, 1, 1)) 14 35
2022-08-24 10:05:41.126118 ((0, 0, 0), (0, 0, 1), (1, 1, 0), (1, 1, 1)) 14 36
2022-08-24 10:07:17.678645 ((0, 0, 0), (0, 0, 1), (1, 1, 0), (1, 1, 1)) 14 37
2022-08-24 10:08:54.225650 ((0, 0, 0), (0, 0, 1), (1, 1, 0), (1, 1, 1)) 14 38
2022-08-24 10:10:30.447672 ((0, 0, 0), (0, 0, 1), (1, 1, 0), (1, 1, 1)) 14 39
2022-08-24 10:12:06.609312 ((0, 0, 0), (0, 1, 0), (0, 1, 1), (1, 0, 0)) 15 35
2022-08-24 10:13:42.852196 ((0, 0, 0), (0, 1, 0), (0, 1, 1), (1, 0, 0)) 15 36
2022-08-24 10:15:19.018042 ((0, 0, 0), (0, 1, 0), (0, 1, 1), (1, 0, 0)) 15 37
2022-08-24 10:16:55.158051 ((0, 0, 0), (0, 1, 0), (0, 1, 1), (1, 0, 0)) 15 38
2022-08-24 10:18:31.166743 ((0, 0, 0), (0, 1, 0), (0, 1, 1), (1, 0, 0)) 15 39
2022-08-24 10:20:07.120325 ((0, 0, 0), (0, 1, 0), (0, 1, 1), (1, 0, 1)) 16 35
2022-08-24 10:21:43.880414 ((0, 0, 0), (0, 1, 0), (0, 1, 1), (1, 0, 1)) 16 36
2022-08-24 10:23:20.272017 ((0, 0, 0), (0, 1, 0), (0, 1, 1), (1, 0, 1)) 16 37
2022-08-24 10:24:56.213130 ((0, 0, 0), (0, 1, 0), (0, 1, 1), (1, 0, 1)) 16 38
2022-08-24 10:26:31.988737 ((0, 0, 0), (0, 1, 0), (0, 1, 1), (1, 0, 1)) 16 39
2022-08-24 10:28:08.055259 ((0, 0, 0), (0, 1, 0), (0, 1, 1), (1, 1, 0)) 17 35
2022-08-24 10:29:46.778570 ((0, 0, 0), (0, 1, 0), (0, 1, 1), (1, 1, 0)) 17 36
2022-08-24 10:31:22.802730 ((0, 0, 0), (0, 1, 0), (0, 1, 1), (1, 1, 0)) 17 37
2022-08-24 10:32:59.344030 ((0, 0, 0), (0, 1, 0), (0, 1, 1), (1, 1, 0)) 17 38
2022-08-24 10:34:35.345832 ((0, 0, 0), (0, 1, 0), (0, 1, 1), (1, 1, 0)) 17 39
2022-08-24 10:36:11.013870 ((0, 0, 0), (0, 1, 0), (0, 1, 1), (1, 1, 1)) 18 35
2022-08-24 10:37:47.284801 ((0, 0, 0), (0, 1, 0), (0, 1, 1), (1, 1, 1)) 18 36
2022-08-24 10:39:23.376706 ((0, 0, 0), (0, 1, 0), (0, 1, 1), (1, 1, 1)) 18 37
2022-08-24 10:40:59.741811 ((0, 0, 0), (0, 1, 0), (0, 1, 1), (1, 1, 1)) 18 38
2022-08-24 10:42:35.660896 ((0, 0, 0), (0, 1, 0), (0, 1, 1), (1, 1, 1)) 18 39
2022-08-24 10:44:12.537977 ((0, 0, 0), (0, 1, 0), (1, 0, 0), (1, 0, 1)) 19 35
2022-08-24 10:45:48.625037 ((0, 0, 0), (0, 1, 0), (1, 0, 0), (1, 0, 1)) 19 36
2022-08-24 10:47:24.505417 ((0, 0, 0), (0, 1, 0), (1, 0, 0), (1, 0, 1)) 19 37
2022-08-24 10:49:00.604355 ((0, 0, 0), (0, 1, 0), (1, 0, 0), (1, 0, 1)) 19 38
2022-08-24 10:50:36.686273 ((0, 0, 0), (0, 1, 0), (1, 0, 0), (1, 0, 1)) 19 39
2022-08-24 10:52:12.895595 ((0, 0, 0), (0, 1, 0), (1, 0, 0), (1, 1, 0)) 20 35
2022-08-24 10:53:48.962295 ((0, 0, 0), (0, 1, 0), (1, 0, 0), (1, 1, 0)) 20 36
2022-08-24 10:55:26.036255 ((0, 0, 0), (0, 1, 0), (1, 0, 0), (1, 1, 0)) 20 37
2022-08-24 10:57:02.607313 ((0, 0, 0), (0, 1, 0), (1, 0, 0), (1, 1, 0)) 20 38
2022-08-24 10:58:38.608901 ((0, 0, 0), (0, 1, 0), (1, 0, 0), (1, 1, 0)) 20 39
2022-08-24 11:00:15.325514 ((0, 0, 0), (0, 1, 0), (1, 0, 0), (1, 1, 1)) 21 35
2022-08-24 11:01:51.281090 ((0, 0, 0), (0, 1, 0), (1, 0, 0), (1, 1, 1)) 21 36
2022-08-24 11:03:27.521267 ((0, 0, 0), (0, 1, 0), (1, 0, 0), (1, 1, 1)) 21 37
2022-08-24 11:05:03.561119 ((0, 0, 0), (0, 1, 0), (1, 0, 0), (1, 1, 1)) 21 38
2022-08-24 11:06:39.732681 ((0, 0, 0), (0, 1, 0), (1, 0, 0), (1, 1, 1)) 21 39
2022-08-24 11:08:16.076066 ((0, 0, 0), (0, 1, 0), (1, 0, 1), (1, 1, 0)) 22 35
2022-08-24 11:09:52.224385 ((0, 0, 0), (0, 1, 0), (1, 0, 1), (1, 1, 0)) 22 36
2022-08-24 11:11:28.790825 ((0, 0, 0), (0, 1, 0), (1, 0, 1), (1, 1, 0)) 22 37
2022-08-24 11:13:05.100116 ((0, 0, 0), (0, 1, 0), (1, 0, 1), (1, 1, 0)) 22 38
2022-08-24 11:14:42.822607 ((0, 0, 0), (0, 1, 0), (1, 0, 1), (1, 1, 0)) 22 39
2022-08-24 11:16:18.888946 ((0, 0, 0), (0, 1, 0), (1, 0, 1), (1, 1, 1)) 23 35
2022-08-24 11:17:55.067518 ((0, 0, 0), (0, 1, 0), (1, 0, 1), (1, 1, 1)) 23 36
2022-08-24 11:19:31.092318 ((0, 0, 0), (0, 1, 0), (1, 0, 1), (1, 1, 1)) 23 37
2022-08-24 11:21:07.045726 ((0, 0, 0), (0, 1, 0), (1, 0, 1), (1, 1, 1)) 23 38
2022-08-24 11:22:43.281298 ((0, 0, 0), (0, 1, 0), (1, 0, 1), (1, 1, 1)) 23 39
2022-08-24 11:24:19.343332 ((0, 0, 0), (0, 1, 0), (1, 1, 0), (1, 1, 1)) 24 35
2022-08-24 11:25:55.580644 ((0, 0, 0), (0, 1, 0), (1, 1, 0), (1, 1, 1)) 24 36
2022-08-24 11:27:31.606616 ((0, 0, 0), (0, 1, 0), (1, 1, 0), (1, 1, 1)) 24 37
2022-08-24 11:29:08.035100 ((0, 0, 0), (0, 1, 0), (1, 1, 0), (1, 1, 1)) 24 38
2022-08-24 11:30:44.319058 ((0, 0, 0), (0, 1, 0), (1, 1, 0), (1, 1, 1)) 24 39
2022-08-24 11:32:20.508325 ((0, 0, 0), (0, 1, 1), (1, 0, 0), (1, 0, 1)) 25 35
2022-08-24 11:33:56.388403 ((0, 0, 0), (0, 1, 1), (1, 0, 0), (1, 0, 1)) 25 36
2022-08-24 11:35:33.052555 ((0, 0, 0), (0, 1, 1), (1, 0, 0), (1, 0, 1)) 25 37
2022-08-24 11:37:08.822959 ((0, 0, 0), (0, 1, 1), (1, 0, 0), (1, 0, 1)) 25 38
2022-08-24 11:38:44.702686 ((0, 0, 0), (0, 1, 1), (1, 0, 0), (1, 0, 1)) 25 39
2022-08-24 11:40:21.112113 ((0, 0, 0), (0, 1, 1), (1, 0, 0), (1, 1, 0)) 26 35
2022-08-24 11:41:56.891500 ((0, 0, 0), (0, 1, 1), (1, 0, 0), (1, 1, 0)) 26 36
2022-08-24 11:43:33.344183 ((0, 0, 0), (0, 1, 1), (1, 0, 0), (1, 1, 0)) 26 37
2022-08-24 11:45:09.874163 ((0, 0, 0), (0, 1, 1), (1, 0, 0), (1, 1, 0)) 26 38
2022-08-24 11:46:45.749320 ((0, 0, 0), (0, 1, 1), (1, 0, 0), (1, 1, 0)) 26 39
2022-08-24 11:48:21.826379 ((0, 0, 0), (0, 1, 1), (1, 0, 0), (1, 1, 1)) 27 35
2022-08-24 11:49:57.893262 ((0, 0, 0), (0, 1, 1), (1, 0, 0), (1, 1, 1)) 27 36
2022-08-24 11:51:34.004051 ((0, 0, 0), (0, 1, 1), (1, 0, 0), (1, 1, 1)) 27 37
2022-08-24 11:53:10.254513 ((0, 0, 0), (0, 1, 1), (1, 0, 0), (1, 1, 1)) 27 38
2022-08-24 11:54:46.165424 ((0, 0, 0), (0, 1, 1), (1, 0, 0), (1, 1, 1)) 27 39
2022-08-24 11:56:22.199725 ((0, 0, 0), (0, 1, 1), (1, 0, 1), (1, 1, 0)) 28 35
2022-08-24 11:57:57.967095 ((0, 0, 0), (0, 1, 1), (1, 0, 1), (1, 1, 0)) 28 36
2022-08-24 11:59:35.551228 ((0, 0, 0), (0, 1, 1), (1, 0, 1), (1, 1, 0)) 28 37
2022-08-24 12:01:12.957287 ((0, 0, 0), (0, 1, 1), (1, 0, 1), (1, 1, 0)) 28 38
2022-08-24 12:02:50.079201 ((0, 0, 0), (0, 1, 1), (1, 0, 1), (1, 1, 0)) 28 39
2022-08-24 12:04:27.111205 ((0, 0, 0), (0, 1, 1), (1, 0, 1), (1, 1, 1)) 29 35
2022-08-24 12:06:04.791996 ((0, 0, 0), (0, 1, 1), (1, 0, 1), (1, 1, 1)) 29 36
2022-08-24 12:07:43.132963 ((0, 0, 0), (0, 1, 1), (1, 0, 1), (1, 1, 1)) 29 37
2022-08-24 12:09:21.860684 ((0, 0, 0), (0, 1, 1), (1, 0, 1), (1, 1, 1)) 29 38
2022-08-24 12:11:00.222031 ((0, 0, 0), (0, 1, 1), (1, 0, 1), (1, 1, 1)) 29 39
2022-08-24 12:12:39.128163 ((0, 0, 0), (0, 1, 1), (1, 1, 0), (1, 1, 1)) 30 35
2022-08-24 12:14:17.583836 ((0, 0, 0), (0, 1, 1), (1, 1, 0), (1, 1, 1)) 30 36
2022-08-24 12:15:56.493819 ((0, 0, 0), (0, 1, 1), (1, 1, 0), (1, 1, 1)) 30 37
2022-08-24 12:17:36.619752 ((0, 0, 0), (0, 1, 1), (1, 1, 0), (1, 1, 1)) 30 38
2022-08-24 12:19:15.553465 ((0, 0, 0), (0, 1, 1), (1, 1, 0), (1, 1, 1)) 30 39
2022-08-24 12:20:54.094350 ((0, 0, 0), (1, 0, 0), (1, 0, 1), (1, 1, 0)) 31 35
2022-08-24 12:22:32.684902 ((0, 0, 0), (1, 0, 0), (1, 0, 1), (1, 1, 0)) 31 36
2022-08-24 12:24:11.040863 ((0, 0, 0), (1, 0, 0), (1, 0, 1), (1, 1, 0)) 31 37
2022-08-24 12:25:49.824340 ((0, 0, 0), (1, 0, 0), (1, 0, 1), (1, 1, 0)) 31 38
2022-08-24 12:27:28.530073 ((0, 0, 0), (1, 0, 0), (1, 0, 1), (1, 1, 0)) 31 39
2022-08-24 12:29:07.400073 ((0, 0, 0), (1, 0, 0), (1, 0, 1), (1, 1, 1)) 32 35
2022-08-24 12:30:46.923573 ((0, 0, 0), (1, 0, 0), (1, 0, 1), (1, 1, 1)) 32 36
2022-08-24 12:32:25.241328 ((0, 0, 0), (1, 0, 0), (1, 0, 1), (1, 1, 1)) 32 37
2022-08-24 12:34:03.874353 ((0, 0, 0), (1, 0, 0), (1, 0, 1), (1, 1, 1)) 32 38
2022-08-24 12:35:42.264411 ((0, 0, 0), (1, 0, 0), (1, 0, 1), (1, 1, 1)) 32 39
2022-08-24 12:37:20.670155 ((0, 0, 0), (1, 0, 0), (1, 1, 0), (1, 1, 1)) 33 35
2022-08-24 12:39:00.043177 ((0, 0, 0), (1, 0, 0), (1, 1, 0), (1, 1, 1)) 33 36
2022-08-24 12:40:38.236337 ((0, 0, 0), (1, 0, 0), (1, 1, 0), (1, 1, 1)) 33 37
2022-08-24 12:42:16.708789 ((0, 0, 0), (1, 0, 0), (1, 1, 0), (1, 1, 1)) 33 38
2022-08-24 12:43:55.807192 ((0, 0, 0), (1, 0, 0), (1, 1, 0), (1, 1, 1)) 33 39
2022-08-24 12:45:35.026050 ((0, 0, 0), (1, 0, 1), (1, 1, 0), (1, 1, 1)) 34 35
2022-08-24 12:47:13.256909 ((0, 0, 0), (1, 0, 1), (1, 1, 0), (1, 1, 1)) 34 36
2022-08-24 12:48:51.805486 ((0, 0, 0), (1, 0, 1), (1, 1, 0), (1, 1, 1)) 34 37
2022-08-24 12:50:30.408699 ((0, 0, 0), (1, 0, 1), (1, 1, 0), (1, 1, 1)) 34 38
2022-08-24 12:52:08.982418 ((0, 0, 0), (1, 0, 1), (1, 1, 0), (1, 1, 1)) 34 39
2022-08-24 12:53:47.823644 ((0, 0, 1), (0, 1, 0), (0, 1, 1), (1, 0, 0)) 35 35
2022-08-24 12:55:26.111403 ((0, 0, 1), (0, 1, 0), (0, 1, 1), (1, 0, 0)) 35 36
2022-08-24 12:57:05.805327 ((0, 0, 1), (0, 1, 0), (0, 1, 1), (1, 0, 0)) 35 37
2022-08-24 12:58:43.934822 ((0, 0, 1), (0, 1, 0), (0, 1, 1), (1, 0, 0)) 35 38
2022-08-24 13:00:22.343622 ((0, 0, 1), (0, 1, 0), (0, 1, 1), (1, 0, 0)) 35 39
2022-08-24 13:02:00.633950 ((0, 0, 1), (0, 1, 0), (0, 1, 1), (1, 0, 1)) 36 35
2022-08-24 13:03:39.140158 ((0, 0, 1), (0, 1, 0), (0, 1, 1), (1, 0, 1)) 36 36
2022-08-24 13:05:17.616073 ((0, 0, 1), (0, 1, 0), (0, 1, 1), (1, 0, 1)) 36 37
2022-08-24 13:06:56.077576 ((0, 0, 1), (0, 1, 0), (0, 1, 1), (1, 0, 1)) 36 38
2022-08-24 13:08:33.978254 ((0, 0, 1), (0, 1, 0), (0, 1, 1), (1, 0, 1)) 36 39
2022-08-24 13:10:14.047325 ((0, 0, 1), (0, 1, 0), (0, 1, 1), (1, 1, 0)) 37 35
2022-08-24 13:11:52.378534 ((0, 0, 1), (0, 1, 0), (0, 1, 1), (1, 1, 0)) 37 36
2022-08-24 13:13:30.661631 ((0, 0, 1), (0, 1, 0), (0, 1, 1), (1, 1, 0)) 37 37
2022-08-24 13:15:09.177946 ((0, 0, 1), (0, 1, 0), (0, 1, 1), (1, 1, 0)) 37 38
2022-08-24 13:16:47.792087 ((0, 0, 1), (0, 1, 0), (0, 1, 1), (1, 1, 0)) 37 39
2022-08-24 13:18:25.869379 ((0, 0, 1), (0, 1, 0), (0, 1, 1), (1, 1, 1)) 38 35
2022-08-24 13:20:04.426707 ((0, 0, 1), (0, 1, 0), (0, 1, 1), (1, 1, 1)) 38 36
2022-08-24 13:21:42.954708 ((0, 0, 1), (0, 1, 0), (0, 1, 1), (1, 1, 1)) 38 37
2022-08-24 13:23:21.647881 ((0, 0, 1), (0, 1, 0), (0, 1, 1), (1, 1, 1)) 38 38
2022-08-24 13:25:00.059526 ((0, 0, 1), (0, 1, 0), (0, 1, 1), (1, 1, 1)) 38 39
2022-08-24 13:26:39.000366 ((0, 0, 1), (0, 1, 0), (1, 0, 0), (1, 0, 1)) 39 35
2022-08-24 13:28:17.640143 ((0, 0, 1), (0, 1, 0), (1, 0, 0), (1, 0, 1)) 39 36
2022-08-24 13:29:56.215982 ((0, 0, 1), (0, 1, 0), (1, 0, 0), (1, 0, 1)) 39 37
2022-08-24 13:31:34.055710 ((0, 0, 1), (0, 1, 0), (1, 0, 0), (1, 0, 1)) 39 38
2022-08-24 13:33:12.816613 ((0, 0, 1), (0, 1, 0), (1, 0, 0), (1, 0, 1)) 39 39
2022-08-24 13:34:50.975198 ((0, 0, 1), (0, 1, 0), (1, 0, 0), (1, 1, 0)) 40 35
2022-08-24 13:36:29.597541 ((0, 0, 1), (0, 1, 0), (1, 0, 0), (1, 1, 0)) 40 36
2022-08-24 13:38:08.072904 ((0, 0, 1), (0, 1, 0), (1, 0, 0), (1, 1, 0)) 40 37
2022-08-24 13:39:46.732531 ((0, 0, 1), (0, 1, 0), (1, 0, 0), (1, 1, 0)) 40 38
2022-08-24 13:41:27.629889 ((0, 0, 1), (0, 1, 0), (1, 0, 0), (1, 1, 0)) 40 39
2022-08-24 13:43:05.668592 ((0, 0, 1), (0, 1, 0), (1, 0, 0), (1, 1, 1)) 41 35
2022-08-24 13:44:43.729708 ((0, 0, 1), (0, 1, 0), (1, 0, 0), (1, 1, 1)) 41 36
2022-08-24 13:46:22.402695 ((0, 0, 1), (0, 1, 0), (1, 0, 0), (1, 1, 1)) 41 37
2022-08-24 13:48:01.145404 ((0, 0, 1), (0, 1, 0), (1, 0, 0), (1, 1, 1)) 41 38
2022-08-24 13:49:39.439963 ((0, 0, 1), (0, 1, 0), (1, 0, 0), (1, 1, 1)) 41 39
2022-08-24 13:51:18.091478 ((0, 0, 1), (0, 1, 0), (1, 0, 1), (1, 1, 0)) 42 35
2022-08-24 13:52:56.629108 ((0, 0, 1), (0, 1, 0), (1, 0, 1), (1, 1, 0)) 42 36
2022-08-24 13:54:35.541209 ((0, 0, 1), (0, 1, 0), (1, 0, 1), (1, 1, 0)) 42 37
2022-08-24 13:56:13.825478 ((0, 0, 1), (0, 1, 0), (1, 0, 1), (1, 1, 0)) 42 38
2022-08-24 13:57:52.057943 ((0, 0, 1), (0, 1, 0), (1, 0, 1), (1, 1, 0)) 42 39
2022-08-24 13:59:30.568103 ((0, 0, 1), (0, 1, 0), (1, 0, 1), (1, 1, 1)) 43 35
2022-08-24 14:01:08.751868 ((0, 0, 1), (0, 1, 0), (1, 0, 1), (1, 1, 1)) 43 36
2022-08-24 14:02:47.342687 ((0, 0, 1), (0, 1, 0), (1, 0, 1), (1, 1, 1)) 43 37
2022-08-24 14:04:25.904780 ((0, 0, 1), (0, 1, 0), (1, 0, 1), (1, 1, 1)) 43 38
2022-08-24 14:06:04.211614 ((0, 0, 1), (0, 1, 0), (1, 0, 1), (1, 1, 1)) 43 39
2022-08-24 14:07:42.879264 ((0, 0, 1), (0, 1, 0), (1, 1, 0), (1, 1, 1)) 44 35
2022-08-24 14:09:21.440092 ((0, 0, 1), (0, 1, 0), (1, 1, 0), (1, 1, 1)) 44 36
2022-08-24 14:11:00.081289 ((0, 0, 1), (0, 1, 0), (1, 1, 0), (1, 1, 1)) 44 37
2022-08-24 14:12:38.355497 ((0, 0, 1), (0, 1, 0), (1, 1, 0), (1, 1, 1)) 44 38
2022-08-24 14:14:16.840374 ((0, 0, 1), (0, 1, 0), (1, 1, 0), (1, 1, 1)) 44 39
2022-08-24 14:15:55.705037 ((0, 0, 1), (0, 1, 1), (1, 0, 0), (1, 0, 1)) 45 35
2022-08-24 14:17:33.860927 ((0, 0, 1), (0, 1, 1), (1, 0, 0), (1, 0, 1)) 45 36
2022-08-24 14:19:12.143749 ((0, 0, 1), (0, 1, 1), (1, 0, 0), (1, 0, 1)) 45 37
2022-08-24 14:20:51.908070 ((0, 0, 1), (0, 1, 1), (1, 0, 0), (1, 0, 1)) 45 38
2022-08-24 14:22:30.119051 ((0, 0, 1), (0, 1, 1), (1, 0, 0), (1, 0, 1)) 45 39
2022-08-24 14:24:08.691765 ((0, 0, 1), (0, 1, 1), (1, 0, 0), (1, 1, 0)) 46 35
2022-08-24 14:25:47.369605 ((0, 0, 1), (0, 1, 1), (1, 0, 0), (1, 1, 0)) 46 36
2022-08-24 14:27:26.037227 ((0, 0, 1), (0, 1, 1), (1, 0, 0), (1, 1, 0)) 46 37
2022-08-24 14:29:04.256942 ((0, 0, 1), (0, 1, 1), (1, 0, 0), (1, 1, 0)) 46 38
2022-08-24 14:30:42.587996 ((0, 0, 1), (0, 1, 1), (1, 0, 0), (1, 1, 0)) 46 39
2022-08-24 14:32:20.898867 ((0, 0, 1), (0, 1, 1), (1, 0, 0), (1, 1, 1)) 47 35
2022-08-24 14:34:00.161901 ((0, 0, 1), (0, 1, 1), (1, 0, 0), (1, 1, 1)) 47 36
2022-08-24 14:35:38.626193 ((0, 0, 1), (0, 1, 1), (1, 0, 0), (1, 1, 1)) 47 37
2022-08-24 14:37:16.596531 ((0, 0, 1), (0, 1, 1), (1, 0, 0), (1, 1, 1)) 47 38
2022-08-24 14:38:54.647428 ((0, 0, 1), (0, 1, 1), (1, 0, 0), (1, 1, 1)) 47 39
2022-08-24 14:40:35.543583 ((0, 0, 1), (0, 1, 1), (1, 0, 1), (1, 1, 0)) 48 35
2022-08-24 14:42:13.691706 ((0, 0, 1), (0, 1, 1), (1, 0, 1), (1, 1, 0)) 48 36
2022-08-24 14:43:52.097406 ((0, 0, 1), (0, 1, 1), (1, 0, 1), (1, 1, 0)) 48 37
2022-08-24 14:45:31.303198 ((0, 0, 1), (0, 1, 1), (1, 0, 1), (1, 1, 0)) 48 38
2022-08-24 14:47:09.823891 ((0, 0, 1), (0, 1, 1), (1, 0, 1), (1, 1, 0)) 48 39
2022-08-24 14:48:48.153672 ((0, 0, 1), (0, 1, 1), (1, 0, 1), (1, 1, 1)) 49 35
2022-08-24 14:50:26.846276 ((0, 0, 1), (0, 1, 1), (1, 0, 1), (1, 1, 1)) 49 36
2022-08-24 14:52:05.332042 ((0, 0, 1), (0, 1, 1), (1, 0, 1), (1, 1, 1)) 49 37
2022-08-24 14:53:44.524229 ((0, 0, 1), (0, 1, 1), (1, 0, 1), (1, 1, 1)) 49 38
2022-08-24 14:55:23.096663 ((0, 0, 1), (0, 1, 1), (1, 0, 1), (1, 1, 1)) 49 39
2022-08-24 14:57:08.555317 ((0, 0, 1), (0, 1, 1), (1, 1, 0), (1, 1, 1)) 50 35
2022-08-24 14:58:59.051573 ((0, 0, 1), (0, 1, 1), (1, 1, 0), (1, 1, 1)) 50 36
2022-08-24 15:00:49.944991 ((0, 0, 1), (0, 1, 1), (1, 1, 0), (1, 1, 1)) 50 37
2022-08-24 15:02:40.256540 ((0, 0, 1), (0, 1, 1), (1, 1, 0), (1, 1, 1)) 50 38
2022-08-24 15:04:31.962320 ((0, 0, 1), (0, 1, 1), (1, 1, 0), (1, 1, 1)) 50 39
2022-08-24 15:06:23.098309 ((0, 0, 1), (1, 0, 0), (1, 0, 1), (1, 1, 0)) 51 35
2022-08-24 15:08:13.650767 ((0, 0, 1), (1, 0, 0), (1, 0, 1), (1, 1, 0)) 51 36
2022-08-24 15:09:59.190767 ((0, 0, 1), (1, 0, 0), (1, 0, 1), (1, 1, 0)) 51 37
2022-08-24 15:11:49.548661 ((0, 0, 1), (1, 0, 0), (1, 0, 1), (1, 1, 0)) 51 38
2022-08-24 15:13:39.226505 ((0, 0, 1), (1, 0, 0), (1, 0, 1), (1, 1, 0)) 51 39
2022-08-24 15:15:29.470587 ((0, 0, 1), (1, 0, 0), (1, 0, 1), (1, 1, 1)) 52 35
2022-08-24 15:17:20.239202 ((0, 0, 1), (1, 0, 0), (1, 0, 1), (1, 1, 1)) 52 36
2022-08-24 15:19:11.761051 ((0, 0, 1), (1, 0, 0), (1, 0, 1), (1, 1, 1)) 52 37
2022-08-24 15:21:02.879740 ((0, 0, 1), (1, 0, 0), (1, 0, 1), (1, 1, 1)) 52 38
2022-08-24 15:22:50.975450 ((0, 0, 1), (1, 0, 0), (1, 0, 1), (1, 1, 1)) 52 39
2022-08-24 15:24:40.236995 ((0, 0, 1), (1, 0, 0), (1, 1, 0), (1, 1, 1)) 53 35
2022-08-24 15:26:29.792809 ((0, 0, 1), (1, 0, 0), (1, 1, 0), (1, 1, 1)) 53 36
2022-08-24 15:28:20.157794 ((0, 0, 1), (1, 0, 0), (1, 1, 0), (1, 1, 1)) 53 37
2022-08-24 15:30:12.036835 ((0, 0, 1), (1, 0, 0), (1, 1, 0), (1, 1, 1)) 53 38
2022-08-24 15:32:02.079570 ((0, 0, 1), (1, 0, 0), (1, 1, 0), (1, 1, 1)) 53 39
2022-08-24 15:33:53.338962 ((0, 0, 1), (1, 0, 1), (1, 1, 0), (1, 1, 1)) 54 35
2022-08-24 15:35:43.652945 ((0, 0, 1), (1, 0, 1), (1, 1, 0), (1, 1, 1)) 54 36
2022-08-24 15:37:30.229064 ((0, 0, 1), (1, 0, 1), (1, 1, 0), (1, 1, 1)) 54 37
2022-08-24 15:39:20.426014 ((0, 0, 1), (1, 0, 1), (1, 1, 0), (1, 1, 1)) 54 38
2022-08-24 15:41:10.821135 ((0, 0, 1), (1, 0, 1), (1, 1, 0), (1, 1, 1)) 54 39
2022-08-24 15:43:01.184826 ((0, 1, 0), (0, 1, 1), (1, 0, 0), (1, 0, 1)) 55 35
2022-08-24 15:44:52.478945 ((0, 1, 0), (0, 1, 1), (1, 0, 0), (1, 0, 1)) 55 36
2022-08-24 15:46:44.247000 ((0, 1, 0), (0, 1, 1), (1, 0, 0), (1, 0, 1)) 55 37
2022-08-24 15:48:35.319363 ((0, 1, 0), (0, 1, 1), (1, 0, 0), (1, 0, 1)) 55 38
2022-08-24 15:50:20.296630 ((0, 1, 0), (0, 1, 1), (1, 0, 0), (1, 0, 1)) 55 39
2022-08-24 15:52:11.515051 ((0, 1, 0), (0, 1, 1), (1, 0, 0), (1, 1, 0)) 56 35
2022-08-24 15:54:02.125613 ((0, 1, 0), (0, 1, 1), (1, 0, 0), (1, 1, 0)) 56 36
2022-08-24 15:55:52.891057 ((0, 1, 0), (0, 1, 1), (1, 0, 0), (1, 1, 0)) 56 37
2022-08-24 15:57:44.191502 ((0, 1, 0), (0, 1, 1), (1, 0, 0), (1, 1, 0)) 56 38
2022-08-24 15:59:35.782554 ((0, 1, 0), (0, 1, 1), (1, 0, 0), (1, 1, 0)) 56 39
2022-08-24 16:01:27.550535 ((0, 1, 0), (0, 1, 1), (1, 0, 0), (1, 1, 1)) 57 35
2022-08-24 16:03:12.312258 ((0, 1, 0), (0, 1, 1), (1, 0, 0), (1, 1, 1)) 57 36
2022-08-24 16:05:04.333583 ((0, 1, 0), (0, 1, 1), (1, 0, 0), (1, 1, 1)) 57 37
2022-08-24 16:06:54.488779 ((0, 1, 0), (0, 1, 1), (1, 0, 0), (1, 1, 1)) 57 38
2022-08-24 16:08:45.564836 ((0, 1, 0), (0, 1, 1), (1, 0, 0), (1, 1, 1)) 57 39
2022-08-24 16:10:36.863261 ((0, 1, 0), (0, 1, 1), (1, 0, 1), (1, 1, 0)) 58 35
2022-08-24 16:12:28.027430 ((0, 1, 0), (0, 1, 1), (1, 0, 1), (1, 1, 0)) 58 36
2022-08-24 16:14:19.802627 ((0, 1, 0), (0, 1, 1), (1, 0, 1), (1, 1, 0)) 58 37
2022-08-24 16:16:04.866198 ((0, 1, 0), (0, 1, 1), (1, 0, 1), (1, 1, 0)) 58 38
2022-08-24 16:17:55.538314 ((0, 1, 0), (0, 1, 1), (1, 0, 1), (1, 1, 0)) 58 39
2022-08-24 16:19:45.678786 ((0, 1, 0), (0, 1, 1), (1, 0, 1), (1, 1, 1)) 59 35
2022-08-24 16:21:37.100064 ((0, 1, 0), (0, 1, 1), (1, 0, 1), (1, 1, 1)) 59 36
2022-08-24 16:23:27.475756 ((0, 1, 0), (0, 1, 1), (1, 0, 1), (1, 1, 1)) 59 37
2022-08-24 16:25:19.144647 ((0, 1, 0), (0, 1, 1), (1, 0, 1), (1, 1, 1)) 59 38
2022-08-24 16:27:10.588007 ((0, 1, 0), (0, 1, 1), (1, 0, 1), (1, 1, 1)) 59 39
2022-08-24 16:28:57.468086 ((0, 1, 0), (0, 1, 1), (1, 1, 0), (1, 1, 1)) 60 35
2022-08-24 16:30:47.477391 ((0, 1, 0), (0, 1, 1), (1, 1, 0), (1, 1, 1)) 60 36
2022-08-24 16:32:37.933228 ((0, 1, 0), (0, 1, 1), (1, 1, 0), (1, 1, 1)) 60 37
2022-08-24 16:34:28.601309 ((0, 1, 0), (0, 1, 1), (1, 1, 0), (1, 1, 1)) 60 38
2022-08-24 16:36:19.714654 ((0, 1, 0), (0, 1, 1), (1, 1, 0), (1, 1, 1)) 60 39
2022-08-24 16:38:11.434153 ((0, 1, 0), (1, 0, 0), (1, 0, 1), (1, 1, 0)) 61 35
2022-08-24 16:40:03.267606 ((0, 1, 0), (1, 0, 0), (1, 0, 1), (1, 1, 0)) 61 36
2022-08-24 16:41:50.648959 ((0, 1, 0), (1, 0, 0), (1, 0, 1), (1, 1, 0)) 61 37
2022-08-24 16:43:40.274992 ((0, 1, 0), (1, 0, 0), (1, 0, 1), (1, 1, 0)) 61 38
2022-08-24 16:45:29.848458 ((0, 1, 0), (1, 0, 0), (1, 0, 1), (1, 1, 0)) 61 39
2022-08-24 16:47:21.692316 ((0, 1, 0), (1, 0, 0), (1, 0, 1), (1, 1, 1)) 62 35
2022-08-24 16:49:12.634928 ((0, 1, 0), (1, 0, 0), (1, 0, 1), (1, 1, 1)) 62 36
2022-08-24 16:51:03.909832 ((0, 1, 0), (1, 0, 0), (1, 0, 1), (1, 1, 1)) 62 37
2022-08-24 16:52:55.413007 ((0, 1, 0), (1, 0, 0), (1, 0, 1), (1, 1, 1)) 62 38
2022-08-24 16:54:44.088590 ((0, 1, 0), (1, 0, 0), (1, 0, 1), (1, 1, 1)) 62 39
2022-08-24 16:56:32.966032 ((0, 1, 0), (1, 0, 0), (1, 1, 0), (1, 1, 1)) 63 35
2022-08-24 16:58:22.671786 ((0, 1, 0), (1, 0, 0), (1, 1, 0), (1, 1, 1)) 63 36
2022-08-24 17:00:13.364640 ((0, 1, 0), (1, 0, 0), (1, 1, 0), (1, 1, 1)) 63 37
2022-08-24 17:02:04.939713 ((0, 1, 0), (1, 0, 0), (1, 1, 0), (1, 1, 1)) 63 38
2022-08-24 17:03:56.306200 ((0, 1, 0), (1, 0, 0), (1, 1, 0), (1, 1, 1)) 63 39
2022-08-24 17:05:47.965880 ((0, 1, 0), (1, 0, 1), (1, 1, 0), (1, 1, 1)) 64 35
2022-08-24 17:07:36.579684 ((0, 1, 0), (1, 0, 1), (1, 1, 0), (1, 1, 1)) 64 36
2022-08-24 17:09:26.221655 ((0, 1, 0), (1, 0, 1), (1, 1, 0), (1, 1, 1)) 64 37
2022-08-24 17:11:16.297701 ((0, 1, 0), (1, 0, 1), (1, 1, 0), (1, 1, 1)) 64 38
2022-08-24 17:13:06.766934 ((0, 1, 0), (1, 0, 1), (1, 1, 0), (1, 1, 1)) 64 39
2022-08-24 17:14:58.357385 ((0, 1, 1), (1, 0, 0), (1, 0, 1), (1, 1, 0)) 65 35
2022-08-24 17:16:47.750174 ((0, 1, 1), (1, 0, 0), (1, 0, 1), (1, 1, 0)) 65 36
2022-08-24 17:18:39.144951 ((0, 1, 1), (1, 0, 0), (1, 0, 1), (1, 1, 0)) 65 37
2022-08-24 17:20:29.167550 ((0, 1, 1), (1, 0, 0), (1, 0, 1), (1, 1, 0)) 65 38
2022-08-24 17:22:18.460574 ((0, 1, 1), (1, 0, 0), (1, 0, 1), (1, 1, 0)) 65 39
2022-08-24 17:24:07.771279 ((0, 1, 1), (1, 0, 0), (1, 0, 1), (1, 1, 1)) 66 35
2022-08-24 17:25:58.760949 ((0, 1, 1), (1, 0, 0), (1, 0, 1), (1, 1, 1)) 66 36
2022-08-24 17:27:49.582299 ((0, 1, 1), (1, 0, 0), (1, 0, 1), (1, 1, 1)) 66 37
2022-08-24 17:29:41.267472 ((0, 1, 1), (1, 0, 0), (1, 0, 1), (1, 1, 1)) 66 38
2022-08-24 17:31:30.658089 ((0, 1, 1), (1, 0, 0), (1, 0, 1), (1, 1, 1)) 66 39
2022-08-24 17:33:19.893509 ((0, 1, 1), (1, 0, 0), (1, 1, 0), (1, 1, 1)) 67 35
2022-08-24 17:35:09.377291 ((0, 1, 1), (1, 0, 0), (1, 1, 0), (1, 1, 1)) 67 36
2022-08-24 17:37:00.728325 ((0, 1, 1), (1, 0, 0), (1, 1, 0), (1, 1, 1)) 67 37
2022-08-24 17:38:51.557272 ((0, 1, 1), (1, 0, 0), (1, 1, 0), (1, 1, 1)) 67 38
2022-08-24 17:40:43.398284 ((0, 1, 1), (1, 0, 0), (1, 1, 0), (1, 1, 1)) 67 39
2022-08-24 17:42:29.005056 ((0, 1, 1), (1, 0, 1), (1, 1, 0), (1, 1, 1)) 68 35
2022-08-24 17:44:19.138288 ((0, 1, 1), (1, 0, 1), (1, 1, 0), (1, 1, 1)) 68 36
2022-08-24 17:46:10.535218 ((0, 1, 1), (1, 0, 1), (1, 1, 0), (1, 1, 1)) 68 37
2022-08-24 17:48:01.740592 ((0, 1, 1), (1, 0, 1), (1, 1, 0), (1, 1, 1)) 68 38
2022-08-24 17:49:52.725131 ((0, 1, 1), (1, 0, 1), (1, 1, 0), (1, 1, 1)) 68 39
2022-08-24 17:51:41.273415 ((1, 0, 0), (1, 0, 1), (1, 1, 0), (1, 1, 1)) 69 35
2022-08-24 17:53:30.891077 ((1, 0, 0), (1, 0, 1), (1, 1, 0), (1, 1, 1)) 69 36
2022-08-24 17:55:20.934991 ((1, 0, 0), (1, 0, 1), (1, 1, 0), (1, 1, 1)) 69 37
2022-08-24 17:57:12.293422 ((1, 0, 0), (1, 0, 1), (1, 1, 0), (1, 1, 1)) 69 38
2022-08-24 17:59:03.212843 ((1, 0, 0), (1, 0, 1), (1, 1, 0), (1, 1, 1)) 69 39
