2022-08-19 20:21:04.950863 ((0, 0, 1), (0, 1, 0), (0, 1, 1), (1, 0, 0)) 00
2022-08-19 20:22:41.372431 ((0, 0, 1), (0, 1, 0), (0, 1, 1), (1, 0, 0)) 01
2022-08-19 20:24:18.577221 ((0, 0, 1), (0, 1, 0), (0, 1, 1), (1, 0, 0)) 02
2022-08-19 20:25:56.831331 ((0, 0, 1), (0, 1, 0), (0, 1, 1), (1, 0, 0)) 03
2022-08-19 20:27:34.112982 ((0, 0, 1), (0, 1, 0), (0, 1, 1), (1, 0, 0)) 04
2022-08-19 20:29:12.047652 ((0, 0, 1), (0, 1, 0), (0, 1, 1), (1, 0, 0)) 05
2022-08-19 20:30:50.958352 ((0, 0, 1), (0, 1, 0), (0, 1, 1), (1, 0, 0)) 06
2022-08-19 20:32:28.273055 ((0, 0, 1), (0, 1, 0), (0, 1, 1), (1, 0, 0)) 07
2022-08-19 20:34:06.234143 ((0, 0, 1), (0, 1, 0), (0, 1, 1), (1, 0, 0)) 08
2022-08-19 20:35:45.321537 ((0, 0, 1), (0, 1, 0), (0, 1, 1), (1, 0, 0)) 09
2022-08-19 20:37:22.654098 ((0, 0, 1), (0, 1, 0), (0, 1, 1), (1, 0, 1)) 00
2022-08-19 20:39:01.157911 ((0, 0, 1), (0, 1, 0), (0, 1, 1), (1, 0, 1)) 01
2022-08-19 20:40:39.967139 ((0, 0, 1), (0, 1, 0), (0, 1, 1), (1, 0, 1)) 02
2022-08-19 20:42:18.117495 ((0, 0, 1), (0, 1, 0), (0, 1, 1), (1, 0, 1)) 03
2022-08-19 20:43:56.176730 ((0, 0, 1), (0, 1, 0), (0, 1, 1), (1, 0, 1)) 04
2022-08-19 20:45:35.230832 ((0, 0, 1), (0, 1, 0), (0, 1, 1), (1, 0, 1)) 05
2022-08-19 20:47:13.713342 ((0, 0, 1), (0, 1, 0), (0, 1, 1), (1, 0, 1)) 06
2022-08-19 20:48:51.765558 ((0, 0, 1), (0, 1, 0), (0, 1, 1), (1, 0, 1)) 07
2022-08-19 20:50:30.784046 ((0, 0, 1), (0, 1, 0), (0, 1, 1), (1, 0, 1)) 08
2022-08-19 20:52:08.640508 ((0, 0, 1), (0, 1, 0), (0, 1, 1), (1, 0, 1)) 09
2022-08-19 20:53:47.308618 ((0, 0, 1), (0, 1, 0), (0, 1, 1), (1, 1, 0)) 00
2022-08-19 20:55:25.368112 ((0, 0, 1), (0, 1, 0), (0, 1, 1), (1, 1, 0)) 01
2022-08-19 20:57:04.555673 ((0, 0, 1), (0, 1, 0), (0, 1, 1), (1, 1, 0)) 02
2022-08-19 20:58:43.141213 ((0, 0, 1), (0, 1, 0), (0, 1, 1), (1, 1, 0)) 03
2022-08-19 21:00:21.941094 ((0, 0, 1), (0, 1, 0), (0, 1, 1), (1, 1, 0)) 04
2022-08-19 21:02:00.588869 ((0, 0, 1), (0, 1, 0), (0, 1, 1), (1, 1, 0)) 05
2022-08-19 21:03:38.839683 ((0, 0, 1), (0, 1, 0), (0, 1, 1), (1, 1, 0)) 06
