2022-08-19 20:20:21.582130 ((0, 0, 0), (0, 0, 1), (0, 1, 0), (0, 1, 1)) 00
2022-08-19 20:21:58.311922 ((0, 0, 0), (0, 0, 1), (0, 1, 0), (0, 1, 1)) 01
2022-08-19 20:23:36.426899 ((0, 0, 0), (0, 0, 1), (0, 1, 0), (0, 1, 1)) 02
2022-08-19 20:25:13.775080 ((0, 0, 0), (0, 0, 1), (0, 1, 0), (0, 1, 1)) 03
2022-08-19 20:26:50.946541 ((0, 0, 0), (0, 0, 1), (0, 1, 0), (0, 1, 1)) 04
2022-08-19 20:28:27.178933 ((0, 0, 0), (0, 0, 1), (0, 1, 0), (0, 1, 1)) 05
2022-08-19 20:30:05.579392 ((0, 0, 0), (0, 0, 1), (0, 1, 0), (0, 1, 1)) 06
2022-08-19 20:31:43.689131 ((0, 0, 0), (0, 0, 1), (0, 1, 0), (0, 1, 1)) 07
2022-08-19 20:33:20.784638 ((0, 0, 0), (0, 0, 1), (0, 1, 0), (0, 1, 1)) 08
2022-08-19 20:34:58.887020 ((0, 0, 0), (0, 0, 1), (0, 1, 0), (0, 1, 1)) 09
2022-08-19 20:36:35.866099 ((0, 0, 0), (0, 0, 1), (0, 1, 0), (1, 0, 0)) 00
2022-08-19 20:38:13.500794 ((0, 0, 0), (0, 0, 1), (0, 1, 0), (1, 0, 0)) 01
2022-08-19 20:39:51.616671 ((0, 0, 0), (0, 0, 1), (0, 1, 0), (1, 0, 0)) 02
2022-08-19 20:41:29.562187 ((0, 0, 0), (0, 0, 1), (0, 1, 0), (1, 0, 0)) 03
2022-08-19 20:43:06.421519 ((0, 0, 0), (0, 0, 1), (0, 1, 0), (1, 0, 0)) 04
2022-08-19 20:44:44.354420 ((0, 0, 0), (0, 0, 1), (0, 1, 0), (1, 0, 0)) 05
2022-08-19 20:46:22.683967 ((0, 0, 0), (0, 0, 1), (0, 1, 0), (1, 0, 0)) 06
2022-08-19 20:47:58.424086 ((0, 0, 0), (0, 0, 1), (0, 1, 0), (1, 0, 0)) 07
2022-08-19 20:49:35.007722 ((0, 0, 0), (0, 0, 1), (0, 1, 0), (1, 0, 0)) 08
2022-08-19 20:51:13.507673 ((0, 0, 0), (0, 0, 1), (0, 1, 0), (1, 0, 0)) 09
2022-08-19 20:52:51.254398 ((0, 0, 0), (0, 0, 1), (0, 1, 0), (1, 0, 1)) 00
2022-08-19 20:54:29.065577 ((0, 0, 0), (0, 0, 1), (0, 1, 0), (1, 0, 1)) 01
2022-08-19 20:56:06.172526 ((0, 0, 0), (0, 0, 1), (0, 1, 0), (1, 0, 1)) 02
2022-08-19 20:57:44.278298 ((0, 0, 0), (0, 0, 1), (0, 1, 0), (1, 0, 1)) 03
2022-08-19 20:59:22.279796 ((0, 0, 0), (0, 0, 1), (0, 1, 0), (1, 0, 1)) 04
2022-08-19 21:00:59.966770 ((0, 0, 0), (0, 0, 1), (0, 1, 0), (1, 0, 1)) 05
2022-08-19 21:02:41.087028 ((0, 0, 0), (0, 0, 1), (0, 1, 0), (1, 0, 1)) 06
2022-08-19 21:04:18.189378 ((0, 0, 0), (0, 0, 1), (0, 1, 0), (1, 0, 1)) 07
2022-08-19 21:05:56.211381 ((0, 0, 0), (0, 0, 1), (0, 1, 0), (1, 0, 1)) 08
