DRQN Experiment Parameters.
Namespace(seed=0, payoffs=[1.0, 1.0], n_iterations=100, n_train_evals=5, train_id_start=0, n_episodes=2000, epsilon=0.3, rnn_hidden_dim=4, fnn_hidden_dim=4, capacity=16, batch_size=8, lr=0.005, tau=0.01, gamma=0.975, len_update_cycle=1, save=True)

Parameter sources.
Command Line Args:   --seed=0 --train_id_start=0 --n_train_evals=5 --save
Config File (/data/engs-oxfair3/orie4536/online-lever-adaptation/experiments/all_length3_fpp/drqn.conf):
  n_episodes:        2000
  epsilon:           0.3
  rnn_hidden_dim:    4
  fnn_hidden_dim:    4
  capacity:          16
  batch_size:        8
  gamma:             0.975
  lr:                0.005
  tau:               1e-2
  len_update_cycle:  1
Config File (/data/engs-oxfair3/orie4536/online-lever-adaptation/experiments/all_length3_fpp/defaults.conf):
  payoffs:           ['1.', '1.']
  n_iterations:      100

2022-08-22 11:28:26.293607 ((0, 0, 0), (0, 0, 1), (0, 1, 0), (0, 1, 1)) 00
2022-08-22 11:30:35.811032 ((0, 0, 0), (0, 0, 1), (0, 1, 0), (0, 1, 1)) 01
2022-08-22 11:32:46.253015 ((0, 0, 0), (0, 0, 1), (0, 1, 0), (0, 1, 1)) 02
2022-08-22 11:34:55.946633 ((0, 0, 0), (0, 0, 1), (0, 1, 0), (0, 1, 1)) 03
2022-08-22 11:37:05.944205 ((0, 0, 0), (0, 0, 1), (0, 1, 0), (0, 1, 1)) 04
2022-08-22 11:39:19.004340 ((0, 0, 0), (0, 0, 1), (0, 1, 0), (1, 0, 0)) 00
2022-08-22 11:41:28.874581 ((0, 0, 0), (0, 0, 1), (0, 1, 0), (1, 0, 0)) 01
2022-08-22 11:43:38.286652 ((0, 0, 0), (0, 0, 1), (0, 1, 0), (1, 0, 0)) 02
2022-08-22 11:45:48.933111 ((0, 0, 0), (0, 0, 1), (0, 1, 0), (1, 0, 0)) 03
2022-08-22 11:47:59.989210 ((0, 0, 0), (0, 0, 1), (0, 1, 0), (1, 0, 0)) 04
2022-08-22 11:50:11.816975 ((0, 0, 0), (0, 0, 1), (0, 1, 0), (1, 0, 1)) 00
2022-08-22 11:52:22.353534 ((0, 0, 0), (0, 0, 1), (0, 1, 0), (1, 0, 1)) 01
2022-08-22 11:54:32.197961 ((0, 0, 0), (0, 0, 1), (0, 1, 0), (1, 0, 1)) 02
2022-08-22 11:56:43.290760 ((0, 0, 0), (0, 0, 1), (0, 1, 0), (1, 0, 1)) 03
2022-08-22 11:58:53.753876 ((0, 0, 0), (0, 0, 1), (0, 1, 0), (1, 0, 1)) 04
2022-08-22 12:01:03.911343 ((0, 0, 0), (0, 0, 1), (0, 1, 0), (1, 1, 0)) 00
2022-08-22 12:03:14.630736 ((0, 0, 0), (0, 0, 1), (0, 1, 0), (1, 1, 0)) 01
2022-08-22 12:05:24.926295 ((0, 0, 0), (0, 0, 1), (0, 1, 0), (1, 1, 0)) 02
2022-08-22 12:07:35.329916 ((0, 0, 0), (0, 0, 1), (0, 1, 0), (1, 1, 0)) 03
2022-08-22 12:09:45.367538 ((0, 0, 0), (0, 0, 1), (0, 1, 0), (1, 1, 0)) 04
2022-08-22 12:11:55.987732 ((0, 0, 0), (0, 0, 1), (0, 1, 0), (1, 1, 1)) 00
2022-08-22 12:14:06.507314 ((0, 0, 0), (0, 0, 1), (0, 1, 0), (1, 1, 1)) 01
2022-08-22 12:16:16.777591 ((0, 0, 0), (0, 0, 1), (0, 1, 0), (1, 1, 1)) 02
2022-08-22 12:18:27.426408 ((0, 0, 0), (0, 0, 1), (0, 1, 0), (1, 1, 1)) 03
2022-08-22 12:20:38.621398 ((0, 0, 0), (0, 0, 1), (0, 1, 0), (1, 1, 1)) 04
2022-08-22 12:22:48.858730 ((0, 0, 0), (0, 0, 1), (0, 1, 1), (1, 0, 0)) 00
2022-08-22 12:24:59.104706 ((0, 0, 0), (0, 0, 1), (0, 1, 1), (1, 0, 0)) 01
2022-08-22 12:27:09.451516 ((0, 0, 0), (0, 0, 1), (0, 1, 1), (1, 0, 0)) 02
2022-08-22 12:29:19.356074 ((0, 0, 0), (0, 0, 1), (0, 1, 1), (1, 0, 0)) 03
2022-08-22 12:31:29.643491 ((0, 0, 0), (0, 0, 1), (0, 1, 1), (1, 0, 0)) 04
2022-08-22 12:33:39.627321 ((0, 0, 0), (0, 0, 1), (0, 1, 1), (1, 0, 1)) 00
2022-08-22 12:35:50.492441 ((0, 0, 0), (0, 0, 1), (0, 1, 1), (1, 0, 1)) 01
2022-08-22 12:38:01.371828 ((0, 0, 0), (0, 0, 1), (0, 1, 1), (1, 0, 1)) 02
2022-08-22 12:40:11.350186 ((0, 0, 0), (0, 0, 1), (0, 1, 1), (1, 0, 1)) 03
2022-08-22 12:42:21.574553 ((0, 0, 0), (0, 0, 1), (0, 1, 1), (1, 0, 1)) 04
2022-08-22 12:44:32.579597 ((0, 0, 0), (0, 0, 1), (0, 1, 1), (1, 1, 0)) 00
2022-08-22 12:46:42.690266 ((0, 0, 0), (0, 0, 1), (0, 1, 1), (1, 1, 0)) 01
2022-08-22 12:48:53.739197 ((0, 0, 0), (0, 0, 1), (0, 1, 1), (1, 1, 0)) 02
2022-08-22 12:51:03.185939 ((0, 0, 0), (0, 0, 1), (0, 1, 1), (1, 1, 0)) 03
2022-08-22 12:53:13.546230 ((0, 0, 0), (0, 0, 1), (0, 1, 1), (1, 1, 0)) 04
2022-08-22 12:55:24.161171 ((0, 0, 0), (0, 0, 1), (0, 1, 1), (1, 1, 1)) 00
2022-08-22 12:57:34.362513 ((0, 0, 0), (0, 0, 1), (0, 1, 1), (1, 1, 1)) 01
2022-08-22 12:59:44.029661 ((0, 0, 0), (0, 0, 1), (0, 1, 1), (1, 1, 1)) 02
2022-08-22 13:01:53.558434 ((0, 0, 0), (0, 0, 1), (0, 1, 1), (1, 1, 1)) 03
2022-08-22 13:04:04.286865 ((0, 0, 0), (0, 0, 1), (0, 1, 1), (1, 1, 1)) 04
2022-08-22 13:06:13.724865 ((0, 0, 0), (0, 0, 1), (1, 0, 0), (1, 0, 1)) 00
2022-08-22 13:08:23.666147 ((0, 0, 0), (0, 0, 1), (1, 0, 0), (1, 0, 1)) 01
2022-08-22 13:10:34.312499 ((0, 0, 0), (0, 0, 1), (1, 0, 0), (1, 0, 1)) 02
2022-08-22 13:12:44.802095 ((0, 0, 0), (0, 0, 1), (1, 0, 0), (1, 0, 1)) 03
2022-08-22 13:14:56.323953 ((0, 0, 0), (0, 0, 1), (1, 0, 0), (1, 0, 1)) 04
2022-08-22 13:17:07.429139 ((0, 0, 0), (0, 0, 1), (1, 0, 0), (1, 1, 0)) 00
2022-08-22 13:19:17.952822 ((0, 0, 0), (0, 0, 1), (1, 0, 0), (1, 1, 0)) 01
2022-08-22 13:21:28.271145 ((0, 0, 0), (0, 0, 1), (1, 0, 0), (1, 1, 0)) 02
2022-08-22 13:23:37.910026 ((0, 0, 0), (0, 0, 1), (1, 0, 0), (1, 1, 0)) 03
2022-08-22 13:25:49.183672 ((0, 0, 0), (0, 0, 1), (1, 0, 0), (1, 1, 0)) 04
2022-08-22 13:27:58.812876 ((0, 0, 0), (0, 0, 1), (1, 0, 0), (1, 1, 1)) 00
2022-08-22 13:30:09.747743 ((0, 0, 0), (0, 0, 1), (1, 0, 0), (1, 1, 1)) 01
2022-08-22 13:32:21.004518 ((0, 0, 0), (0, 0, 1), (1, 0, 0), (1, 1, 1)) 02
2022-08-22 13:34:31.186763 ((0, 0, 0), (0, 0, 1), (1, 0, 0), (1, 1, 1)) 03
2022-08-22 13:36:41.493476 ((0, 0, 0), (0, 0, 1), (1, 0, 0), (1, 1, 1)) 04
2022-08-22 13:38:51.801244 ((0, 0, 0), (0, 0, 1), (1, 0, 1), (1, 1, 0)) 00
2022-08-22 13:41:01.325300 ((0, 0, 0), (0, 0, 1), (1, 0, 1), (1, 1, 0)) 01
2022-08-22 13:43:11.998472 ((0, 0, 0), (0, 0, 1), (1, 0, 1), (1, 1, 0)) 02
2022-08-22 13:45:23.385351 ((0, 0, 0), (0, 0, 1), (1, 0, 1), (1, 1, 0)) 03
2022-08-22 13:47:33.240734 ((0, 0, 0), (0, 0, 1), (1, 0, 1), (1, 1, 0)) 04
2022-08-22 13:49:45.353518 ((0, 0, 0), (0, 0, 1), (1, 0, 1), (1, 1, 1)) 00
2022-08-22 13:51:55.493477 ((0, 0, 0), (0, 0, 1), (1, 0, 1), (1, 1, 1)) 01
2022-08-22 13:54:05.990753 ((0, 0, 0), (0, 0, 1), (1, 0, 1), (1, 1, 1)) 02
2022-08-22 13:56:15.895379 ((0, 0, 0), (0, 0, 1), (1, 0, 1), (1, 1, 1)) 03
2022-08-22 13:58:26.308327 ((0, 0, 0), (0, 0, 1), (1, 0, 1), (1, 1, 1)) 04
2022-08-22 14:00:37.039629 ((0, 0, 0), (0, 0, 1), (1, 1, 0), (1, 1, 1)) 00
2022-08-22 14:02:46.870203 ((0, 0, 0), (0, 0, 1), (1, 1, 0), (1, 1, 1)) 01
2022-08-22 14:04:58.624816 ((0, 0, 0), (0, 0, 1), (1, 1, 0), (1, 1, 1)) 02
2022-08-22 14:07:08.171796 ((0, 0, 0), (0, 0, 1), (1, 1, 0), (1, 1, 1)) 03
2022-08-22 14:09:18.884516 ((0, 0, 0), (0, 0, 1), (1, 1, 0), (1, 1, 1)) 04
2022-08-22 14:11:29.497712 ((0, 0, 0), (0, 1, 0), (0, 1, 1), (1, 0, 0)) 00
2022-08-22 14:13:39.565069 ((0, 0, 0), (0, 1, 0), (0, 1, 1), (1, 0, 0)) 01
2022-08-22 14:15:49.540731 ((0, 0, 0), (0, 1, 0), (0, 1, 1), (1, 0, 0)) 02
2022-08-22 14:17:59.468809 ((0, 0, 0), (0, 1, 0), (0, 1, 1), (1, 0, 0)) 03
2022-08-22 14:20:09.409516 ((0, 0, 0), (0, 1, 0), (0, 1, 1), (1, 0, 0)) 04
2022-08-22 14:22:19.109821 ((0, 0, 0), (0, 1, 0), (0, 1, 1), (1, 0, 1)) 00
2022-08-22 14:24:29.751393 ((0, 0, 0), (0, 1, 0), (0, 1, 1), (1, 0, 1)) 01
2022-08-22 14:26:39.672773 ((0, 0, 0), (0, 1, 0), (0, 1, 1), (1, 0, 1)) 02
2022-08-22 14:28:49.876663 ((0, 0, 0), (0, 1, 0), (0, 1, 1), (1, 0, 1)) 03
2022-08-22 14:31:01.397543 ((0, 0, 0), (0, 1, 0), (0, 1, 1), (1, 0, 1)) 04
2022-08-22 14:33:11.527963 ((0, 0, 0), (0, 1, 0), (0, 1, 1), (1, 1, 0)) 00
2022-08-22 14:35:21.966851 ((0, 0, 0), (0, 1, 0), (0, 1, 1), (1, 1, 0)) 01
2022-08-22 14:37:32.222907 ((0, 0, 0), (0, 1, 0), (0, 1, 1), (1, 1, 0)) 02
2022-08-22 14:39:42.756691 ((0, 0, 0), (0, 1, 0), (0, 1, 1), (1, 1, 0)) 03
2022-08-22 14:41:53.527098 ((0, 0, 0), (0, 1, 0), (0, 1, 1), (1, 1, 0)) 04
2022-08-22 14:44:03.467005 ((0, 0, 0), (0, 1, 0), (0, 1, 1), (1, 1, 1)) 00
2022-08-22 14:46:13.500883 ((0, 0, 0), (0, 1, 0), (0, 1, 1), (1, 1, 1)) 01
2022-08-22 14:48:23.861466 ((0, 0, 0), (0, 1, 0), (0, 1, 1), (1, 1, 1)) 02
2022-08-22 14:50:34.852279 ((0, 0, 0), (0, 1, 0), (0, 1, 1), (1, 1, 1)) 03
2022-08-22 14:52:44.830861 ((0, 0, 0), (0, 1, 0), (0, 1, 1), (1, 1, 1)) 04
2022-08-22 14:54:54.980623 ((0, 0, 0), (0, 1, 0), (1, 0, 0), (1, 0, 1)) 00
2022-08-22 14:57:04.780908 ((0, 0, 0), (0, 1, 0), (1, 0, 0), (1, 0, 1)) 01
2022-08-22 14:59:14.327764 ((0, 0, 0), (0, 1, 0), (1, 0, 0), (1, 0, 1)) 02
2022-08-22 15:01:25.298744 ((0, 0, 0), (0, 1, 0), (1, 0, 0), (1, 0, 1)) 03
2022-08-22 15:03:36.402736 ((0, 0, 0), (0, 1, 0), (1, 0, 0), (1, 0, 1)) 04
2022-08-22 15:05:46.440097 ((0, 0, 0), (0, 1, 0), (1, 0, 0), (1, 1, 0)) 00
2022-08-22 15:07:56.743994 ((0, 0, 0), (0, 1, 0), (1, 0, 0), (1, 1, 0)) 01
2022-08-22 15:10:07.182866 ((0, 0, 0), (0, 1, 0), (1, 0, 0), (1, 1, 0)) 02
2022-08-22 15:12:18.096876 ((0, 0, 0), (0, 1, 0), (1, 0, 0), (1, 1, 0)) 03
2022-08-22 15:14:28.315451 ((0, 0, 0), (0, 1, 0), (1, 0, 0), (1, 1, 0)) 04
2022-08-22 15:16:38.600716 ((0, 0, 0), (0, 1, 0), (1, 0, 0), (1, 1, 1)) 00
2022-08-22 15:18:48.923756 ((0, 0, 0), (0, 1, 0), (1, 0, 0), (1, 1, 1)) 01
2022-08-22 15:20:58.676603 ((0, 0, 0), (0, 1, 0), (1, 0, 0), (1, 1, 1)) 02
2022-08-22 15:23:08.945948 ((0, 0, 0), (0, 1, 0), (1, 0, 0), (1, 1, 1)) 03
2022-08-22 15:25:18.890056 ((0, 0, 0), (0, 1, 0), (1, 0, 0), (1, 1, 1)) 04
2022-08-22 15:27:29.335748 ((0, 0, 0), (0, 1, 0), (1, 0, 1), (1, 1, 0)) 00
2022-08-22 15:29:40.204636 ((0, 0, 0), (0, 1, 0), (1, 0, 1), (1, 1, 0)) 01
2022-08-22 15:31:50.867028 ((0, 0, 0), (0, 1, 0), (1, 0, 1), (1, 1, 0)) 02
2022-08-22 15:34:00.916189 ((0, 0, 0), (0, 1, 0), (1, 0, 1), (1, 1, 0)) 03
2022-08-22 15:36:11.283450 ((0, 0, 0), (0, 1, 0), (1, 0, 1), (1, 1, 0)) 04
2022-08-22 15:38:20.769456 ((0, 0, 0), (0, 1, 0), (1, 0, 1), (1, 1, 1)) 00
2022-08-22 15:40:30.709619 ((0, 0, 0), (0, 1, 0), (1, 0, 1), (1, 1, 1)) 01
2022-08-22 15:42:41.184669 ((0, 0, 0), (0, 1, 0), (1, 0, 1), (1, 1, 1)) 02
2022-08-22 15:44:51.409368 ((0, 0, 0), (0, 1, 0), (1, 0, 1), (1, 1, 1)) 03
2022-08-22 15:47:01.321363 ((0, 0, 0), (0, 1, 0), (1, 0, 1), (1, 1, 1)) 04
2022-08-22 15:49:11.963004 ((0, 0, 0), (0, 1, 0), (1, 1, 0), (1, 1, 1)) 00
2022-08-22 15:51:22.464732 ((0, 0, 0), (0, 1, 0), (1, 1, 0), (1, 1, 1)) 01
2022-08-22 15:53:33.878700 ((0, 0, 0), (0, 1, 0), (1, 1, 0), (1, 1, 1)) 02
2022-08-22 15:55:44.150583 ((0, 0, 0), (0, 1, 0), (1, 1, 0), (1, 1, 1)) 03
2022-08-22 15:57:53.795043 ((0, 0, 0), (0, 1, 0), (1, 1, 0), (1, 1, 1)) 04
2022-08-22 16:00:03.998451 ((0, 0, 0), (0, 1, 1), (1, 0, 0), (1, 0, 1)) 00
2022-08-22 16:02:14.396302 ((0, 0, 0), (0, 1, 1), (1, 0, 0), (1, 0, 1)) 01
2022-08-22 16:04:24.459440 ((0, 0, 0), (0, 1, 1), (1, 0, 0), (1, 0, 1)) 02
2022-08-22 16:06:34.949537 ((0, 0, 0), (0, 1, 1), (1, 0, 0), (1, 0, 1)) 03
2022-08-22 16:08:45.469727 ((0, 0, 0), (0, 1, 1), (1, 0, 0), (1, 0, 1)) 04
2022-08-22 16:10:57.206471 ((0, 0, 0), (0, 1, 1), (1, 0, 0), (1, 1, 0)) 00
2022-08-22 16:13:07.539906 ((0, 0, 0), (0, 1, 1), (1, 0, 0), (1, 1, 0)) 01
2022-08-22 16:15:17.262197 ((0, 0, 0), (0, 1, 1), (1, 0, 0), (1, 1, 0)) 02
2022-08-22 16:17:27.023608 ((0, 0, 0), (0, 1, 1), (1, 0, 0), (1, 1, 0)) 03
2022-08-22 16:19:37.246633 ((0, 0, 0), (0, 1, 1), (1, 0, 0), (1, 1, 0)) 04
2022-08-22 16:21:48.333714 ((0, 0, 0), (0, 1, 1), (1, 0, 0), (1, 1, 1)) 00
2022-08-22 16:23:58.036742 ((0, 0, 0), (0, 1, 1), (1, 0, 0), (1, 1, 1)) 01
2022-08-22 16:26:09.550754 ((0, 0, 0), (0, 1, 1), (1, 0, 0), (1, 1, 1)) 02
2022-08-22 16:28:19.326755 ((0, 0, 0), (0, 1, 1), (1, 0, 0), (1, 1, 1)) 03
2022-08-22 16:30:30.159406 ((0, 0, 0), (0, 1, 1), (1, 0, 0), (1, 1, 1)) 04
2022-08-22 16:32:40.041800 ((0, 0, 0), (0, 1, 1), (1, 0, 1), (1, 1, 0)) 00
2022-08-22 16:34:49.389823 ((0, 0, 0), (0, 1, 1), (1, 0, 1), (1, 1, 0)) 01
2022-08-22 16:36:59.509718 ((0, 0, 0), (0, 1, 1), (1, 0, 1), (1, 1, 0)) 02
2022-08-22 16:39:09.874071 ((0, 0, 0), (0, 1, 1), (1, 0, 1), (1, 1, 0)) 03
2022-08-22 16:41:20.220154 ((0, 0, 0), (0, 1, 1), (1, 0, 1), (1, 1, 0)) 04
2022-08-22 16:43:31.213736 ((0, 0, 0), (0, 1, 1), (1, 0, 1), (1, 1, 1)) 00
2022-08-22 16:45:41.353925 ((0, 0, 0), (0, 1, 1), (1, 0, 1), (1, 1, 1)) 01
2022-08-22 16:47:52.396879 ((0, 0, 0), (0, 1, 1), (1, 0, 1), (1, 1, 1)) 02
2022-08-22 16:50:02.421627 ((0, 0, 0), (0, 1, 1), (1, 0, 1), (1, 1, 1)) 03
2022-08-22 16:52:08.829663 ((0, 0, 0), (0, 1, 1), (1, 0, 1), (1, 1, 1)) 04
2022-08-22 16:54:14.726670 ((0, 0, 0), (0, 1, 1), (1, 1, 0), (1, 1, 1)) 00
2022-08-22 16:56:20.011744 ((0, 0, 0), (0, 1, 1), (1, 1, 0), (1, 1, 1)) 01
2022-08-22 16:58:25.258846 ((0, 0, 0), (0, 1, 1), (1, 1, 0), (1, 1, 1)) 02
2022-08-22 17:00:30.319871 ((0, 0, 0), (0, 1, 1), (1, 1, 0), (1, 1, 1)) 03
2022-08-22 17:02:35.880687 ((0, 0, 0), (0, 1, 1), (1, 1, 0), (1, 1, 1)) 04
2022-08-22 17:04:40.984868 ((0, 0, 0), (1, 0, 0), (1, 0, 1), (1, 1, 0)) 00
2022-08-22 17:06:46.252202 ((0, 0, 0), (1, 0, 0), (1, 0, 1), (1, 1, 0)) 01
2022-08-22 17:08:51.884158 ((0, 0, 0), (1, 0, 0), (1, 0, 1), (1, 1, 0)) 02
2022-08-22 17:10:58.251468 ((0, 0, 0), (1, 0, 0), (1, 0, 1), (1, 1, 0)) 03
2022-08-22 17:13:03.922894 ((0, 0, 0), (1, 0, 0), (1, 0, 1), (1, 1, 0)) 04
2022-08-22 17:15:09.283072 ((0, 0, 0), (1, 0, 0), (1, 0, 1), (1, 1, 1)) 00
2022-08-22 17:17:15.037991 ((0, 0, 0), (1, 0, 0), (1, 0, 1), (1, 1, 1)) 01
2022-08-22 17:19:20.367638 ((0, 0, 0), (1, 0, 0), (1, 0, 1), (1, 1, 1)) 02
2022-08-22 17:21:26.577127 ((0, 0, 0), (1, 0, 0), (1, 0, 1), (1, 1, 1)) 03
2022-08-22 17:23:31.806151 ((0, 0, 0), (1, 0, 0), (1, 0, 1), (1, 1, 1)) 04
2022-08-22 17:25:37.258467 ((0, 0, 0), (1, 0, 0), (1, 1, 0), (1, 1, 1)) 00
2022-08-22 17:27:42.810848 ((0, 0, 0), (1, 0, 0), (1, 1, 0), (1, 1, 1)) 01
2022-08-22 17:29:47.916109 ((0, 0, 0), (1, 0, 0), (1, 1, 0), (1, 1, 1)) 02
2022-08-22 17:31:53.181589 ((0, 0, 0), (1, 0, 0), (1, 1, 0), (1, 1, 1)) 03
2022-08-22 17:33:58.604739 ((0, 0, 0), (1, 0, 0), (1, 1, 0), (1, 1, 1)) 04
2022-08-22 17:36:03.726923 ((0, 0, 0), (1, 0, 1), (1, 1, 0), (1, 1, 1)) 00
2022-08-22 17:38:09.300209 ((0, 0, 0), (1, 0, 1), (1, 1, 0), (1, 1, 1)) 01
2022-08-22 17:40:15.023333 ((0, 0, 0), (1, 0, 1), (1, 1, 0), (1, 1, 1)) 02
2022-08-22 17:42:20.474652 ((0, 0, 0), (1, 0, 1), (1, 1, 0), (1, 1, 1)) 03
2022-08-22 17:44:27.031512 ((0, 0, 0), (1, 0, 1), (1, 1, 0), (1, 1, 1)) 04
2022-08-22 17:46:32.229724 ((0, 0, 1), (0, 1, 0), (0, 1, 1), (1, 0, 0)) 00
2022-08-22 17:48:37.827584 ((0, 0, 1), (0, 1, 0), (0, 1, 1), (1, 0, 0)) 01
2022-08-22 17:50:43.036276 ((0, 0, 1), (0, 1, 0), (0, 1, 1), (1, 0, 0)) 02
2022-08-22 17:52:48.438069 ((0, 0, 1), (0, 1, 0), (0, 1, 1), (1, 0, 0)) 03
2022-08-22 17:54:54.349358 ((0, 0, 1), (0, 1, 0), (0, 1, 1), (1, 0, 0)) 04
2022-08-22 17:56:59.709223 ((0, 0, 1), (0, 1, 0), (0, 1, 1), (1, 0, 1)) 00
2022-08-22 17:59:05.362647 ((0, 0, 1), (0, 1, 0), (0, 1, 1), (1, 0, 1)) 01
2022-08-22 18:01:10.946950 ((0, 0, 1), (0, 1, 0), (0, 1, 1), (1, 0, 1)) 02
2022-08-22 18:03:16.153079 ((0, 0, 1), (0, 1, 0), (0, 1, 1), (1, 0, 1)) 03
2022-08-22 18:05:22.224655 ((0, 0, 1), (0, 1, 0), (0, 1, 1), (1, 0, 1)) 04
2022-08-22 18:07:27.119875 ((0, 0, 1), (0, 1, 0), (0, 1, 1), (1, 1, 0)) 00
2022-08-22 18:09:33.014402 ((0, 0, 1), (0, 1, 0), (0, 1, 1), (1, 1, 0)) 01
2022-08-22 18:11:38.842842 ((0, 0, 1), (0, 1, 0), (0, 1, 1), (1, 1, 0)) 02
2022-08-22 18:13:44.691674 ((0, 0, 1), (0, 1, 0), (0, 1, 1), (1, 1, 0)) 03
2022-08-22 18:15:50.371027 ((0, 0, 1), (0, 1, 0), (0, 1, 1), (1, 1, 0)) 04
2022-08-22 18:17:56.696773 ((0, 0, 1), (0, 1, 0), (0, 1, 1), (1, 1, 1)) 00
2022-08-22 18:20:03.031105 ((0, 0, 1), (0, 1, 0), (0, 1, 1), (1, 1, 1)) 01
2022-08-22 18:22:08.538359 ((0, 0, 1), (0, 1, 0), (0, 1, 1), (1, 1, 1)) 02
2022-08-22 18:24:13.958679 ((0, 0, 1), (0, 1, 0), (0, 1, 1), (1, 1, 1)) 03
2022-08-22 18:26:20.325424 ((0, 0, 1), (0, 1, 0), (0, 1, 1), (1, 1, 1)) 04
2022-08-22 18:28:26.616109 ((0, 0, 1), (0, 1, 0), (1, 0, 0), (1, 0, 1)) 00
2022-08-22 18:30:33.018908 ((0, 0, 1), (0, 1, 0), (1, 0, 0), (1, 0, 1)) 01
2022-08-22 18:32:38.071555 ((0, 0, 1), (0, 1, 0), (1, 0, 0), (1, 0, 1)) 02
2022-08-22 18:34:43.217109 ((0, 0, 1), (0, 1, 0), (1, 0, 0), (1, 0, 1)) 03
2022-08-22 18:36:49.659245 ((0, 0, 1), (0, 1, 0), (1, 0, 0), (1, 0, 1)) 04
2022-08-22 18:38:55.654989 ((0, 0, 1), (0, 1, 0), (1, 0, 0), (1, 1, 0)) 00
2022-08-22 18:41:01.237251 ((0, 0, 1), (0, 1, 0), (1, 0, 0), (1, 1, 0)) 01
2022-08-22 18:43:07.548116 ((0, 0, 1), (0, 1, 0), (1, 0, 0), (1, 1, 0)) 02
2022-08-22 18:45:13.878979 ((0, 0, 1), (0, 1, 0), (1, 0, 0), (1, 1, 0)) 03
2022-08-22 18:47:20.258054 ((0, 0, 1), (0, 1, 0), (1, 0, 0), (1, 1, 0)) 04
2022-08-22 18:49:25.109424 ((0, 0, 1), (0, 1, 0), (1, 0, 0), (1, 1, 1)) 00
2022-08-22 18:51:30.679206 ((0, 0, 1), (0, 1, 0), (1, 0, 0), (1, 1, 1)) 01
2022-08-22 18:53:36.932201 ((0, 0, 1), (0, 1, 0), (1, 0, 0), (1, 1, 1)) 02
2022-08-22 18:55:42.718028 ((0, 0, 1), (0, 1, 0), (1, 0, 0), (1, 1, 1)) 03
2022-08-22 18:57:49.160334 ((0, 0, 1), (0, 1, 0), (1, 0, 0), (1, 1, 1)) 04
2022-08-22 18:59:54.706228 ((0, 0, 1), (0, 1, 0), (1, 0, 1), (1, 1, 0)) 00
2022-08-22 19:02:00.322203 ((0, 0, 1), (0, 1, 0), (1, 0, 1), (1, 1, 0)) 01
2022-08-22 19:04:05.462127 ((0, 0, 1), (0, 1, 0), (1, 0, 1), (1, 1, 0)) 02
2022-08-22 19:06:10.394361 ((0, 0, 1), (0, 1, 0), (1, 0, 1), (1, 1, 0)) 03
2022-08-22 19:08:16.278144 ((0, 0, 1), (0, 1, 0), (1, 0, 1), (1, 1, 0)) 04
2022-08-22 19:10:21.779975 ((0, 0, 1), (0, 1, 0), (1, 0, 1), (1, 1, 1)) 00
2022-08-22 19:12:27.341200 ((0, 0, 1), (0, 1, 0), (1, 0, 1), (1, 1, 1)) 01
2022-08-22 19:14:32.975236 ((0, 0, 1), (0, 1, 0), (1, 0, 1), (1, 1, 1)) 02
2022-08-22 19:16:38.123378 ((0, 0, 1), (0, 1, 0), (1, 0, 1), (1, 1, 1)) 03
2022-08-22 19:18:43.411544 ((0, 0, 1), (0, 1, 0), (1, 0, 1), (1, 1, 1)) 04
2022-08-22 19:20:49.598559 ((0, 0, 1), (0, 1, 0), (1, 1, 0), (1, 1, 1)) 00
2022-08-22 19:22:57.575616 ((0, 0, 1), (0, 1, 0), (1, 1, 0), (1, 1, 1)) 01
2022-08-22 19:25:03.838773 ((0, 0, 1), (0, 1, 0), (1, 1, 0), (1, 1, 1)) 02
2022-08-22 19:27:09.739511 ((0, 0, 1), (0, 1, 0), (1, 1, 0), (1, 1, 1)) 03
2022-08-22 19:29:14.978910 ((0, 0, 1), (0, 1, 0), (1, 1, 0), (1, 1, 1)) 04
2022-08-22 19:31:19.841133 ((0, 0, 1), (0, 1, 1), (1, 0, 0), (1, 0, 1)) 00
2022-08-22 19:33:27.590695 ((0, 0, 1), (0, 1, 1), (1, 0, 0), (1, 0, 1)) 01
2022-08-22 19:35:32.636352 ((0, 0, 1), (0, 1, 1), (1, 0, 0), (1, 0, 1)) 02
2022-08-22 19:37:38.005668 ((0, 0, 1), (0, 1, 1), (1, 0, 0), (1, 0, 1)) 03
2022-08-22 19:39:42.675311 ((0, 0, 1), (0, 1, 1), (1, 0, 0), (1, 0, 1)) 04
2022-08-22 19:41:48.130313 ((0, 0, 1), (0, 1, 1), (1, 0, 0), (1, 1, 0)) 00
2022-08-22 19:43:53.294980 ((0, 0, 1), (0, 1, 1), (1, 0, 0), (1, 1, 0)) 01
2022-08-22 19:45:58.919095 ((0, 0, 1), (0, 1, 1), (1, 0, 0), (1, 1, 0)) 02
2022-08-22 19:48:04.253385 ((0, 0, 1), (0, 1, 1), (1, 0, 0), (1, 1, 0)) 03
2022-08-22 19:50:09.989657 ((0, 0, 1), (0, 1, 1), (1, 0, 0), (1, 1, 0)) 04
2022-08-22 19:52:15.415609 ((0, 0, 1), (0, 1, 1), (1, 0, 0), (1, 1, 1)) 00
2022-08-22 19:54:20.486556 ((0, 0, 1), (0, 1, 1), (1, 0, 0), (1, 1, 1)) 01
2022-08-22 19:56:25.721812 ((0, 0, 1), (0, 1, 1), (1, 0, 0), (1, 1, 1)) 02
2022-08-22 19:58:31.365261 ((0, 0, 1), (0, 1, 1), (1, 0, 0), (1, 1, 1)) 03
2022-08-22 20:00:36.790061 ((0, 0, 1), (0, 1, 1), (1, 0, 0), (1, 1, 1)) 04
2022-08-22 20:02:41.949593 ((0, 0, 1), (0, 1, 1), (1, 0, 1), (1, 1, 0)) 00
2022-08-22 20:04:47.736549 ((0, 0, 1), (0, 1, 1), (1, 0, 1), (1, 1, 0)) 01
2022-08-22 20:06:52.746103 ((0, 0, 1), (0, 1, 1), (1, 0, 1), (1, 1, 0)) 02
2022-08-22 20:08:58.576508 ((0, 0, 1), (0, 1, 1), (1, 0, 1), (1, 1, 0)) 03
2022-08-22 20:11:04.131744 ((0, 0, 1), (0, 1, 1), (1, 0, 1), (1, 1, 0)) 04
2022-08-22 20:13:09.729980 ((0, 0, 1), (0, 1, 1), (1, 0, 1), (1, 1, 1)) 00
2022-08-22 20:15:15.111084 ((0, 0, 1), (0, 1, 1), (1, 0, 1), (1, 1, 1)) 01
2022-08-22 20:17:21.028200 ((0, 0, 1), (0, 1, 1), (1, 0, 1), (1, 1, 1)) 02
2022-08-22 20:19:26.098556 ((0, 0, 1), (0, 1, 1), (1, 0, 1), (1, 1, 1)) 03
2022-08-22 20:21:31.511503 ((0, 0, 1), (0, 1, 1), (1, 0, 1), (1, 1, 1)) 04
2022-08-22 20:23:37.388329 ((0, 0, 1), (0, 1, 1), (1, 1, 0), (1, 1, 1)) 00
2022-08-22 20:25:42.741404 ((0, 0, 1), (0, 1, 1), (1, 1, 0), (1, 1, 1)) 01
2022-08-22 20:27:48.558258 ((0, 0, 1), (0, 1, 1), (1, 1, 0), (1, 1, 1)) 02
2022-08-22 20:29:53.930199 ((0, 0, 1), (0, 1, 1), (1, 1, 0), (1, 1, 1)) 03
2022-08-22 20:31:59.028643 ((0, 0, 1), (0, 1, 1), (1, 1, 0), (1, 1, 1)) 04
2022-08-22 20:34:04.574056 ((0, 0, 1), (1, 0, 0), (1, 0, 1), (1, 1, 0)) 00
2022-08-22 20:36:10.729786 ((0, 0, 1), (1, 0, 0), (1, 0, 1), (1, 1, 0)) 01
2022-08-22 20:38:16.227900 ((0, 0, 1), (1, 0, 0), (1, 0, 1), (1, 1, 0)) 02
2022-08-22 20:40:21.672083 ((0, 0, 1), (1, 0, 0), (1, 0, 1), (1, 1, 0)) 03
2022-08-22 20:42:27.167922 ((0, 0, 1), (1, 0, 0), (1, 0, 1), (1, 1, 0)) 04
2022-08-22 20:44:33.277724 ((0, 0, 1), (1, 0, 0), (1, 0, 1), (1, 1, 1)) 00
2022-08-22 20:46:38.405517 ((0, 0, 1), (1, 0, 0), (1, 0, 1), (1, 1, 1)) 01
2022-08-22 20:48:43.712564 ((0, 0, 1), (1, 0, 0), (1, 0, 1), (1, 1, 1)) 02
2022-08-22 20:50:48.746200 ((0, 0, 1), (1, 0, 0), (1, 0, 1), (1, 1, 1)) 03
2022-08-22 20:52:53.912615 ((0, 0, 1), (1, 0, 0), (1, 0, 1), (1, 1, 1)) 04
2022-08-22 20:54:59.163390 ((0, 0, 1), (1, 0, 0), (1, 1, 0), (1, 1, 1)) 00
2022-08-22 20:57:04.537267 ((0, 0, 1), (1, 0, 0), (1, 1, 0), (1, 1, 1)) 01
2022-08-22 20:59:10.794402 ((0, 0, 1), (1, 0, 0), (1, 1, 0), (1, 1, 1)) 02
2022-08-22 21:01:16.503687 ((0, 0, 1), (1, 0, 0), (1, 1, 0), (1, 1, 1)) 03
2022-08-22 21:03:21.853666 ((0, 0, 1), (1, 0, 0), (1, 1, 0), (1, 1, 1)) 04
2022-08-22 21:05:27.186085 ((0, 0, 1), (1, 0, 1), (1, 1, 0), (1, 1, 1)) 00
2022-08-22 21:07:32.310731 ((0, 0, 1), (1, 0, 1), (1, 1, 0), (1, 1, 1)) 01
2022-08-22 21:09:38.229893 ((0, 0, 1), (1, 0, 1), (1, 1, 0), (1, 1, 1)) 02
2022-08-22 21:11:43.539936 ((0, 0, 1), (1, 0, 1), (1, 1, 0), (1, 1, 1)) 03
2022-08-22 21:13:48.733740 ((0, 0, 1), (1, 0, 1), (1, 1, 0), (1, 1, 1)) 04
2022-08-22 21:15:53.907323 ((0, 1, 0), (0, 1, 1), (1, 0, 0), (1, 0, 1)) 00
2022-08-22 21:17:59.094263 ((0, 1, 0), (0, 1, 1), (1, 0, 0), (1, 0, 1)) 01
2022-08-22 21:20:04.460981 ((0, 1, 0), (0, 1, 1), (1, 0, 0), (1, 0, 1)) 02
2022-08-22 21:22:10.785675 ((0, 1, 0), (0, 1, 1), (1, 0, 0), (1, 0, 1)) 03
2022-08-22 21:24:17.130507 ((0, 1, 0), (0, 1, 1), (1, 0, 0), (1, 0, 1)) 04
2022-08-22 21:26:22.913773 ((0, 1, 0), (0, 1, 1), (1, 0, 0), (1, 1, 0)) 00
2022-08-22 21:28:27.879260 ((0, 1, 0), (0, 1, 1), (1, 0, 0), (1, 1, 0)) 01
2022-08-22 21:30:33.308207 ((0, 1, 0), (0, 1, 1), (1, 0, 0), (1, 1, 0)) 02
2022-08-22 21:32:38.422281 ((0, 1, 0), (0, 1, 1), (1, 0, 0), (1, 1, 0)) 03
2022-08-22 21:34:43.618689 ((0, 1, 0), (0, 1, 1), (1, 0, 0), (1, 1, 0)) 04
2022-08-22 21:36:48.945217 ((0, 1, 0), (0, 1, 1), (1, 0, 0), (1, 1, 1)) 00
2022-08-22 21:38:53.982374 ((0, 1, 0), (0, 1, 1), (1, 0, 0), (1, 1, 1)) 01
2022-08-22 21:41:00.037624 ((0, 1, 0), (0, 1, 1), (1, 0, 0), (1, 1, 1)) 02
2022-08-22 21:43:06.028480 ((0, 1, 0), (0, 1, 1), (1, 0, 0), (1, 1, 1)) 03
2022-08-22 21:45:12.036492 ((0, 1, 0), (0, 1, 1), (1, 0, 0), (1, 1, 1)) 04
2022-08-22 21:47:16.801859 ((0, 1, 0), (0, 1, 1), (1, 0, 1), (1, 1, 0)) 00
2022-08-22 21:49:21.987568 ((0, 1, 0), (0, 1, 1), (1, 0, 1), (1, 1, 0)) 01
2022-08-22 21:51:27.406900 ((0, 1, 0), (0, 1, 1), (1, 0, 1), (1, 1, 0)) 02
2022-08-22 21:53:32.757416 ((0, 1, 0), (0, 1, 1), (1, 0, 1), (1, 1, 0)) 03
2022-08-22 21:55:38.836889 ((0, 1, 0), (0, 1, 1), (1, 0, 1), (1, 1, 0)) 04
2022-08-22 21:57:44.295878 ((0, 1, 0), (0, 1, 1), (1, 0, 1), (1, 1, 1)) 00
2022-08-22 21:59:49.855823 ((0, 1, 0), (0, 1, 1), (1, 0, 1), (1, 1, 1)) 01
2022-08-22 22:01:56.331201 ((0, 1, 0), (0, 1, 1), (1, 0, 1), (1, 1, 1)) 02
2022-08-22 22:04:02.224774 ((0, 1, 0), (0, 1, 1), (1, 0, 1), (1, 1, 1)) 03
2022-08-22 22:06:08.051183 ((0, 1, 0), (0, 1, 1), (1, 0, 1), (1, 1, 1)) 04
2022-08-22 22:08:13.590952 ((0, 1, 0), (0, 1, 1), (1, 1, 0), (1, 1, 1)) 00
2022-08-22 22:10:19.156618 ((0, 1, 0), (0, 1, 1), (1, 1, 0), (1, 1, 1)) 01
2022-08-22 22:12:24.566925 ((0, 1, 0), (0, 1, 1), (1, 1, 0), (1, 1, 1)) 02
2022-08-22 22:14:29.868748 ((0, 1, 0), (0, 1, 1), (1, 1, 0), (1, 1, 1)) 03
2022-08-22 22:16:35.153311 ((0, 1, 0), (0, 1, 1), (1, 1, 0), (1, 1, 1)) 04
2022-08-22 22:18:41.338979 ((0, 1, 0), (1, 0, 0), (1, 0, 1), (1, 1, 0)) 00
2022-08-22 22:20:46.945791 ((0, 1, 0), (1, 0, 0), (1, 0, 1), (1, 1, 0)) 01
2022-08-22 22:22:52.398197 ((0, 1, 0), (1, 0, 0), (1, 0, 1), (1, 1, 0)) 02
2022-08-22 22:24:57.971957 ((0, 1, 0), (1, 0, 0), (1, 0, 1), (1, 1, 0)) 03
2022-08-22 22:27:03.996864 ((0, 1, 0), (1, 0, 0), (1, 0, 1), (1, 1, 0)) 04
2022-08-22 22:29:09.385713 ((0, 1, 0), (1, 0, 0), (1, 0, 1), (1, 1, 1)) 00
2022-08-22 22:31:15.104382 ((0, 1, 0), (1, 0, 0), (1, 0, 1), (1, 1, 1)) 01
2022-08-22 22:33:20.658498 ((0, 1, 0), (1, 0, 0), (1, 0, 1), (1, 1, 1)) 02
2022-08-22 22:35:25.892047 ((0, 1, 0), (1, 0, 0), (1, 0, 1), (1, 1, 1)) 03
2022-08-22 22:37:31.819861 ((0, 1, 0), (1, 0, 0), (1, 0, 1), (1, 1, 1)) 04
2022-08-22 22:39:38.015044 ((0, 1, 0), (1, 0, 0), (1, 1, 0), (1, 1, 1)) 00
2022-08-22 22:41:43.971515 ((0, 1, 0), (1, 0, 0), (1, 1, 0), (1, 1, 1)) 01
2022-08-22 22:43:49.551718 ((0, 1, 0), (1, 0, 0), (1, 1, 0), (1, 1, 1)) 02
2022-08-22 22:45:55.472027 ((0, 1, 0), (1, 0, 0), (1, 1, 0), (1, 1, 1)) 03
2022-08-22 22:48:00.943507 ((0, 1, 0), (1, 0, 0), (1, 1, 0), (1, 1, 1)) 04
2022-08-22 22:50:06.354409 ((0, 1, 0), (1, 0, 1), (1, 1, 0), (1, 1, 1)) 00
2022-08-22 22:52:11.960368 ((0, 1, 0), (1, 0, 1), (1, 1, 0), (1, 1, 1)) 01
2022-08-22 22:54:17.406782 ((0, 1, 0), (1, 0, 1), (1, 1, 0), (1, 1, 1)) 02
2022-08-22 22:56:23.045389 ((0, 1, 0), (1, 0, 1), (1, 1, 0), (1, 1, 1)) 03
2022-08-22 22:58:29.017812 ((0, 1, 0), (1, 0, 1), (1, 1, 0), (1, 1, 1)) 04
2022-08-22 23:00:34.752951 ((0, 1, 1), (1, 0, 0), (1, 0, 1), (1, 1, 0)) 00
2022-08-22 23:02:40.016286 ((0, 1, 1), (1, 0, 0), (1, 0, 1), (1, 1, 0)) 01
2022-08-22 23:04:45.534217 ((0, 1, 1), (1, 0, 0), (1, 0, 1), (1, 1, 0)) 02
2022-08-22 23:06:51.318765 ((0, 1, 1), (1, 0, 0), (1, 0, 1), (1, 1, 0)) 03
2022-08-22 23:08:56.650751 ((0, 1, 1), (1, 0, 0), (1, 0, 1), (1, 1, 0)) 04
2022-08-22 23:11:02.018107 ((0, 1, 1), (1, 0, 0), (1, 0, 1), (1, 1, 1)) 00
2022-08-22 23:13:08.238507 ((0, 1, 1), (1, 0, 0), (1, 0, 1), (1, 1, 1)) 01
2022-08-22 23:15:13.962132 ((0, 1, 1), (1, 0, 0), (1, 0, 1), (1, 1, 1)) 02
2022-08-22 23:17:19.326830 ((0, 1, 1), (1, 0, 0), (1, 0, 1), (1, 1, 1)) 03
2022-08-22 23:19:24.797415 ((0, 1, 1), (1, 0, 0), (1, 0, 1), (1, 1, 1)) 04
2022-08-22 23:21:30.713327 ((0, 1, 1), (1, 0, 0), (1, 1, 0), (1, 1, 1)) 00
2022-08-22 23:23:36.676800 ((0, 1, 1), (1, 0, 0), (1, 1, 0), (1, 1, 1)) 01
2022-08-22 23:25:42.151120 ((0, 1, 1), (1, 0, 0), (1, 1, 0), (1, 1, 1)) 02
2022-08-22 23:27:47.253740 ((0, 1, 1), (1, 0, 0), (1, 1, 0), (1, 1, 1)) 03
2022-08-22 23:29:53.026555 ((0, 1, 1), (1, 0, 0), (1, 1, 0), (1, 1, 1)) 04
2022-08-22 23:31:58.266689 ((0, 1, 1), (1, 0, 1), (1, 1, 0), (1, 1, 1)) 00
2022-08-22 23:34:03.656559 ((0, 1, 1), (1, 0, 1), (1, 1, 0), (1, 1, 1)) 01
2022-08-22 23:36:09.265615 ((0, 1, 1), (1, 0, 1), (1, 1, 0), (1, 1, 1)) 02
2022-08-22 23:38:15.173734 ((0, 1, 1), (1, 0, 1), (1, 1, 0), (1, 1, 1)) 03
2022-08-22 23:40:20.482388 ((0, 1, 1), (1, 0, 1), (1, 1, 0), (1, 1, 1)) 04
2022-08-22 23:42:25.847393 ((1, 0, 0), (1, 0, 1), (1, 1, 0), (1, 1, 1)) 00
2022-08-22 23:44:31.181129 ((1, 0, 0), (1, 0, 1), (1, 1, 0), (1, 1, 1)) 01
2022-08-22 23:46:37.227908 ((1, 0, 0), (1, 0, 1), (1, 1, 0), (1, 1, 1)) 02
2022-08-22 23:48:42.233618 ((1, 0, 0), (1, 0, 1), (1, 1, 0), (1, 1, 1)) 03
2022-08-22 23:50:48.666417 ((1, 0, 0), (1, 0, 1), (1, 1, 0), (1, 1, 1)) 04
