DRQN Experiment Parameters.
Namespace(seed=4, payoffs=[1.0, 1.0], n_iterations=100, n_train_evals=5, train_id_start=20, n_episodes=2000, epsilon=0.3, rnn_hidden_dim=4, fnn_hidden_dim=4, capacity=16, batch_size=8, lr=0.005, tau=0.01, gamma=0.975, len_update_cycle=1, save=True)

Parameter sources.
Command Line Args:   --seed=4 --train_id_start=20 --n_train_evals=5 --save
Config File (/data/engs-oxfair3/orie4536/online-lever-adaptation/experiments/all_length3_fpp/drqn.conf):
  n_episodes:        2000
  epsilon:           0.3
  rnn_hidden_dim:    4
  fnn_hidden_dim:    4
  capacity:          16
  batch_size:        8
  gamma:             0.975
  lr:                0.005
  tau:               1e-2
  len_update_cycle:  1
Config File (/data/engs-oxfair3/orie4536/online-lever-adaptation/experiments/all_length3_fpp/defaults.conf):
  payoffs:           ['1.', '1.']
  n_iterations:      100

2022-08-20 23:35:28.561763 ((0, 0, 0), (0, 0, 1), (0, 1, 0), (0, 1, 1)) 20
2022-08-20 23:37:12.147908 ((0, 0, 0), (0, 0, 1), (0, 1, 0), (0, 1, 1)) 21
2022-08-20 23:38:56.238479 ((0, 0, 0), (0, 0, 1), (0, 1, 0), (0, 1, 1)) 22
2022-08-20 23:40:40.318341 ((0, 0, 0), (0, 0, 1), (0, 1, 0), (0, 1, 1)) 23
2022-08-20 23:42:25.470174 ((0, 0, 0), (0, 0, 1), (0, 1, 0), (0, 1, 1)) 24
2022-08-20 23:44:09.968092 ((0, 0, 0), (0, 0, 1), (0, 1, 0), (1, 0, 0)) 20
2022-08-20 23:45:54.497823 ((0, 0, 0), (0, 0, 1), (0, 1, 0), (1, 0, 0)) 21
2022-08-20 23:47:39.170044 ((0, 0, 0), (0, 0, 1), (0, 1, 0), (1, 0, 0)) 22
2022-08-20 23:49:24.622558 ((0, 0, 0), (0, 0, 1), (0, 1, 0), (1, 0, 0)) 23
2022-08-20 23:51:09.006851 ((0, 0, 0), (0, 0, 1), (0, 1, 0), (1, 0, 0)) 24
2022-08-20 23:52:48.398597 ((0, 0, 0), (0, 0, 1), (0, 1, 0), (1, 0, 1)) 20
2022-08-20 23:54:27.222206 ((0, 0, 0), (0, 0, 1), (0, 1, 0), (1, 0, 1)) 21
2022-08-20 23:56:06.806559 ((0, 0, 0), (0, 0, 1), (0, 1, 0), (1, 0, 1)) 22
2022-08-20 23:57:45.651345 ((0, 0, 0), (0, 0, 1), (0, 1, 0), (1, 0, 1)) 23
2022-08-20 23:59:24.884260 ((0, 0, 0), (0, 0, 1), (0, 1, 0), (1, 0, 1)) 24
2022-08-21 00:01:03.562852 ((0, 0, 0), (0, 0, 1), (0, 1, 0), (1, 1, 0)) 20
2022-08-21 00:02:42.450779 ((0, 0, 0), (0, 0, 1), (0, 1, 0), (1, 1, 0)) 21
2022-08-21 00:04:21.914572 ((0, 0, 0), (0, 0, 1), (0, 1, 0), (1, 1, 0)) 22
2022-08-21 00:06:00.943130 ((0, 0, 0), (0, 0, 1), (0, 1, 0), (1, 1, 0)) 23
2022-08-21 00:07:40.036403 ((0, 0, 0), (0, 0, 1), (0, 1, 0), (1, 1, 0)) 24
2022-08-21 00:09:19.475057 ((0, 0, 0), (0, 0, 1), (0, 1, 0), (1, 1, 1)) 20
2022-08-21 00:10:58.178984 ((0, 0, 0), (0, 0, 1), (0, 1, 0), (1, 1, 1)) 21
2022-08-21 00:12:37.302443 ((0, 0, 0), (0, 0, 1), (0, 1, 0), (1, 1, 1)) 22
2022-08-21 00:14:16.803192 ((0, 0, 0), (0, 0, 1), (0, 1, 0), (1, 1, 1)) 23
2022-08-21 00:15:55.644952 ((0, 0, 0), (0, 0, 1), (0, 1, 0), (1, 1, 1)) 24
2022-08-21 00:17:34.919638 ((0, 0, 0), (0, 0, 1), (0, 1, 1), (1, 0, 0)) 20
2022-08-21 00:19:14.434569 ((0, 0, 0), (0, 0, 1), (0, 1, 1), (1, 0, 0)) 21
2022-08-21 00:20:53.711929 ((0, 0, 0), (0, 0, 1), (0, 1, 1), (1, 0, 0)) 22
2022-08-21 00:22:32.535963 ((0, 0, 0), (0, 0, 1), (0, 1, 1), (1, 0, 0)) 23
2022-08-21 00:24:13.126450 ((0, 0, 0), (0, 0, 1), (0, 1, 1), (1, 0, 0)) 24
2022-08-21 00:25:52.479560 ((0, 0, 0), (0, 0, 1), (0, 1, 1), (1, 0, 1)) 20
2022-08-21 00:27:31.708922 ((0, 0, 0), (0, 0, 1), (0, 1, 1), (1, 0, 1)) 21
2022-08-21 00:29:11.140006 ((0, 0, 0), (0, 0, 1), (0, 1, 1), (1, 0, 1)) 22
2022-08-21 00:30:50.333281 ((0, 0, 0), (0, 0, 1), (0, 1, 1), (1, 0, 1)) 23
2022-08-21 00:32:29.091820 ((0, 0, 0), (0, 0, 1), (0, 1, 1), (1, 0, 1)) 24
2022-08-21 00:34:08.030246 ((0, 0, 0), (0, 0, 1), (0, 1, 1), (1, 1, 0)) 20
2022-08-21 00:35:47.602889 ((0, 0, 0), (0, 0, 1), (0, 1, 1), (1, 1, 0)) 21
2022-08-21 00:37:26.768992 ((0, 0, 0), (0, 0, 1), (0, 1, 1), (1, 1, 0)) 22
2022-08-21 00:39:06.888814 ((0, 0, 0), (0, 0, 1), (0, 1, 1), (1, 1, 0)) 23
2022-08-21 00:40:46.394379 ((0, 0, 0), (0, 0, 1), (0, 1, 1), (1, 1, 0)) 24
2022-08-21 00:42:25.386590 ((0, 0, 0), (0, 0, 1), (0, 1, 1), (1, 1, 1)) 20
2022-08-21 00:44:04.637510 ((0, 0, 0), (0, 0, 1), (0, 1, 1), (1, 1, 1)) 21
2022-08-21 00:45:43.794658 ((0, 0, 0), (0, 0, 1), (0, 1, 1), (1, 1, 1)) 22
2022-08-21 00:47:23.219167 ((0, 0, 0), (0, 0, 1), (0, 1, 1), (1, 1, 1)) 23
2022-08-21 00:49:03.372394 ((0, 0, 0), (0, 0, 1), (0, 1, 1), (1, 1, 1)) 24
2022-08-21 00:50:43.142962 ((0, 0, 0), (0, 0, 1), (1, 0, 0), (1, 0, 1)) 20
2022-08-21 00:52:22.640992 ((0, 0, 0), (0, 0, 1), (1, 0, 0), (1, 0, 1)) 21
2022-08-21 00:54:04.599466 ((0, 0, 0), (0, 0, 1), (1, 0, 0), (1, 0, 1)) 22
2022-08-21 00:55:51.292880 ((0, 0, 0), (0, 0, 1), (1, 0, 0), (1, 0, 1)) 23
2022-08-21 00:57:36.913221 ((0, 0, 0), (0, 0, 1), (1, 0, 0), (1, 0, 1)) 24
2022-08-21 00:59:23.677582 ((0, 0, 0), (0, 0, 1), (1, 0, 0), (1, 1, 0)) 20
2022-08-21 01:01:02.456833 ((0, 0, 0), (0, 0, 1), (1, 0, 0), (1, 1, 0)) 21
2022-08-21 01:02:30.492025 ((0, 0, 0), (0, 0, 1), (1, 0, 0), (1, 1, 0)) 22
2022-08-21 01:04:03.722513 ((0, 0, 0), (0, 0, 1), (1, 0, 0), (1, 1, 0)) 23
2022-08-21 01:05:43.587831 ((0, 0, 0), (0, 0, 1), (1, 0, 0), (1, 1, 0)) 24
2022-08-21 01:07:22.942932 ((0, 0, 0), (0, 0, 1), (1, 0, 0), (1, 1, 1)) 20
2022-08-21 01:09:01.954350 ((0, 0, 0), (0, 0, 1), (1, 0, 0), (1, 1, 1)) 21
2022-08-21 01:10:40.895839 ((0, 0, 0), (0, 0, 1), (1, 0, 0), (1, 1, 1)) 22
2022-08-21 01:12:19.562504 ((0, 0, 0), (0, 0, 1), (1, 0, 0), (1, 1, 1)) 23
2022-08-21 01:13:58.700936 ((0, 0, 0), (0, 0, 1), (1, 0, 0), (1, 1, 1)) 24
2022-08-21 01:15:37.883303 ((0, 0, 0), (0, 0, 1), (1, 0, 1), (1, 1, 0)) 20
2022-08-21 01:17:16.856049 ((0, 0, 0), (0, 0, 1), (1, 0, 1), (1, 1, 0)) 21
2022-08-21 01:18:57.292336 ((0, 0, 0), (0, 0, 1), (1, 0, 1), (1, 1, 0)) 22
2022-08-21 01:20:35.943862 ((0, 0, 0), (0, 0, 1), (1, 0, 1), (1, 1, 0)) 23
2022-08-21 01:22:15.502811 ((0, 0, 0), (0, 0, 1), (1, 0, 1), (1, 1, 0)) 24
2022-08-21 01:23:54.688095 ((0, 0, 0), (0, 0, 1), (1, 0, 1), (1, 1, 1)) 20
2022-08-21 01:25:34.316996 ((0, 0, 0), (0, 0, 1), (1, 0, 1), (1, 1, 1)) 21
2022-08-21 01:27:13.501436 ((0, 0, 0), (0, 0, 1), (1, 0, 1), (1, 1, 1)) 22
2022-08-21 01:28:51.993499 ((0, 0, 0), (0, 0, 1), (1, 0, 1), (1, 1, 1)) 23
2022-08-21 01:30:30.474360 ((0, 0, 0), (0, 0, 1), (1, 0, 1), (1, 1, 1)) 24
2022-08-21 01:32:08.716876 ((0, 0, 0), (0, 0, 1), (1, 1, 0), (1, 1, 1)) 20
2022-08-21 01:33:47.799816 ((0, 0, 0), (0, 0, 1), (1, 1, 0), (1, 1, 1)) 21
2022-08-21 01:35:26.628811 ((0, 0, 0), (0, 0, 1), (1, 1, 0), (1, 1, 1)) 22
2022-08-21 01:37:05.045353 ((0, 0, 0), (0, 0, 1), (1, 1, 0), (1, 1, 1)) 23
2022-08-21 01:38:44.273757 ((0, 0, 0), (0, 0, 1), (1, 1, 0), (1, 1, 1)) 24
2022-08-21 01:40:22.471128 ((0, 0, 0), (0, 1, 0), (0, 1, 1), (1, 0, 0)) 20
2022-08-21 01:42:00.801803 ((0, 0, 0), (0, 1, 0), (0, 1, 1), (1, 0, 0)) 21
2022-08-21 01:43:39.714668 ((0, 0, 0), (0, 1, 0), (0, 1, 1), (1, 0, 0)) 22
2022-08-21 01:45:18.411936 ((0, 0, 0), (0, 1, 0), (0, 1, 1), (1, 0, 0)) 23
2022-08-21 01:46:56.793755 ((0, 0, 0), (0, 1, 0), (0, 1, 1), (1, 0, 0)) 24
2022-08-21 01:48:36.056870 ((0, 0, 0), (0, 1, 0), (0, 1, 1), (1, 0, 1)) 20
2022-08-21 01:50:14.763193 ((0, 0, 0), (0, 1, 0), (0, 1, 1), (1, 0, 1)) 21
2022-08-21 01:51:53.893798 ((0, 0, 0), (0, 1, 0), (0, 1, 1), (1, 0, 1)) 22
2022-08-21 01:53:32.669402 ((0, 0, 0), (0, 1, 0), (0, 1, 1), (1, 0, 1)) 23
2022-08-21 01:55:12.104307 ((0, 0, 0), (0, 1, 0), (0, 1, 1), (1, 0, 1)) 24
2022-08-21 01:56:51.355094 ((0, 0, 0), (0, 1, 0), (0, 1, 1), (1, 1, 0)) 20
2022-08-21 01:58:30.087935 ((0, 0, 0), (0, 1, 0), (0, 1, 1), (1, 1, 0)) 21
2022-08-21 02:00:08.638642 ((0, 0, 0), (0, 1, 0), (0, 1, 1), (1, 1, 0)) 22
2022-08-21 02:01:45.402007 ((0, 0, 0), (0, 1, 0), (0, 1, 1), (1, 1, 0)) 23
2022-08-21 02:03:27.907882 ((0, 0, 0), (0, 1, 0), (0, 1, 1), (1, 1, 0)) 24
2022-08-21 02:05:04.710874 ((0, 0, 0), (0, 1, 0), (0, 1, 1), (1, 1, 1)) 20
2022-08-21 02:06:41.064803 ((0, 0, 0), (0, 1, 0), (0, 1, 1), (1, 1, 1)) 21
2022-08-21 02:08:18.502897 ((0, 0, 0), (0, 1, 0), (0, 1, 1), (1, 1, 1)) 22
2022-08-21 02:09:57.774085 ((0, 0, 0), (0, 1, 0), (0, 1, 1), (1, 1, 1)) 23
2022-08-21 02:11:36.487531 ((0, 0, 0), (0, 1, 0), (0, 1, 1), (1, 1, 1)) 24
2022-08-21 02:13:15.386525 ((0, 0, 0), (0, 1, 0), (1, 0, 0), (1, 0, 1)) 20
2022-08-21 02:14:54.169282 ((0, 0, 0), (0, 1, 0), (1, 0, 0), (1, 0, 1)) 21
2022-08-21 02:16:32.972820 ((0, 0, 0), (0, 1, 0), (1, 0, 0), (1, 0, 1)) 22
2022-08-21 02:18:11.565462 ((0, 0, 0), (0, 1, 0), (1, 0, 0), (1, 0, 1)) 23
2022-08-21 02:19:50.530814 ((0, 0, 0), (0, 1, 0), (1, 0, 0), (1, 0, 1)) 24
2022-08-21 02:21:29.266471 ((0, 0, 0), (0, 1, 0), (1, 0, 0), (1, 1, 0)) 20
2022-08-21 02:23:08.052815 ((0, 0, 0), (0, 1, 0), (1, 0, 0), (1, 1, 0)) 21
2022-08-21 02:24:47.403804 ((0, 0, 0), (0, 1, 0), (1, 0, 0), (1, 1, 0)) 22
2022-08-21 02:26:26.970474 ((0, 0, 0), (0, 1, 0), (1, 0, 0), (1, 1, 0)) 23
2022-08-21 02:28:06.373996 ((0, 0, 0), (0, 1, 0), (1, 0, 0), (1, 1, 0)) 24
2022-08-21 02:29:45.548877 ((0, 0, 0), (0, 1, 0), (1, 0, 0), (1, 1, 1)) 20
2022-08-21 02:31:25.489302 ((0, 0, 0), (0, 1, 0), (1, 0, 0), (1, 1, 1)) 21
2022-08-21 02:33:04.291824 ((0, 0, 0), (0, 1, 0), (1, 0, 0), (1, 1, 1)) 22
2022-08-21 02:34:44.474228 ((0, 0, 0), (0, 1, 0), (1, 0, 0), (1, 1, 1)) 23
2022-08-21 02:36:23.347820 ((0, 0, 0), (0, 1, 0), (1, 0, 0), (1, 1, 1)) 24
2022-08-21 02:38:03.149879 ((0, 0, 0), (0, 1, 0), (1, 0, 1), (1, 1, 0)) 20
2022-08-21 02:39:42.747237 ((0, 0, 0), (0, 1, 0), (1, 0, 1), (1, 1, 0)) 21
2022-08-21 02:41:22.019734 ((0, 0, 0), (0, 1, 0), (1, 0, 1), (1, 1, 0)) 22
2022-08-21 02:43:00.624614 ((0, 0, 0), (0, 1, 0), (1, 0, 1), (1, 1, 0)) 23
2022-08-21 02:44:41.159947 ((0, 0, 0), (0, 1, 0), (1, 0, 1), (1, 1, 0)) 24
2022-08-21 02:46:19.928780 ((0, 0, 0), (0, 1, 0), (1, 0, 1), (1, 1, 1)) 20
2022-08-21 02:48:01.501338 ((0, 0, 0), (0, 1, 0), (1, 0, 1), (1, 1, 1)) 21
2022-08-21 02:49:40.978980 ((0, 0, 0), (0, 1, 0), (1, 0, 1), (1, 1, 1)) 22
2022-08-21 02:51:19.526804 ((0, 0, 0), (0, 1, 0), (1, 0, 1), (1, 1, 1)) 23
2022-08-21 02:52:58.094013 ((0, 0, 0), (0, 1, 0), (1, 0, 1), (1, 1, 1)) 24
2022-08-21 02:54:36.951213 ((0, 0, 0), (0, 1, 0), (1, 1, 0), (1, 1, 1)) 20
2022-08-21 02:56:15.031067 ((0, 0, 0), (0, 1, 0), (1, 1, 0), (1, 1, 1)) 21
2022-08-21 02:57:54.373810 ((0, 0, 0), (0, 1, 0), (1, 1, 0), (1, 1, 1)) 22
2022-08-21 02:59:33.034255 ((0, 0, 0), (0, 1, 0), (1, 1, 0), (1, 1, 1)) 23
2022-08-21 03:01:12.177862 ((0, 0, 0), (0, 1, 0), (1, 1, 0), (1, 1, 1)) 24
2022-08-21 03:02:51.063218 ((0, 0, 0), (0, 1, 1), (1, 0, 0), (1, 0, 1)) 20
2022-08-21 03:04:30.021241 ((0, 0, 0), (0, 1, 1), (1, 0, 0), (1, 0, 1)) 21
2022-08-21 03:06:10.258702 ((0, 0, 0), (0, 1, 1), (1, 0, 0), (1, 0, 1)) 22
2022-08-21 03:07:49.396845 ((0, 0, 0), (0, 1, 1), (1, 0, 0), (1, 0, 1)) 23
2022-08-21 03:09:28.178578 ((0, 0, 0), (0, 1, 1), (1, 0, 0), (1, 0, 1)) 24
2022-08-21 03:11:07.249926 ((0, 0, 0), (0, 1, 1), (1, 0, 0), (1, 1, 0)) 20
2022-08-21 03:12:45.820620 ((0, 0, 0), (0, 1, 1), (1, 0, 0), (1, 1, 0)) 21
2022-08-21 03:14:25.197040 ((0, 0, 0), (0, 1, 1), (1, 0, 0), (1, 1, 0)) 22
2022-08-21 03:16:04.101133 ((0, 0, 0), (0, 1, 1), (1, 0, 0), (1, 1, 0)) 23
2022-08-21 03:17:43.577314 ((0, 0, 0), (0, 1, 1), (1, 0, 0), (1, 1, 0)) 24
2022-08-21 03:19:22.717362 ((0, 0, 0), (0, 1, 1), (1, 0, 0), (1, 1, 1)) 20
2022-08-21 03:21:01.512062 ((0, 0, 0), (0, 1, 1), (1, 0, 0), (1, 1, 1)) 21
2022-08-21 03:22:40.098857 ((0, 0, 0), (0, 1, 1), (1, 0, 0), (1, 1, 1)) 22
2022-08-21 03:24:18.772802 ((0, 0, 0), (0, 1, 1), (1, 0, 0), (1, 1, 1)) 23
2022-08-21 03:25:57.558064 ((0, 0, 0), (0, 1, 1), (1, 0, 0), (1, 1, 1)) 24
2022-08-21 03:27:36.124846 ((0, 0, 0), (0, 1, 1), (1, 0, 1), (1, 1, 0)) 20
2022-08-21 03:29:14.611816 ((0, 0, 0), (0, 1, 1), (1, 0, 1), (1, 1, 0)) 21
2022-08-21 03:30:53.498540 ((0, 0, 0), (0, 1, 1), (1, 0, 1), (1, 1, 0)) 22
2022-08-21 03:32:32.740761 ((0, 0, 0), (0, 1, 1), (1, 0, 1), (1, 1, 0)) 23
2022-08-21 03:34:13.509947 ((0, 0, 0), (0, 1, 1), (1, 0, 1), (1, 1, 0)) 24
2022-08-21 03:35:52.339600 ((0, 0, 0), (0, 1, 1), (1, 0, 1), (1, 1, 1)) 20
2022-08-21 03:37:30.866505 ((0, 0, 0), (0, 1, 1), (1, 0, 1), (1, 1, 1)) 21
2022-08-21 03:39:09.838503 ((0, 0, 0), (0, 1, 1), (1, 0, 1), (1, 1, 1)) 22
2022-08-21 03:40:49.053804 ((0, 0, 0), (0, 1, 1), (1, 0, 1), (1, 1, 1)) 23
2022-08-21 03:42:28.441815 ((0, 0, 0), (0, 1, 1), (1, 0, 1), (1, 1, 1)) 24
2022-08-21 03:44:08.123929 ((0, 0, 0), (0, 1, 1), (1, 1, 0), (1, 1, 1)) 20
2022-08-21 03:45:47.748556 ((0, 0, 0), (0, 1, 1), (1, 1, 0), (1, 1, 1)) 21
2022-08-21 03:47:26.893649 ((0, 0, 0), (0, 1, 1), (1, 1, 0), (1, 1, 1)) 22
2022-08-21 03:49:06.409728 ((0, 0, 0), (0, 1, 1), (1, 1, 0), (1, 1, 1)) 23
2022-08-21 03:50:45.959499 ((0, 0, 0), (0, 1, 1), (1, 1, 0), (1, 1, 1)) 24
2022-08-21 03:52:25.231869 ((0, 0, 0), (1, 0, 0), (1, 0, 1), (1, 1, 0)) 20
2022-08-21 03:54:04.874819 ((0, 0, 0), (1, 0, 0), (1, 0, 1), (1, 1, 0)) 21
2022-08-21 03:55:44.195865 ((0, 0, 0), (1, 0, 0), (1, 0, 1), (1, 1, 0)) 22
2022-08-21 03:57:23.820837 ((0, 0, 0), (1, 0, 0), (1, 0, 1), (1, 1, 0)) 23
2022-08-21 03:59:03.923860 ((0, 0, 0), (1, 0, 0), (1, 0, 1), (1, 1, 0)) 24
2022-08-21 04:00:43.262318 ((0, 0, 0), (1, 0, 0), (1, 0, 1), (1, 1, 1)) 20
2022-08-21 04:02:22.250032 ((0, 0, 0), (1, 0, 0), (1, 0, 1), (1, 1, 1)) 21
2022-08-21 04:04:01.567299 ((0, 0, 0), (1, 0, 0), (1, 0, 1), (1, 1, 1)) 22
2022-08-21 04:05:40.838952 ((0, 0, 0), (1, 0, 0), (1, 0, 1), (1, 1, 1)) 23
2022-08-21 04:07:20.436958 ((0, 0, 0), (1, 0, 0), (1, 0, 1), (1, 1, 1)) 24
2022-08-21 04:09:00.219158 ((0, 0, 0), (1, 0, 0), (1, 1, 0), (1, 1, 1)) 20
2022-08-21 04:10:40.653537 ((0, 0, 0), (1, 0, 0), (1, 1, 0), (1, 1, 1)) 21
2022-08-21 04:12:19.963746 ((0, 0, 0), (1, 0, 0), (1, 1, 0), (1, 1, 1)) 22
2022-08-21 04:13:59.019813 ((0, 0, 0), (1, 0, 0), (1, 1, 0), (1, 1, 1)) 23
2022-08-21 04:15:38.288802 ((0, 0, 0), (1, 0, 0), (1, 1, 0), (1, 1, 1)) 24
2022-08-21 04:17:17.563322 ((0, 0, 0), (1, 0, 1), (1, 1, 0), (1, 1, 1)) 20
2022-08-21 04:18:57.162830 ((0, 0, 0), (1, 0, 1), (1, 1, 0), (1, 1, 1)) 21
2022-08-21 04:20:36.182809 ((0, 0, 0), (1, 0, 1), (1, 1, 0), (1, 1, 1)) 22
2022-08-21 04:22:16.149575 ((0, 0, 0), (1, 0, 1), (1, 1, 0), (1, 1, 1)) 23
2022-08-21 04:23:55.265814 ((0, 0, 0), (1, 0, 1), (1, 1, 0), (1, 1, 1)) 24
2022-08-21 04:25:34.746953 ((0, 0, 1), (0, 1, 0), (0, 1, 1), (1, 0, 0)) 20
2022-08-21 04:27:14.027814 ((0, 0, 1), (0, 1, 0), (0, 1, 1), (1, 0, 0)) 21
2022-08-21 04:28:53.666152 ((0, 0, 1), (0, 1, 0), (0, 1, 1), (1, 0, 0)) 22
2022-08-21 04:30:33.222832 ((0, 0, 1), (0, 1, 0), (0, 1, 1), (1, 0, 0)) 23
2022-08-21 04:32:12.801764 ((0, 0, 1), (0, 1, 0), (0, 1, 1), (1, 0, 0)) 24
2022-08-21 04:33:52.083391 ((0, 0, 1), (0, 1, 0), (0, 1, 1), (1, 0, 1)) 20
2022-08-21 04:35:31.464890 ((0, 0, 1), (0, 1, 0), (0, 1, 1), (1, 0, 1)) 21
2022-08-21 04:37:10.831659 ((0, 0, 1), (0, 1, 0), (0, 1, 1), (1, 0, 1)) 22
2022-08-21 04:38:50.529235 ((0, 0, 1), (0, 1, 0), (0, 1, 1), (1, 0, 1)) 23
2022-08-21 04:40:30.000400 ((0, 0, 1), (0, 1, 0), (0, 1, 1), (1, 0, 1)) 24
2022-08-21 04:42:09.594618 ((0, 0, 1), (0, 1, 0), (0, 1, 1), (1, 1, 0)) 20
2022-08-21 04:43:50.152885 ((0, 0, 1), (0, 1, 0), (0, 1, 1), (1, 1, 0)) 21
2022-08-21 04:45:29.700825 ((0, 0, 1), (0, 1, 0), (0, 1, 1), (1, 1, 0)) 22
2022-08-21 04:47:09.043039 ((0, 0, 1), (0, 1, 0), (0, 1, 1), (1, 1, 0)) 23
2022-08-21 04:48:48.584676 ((0, 0, 1), (0, 1, 0), (0, 1, 1), (1, 1, 0)) 24
2022-08-21 04:50:27.903732 ((0, 0, 1), (0, 1, 0), (0, 1, 1), (1, 1, 1)) 20
2022-08-21 04:52:07.440108 ((0, 0, 1), (0, 1, 0), (0, 1, 1), (1, 1, 1)) 21
2022-08-21 04:53:47.190818 ((0, 0, 1), (0, 1, 0), (0, 1, 1), (1, 1, 1)) 22
2022-08-21 04:55:26.497681 ((0, 0, 1), (0, 1, 0), (0, 1, 1), (1, 1, 1)) 23
2022-08-21 04:57:05.782966 ((0, 0, 1), (0, 1, 0), (0, 1, 1), (1, 1, 1)) 24
2022-08-21 04:58:45.019872 ((0, 0, 1), (0, 1, 0), (1, 0, 0), (1, 0, 1)) 20
2022-08-21 05:00:24.342906 ((0, 0, 1), (0, 1, 0), (1, 0, 0), (1, 0, 1)) 21
2022-08-21 05:02:03.500595 ((0, 0, 1), (0, 1, 0), (1, 0, 0), (1, 0, 1)) 22
2022-08-21 05:03:42.769890 ((0, 0, 1), (0, 1, 0), (1, 0, 0), (1, 0, 1)) 23
2022-08-21 05:05:22.379307 ((0, 0, 1), (0, 1, 0), (1, 0, 0), (1, 0, 1)) 24
2022-08-21 05:07:02.137984 ((0, 0, 1), (0, 1, 0), (1, 0, 0), (1, 1, 0)) 20
2022-08-21 05:08:41.989090 ((0, 0, 1), (0, 1, 0), (1, 0, 0), (1, 1, 0)) 21
2022-08-21 05:10:21.857927 ((0, 0, 1), (0, 1, 0), (1, 0, 0), (1, 1, 0)) 22
2022-08-21 05:12:01.771810 ((0, 0, 1), (0, 1, 0), (1, 0, 0), (1, 1, 0)) 23
2022-08-21 05:13:41.719814 ((0, 0, 1), (0, 1, 0), (1, 0, 0), (1, 1, 0)) 24
2022-08-21 05:15:24.395330 ((0, 0, 1), (0, 1, 0), (1, 0, 0), (1, 1, 1)) 20
2022-08-21 05:17:04.126178 ((0, 0, 1), (0, 1, 0), (1, 0, 0), (1, 1, 1)) 21
2022-08-21 05:18:44.293801 ((0, 0, 1), (0, 1, 0), (1, 0, 0), (1, 1, 1)) 22
2022-08-21 05:20:27.271793 ((0, 0, 1), (0, 1, 0), (1, 0, 0), (1, 1, 1)) 23
2022-08-21 05:22:14.968994 ((0, 0, 1), (0, 1, 0), (1, 0, 0), (1, 1, 1)) 24
2022-08-21 05:24:02.029245 ((0, 0, 1), (0, 1, 0), (1, 0, 1), (1, 1, 0)) 20
2022-08-21 05:25:49.748017 ((0, 0, 1), (0, 1, 0), (1, 0, 1), (1, 1, 0)) 21
2022-08-21 05:27:37.158405 ((0, 0, 1), (0, 1, 0), (1, 0, 1), (1, 1, 0)) 22
2022-08-21 05:29:09.017723 ((0, 0, 1), (0, 1, 0), (1, 0, 1), (1, 1, 0)) 23
2022-08-21 05:30:33.781049 ((0, 0, 1), (0, 1, 0), (1, 0, 1), (1, 1, 0)) 24
2022-08-21 05:31:58.946500 ((0, 0, 1), (0, 1, 0), (1, 0, 1), (1, 1, 1)) 20
2022-08-21 05:33:23.614018 ((0, 0, 1), (0, 1, 0), (1, 0, 1), (1, 1, 1)) 21
2022-08-21 05:34:48.858984 ((0, 0, 1), (0, 1, 0), (1, 0, 1), (1, 1, 1)) 22
2022-08-21 05:36:13.140711 ((0, 0, 1), (0, 1, 0), (1, 0, 1), (1, 1, 1)) 23
2022-08-21 05:37:37.105087 ((0, 0, 1), (0, 1, 0), (1, 0, 1), (1, 1, 1)) 24
2022-08-21 05:39:01.343865 ((0, 0, 1), (0, 1, 0), (1, 1, 0), (1, 1, 1)) 20
2022-08-21 05:40:25.554899 ((0, 0, 1), (0, 1, 0), (1, 1, 0), (1, 1, 1)) 21
2022-08-21 05:41:49.716128 ((0, 0, 1), (0, 1, 0), (1, 1, 0), (1, 1, 1)) 22
2022-08-21 05:43:13.494540 ((0, 0, 1), (0, 1, 0), (1, 1, 0), (1, 1, 1)) 23
2022-08-21 05:44:37.935451 ((0, 0, 1), (0, 1, 0), (1, 1, 0), (1, 1, 1)) 24
2022-08-21 05:46:02.021388 ((0, 0, 1), (0, 1, 1), (1, 0, 0), (1, 0, 1)) 20
2022-08-21 05:47:26.261346 ((0, 0, 1), (0, 1, 1), (1, 0, 0), (1, 0, 1)) 21
2022-08-21 05:49:04.128783 ((0, 0, 1), (0, 1, 1), (1, 0, 0), (1, 0, 1)) 22
2022-08-21 05:50:44.191861 ((0, 0, 1), (0, 1, 1), (1, 0, 0), (1, 0, 1)) 23
2022-08-21 05:52:24.904073 ((0, 0, 1), (0, 1, 1), (1, 0, 0), (1, 0, 1)) 24
2022-08-21 05:54:04.710881 ((0, 0, 1), (0, 1, 1), (1, 0, 0), (1, 1, 0)) 20
2022-08-21 05:55:44.374837 ((0, 0, 1), (0, 1, 1), (1, 0, 0), (1, 1, 0)) 21
2022-08-21 05:57:25.933798 ((0, 0, 1), (0, 1, 1), (1, 0, 0), (1, 1, 0)) 22
2022-08-21 05:59:05.631456 ((0, 0, 1), (0, 1, 1), (1, 0, 0), (1, 1, 0)) 23
2022-08-21 06:00:44.841802 ((0, 0, 1), (0, 1, 1), (1, 0, 0), (1, 1, 0)) 24
2022-08-21 06:02:24.040241 ((0, 0, 1), (0, 1, 1), (1, 0, 0), (1, 1, 1)) 20
2022-08-21 06:04:04.234800 ((0, 0, 1), (0, 1, 1), (1, 0, 0), (1, 1, 1)) 21
2022-08-21 06:05:43.246025 ((0, 0, 1), (0, 1, 1), (1, 0, 0), (1, 1, 1)) 22
2022-08-21 06:07:22.507547 ((0, 0, 1), (0, 1, 1), (1, 0, 0), (1, 1, 1)) 23
2022-08-21 06:09:01.754832 ((0, 0, 1), (0, 1, 1), (1, 0, 0), (1, 1, 1)) 24
2022-08-21 06:10:41.130472 ((0, 0, 1), (0, 1, 1), (1, 0, 1), (1, 1, 0)) 20
2022-08-21 06:12:19.321812 ((0, 0, 1), (0, 1, 1), (1, 0, 1), (1, 1, 0)) 21
2022-08-21 06:13:59.095665 ((0, 0, 1), (0, 1, 1), (1, 0, 1), (1, 1, 0)) 22
2022-08-21 06:15:37.843818 ((0, 0, 1), (0, 1, 1), (1, 0, 1), (1, 1, 0)) 23
2022-08-21 06:17:16.424009 ((0, 0, 1), (0, 1, 1), (1, 0, 1), (1, 1, 0)) 24
2022-08-21 06:18:54.883765 ((0, 0, 1), (0, 1, 1), (1, 0, 1), (1, 1, 1)) 20
2022-08-21 06:20:33.561051 ((0, 0, 1), (0, 1, 1), (1, 0, 1), (1, 1, 1)) 21
2022-08-21 06:22:12.001726 ((0, 0, 1), (0, 1, 1), (1, 0, 1), (1, 1, 1)) 22
2022-08-21 06:23:50.961165 ((0, 0, 1), (0, 1, 1), (1, 0, 1), (1, 1, 1)) 23
2022-08-21 06:25:29.703425 ((0, 0, 1), (0, 1, 1), (1, 0, 1), (1, 1, 1)) 24
2022-08-21 06:27:08.210346 ((0, 0, 1), (0, 1, 1), (1, 1, 0), (1, 1, 1)) 20
2022-08-21 06:28:47.006644 ((0, 0, 1), (0, 1, 1), (1, 1, 0), (1, 1, 1)) 21
2022-08-21 06:30:25.603639 ((0, 0, 1), (0, 1, 1), (1, 1, 0), (1, 1, 1)) 22
2022-08-21 06:32:04.471654 ((0, 0, 1), (0, 1, 1), (1, 1, 0), (1, 1, 1)) 23
2022-08-21 06:33:43.378178 ((0, 0, 1), (0, 1, 1), (1, 1, 0), (1, 1, 1)) 24
2022-08-21 06:35:22.210690 ((0, 0, 1), (1, 0, 0), (1, 0, 1), (1, 1, 0)) 20
2022-08-21 06:37:01.343011 ((0, 0, 1), (1, 0, 0), (1, 0, 1), (1, 1, 0)) 21
2022-08-21 06:38:39.681005 ((0, 0, 1), (1, 0, 0), (1, 0, 1), (1, 1, 0)) 22
2022-08-21 06:40:19.186897 ((0, 0, 1), (1, 0, 0), (1, 0, 1), (1, 1, 0)) 23
2022-08-21 06:41:57.802676 ((0, 0, 1), (1, 0, 0), (1, 0, 1), (1, 1, 0)) 24
2022-08-21 06:43:36.554638 ((0, 0, 1), (1, 0, 0), (1, 0, 1), (1, 1, 1)) 20
2022-08-21 06:45:15.544817 ((0, 0, 1), (1, 0, 0), (1, 0, 1), (1, 1, 1)) 21
2022-08-21 06:46:54.152589 ((0, 0, 1), (1, 0, 0), (1, 0, 1), (1, 1, 1)) 22
2022-08-21 06:48:33.296820 ((0, 0, 1), (1, 0, 0), (1, 0, 1), (1, 1, 1)) 23
2022-08-21 06:50:12.186270 ((0, 0, 1), (1, 0, 0), (1, 0, 1), (1, 1, 1)) 24
2022-08-21 06:51:51.415042 ((0, 0, 1), (1, 0, 0), (1, 1, 0), (1, 1, 1)) 20
2022-08-21 06:53:32.378051 ((0, 0, 1), (1, 0, 0), (1, 1, 0), (1, 1, 1)) 21
2022-08-21 06:55:11.905592 ((0, 0, 1), (1, 0, 0), (1, 1, 0), (1, 1, 1)) 22
2022-08-21 06:56:51.254372 ((0, 0, 1), (1, 0, 0), (1, 1, 0), (1, 1, 1)) 23
2022-08-21 06:58:31.862803 ((0, 0, 1), (1, 0, 0), (1, 1, 0), (1, 1, 1)) 24
2022-08-21 07:00:10.980670 ((0, 0, 1), (1, 0, 1), (1, 1, 0), (1, 1, 1)) 20
2022-08-21 07:01:49.960812 ((0, 0, 1), (1, 0, 1), (1, 1, 0), (1, 1, 1)) 21
2022-08-21 07:03:29.267309 ((0, 0, 1), (1, 0, 1), (1, 1, 0), (1, 1, 1)) 22
2022-08-21 07:05:08.025813 ((0, 0, 1), (1, 0, 1), (1, 1, 0), (1, 1, 1)) 23
2022-08-21 07:06:48.866868 ((0, 0, 1), (1, 0, 1), (1, 1, 0), (1, 1, 1)) 24
2022-08-21 07:08:27.407449 ((0, 1, 0), (0, 1, 1), (1, 0, 0), (1, 0, 1)) 20
2022-08-21 07:10:06.318735 ((0, 1, 0), (0, 1, 1), (1, 0, 0), (1, 0, 1)) 21
2022-08-21 07:11:44.806593 ((0, 1, 0), (0, 1, 1), (1, 0, 0), (1, 0, 1)) 22
2022-08-21 07:13:23.316243 ((0, 1, 0), (0, 1, 1), (1, 0, 0), (1, 0, 1)) 23
2022-08-21 07:15:03.601818 ((0, 1, 0), (0, 1, 1), (1, 0, 0), (1, 0, 1)) 24
2022-08-21 07:16:42.944929 ((0, 1, 0), (0, 1, 1), (1, 0, 0), (1, 1, 0)) 20
2022-08-21 07:18:21.533472 ((0, 1, 0), (0, 1, 1), (1, 0, 0), (1, 1, 0)) 21
2022-08-21 07:20:00.257581 ((0, 1, 0), (0, 1, 1), (1, 0, 0), (1, 1, 0)) 22
2022-08-21 07:21:38.665813 ((0, 1, 0), (0, 1, 1), (1, 0, 0), (1, 1, 0)) 23
2022-08-21 07:23:17.891906 ((0, 1, 0), (0, 1, 1), (1, 0, 0), (1, 1, 0)) 24
2022-08-21 07:24:56.722408 ((0, 1, 0), (0, 1, 1), (1, 0, 0), (1, 1, 1)) 20
2022-08-21 07:26:35.117527 ((0, 1, 0), (0, 1, 1), (1, 0, 0), (1, 1, 1)) 21
2022-08-21 07:28:13.520204 ((0, 1, 0), (0, 1, 1), (1, 0, 0), (1, 1, 1)) 22
2022-08-21 07:29:52.714652 ((0, 1, 0), (0, 1, 1), (1, 0, 0), (1, 1, 1)) 23
2022-08-21 07:31:31.769588 ((0, 1, 0), (0, 1, 1), (1, 0, 0), (1, 1, 1)) 24
2022-08-21 07:33:11.490791 ((0, 1, 0), (0, 1, 1), (1, 0, 1), (1, 1, 0)) 20
2022-08-21 07:34:50.579815 ((0, 1, 0), (0, 1, 1), (1, 0, 1), (1, 1, 0)) 21
2022-08-21 07:36:29.358751 ((0, 1, 0), (0, 1, 1), (1, 0, 1), (1, 1, 0)) 22
2022-08-21 07:38:09.365804 ((0, 1, 0), (0, 1, 1), (1, 0, 1), (1, 1, 0)) 23
2022-08-21 07:39:49.428156 ((0, 1, 0), (0, 1, 1), (1, 0, 1), (1, 1, 0)) 24
2022-08-21 07:41:30.007130 ((0, 1, 0), (0, 1, 1), (1, 0, 1), (1, 1, 1)) 20
2022-08-21 07:43:09.207759 ((0, 1, 0), (0, 1, 1), (1, 0, 1), (1, 1, 1)) 21
2022-08-21 07:44:48.350799 ((0, 1, 0), (0, 1, 1), (1, 0, 1), (1, 1, 1)) 22
2022-08-21 07:46:26.994281 ((0, 1, 0), (0, 1, 1), (1, 0, 1), (1, 1, 1)) 23
2022-08-21 07:48:06.044604 ((0, 1, 0), (0, 1, 1), (1, 0, 1), (1, 1, 1)) 24
2022-08-21 07:49:44.732119 ((0, 1, 0), (0, 1, 1), (1, 1, 0), (1, 1, 1)) 20
2022-08-21 07:51:23.563803 ((0, 1, 0), (0, 1, 1), (1, 1, 0), (1, 1, 1)) 21
2022-08-21 07:53:02.699801 ((0, 1, 0), (0, 1, 1), (1, 1, 0), (1, 1, 1)) 22
2022-08-21 07:54:41.391277 ((0, 1, 0), (0, 1, 1), (1, 1, 0), (1, 1, 1)) 23
2022-08-21 07:56:20.425786 ((0, 1, 0), (0, 1, 1), (1, 1, 0), (1, 1, 1)) 24
2022-08-21 07:57:59.570609 ((0, 1, 0), (1, 0, 0), (1, 0, 1), (1, 1, 0)) 20
2022-08-21 07:59:38.821713 ((0, 1, 0), (1, 0, 0), (1, 0, 1), (1, 1, 0)) 21
2022-08-21 08:01:17.306819 ((0, 1, 0), (1, 0, 0), (1, 0, 1), (1, 1, 0)) 22
2022-08-21 08:02:56.347705 ((0, 1, 0), (1, 0, 0), (1, 0, 1), (1, 1, 0)) 23
2022-08-21 08:04:35.978226 ((0, 1, 0), (1, 0, 0), (1, 0, 1), (1, 1, 0)) 24
2022-08-21 08:06:15.039375 ((0, 1, 0), (1, 0, 0), (1, 0, 1), (1, 1, 1)) 20
2022-08-21 08:07:53.923031 ((0, 1, 0), (1, 0, 0), (1, 0, 1), (1, 1, 1)) 21
2022-08-21 08:09:33.501657 ((0, 1, 0), (1, 0, 0), (1, 0, 1), (1, 1, 1)) 22
2022-08-21 08:11:12.797651 ((0, 1, 0), (1, 0, 0), (1, 0, 1), (1, 1, 1)) 23
2022-08-21 08:12:51.940774 ((0, 1, 0), (1, 0, 0), (1, 0, 1), (1, 1, 1)) 24
2022-08-21 08:14:31.404266 ((0, 1, 0), (1, 0, 0), (1, 1, 0), (1, 1, 1)) 20
2022-08-21 08:16:11.557831 ((0, 1, 0), (1, 0, 0), (1, 1, 0), (1, 1, 1)) 21
2022-08-21 08:17:52.082697 ((0, 1, 0), (1, 0, 0), (1, 1, 0), (1, 1, 1)) 22
2022-08-21 08:19:38.940716 ((0, 1, 0), (1, 0, 0), (1, 1, 0), (1, 1, 1)) 23
2022-08-21 08:21:24.657362 ((0, 1, 0), (1, 0, 0), (1, 1, 0), (1, 1, 1)) 24
2022-08-21 08:23:11.444043 ((0, 1, 0), (1, 0, 1), (1, 1, 0), (1, 1, 1)) 20
2022-08-21 08:24:52.332819 ((0, 1, 0), (1, 0, 1), (1, 1, 0), (1, 1, 1)) 21
2022-08-21 08:26:31.009366 ((0, 1, 0), (1, 0, 1), (1, 1, 0), (1, 1, 1)) 22
2022-08-21 08:28:10.429613 ((0, 1, 0), (1, 0, 1), (1, 1, 0), (1, 1, 1)) 23
2022-08-21 08:29:49.930191 ((0, 1, 0), (1, 0, 1), (1, 1, 0), (1, 1, 1)) 24
2022-08-21 08:31:29.048760 ((0, 1, 1), (1, 0, 0), (1, 0, 1), (1, 1, 0)) 20
2022-08-21 08:33:07.763432 ((0, 1, 1), (1, 0, 0), (1, 0, 1), (1, 1, 0)) 21
2022-08-21 08:34:46.997182 ((0, 1, 1), (1, 0, 0), (1, 0, 1), (1, 1, 0)) 22
2022-08-21 08:36:26.205599 ((0, 1, 1), (1, 0, 0), (1, 0, 1), (1, 1, 0)) 23
2022-08-21 08:38:05.287411 ((0, 1, 1), (1, 0, 0), (1, 0, 1), (1, 1, 0)) 24
2022-08-21 08:39:44.463483 ((0, 1, 1), (1, 0, 0), (1, 0, 1), (1, 1, 1)) 20
2022-08-21 08:41:24.974801 ((0, 1, 1), (1, 0, 0), (1, 0, 1), (1, 1, 1)) 21
2022-08-21 08:43:04.046493 ((0, 1, 1), (1, 0, 0), (1, 0, 1), (1, 1, 1)) 22
2022-08-21 08:44:43.400764 ((0, 1, 1), (1, 0, 0), (1, 0, 1), (1, 1, 1)) 23
2022-08-21 08:46:22.361024 ((0, 1, 1), (1, 0, 0), (1, 0, 1), (1, 1, 1)) 24
2022-08-21 08:48:01.039483 ((0, 1, 1), (1, 0, 0), (1, 1, 0), (1, 1, 1)) 20
2022-08-21 08:49:40.105347 ((0, 1, 1), (1, 0, 0), (1, 1, 0), (1, 1, 1)) 21
2022-08-21 08:51:18.997371 ((0, 1, 1), (1, 0, 0), (1, 1, 0), (1, 1, 1)) 22
2022-08-21 08:52:57.523952 ((0, 1, 1), (1, 0, 0), (1, 1, 0), (1, 1, 1)) 23
2022-08-21 08:54:36.566672 ((0, 1, 1), (1, 0, 0), (1, 1, 0), (1, 1, 1)) 24
2022-08-21 08:56:15.314634 ((0, 1, 1), (1, 0, 1), (1, 1, 0), (1, 1, 1)) 20
2022-08-21 08:57:53.834318 ((0, 1, 1), (1, 0, 1), (1, 1, 0), (1, 1, 1)) 21
2022-08-21 08:59:32.770257 ((0, 1, 1), (1, 0, 1), (1, 1, 0), (1, 1, 1)) 22
2022-08-21 09:01:12.021603 ((0, 1, 1), (1, 0, 1), (1, 1, 0), (1, 1, 1)) 23
2022-08-21 09:02:49.349829 ((0, 1, 1), (1, 0, 1), (1, 1, 0), (1, 1, 1)) 24
2022-08-21 09:04:22.058837 ((1, 0, 0), (1, 0, 1), (1, 1, 0), (1, 1, 1)) 20
2022-08-21 09:05:53.557466 ((1, 0, 0), (1, 0, 1), (1, 1, 0), (1, 1, 1)) 21
2022-08-21 09:07:25.438395 ((1, 0, 0), (1, 0, 1), (1, 1, 0), (1, 1, 1)) 22
2022-08-21 09:08:57.179084 ((1, 0, 0), (1, 0, 1), (1, 1, 0), (1, 1, 1)) 23
2022-08-21 09:10:30.566169 ((1, 0, 0), (1, 0, 1), (1, 1, 0), (1, 1, 1)) 24
