DRQN Experiment Parameters.
Namespace(seed=3, payoffs=[1.0, 1.0], n_iterations=100, n_train_evals=5, train_id_start=15, n_episodes=2000, epsilon=0.3, rnn_hidden_dim=4, fnn_hidden_dim=4, capacity=16, batch_size=8, lr=0.005, tau=0.01, gamma=0.975, len_update_cycle=1, save=True)

Parameter sources.
Command Line Args:   --seed=3 --train_id_start=15 --n_train_evals=5 --save
Config File (/data/engs-oxfair3/orie4536/online-lever-adaptation/experiments/all_length3_fpp/drqn.conf):
  n_episodes:        2000
  epsilon:           0.3
  rnn_hidden_dim:    4
  fnn_hidden_dim:    4
  capacity:          16
  batch_size:        8
  gamma:             0.975
  lr:                0.005
  tau:               1e-2
  len_update_cycle:  1
Config File (/data/engs-oxfair3/orie4536/online-lever-adaptation/experiments/all_length3_fpp/defaults.conf):
  payoffs:           ['1.', '1.']
  n_iterations:      100

2022-08-20 23:34:31.687342 ((0, 0, 0), (0, 0, 1), (0, 1, 0), (0, 1, 1)) 15
2022-08-20 23:36:15.642952 ((0, 0, 0), (0, 0, 1), (0, 1, 0), (0, 1, 1)) 16
2022-08-20 23:38:01.014275 ((0, 0, 0), (0, 0, 1), (0, 1, 0), (0, 1, 1)) 17
2022-08-20 23:39:47.474826 ((0, 0, 0), (0, 0, 1), (0, 1, 0), (0, 1, 1)) 18
2022-08-20 23:41:32.460511 ((0, 0, 0), (0, 0, 1), (0, 1, 0), (0, 1, 1)) 19
2022-08-20 23:43:18.733929 ((0, 0, 0), (0, 0, 1), (0, 1, 0), (1, 0, 0)) 15
2022-08-20 23:45:05.908104 ((0, 0, 0), (0, 0, 1), (0, 1, 0), (1, 0, 0)) 16
2022-08-20 23:46:53.478880 ((0, 0, 0), (0, 0, 1), (0, 1, 0), (1, 0, 0)) 17
2022-08-20 23:48:38.968784 ((0, 0, 0), (0, 0, 1), (0, 1, 0), (1, 0, 0)) 18
2022-08-20 23:50:23.164220 ((0, 0, 0), (0, 0, 1), (0, 1, 0), (1, 0, 0)) 19
2022-08-20 23:52:01.437396 ((0, 0, 0), (0, 0, 1), (0, 1, 0), (1, 0, 1)) 15
2022-08-20 23:53:40.415958 ((0, 0, 0), (0, 0, 1), (0, 1, 0), (1, 0, 1)) 16
2022-08-20 23:55:19.840329 ((0, 0, 0), (0, 0, 1), (0, 1, 0), (1, 0, 1)) 17
2022-08-20 23:56:58.637484 ((0, 0, 0), (0, 0, 1), (0, 1, 0), (1, 0, 1)) 18
2022-08-20 23:58:37.709812 ((0, 0, 0), (0, 0, 1), (0, 1, 0), (1, 0, 1)) 19
2022-08-21 00:00:17.296259 ((0, 0, 0), (0, 0, 1), (0, 1, 0), (1, 1, 0)) 15
2022-08-21 00:01:56.509084 ((0, 0, 0), (0, 0, 1), (0, 1, 0), (1, 1, 0)) 16
2022-08-21 00:03:35.522263 ((0, 0, 0), (0, 0, 1), (0, 1, 0), (1, 1, 0)) 17
2022-08-21 00:05:15.370101 ((0, 0, 0), (0, 0, 1), (0, 1, 0), (1, 1, 0)) 18
2022-08-21 00:06:54.431889 ((0, 0, 0), (0, 0, 1), (0, 1, 0), (1, 1, 0)) 19
2022-08-21 00:08:34.340465 ((0, 0, 0), (0, 0, 1), (0, 1, 0), (1, 1, 1)) 15
2022-08-21 00:10:13.526414 ((0, 0, 0), (0, 0, 1), (0, 1, 0), (1, 1, 1)) 16
2022-08-21 00:11:52.294885 ((0, 0, 0), (0, 0, 1), (0, 1, 0), (1, 1, 1)) 17
2022-08-21 00:13:32.021146 ((0, 0, 0), (0, 0, 1), (0, 1, 0), (1, 1, 1)) 18
2022-08-21 00:15:11.896073 ((0, 0, 0), (0, 0, 1), (0, 1, 0), (1, 1, 1)) 19
2022-08-21 00:16:50.595863 ((0, 0, 0), (0, 0, 1), (0, 1, 1), (1, 0, 0)) 15
2022-08-21 00:18:29.624086 ((0, 0, 0), (0, 0, 1), (0, 1, 1), (1, 0, 0)) 16
2022-08-21 00:20:08.598660 ((0, 0, 0), (0, 0, 1), (0, 1, 1), (1, 0, 0)) 17
2022-08-21 00:21:47.710379 ((0, 0, 0), (0, 0, 1), (0, 1, 1), (1, 0, 0)) 18
2022-08-21 00:23:26.820813 ((0, 0, 0), (0, 0, 1), (0, 1, 1), (1, 0, 0)) 19
2022-08-21 00:25:06.458853 ((0, 0, 0), (0, 0, 1), (0, 1, 1), (1, 0, 1)) 15
2022-08-21 00:26:45.680267 ((0, 0, 0), (0, 0, 1), (0, 1, 1), (1, 0, 1)) 16
2022-08-21 00:28:24.972204 ((0, 0, 0), (0, 0, 1), (0, 1, 1), (1, 0, 1)) 17
2022-08-21 00:30:04.321358 ((0, 0, 0), (0, 0, 1), (0, 1, 1), (1, 0, 1)) 18
2022-08-21 00:31:44.196251 ((0, 0, 0), (0, 0, 1), (0, 1, 1), (1, 0, 1)) 19
2022-08-21 00:33:23.807080 ((0, 0, 0), (0, 0, 1), (0, 1, 1), (1, 1, 0)) 15
2022-08-21 00:35:03.873060 ((0, 0, 0), (0, 0, 1), (0, 1, 1), (1, 1, 0)) 16
2022-08-21 00:36:43.197429 ((0, 0, 0), (0, 0, 1), (0, 1, 1), (1, 1, 0)) 17
2022-08-21 00:38:24.063369 ((0, 0, 0), (0, 0, 1), (0, 1, 1), (1, 1, 0)) 18
2022-08-21 00:40:03.331994 ((0, 0, 0), (0, 0, 1), (0, 1, 1), (1, 1, 0)) 19
2022-08-21 00:41:42.704837 ((0, 0, 0), (0, 0, 1), (0, 1, 1), (1, 1, 1)) 15
2022-08-21 00:43:21.753812 ((0, 0, 0), (0, 0, 1), (0, 1, 1), (1, 1, 1)) 16
2022-08-21 00:45:01.788868 ((0, 0, 0), (0, 0, 1), (0, 1, 1), (1, 1, 1)) 17
2022-08-21 00:46:41.504452 ((0, 0, 0), (0, 0, 1), (0, 1, 1), (1, 1, 1)) 18
2022-08-21 00:48:21.417814 ((0, 0, 0), (0, 0, 1), (0, 1, 1), (1, 1, 1)) 19
2022-08-21 00:50:01.463810 ((0, 0, 0), (0, 0, 1), (1, 0, 0), (1, 0, 1)) 15
2022-08-21 00:51:41.842325 ((0, 0, 0), (0, 0, 1), (1, 0, 0), (1, 0, 1)) 16
2022-08-21 00:53:21.892951 ((0, 0, 0), (0, 0, 1), (1, 0, 0), (1, 0, 1)) 17
2022-08-21 00:55:08.805134 ((0, 0, 0), (0, 0, 1), (1, 0, 0), (1, 0, 1)) 18
2022-08-21 00:56:56.209991 ((0, 0, 0), (0, 0, 1), (1, 0, 0), (1, 0, 1)) 19
2022-08-21 00:58:43.152061 ((0, 0, 0), (0, 0, 1), (1, 0, 0), (1, 1, 0)) 15
2022-08-21 01:00:29.195857 ((0, 0, 0), (0, 0, 1), (1, 0, 0), (1, 1, 0)) 16
2022-08-21 01:01:59.133451 ((0, 0, 0), (0, 0, 1), (1, 0, 0), (1, 1, 0)) 17
2022-08-21 01:03:27.383081 ((0, 0, 0), (0, 0, 1), (1, 0, 0), (1, 1, 0)) 18
2022-08-21 01:05:09.247656 ((0, 0, 0), (0, 0, 1), (1, 0, 0), (1, 1, 0)) 19
2022-08-21 01:06:48.928242 ((0, 0, 0), (0, 0, 1), (1, 0, 0), (1, 1, 1)) 15
2022-08-21 01:08:28.220041 ((0, 0, 0), (0, 0, 1), (1, 0, 0), (1, 1, 1)) 16
2022-08-21 01:10:07.224674 ((0, 0, 0), (0, 0, 1), (1, 0, 0), (1, 1, 1)) 17
2022-08-21 01:11:48.164104 ((0, 0, 0), (0, 0, 1), (1, 0, 0), (1, 1, 1)) 18
2022-08-21 01:13:26.974037 ((0, 0, 0), (0, 0, 1), (1, 0, 0), (1, 1, 1)) 19
2022-08-21 01:15:07.080507 ((0, 0, 0), (0, 0, 1), (1, 0, 1), (1, 1, 0)) 15
2022-08-21 01:16:46.603037 ((0, 0, 0), (0, 0, 1), (1, 0, 1), (1, 1, 0)) 16
2022-08-21 01:18:25.614533 ((0, 0, 0), (0, 0, 1), (1, 0, 1), (1, 1, 0)) 17
2022-08-21 01:20:04.428799 ((0, 0, 0), (0, 0, 1), (1, 0, 1), (1, 1, 0)) 18
2022-08-21 01:21:43.181811 ((0, 0, 0), (0, 0, 1), (1, 0, 1), (1, 1, 0)) 19
2022-08-21 01:23:22.586864 ((0, 0, 0), (0, 0, 1), (1, 0, 1), (1, 1, 1)) 15
2022-08-21 01:25:02.084809 ((0, 0, 0), (0, 0, 1), (1, 0, 1), (1, 1, 1)) 16
2022-08-21 01:26:40.532477 ((0, 0, 0), (0, 0, 1), (1, 0, 1), (1, 1, 1)) 17
2022-08-21 01:28:20.252124 ((0, 0, 0), (0, 0, 1), (1, 0, 1), (1, 1, 1)) 18
2022-08-21 01:29:59.293830 ((0, 0, 0), (0, 0, 1), (1, 0, 1), (1, 1, 1)) 19
2022-08-21 01:31:39.107874 ((0, 0, 0), (0, 0, 1), (1, 1, 0), (1, 1, 1)) 15
2022-08-21 01:33:17.739110 ((0, 0, 0), (0, 0, 1), (1, 1, 0), (1, 1, 1)) 16
2022-08-21 01:34:56.496187 ((0, 0, 0), (0, 0, 1), (1, 1, 0), (1, 1, 1)) 17
2022-08-21 01:36:34.927817 ((0, 0, 0), (0, 0, 1), (1, 1, 0), (1, 1, 1)) 18
2022-08-21 01:38:14.933755 ((0, 0, 0), (0, 0, 1), (1, 1, 0), (1, 1, 1)) 19
2022-08-21 01:39:53.710292 ((0, 0, 0), (0, 1, 0), (0, 1, 1), (1, 0, 0)) 15
2022-08-21 01:41:32.411573 ((0, 0, 0), (0, 1, 0), (0, 1, 1), (1, 0, 0)) 16
2022-08-21 01:43:12.644819 ((0, 0, 0), (0, 1, 0), (0, 1, 1), (1, 0, 0)) 17
2022-08-21 01:44:51.376485 ((0, 0, 0), (0, 1, 0), (0, 1, 1), (1, 0, 0)) 18
2022-08-21 01:46:29.997427 ((0, 0, 0), (0, 1, 0), (0, 1, 1), (1, 0, 0)) 19
2022-08-21 01:48:08.412731 ((0, 0, 0), (0, 1, 0), (0, 1, 1), (1, 0, 1)) 15
2022-08-21 01:49:46.817626 ((0, 0, 0), (0, 1, 0), (0, 1, 1), (1, 0, 1)) 16
2022-08-21 01:51:25.258334 ((0, 0, 0), (0, 1, 0), (0, 1, 1), (1, 0, 1)) 17
2022-08-21 01:53:03.765317 ((0, 0, 0), (0, 1, 0), (0, 1, 1), (1, 0, 1)) 18
2022-08-21 01:54:42.648797 ((0, 0, 0), (0, 1, 0), (0, 1, 1), (1, 0, 1)) 19
2022-08-21 01:56:21.172883 ((0, 0, 0), (0, 1, 0), (0, 1, 1), (1, 1, 0)) 15
2022-08-21 01:58:00.047653 ((0, 0, 0), (0, 1, 0), (0, 1, 1), (1, 1, 0)) 16
2022-08-21 01:59:38.857814 ((0, 0, 0), (0, 1, 0), (0, 1, 1), (1, 1, 0)) 17
2022-08-21 02:01:15.739663 ((0, 0, 0), (0, 1, 0), (0, 1, 1), (1, 1, 0)) 18
2022-08-21 02:02:54.222918 ((0, 0, 0), (0, 1, 0), (0, 1, 1), (1, 1, 0)) 19
2022-08-21 02:04:37.989957 ((0, 0, 0), (0, 1, 0), (0, 1, 1), (1, 1, 1)) 15
2022-08-21 02:06:14.443831 ((0, 0, 0), (0, 1, 0), (0, 1, 1), (1, 1, 1)) 16
2022-08-21 02:07:51.742322 ((0, 0, 0), (0, 1, 0), (0, 1, 1), (1, 1, 1)) 17
2022-08-21 02:09:30.748798 ((0, 0, 0), (0, 1, 0), (0, 1, 1), (1, 1, 1)) 18
2022-08-21 02:11:09.503800 ((0, 0, 0), (0, 1, 0), (0, 1, 1), (1, 1, 1)) 19
2022-08-21 02:12:48.429811 ((0, 0, 0), (0, 1, 0), (1, 0, 0), (1, 0, 1)) 15
2022-08-21 02:14:27.601575 ((0, 0, 0), (0, 1, 0), (1, 0, 0), (1, 0, 1)) 16
2022-08-21 02:16:08.107305 ((0, 0, 0), (0, 1, 0), (1, 0, 0), (1, 0, 1)) 17
2022-08-21 02:17:47.017666 ((0, 0, 0), (0, 1, 0), (1, 0, 0), (1, 0, 1)) 18
2022-08-21 02:19:26.093560 ((0, 0, 0), (0, 1, 0), (1, 0, 0), (1, 0, 1)) 19
2022-08-21 02:21:05.347233 ((0, 0, 0), (0, 1, 0), (1, 0, 0), (1, 1, 0)) 15
2022-08-21 02:22:44.238918 ((0, 0, 0), (0, 1, 0), (1, 0, 0), (1, 1, 0)) 16
2022-08-21 02:24:23.582645 ((0, 0, 0), (0, 1, 0), (1, 0, 0), (1, 1, 0)) 17
2022-08-21 02:26:02.625685 ((0, 0, 0), (0, 1, 0), (1, 0, 0), (1, 1, 0)) 18
2022-08-21 02:27:41.957835 ((0, 0, 0), (0, 1, 0), (1, 0, 0), (1, 1, 0)) 19
2022-08-21 02:29:21.707763 ((0, 0, 0), (0, 1, 0), (1, 0, 0), (1, 1, 1)) 15
2022-08-21 02:31:01.192031 ((0, 0, 0), (0, 1, 0), (1, 0, 0), (1, 1, 1)) 16
2022-08-21 02:32:40.480020 ((0, 0, 0), (0, 1, 0), (1, 0, 0), (1, 1, 1)) 17
2022-08-21 02:34:19.900886 ((0, 0, 0), (0, 1, 0), (1, 0, 0), (1, 1, 1)) 18
2022-08-21 02:35:59.341777 ((0, 0, 0), (0, 1, 0), (1, 0, 0), (1, 1, 1)) 19
2022-08-21 02:37:38.509047 ((0, 0, 0), (0, 1, 0), (1, 0, 1), (1, 1, 0)) 15
2022-08-21 02:39:17.948744 ((0, 0, 0), (0, 1, 0), (1, 0, 1), (1, 1, 0)) 16
2022-08-21 02:40:57.440818 ((0, 0, 0), (0, 1, 0), (1, 0, 1), (1, 1, 0)) 17
2022-08-21 02:42:37.043695 ((0, 0, 0), (0, 1, 0), (1, 0, 1), (1, 1, 0)) 18
2022-08-21 02:44:16.296807 ((0, 0, 0), (0, 1, 0), (1, 0, 1), (1, 1, 0)) 19
2022-08-21 02:45:55.472128 ((0, 0, 0), (0, 1, 0), (1, 0, 1), (1, 1, 1)) 15
2022-08-21 02:47:34.151373 ((0, 0, 0), (0, 1, 0), (1, 0, 1), (1, 1, 1)) 16
2022-08-21 02:49:13.328555 ((0, 0, 0), (0, 1, 0), (1, 0, 1), (1, 1, 1)) 17
2022-08-21 02:50:52.187752 ((0, 0, 0), (0, 1, 0), (1, 0, 1), (1, 1, 1)) 18
2022-08-21 02:52:30.979544 ((0, 0, 0), (0, 1, 0), (1, 0, 1), (1, 1, 1)) 19
2022-08-21 02:54:09.978341 ((0, 0, 0), (0, 1, 0), (1, 1, 0), (1, 1, 1)) 15
2022-08-21 02:55:49.652842 ((0, 0, 0), (0, 1, 0), (1, 1, 0), (1, 1, 1)) 16
2022-08-21 02:57:28.477403 ((0, 0, 0), (0, 1, 0), (1, 1, 0), (1, 1, 1)) 17
2022-08-21 02:59:08.439782 ((0, 0, 0), (0, 1, 0), (1, 1, 0), (1, 1, 1)) 18
2022-08-21 03:00:47.441811 ((0, 0, 0), (0, 1, 0), (1, 1, 0), (1, 1, 1)) 19
2022-08-21 03:02:26.435597 ((0, 0, 0), (0, 1, 1), (1, 0, 0), (1, 0, 1)) 15
2022-08-21 03:04:07.475415 ((0, 0, 0), (0, 1, 1), (1, 0, 0), (1, 0, 1)) 16
2022-08-21 03:05:46.318065 ((0, 0, 0), (0, 1, 1), (1, 0, 0), (1, 0, 1)) 17
2022-08-21 03:07:25.016367 ((0, 0, 0), (0, 1, 1), (1, 0, 0), (1, 0, 1)) 18
2022-08-21 03:09:04.203988 ((0, 0, 0), (0, 1, 1), (1, 0, 0), (1, 0, 1)) 19
2022-08-21 03:10:42.781712 ((0, 0, 0), (0, 1, 1), (1, 0, 0), (1, 1, 0)) 15
2022-08-21 03:12:21.765507 ((0, 0, 0), (0, 1, 1), (1, 0, 0), (1, 1, 0)) 16
2022-08-21 03:14:00.623977 ((0, 0, 0), (0, 1, 1), (1, 0, 0), (1, 1, 0)) 17
2022-08-21 03:15:39.475726 ((0, 0, 0), (0, 1, 1), (1, 0, 0), (1, 1, 0)) 18
2022-08-21 03:17:18.256615 ((0, 0, 0), (0, 1, 1), (1, 0, 0), (1, 1, 0)) 19
2022-08-21 03:18:57.106397 ((0, 0, 0), (0, 1, 1), (1, 0, 0), (1, 1, 1)) 15
2022-08-21 03:20:35.858988 ((0, 0, 0), (0, 1, 1), (1, 0, 0), (1, 1, 1)) 16
2022-08-21 03:22:14.544596 ((0, 0, 0), (0, 1, 1), (1, 0, 0), (1, 1, 1)) 17
2022-08-21 03:23:53.789081 ((0, 0, 0), (0, 1, 1), (1, 0, 0), (1, 1, 1)) 18
2022-08-21 03:25:32.735090 ((0, 0, 0), (0, 1, 1), (1, 0, 0), (1, 1, 1)) 19
2022-08-21 03:27:11.614467 ((0, 0, 0), (0, 1, 1), (1, 0, 1), (1, 1, 0)) 15
2022-08-21 03:28:50.565466 ((0, 0, 0), (0, 1, 1), (1, 0, 1), (1, 1, 0)) 16
2022-08-21 03:30:29.263816 ((0, 0, 0), (0, 1, 1), (1, 0, 1), (1, 1, 0)) 17
2022-08-21 03:32:07.812529 ((0, 0, 0), (0, 1, 1), (1, 0, 1), (1, 1, 0)) 18
2022-08-21 03:33:46.986100 ((0, 0, 0), (0, 1, 1), (1, 0, 1), (1, 1, 0)) 19
2022-08-21 03:35:26.031825 ((0, 0, 0), (0, 1, 1), (1, 0, 1), (1, 1, 1)) 15
2022-08-21 03:37:04.894679 ((0, 0, 0), (0, 1, 1), (1, 0, 1), (1, 1, 1)) 16
2022-08-21 03:38:44.726624 ((0, 0, 0), (0, 1, 1), (1, 0, 1), (1, 1, 1)) 17
2022-08-21 03:40:24.035929 ((0, 0, 0), (0, 1, 1), (1, 0, 1), (1, 1, 1)) 18
2022-08-21 03:42:03.680869 ((0, 0, 0), (0, 1, 1), (1, 0, 1), (1, 1, 1)) 19
2022-08-21 03:43:43.764873 ((0, 0, 0), (0, 1, 1), (1, 1, 0), (1, 1, 1)) 15
2022-08-21 03:45:23.468817 ((0, 0, 0), (0, 1, 1), (1, 1, 0), (1, 1, 1)) 16
2022-08-21 03:47:03.151434 ((0, 0, 0), (0, 1, 1), (1, 1, 0), (1, 1, 1)) 17
2022-08-21 03:48:42.975363 ((0, 0, 0), (0, 1, 1), (1, 1, 0), (1, 1, 1)) 18
2022-08-21 03:50:22.928666 ((0, 0, 0), (0, 1, 1), (1, 1, 0), (1, 1, 1)) 19
2022-08-21 03:52:02.480899 ((0, 0, 0), (1, 0, 0), (1, 0, 1), (1, 1, 0)) 15
2022-08-21 03:53:42.105816 ((0, 0, 0), (1, 0, 0), (1, 0, 1), (1, 1, 0)) 16
2022-08-21 03:55:21.605440 ((0, 0, 0), (1, 0, 0), (1, 0, 1), (1, 1, 0)) 17
2022-08-21 03:57:00.850629 ((0, 0, 0), (1, 0, 0), (1, 0, 1), (1, 1, 0)) 18
2022-08-21 03:58:40.585232 ((0, 0, 0), (1, 0, 0), (1, 0, 1), (1, 1, 0)) 19
2022-08-21 04:00:20.171921 ((0, 0, 0), (1, 0, 0), (1, 0, 1), (1, 1, 1)) 15
2022-08-21 04:01:59.595978 ((0, 0, 0), (1, 0, 0), (1, 0, 1), (1, 1, 1)) 16
2022-08-21 04:03:39.147000 ((0, 0, 0), (1, 0, 0), (1, 0, 1), (1, 1, 1)) 17
2022-08-21 04:05:18.892452 ((0, 0, 0), (1, 0, 0), (1, 0, 1), (1, 1, 1)) 18
2022-08-21 04:06:58.153306 ((0, 0, 0), (1, 0, 0), (1, 0, 1), (1, 1, 1)) 19
2022-08-21 04:08:37.982564 ((0, 0, 0), (1, 0, 0), (1, 1, 0), (1, 1, 1)) 15
2022-08-21 04:10:16.914815 ((0, 0, 0), (1, 0, 0), (1, 1, 0), (1, 1, 1)) 16
2022-08-21 04:11:56.590000 ((0, 0, 0), (1, 0, 0), (1, 1, 0), (1, 1, 1)) 17
2022-08-21 04:13:36.539330 ((0, 0, 0), (1, 0, 0), (1, 1, 0), (1, 1, 1)) 18
2022-08-21 04:15:16.137794 ((0, 0, 0), (1, 0, 0), (1, 1, 0), (1, 1, 1)) 19
2022-08-21 04:16:55.608865 ((0, 0, 0), (1, 0, 1), (1, 1, 0), (1, 1, 1)) 15
2022-08-21 04:18:36.456800 ((0, 0, 0), (1, 0, 1), (1, 1, 0), (1, 1, 1)) 16
2022-08-21 04:20:15.816895 ((0, 0, 0), (1, 0, 1), (1, 1, 0), (1, 1, 1)) 17
2022-08-21 04:21:55.629953 ((0, 0, 0), (1, 0, 1), (1, 1, 0), (1, 1, 1)) 18
2022-08-21 04:23:35.923633 ((0, 0, 0), (1, 0, 1), (1, 1, 0), (1, 1, 1)) 19
2022-08-21 04:25:15.324382 ((0, 0, 1), (0, 1, 0), (0, 1, 1), (1, 0, 0)) 15
2022-08-21 04:26:55.017429 ((0, 0, 1), (0, 1, 0), (0, 1, 1), (1, 0, 0)) 16
2022-08-21 04:28:34.854714 ((0, 0, 1), (0, 1, 0), (0, 1, 1), (1, 0, 0)) 17
2022-08-21 04:30:14.238147 ((0, 0, 1), (0, 1, 0), (0, 1, 1), (1, 0, 0)) 18
2022-08-21 04:31:53.975826 ((0, 0, 1), (0, 1, 0), (0, 1, 1), (1, 0, 0)) 19
2022-08-21 04:33:34.029875 ((0, 0, 1), (0, 1, 0), (0, 1, 1), (1, 0, 1)) 15
2022-08-21 04:35:13.698816 ((0, 0, 1), (0, 1, 0), (0, 1, 1), (1, 0, 1)) 16
2022-08-21 04:36:53.385327 ((0, 0, 1), (0, 1, 0), (0, 1, 1), (1, 0, 1)) 17
2022-08-21 04:38:33.092816 ((0, 0, 1), (0, 1, 0), (0, 1, 1), (1, 0, 1)) 18
2022-08-21 04:40:13.228668 ((0, 0, 1), (0, 1, 0), (0, 1, 1), (1, 0, 1)) 19
2022-08-21 04:41:52.658844 ((0, 0, 1), (0, 1, 0), (0, 1, 1), (1, 1, 0)) 15
2022-08-21 04:43:32.297400 ((0, 0, 1), (0, 1, 0), (0, 1, 1), (1, 1, 0)) 16
2022-08-21 04:45:12.023811 ((0, 0, 1), (0, 1, 0), (0, 1, 1), (1, 1, 0)) 17
2022-08-21 04:46:52.092803 ((0, 0, 1), (0, 1, 0), (0, 1, 1), (1, 1, 0)) 18
2022-08-21 04:48:31.187550 ((0, 0, 1), (0, 1, 0), (0, 1, 1), (1, 1, 0)) 19
2022-08-21 04:50:10.857662 ((0, 0, 1), (0, 1, 0), (0, 1, 1), (1, 1, 1)) 15
2022-08-21 04:51:50.334938 ((0, 0, 1), (0, 1, 0), (0, 1, 1), (1, 1, 1)) 16
2022-08-21 04:53:30.118835 ((0, 0, 1), (0, 1, 0), (0, 1, 1), (1, 1, 1)) 17
2022-08-21 04:55:10.095682 ((0, 0, 1), (0, 1, 0), (0, 1, 1), (1, 1, 1)) 18
2022-08-21 04:56:49.525801 ((0, 0, 1), (0, 1, 0), (0, 1, 1), (1, 1, 1)) 19
2022-08-21 04:58:29.173257 ((0, 0, 1), (0, 1, 0), (1, 0, 0), (1, 0, 1)) 15
2022-08-21 05:00:09.155811 ((0, 0, 1), (0, 1, 0), (1, 0, 0), (1, 0, 1)) 16
2022-08-21 05:01:48.411628 ((0, 0, 1), (0, 1, 0), (1, 0, 0), (1, 0, 1)) 17
2022-08-21 05:03:28.073818 ((0, 0, 1), (0, 1, 0), (1, 0, 0), (1, 0, 1)) 18
2022-08-21 05:05:07.451211 ((0, 0, 1), (0, 1, 0), (1, 0, 0), (1, 0, 1)) 19
2022-08-21 05:06:47.333883 ((0, 0, 1), (0, 1, 0), (1, 0, 0), (1, 1, 0)) 15
2022-08-21 05:08:27.926402 ((0, 0, 1), (0, 1, 0), (1, 0, 0), (1, 1, 0)) 16
2022-08-21 05:10:08.490448 ((0, 0, 1), (0, 1, 0), (1, 0, 0), (1, 1, 0)) 17
2022-08-21 05:11:48.925683 ((0, 0, 1), (0, 1, 0), (1, 0, 0), (1, 1, 0)) 18
2022-08-21 05:13:29.734836 ((0, 0, 1), (0, 1, 0), (1, 0, 0), (1, 1, 0)) 19
2022-08-21 05:15:09.931875 ((0, 0, 1), (0, 1, 0), (1, 0, 0), (1, 1, 1)) 15
2022-08-21 05:16:50.792815 ((0, 0, 1), (0, 1, 0), (1, 0, 0), (1, 1, 1)) 16
2022-08-21 05:18:31.088871 ((0, 0, 1), (0, 1, 0), (1, 0, 0), (1, 1, 1)) 17
2022-08-21 05:20:13.834193 ((0, 0, 1), (0, 1, 0), (1, 0, 0), (1, 1, 1)) 18
2022-08-21 05:22:01.636196 ((0, 0, 1), (0, 1, 0), (1, 0, 0), (1, 1, 1)) 19
2022-08-21 05:23:49.545240 ((0, 0, 1), (0, 1, 0), (1, 0, 1), (1, 1, 0)) 15
2022-08-21 05:25:37.443182 ((0, 0, 1), (0, 1, 0), (1, 0, 1), (1, 1, 0)) 16
2022-08-21 05:27:25.200659 ((0, 0, 1), (0, 1, 0), (1, 0, 1), (1, 1, 0)) 17
2022-08-21 05:28:59.741756 ((0, 0, 1), (0, 1, 0), (1, 0, 1), (1, 1, 0)) 18
2022-08-21 05:30:24.277879 ((0, 0, 1), (0, 1, 0), (1, 0, 1), (1, 1, 0)) 19
2022-08-21 05:31:48.650404 ((0, 0, 1), (0, 1, 0), (1, 0, 1), (1, 1, 1)) 15
2022-08-21 05:33:12.871715 ((0, 0, 1), (0, 1, 0), (1, 0, 1), (1, 1, 1)) 16
2022-08-21 05:34:37.080301 ((0, 0, 1), (0, 1, 0), (1, 0, 1), (1, 1, 1)) 17
2022-08-21 05:36:01.188578 ((0, 0, 1), (0, 1, 0), (1, 0, 1), (1, 1, 1)) 18
2022-08-21 05:37:25.267120 ((0, 0, 1), (0, 1, 0), (1, 0, 1), (1, 1, 1)) 19
2022-08-21 05:38:49.440762 ((0, 0, 1), (0, 1, 0), (1, 1, 0), (1, 1, 1)) 15
2022-08-21 05:40:13.741931 ((0, 0, 1), (0, 1, 0), (1, 1, 0), (1, 1, 1)) 16
2022-08-21 05:41:37.835008 ((0, 0, 1), (0, 1, 0), (1, 1, 0), (1, 1, 1)) 17
2022-08-21 05:43:01.978262 ((0, 0, 1), (0, 1, 0), (1, 1, 0), (1, 1, 1)) 18
2022-08-21 05:44:26.269655 ((0, 0, 1), (0, 1, 0), (1, 1, 0), (1, 1, 1)) 19
2022-08-21 05:45:50.553129 ((0, 0, 1), (0, 1, 1), (1, 0, 0), (1, 0, 1)) 15
2022-08-21 05:47:14.383080 ((0, 0, 1), (0, 1, 1), (1, 0, 0), (1, 0, 1)) 16
2022-08-21 05:48:50.523536 ((0, 0, 1), (0, 1, 1), (1, 0, 0), (1, 0, 1)) 17
2022-08-21 05:50:31.511821 ((0, 0, 1), (0, 1, 1), (1, 0, 0), (1, 0, 1)) 18
2022-08-21 05:52:14.779627 ((0, 0, 1), (0, 1, 1), (1, 0, 0), (1, 0, 1)) 19
2022-08-21 05:53:54.729889 ((0, 0, 1), (0, 1, 1), (1, 0, 0), (1, 1, 0)) 15
2022-08-21 05:55:34.217020 ((0, 0, 1), (0, 1, 1), (1, 0, 0), (1, 1, 0)) 16
2022-08-21 05:57:13.839154 ((0, 0, 1), (0, 1, 1), (1, 0, 0), (1, 1, 0)) 17
2022-08-21 05:58:53.282804 ((0, 0, 1), (0, 1, 1), (1, 0, 0), (1, 1, 0)) 18
2022-08-21 06:00:32.669970 ((0, 0, 1), (0, 1, 1), (1, 0, 0), (1, 1, 0)) 19
2022-08-21 06:02:11.998870 ((0, 0, 1), (0, 1, 1), (1, 0, 0), (1, 1, 1)) 15
2022-08-21 06:03:51.627820 ((0, 0, 1), (0, 1, 1), (1, 0, 0), (1, 1, 1)) 16
2022-08-21 06:05:30.433635 ((0, 0, 1), (0, 1, 1), (1, 0, 0), (1, 1, 1)) 17
2022-08-21 06:07:09.683193 ((0, 0, 1), (0, 1, 1), (1, 0, 0), (1, 1, 1)) 18
2022-08-21 06:08:49.107811 ((0, 0, 1), (0, 1, 1), (1, 0, 0), (1, 1, 1)) 19
2022-08-21 06:10:29.789411 ((0, 0, 1), (0, 1, 1), (1, 0, 1), (1, 1, 0)) 15
2022-08-21 06:12:08.713334 ((0, 0, 1), (0, 1, 1), (1, 0, 1), (1, 1, 0)) 16
2022-08-21 06:13:47.918713 ((0, 0, 1), (0, 1, 1), (1, 0, 1), (1, 1, 0)) 17
2022-08-21 06:15:26.519800 ((0, 0, 1), (0, 1, 1), (1, 0, 1), (1, 1, 0)) 18
2022-08-21 06:17:05.308021 ((0, 0, 1), (0, 1, 1), (1, 0, 1), (1, 1, 0)) 19
2022-08-21 06:18:43.862162 ((0, 0, 1), (0, 1, 1), (1, 0, 1), (1, 1, 1)) 15
2022-08-21 06:20:23.012881 ((0, 0, 1), (0, 1, 1), (1, 0, 1), (1, 1, 1)) 16
2022-08-21 06:22:01.816143 ((0, 0, 1), (0, 1, 1), (1, 0, 1), (1, 1, 1)) 17
2022-08-21 06:23:40.964278 ((0, 0, 1), (0, 1, 1), (1, 0, 1), (1, 1, 1)) 18
2022-08-21 06:25:20.984695 ((0, 0, 1), (0, 1, 1), (1, 0, 1), (1, 1, 1)) 19
2022-08-21 06:27:00.068579 ((0, 0, 1), (0, 1, 1), (1, 1, 0), (1, 1, 1)) 15
2022-08-21 06:28:39.157815 ((0, 0, 1), (0, 1, 1), (1, 1, 0), (1, 1, 1)) 16
2022-08-21 06:30:17.927010 ((0, 0, 1), (0, 1, 1), (1, 1, 0), (1, 1, 1)) 17
2022-08-21 06:31:56.645120 ((0, 0, 1), (0, 1, 1), (1, 1, 0), (1, 1, 1)) 18
2022-08-21 06:33:36.027539 ((0, 0, 1), (0, 1, 1), (1, 1, 0), (1, 1, 1)) 19
2022-08-21 06:35:14.974280 ((0, 0, 1), (1, 0, 0), (1, 0, 1), (1, 1, 0)) 15
2022-08-21 06:36:53.642892 ((0, 0, 1), (1, 0, 0), (1, 0, 1), (1, 1, 0)) 16
2022-08-21 06:38:32.406636 ((0, 0, 1), (1, 0, 0), (1, 0, 1), (1, 1, 0)) 17
2022-08-21 06:40:11.212937 ((0, 0, 1), (1, 0, 0), (1, 0, 1), (1, 1, 0)) 18
2022-08-21 06:41:50.046542 ((0, 0, 1), (1, 0, 0), (1, 0, 1), (1, 1, 0)) 19
2022-08-21 06:43:29.199934 ((0, 0, 1), (1, 0, 0), (1, 0, 1), (1, 1, 1)) 15
2022-08-21 06:45:08.088887 ((0, 0, 1), (1, 0, 0), (1, 0, 1), (1, 1, 1)) 16
2022-08-21 06:46:47.411671 ((0, 0, 1), (1, 0, 0), (1, 0, 1), (1, 1, 1)) 17
2022-08-21 06:48:26.307053 ((0, 0, 1), (1, 0, 0), (1, 0, 1), (1, 1, 1)) 18
2022-08-21 06:50:06.456677 ((0, 0, 1), (1, 0, 0), (1, 0, 1), (1, 1, 1)) 19
2022-08-21 06:51:45.819865 ((0, 0, 1), (1, 0, 0), (1, 1, 0), (1, 1, 1)) 15
2022-08-21 06:53:25.707323 ((0, 0, 1), (1, 0, 0), (1, 1, 0), (1, 1, 1)) 16
2022-08-21 06:55:05.206661 ((0, 0, 1), (1, 0, 0), (1, 1, 0), (1, 1, 1)) 17
2022-08-21 06:56:44.197558 ((0, 0, 1), (1, 0, 0), (1, 1, 0), (1, 1, 1)) 18
2022-08-21 06:58:23.243316 ((0, 0, 1), (1, 0, 0), (1, 1, 0), (1, 1, 1)) 19
2022-08-21 07:00:02.563574 ((0, 0, 1), (1, 0, 1), (1, 1, 0), (1, 1, 1)) 15
2022-08-21 07:01:41.559813 ((0, 0, 1), (1, 0, 1), (1, 1, 0), (1, 1, 1)) 16
2022-08-21 07:03:20.679686 ((0, 0, 1), (1, 0, 1), (1, 1, 0), (1, 1, 1)) 17
2022-08-21 07:04:59.787018 ((0, 0, 1), (1, 0, 1), (1, 1, 0), (1, 1, 1)) 18
2022-08-21 07:06:38.454697 ((0, 0, 1), (1, 0, 1), (1, 1, 0), (1, 1, 1)) 19
2022-08-21 07:08:17.264899 ((0, 1, 0), (0, 1, 1), (1, 0, 0), (1, 0, 1)) 15
2022-08-21 07:09:56.291707 ((0, 1, 0), (0, 1, 1), (1, 0, 0), (1, 0, 1)) 16
2022-08-21 07:11:35.699879 ((0, 1, 0), (0, 1, 1), (1, 0, 0), (1, 0, 1)) 17
2022-08-21 07:13:14.618819 ((0, 1, 0), (0, 1, 1), (1, 0, 0), (1, 0, 1)) 18
2022-08-21 07:14:53.486091 ((0, 1, 0), (0, 1, 1), (1, 0, 0), (1, 0, 1)) 19
2022-08-21 07:16:32.635983 ((0, 1, 0), (0, 1, 1), (1, 0, 0), (1, 1, 0)) 15
2022-08-21 07:18:11.375363 ((0, 1, 0), (0, 1, 1), (1, 0, 0), (1, 1, 0)) 16
2022-08-21 07:19:50.609170 ((0, 1, 0), (0, 1, 1), (1, 0, 0), (1, 1, 0)) 17
2022-08-21 07:21:29.213444 ((0, 1, 0), (0, 1, 1), (1, 0, 0), (1, 1, 0)) 18
2022-08-21 07:23:08.188647 ((0, 1, 0), (0, 1, 1), (1, 0, 0), (1, 1, 0)) 19
2022-08-21 07:24:47.407270 ((0, 1, 0), (0, 1, 1), (1, 0, 0), (1, 1, 1)) 15
2022-08-21 07:26:26.357424 ((0, 1, 0), (0, 1, 1), (1, 0, 0), (1, 1, 1)) 16
2022-08-21 07:28:04.796815 ((0, 1, 0), (0, 1, 1), (1, 0, 0), (1, 1, 1)) 17
2022-08-21 07:29:44.144137 ((0, 1, 0), (0, 1, 1), (1, 0, 0), (1, 1, 1)) 18
2022-08-21 07:31:23.288575 ((0, 1, 0), (0, 1, 1), (1, 0, 0), (1, 1, 1)) 19
2022-08-21 07:33:02.328714 ((0, 1, 0), (0, 1, 1), (1, 0, 1), (1, 1, 0)) 15
2022-08-21 07:34:41.787812 ((0, 1, 0), (0, 1, 1), (1, 0, 1), (1, 1, 0)) 16
2022-08-21 07:36:20.524906 ((0, 1, 0), (0, 1, 1), (1, 0, 1), (1, 1, 0)) 17
2022-08-21 07:37:59.521252 ((0, 1, 0), (0, 1, 1), (1, 0, 1), (1, 1, 0)) 18
2022-08-21 07:39:39.142774 ((0, 1, 0), (0, 1, 1), (1, 0, 1), (1, 1, 0)) 19
2022-08-21 07:41:18.087113 ((0, 1, 0), (0, 1, 1), (1, 0, 1), (1, 1, 1)) 15
2022-08-21 07:42:57.995710 ((0, 1, 0), (0, 1, 1), (1, 0, 1), (1, 1, 1)) 16
2022-08-21 07:44:37.134939 ((0, 1, 0), (0, 1, 1), (1, 0, 1), (1, 1, 1)) 17
2022-08-21 07:46:16.262756 ((0, 1, 0), (0, 1, 1), (1, 0, 1), (1, 1, 1)) 18
2022-08-21 07:47:55.605674 ((0, 1, 0), (0, 1, 1), (1, 0, 1), (1, 1, 1)) 19
2022-08-21 07:49:35.002670 ((0, 1, 0), (0, 1, 1), (1, 1, 0), (1, 1, 1)) 15
2022-08-21 07:51:14.079559 ((0, 1, 0), (0, 1, 1), (1, 1, 0), (1, 1, 1)) 16
2022-08-21 07:52:53.330060 ((0, 1, 0), (0, 1, 1), (1, 1, 0), (1, 1, 1)) 17
2022-08-21 07:54:32.449787 ((0, 1, 0), (0, 1, 1), (1, 1, 0), (1, 1, 1)) 18
2022-08-21 07:56:11.620718 ((0, 1, 0), (0, 1, 1), (1, 1, 0), (1, 1, 1)) 19
2022-08-21 07:57:50.824175 ((0, 1, 0), (1, 0, 0), (1, 0, 1), (1, 1, 0)) 15
2022-08-21 07:59:29.901960 ((0, 1, 0), (1, 0, 0), (1, 0, 1), (1, 1, 0)) 16
2022-08-21 08:01:08.726448 ((0, 1, 0), (1, 0, 0), (1, 0, 1), (1, 1, 0)) 17
2022-08-21 08:02:48.027813 ((0, 1, 0), (1, 0, 0), (1, 0, 1), (1, 1, 0)) 18
2022-08-21 08:04:27.559087 ((0, 1, 0), (1, 0, 0), (1, 0, 1), (1, 1, 0)) 19
2022-08-21 08:06:07.180808 ((0, 1, 0), (1, 0, 0), (1, 0, 1), (1, 1, 1)) 15
2022-08-21 08:07:46.822927 ((0, 1, 0), (1, 0, 0), (1, 0, 1), (1, 1, 1)) 16
2022-08-21 08:09:26.689096 ((0, 1, 0), (1, 0, 0), (1, 0, 1), (1, 1, 1)) 17
2022-08-21 08:11:06.284338 ((0, 1, 0), (1, 0, 0), (1, 0, 1), (1, 1, 1)) 18
2022-08-21 08:12:45.667905 ((0, 1, 0), (1, 0, 0), (1, 0, 1), (1, 1, 1)) 19
2022-08-21 08:14:25.332071 ((0, 1, 0), (1, 0, 0), (1, 1, 0), (1, 1, 1)) 15
2022-08-21 08:16:05.130349 ((0, 1, 0), (1, 0, 0), (1, 1, 0), (1, 1, 1)) 16
2022-08-21 08:17:45.957802 ((0, 1, 0), (1, 0, 0), (1, 1, 0), (1, 1, 1)) 17
2022-08-21 08:19:34.319912 ((0, 1, 0), (1, 0, 0), (1, 1, 0), (1, 1, 1)) 18
2022-08-21 08:21:20.412737 ((0, 1, 0), (1, 0, 0), (1, 1, 0), (1, 1, 1)) 19
2022-08-21 08:23:07.586296 ((0, 1, 0), (1, 0, 1), (1, 1, 0), (1, 1, 1)) 15
2022-08-21 08:24:49.557564 ((0, 1, 0), (1, 0, 1), (1, 1, 0), (1, 1, 1)) 16
2022-08-21 08:26:28.298182 ((0, 1, 0), (1, 0, 1), (1, 1, 0), (1, 1, 1)) 17
2022-08-21 08:28:08.471677 ((0, 1, 0), (1, 0, 1), (1, 1, 0), (1, 1, 1)) 18
2022-08-21 08:29:48.881811 ((0, 1, 0), (1, 0, 1), (1, 1, 0), (1, 1, 1)) 19
2022-08-21 08:31:28.156548 ((0, 1, 1), (1, 0, 0), (1, 0, 1), (1, 1, 0)) 15
2022-08-21 08:33:07.474818 ((0, 1, 1), (1, 0, 0), (1, 0, 1), (1, 1, 0)) 16
2022-08-21 08:34:47.299375 ((0, 1, 1), (1, 0, 0), (1, 0, 1), (1, 1, 0)) 17
2022-08-21 08:36:26.315832 ((0, 1, 1), (1, 0, 0), (1, 0, 1), (1, 1, 0)) 18
2022-08-21 08:38:05.433800 ((0, 1, 1), (1, 0, 0), (1, 0, 1), (1, 1, 0)) 19
2022-08-21 08:39:45.020963 ((0, 1, 1), (1, 0, 0), (1, 0, 1), (1, 1, 1)) 15
2022-08-21 08:41:24.592814 ((0, 1, 1), (1, 0, 0), (1, 0, 1), (1, 1, 1)) 16
2022-08-21 08:43:03.806816 ((0, 1, 1), (1, 0, 0), (1, 0, 1), (1, 1, 1)) 17
2022-08-21 08:44:42.694851 ((0, 1, 1), (1, 0, 0), (1, 0, 1), (1, 1, 1)) 18
2022-08-21 08:46:21.374654 ((0, 1, 1), (1, 0, 0), (1, 0, 1), (1, 1, 1)) 19
2022-08-21 08:48:00.699062 ((0, 1, 1), (1, 0, 0), (1, 1, 0), (1, 1, 1)) 15
2022-08-21 08:49:41.684814 ((0, 1, 1), (1, 0, 0), (1, 1, 0), (1, 1, 1)) 16
2022-08-21 08:51:20.256951 ((0, 1, 1), (1, 0, 0), (1, 1, 0), (1, 1, 1)) 17
2022-08-21 08:52:59.310975 ((0, 1, 1), (1, 0, 0), (1, 1, 0), (1, 1, 1)) 18
2022-08-21 08:54:38.369015 ((0, 1, 1), (1, 0, 0), (1, 1, 0), (1, 1, 1)) 19
2022-08-21 08:56:17.361491 ((0, 1, 1), (1, 0, 1), (1, 1, 0), (1, 1, 1)) 15
2022-08-21 08:57:56.021297 ((0, 1, 1), (1, 0, 1), (1, 1, 0), (1, 1, 1)) 16
2022-08-21 08:59:34.993270 ((0, 1, 1), (1, 0, 1), (1, 1, 0), (1, 1, 1)) 17
2022-08-21 09:01:14.185531 ((0, 1, 1), (1, 0, 1), (1, 1, 0), (1, 1, 1)) 18
2022-08-21 09:02:51.710956 ((0, 1, 1), (1, 0, 1), (1, 1, 0), (1, 1, 1)) 19
2022-08-21 09:04:24.856005 ((1, 0, 0), (1, 0, 1), (1, 1, 0), (1, 1, 1)) 15
2022-08-21 09:05:56.915403 ((1, 0, 0), (1, 0, 1), (1, 1, 0), (1, 1, 1)) 16
2022-08-21 09:07:29.875823 ((1, 0, 0), (1, 0, 1), (1, 1, 0), (1, 1, 1)) 17
2022-08-21 09:09:02.511628 ((1, 0, 0), (1, 0, 1), (1, 1, 0), (1, 1, 1)) 18
2022-08-21 09:10:34.198280 ((1, 0, 0), (1, 0, 1), (1, 1, 0), (1, 1, 1)) 19
