DRQN Experiment Parameters.
Namespace(seed=6, payoffs=[1.0, 1.0], n_iterations=100, n_train_evals=5, train_id_start=30, n_episodes=2000, epsilon=0.3, rnn_hidden_dim=4, fnn_hidden_dim=4, capacity=16, batch_size=8, lr=0.005, tau=0.01, gamma=0.975, len_update_cycle=1, save=True)

Parameter sources.
Command Line Args:   --seed=6 --train_id_start=30 --n_train_evals=5 --save
Config File (/data/engs-oxfair3/orie4536/online-lever-adaptation/experiments/all_length3_fpp/drqn.conf):
  n_episodes:        2000
  epsilon:           0.3
  rnn_hidden_dim:    4
  fnn_hidden_dim:    4
  capacity:          16
  batch_size:        8
  gamma:             0.975
  lr:                0.005
  tau:               1e-2
  len_update_cycle:  1
Config File (/data/engs-oxfair3/orie4536/online-lever-adaptation/experiments/all_length3_fpp/defaults.conf):
  payoffs:           ['1.', '1.']
  n_iterations:      100

2022-08-24 08:10:29.876935 ((0, 0, 0), (0, 0, 1), (0, 1, 0), (0, 1, 1)) 0 30
2022-08-24 08:12:09.112922 ((0, 0, 0), (0, 0, 1), (0, 1, 0), (0, 1, 1)) 0 31
2022-08-24 08:13:49.553879 ((0, 0, 0), (0, 0, 1), (0, 1, 0), (0, 1, 1)) 0 32
2022-08-24 08:15:30.186589 ((0, 0, 0), (0, 0, 1), (0, 1, 0), (0, 1, 1)) 0 33
2022-08-24 08:17:10.769783 ((0, 0, 0), (0, 0, 1), (0, 1, 0), (0, 1, 1)) 0 34
2022-08-24 08:18:52.935176 ((0, 0, 0), (0, 0, 1), (0, 1, 0), (1, 0, 0)) 1 30
2022-08-24 08:20:34.118276 ((0, 0, 0), (0, 0, 1), (0, 1, 0), (1, 0, 0)) 1 31
2022-08-24 08:22:14.835551 ((0, 0, 0), (0, 0, 1), (0, 1, 0), (1, 0, 0)) 1 32
2022-08-24 08:23:56.199575 ((0, 0, 0), (0, 0, 1), (0, 1, 0), (1, 0, 0)) 1 33
2022-08-24 08:25:36.930706 ((0, 0, 0), (0, 0, 1), (0, 1, 0), (1, 0, 0)) 1 34
2022-08-24 08:27:17.493145 ((0, 0, 0), (0, 0, 1), (0, 1, 0), (1, 0, 1)) 2 30
2022-08-24 08:28:58.286823 ((0, 0, 0), (0, 0, 1), (0, 1, 0), (1, 0, 1)) 2 31
2022-08-24 08:30:39.074503 ((0, 0, 0), (0, 0, 1), (0, 1, 0), (1, 0, 1)) 2 32
2022-08-24 08:32:19.531080 ((0, 0, 0), (0, 0, 1), (0, 1, 0), (1, 0, 1)) 2 33
2022-08-24 08:33:56.027281 ((0, 0, 0), (0, 0, 1), (0, 1, 0), (1, 0, 1)) 2 34
2022-08-24 08:35:32.213572 ((0, 0, 0), (0, 0, 1), (0, 1, 0), (1, 1, 0)) 3 30
2022-08-24 08:37:08.730323 ((0, 0, 0), (0, 0, 1), (0, 1, 0), (1, 1, 0)) 3 31
2022-08-24 08:38:44.702246 ((0, 0, 0), (0, 0, 1), (0, 1, 0), (1, 1, 0)) 3 32
2022-08-24 08:40:21.080661 ((0, 0, 0), (0, 0, 1), (0, 1, 0), (1, 1, 0)) 3 33
2022-08-24 08:41:57.174606 ((0, 0, 0), (0, 0, 1), (0, 1, 0), (1, 1, 0)) 3 34
2022-08-24 08:43:33.160545 ((0, 0, 0), (0, 0, 1), (0, 1, 0), (1, 1, 1)) 4 30
2022-08-24 08:45:09.054587 ((0, 0, 0), (0, 0, 1), (0, 1, 0), (1, 1, 1)) 4 31
2022-08-24 08:46:45.506210 ((0, 0, 0), (0, 0, 1), (0, 1, 0), (1, 1, 1)) 4 32
2022-08-24 08:48:21.317926 ((0, 0, 0), (0, 0, 1), (0, 1, 0), (1, 1, 1)) 4 33
2022-08-24 08:49:57.508218 ((0, 0, 0), (0, 0, 1), (0, 1, 0), (1, 1, 1)) 4 34
2022-08-24 08:51:33.504256 ((0, 0, 0), (0, 0, 1), (0, 1, 1), (1, 0, 0)) 5 30
2022-08-24 08:53:09.528123 ((0, 0, 0), (0, 0, 1), (0, 1, 1), (1, 0, 0)) 5 31
2022-08-24 08:54:45.788039 ((0, 0, 0), (0, 0, 1), (0, 1, 1), (1, 0, 0)) 5 32
2022-08-24 08:56:21.658007 ((0, 0, 0), (0, 0, 1), (0, 1, 1), (1, 0, 0)) 5 33
2022-08-24 08:57:57.466736 ((0, 0, 0), (0, 0, 1), (0, 1, 1), (1, 0, 0)) 5 34
2022-08-24 08:59:33.527095 ((0, 0, 0), (0, 0, 1), (0, 1, 1), (1, 0, 1)) 6 30
2022-08-24 09:01:09.450861 ((0, 0, 0), (0, 0, 1), (0, 1, 1), (1, 0, 1)) 6 31
2022-08-24 09:02:45.178859 ((0, 0, 0), (0, 0, 1), (0, 1, 1), (1, 0, 1)) 6 32
2022-08-24 09:04:21.154605 ((0, 0, 0), (0, 0, 1), (0, 1, 1), (1, 0, 1)) 6 33
2022-08-24 09:05:57.094597 ((0, 0, 0), (0, 0, 1), (0, 1, 1), (1, 0, 1)) 6 34
2022-08-24 09:07:34.276309 ((0, 0, 0), (0, 0, 1), (0, 1, 1), (1, 1, 0)) 7 30
2022-08-24 09:09:10.123091 ((0, 0, 0), (0, 0, 1), (0, 1, 1), (1, 1, 0)) 7 31
2022-08-24 09:10:46.648792 ((0, 0, 0), (0, 0, 1), (0, 1, 1), (1, 1, 0)) 7 32
2022-08-24 09:12:22.867070 ((0, 0, 0), (0, 0, 1), (0, 1, 1), (1, 1, 0)) 7 33
2022-08-24 09:13:58.736469 ((0, 0, 0), (0, 0, 1), (0, 1, 1), (1, 1, 0)) 7 34
2022-08-24 09:15:34.848840 ((0, 0, 0), (0, 0, 1), (0, 1, 1), (1, 1, 1)) 8 30
2022-08-24 09:17:10.941555 ((0, 0, 0), (0, 0, 1), (0, 1, 1), (1, 1, 1)) 8 31
2022-08-24 09:18:46.406420 ((0, 0, 0), (0, 0, 1), (0, 1, 1), (1, 1, 1)) 8 32
2022-08-24 09:20:22.188304 ((0, 0, 0), (0, 0, 1), (0, 1, 1), (1, 1, 1)) 8 33
2022-08-24 09:21:58.597981 ((0, 0, 0), (0, 0, 1), (0, 1, 1), (1, 1, 1)) 8 34
2022-08-24 09:23:34.370712 ((0, 0, 0), (0, 0, 1), (1, 0, 0), (1, 0, 1)) 9 30
2022-08-24 09:25:11.104696 ((0, 0, 0), (0, 0, 1), (1, 0, 0), (1, 0, 1)) 9 31
2022-08-24 09:26:46.686487 ((0, 0, 0), (0, 0, 1), (1, 0, 0), (1, 0, 1)) 9 32
2022-08-24 09:28:22.642072 ((0, 0, 0), (0, 0, 1), (1, 0, 0), (1, 0, 1)) 9 33
2022-08-24 09:29:58.616594 ((0, 0, 0), (0, 0, 1), (1, 0, 0), (1, 0, 1)) 9 34
2022-08-24 09:31:34.516776 ((0, 0, 0), (0, 0, 1), (1, 0, 0), (1, 1, 0)) 10 30
2022-08-24 09:33:10.223182 ((0, 0, 0), (0, 0, 1), (1, 0, 0), (1, 1, 0)) 10 31
2022-08-24 09:34:46.376221 ((0, 0, 0), (0, 0, 1), (1, 0, 0), (1, 1, 0)) 10 32
2022-08-24 09:36:22.268702 ((0, 0, 0), (0, 0, 1), (1, 0, 0), (1, 1, 0)) 10 33
2022-08-24 09:37:58.342603 ((0, 0, 0), (0, 0, 1), (1, 0, 0), (1, 1, 0)) 10 34
2022-08-24 09:39:34.719591 ((0, 0, 0), (0, 0, 1), (1, 0, 0), (1, 1, 1)) 11 30
2022-08-24 09:41:10.985130 ((0, 0, 0), (0, 0, 1), (1, 0, 0), (1, 1, 1)) 11 31
2022-08-24 09:42:46.708442 ((0, 0, 0), (0, 0, 1), (1, 0, 0), (1, 1, 1)) 11 32
2022-08-24 09:44:22.568546 ((0, 0, 0), (0, 0, 1), (1, 0, 0), (1, 1, 1)) 11 33
2022-08-24 09:45:58.481341 ((0, 0, 0), (0, 0, 1), (1, 0, 0), (1, 1, 1)) 11 34
2022-08-24 09:47:34.619684 ((0, 0, 0), (0, 0, 1), (1, 0, 1), (1, 1, 0)) 12 30
2022-08-24 09:49:12.045649 ((0, 0, 0), (0, 0, 1), (1, 0, 1), (1, 1, 0)) 12 31
2022-08-24 09:50:47.893554 ((0, 0, 0), (0, 0, 1), (1, 0, 1), (1, 1, 0)) 12 32
2022-08-24 09:52:23.608763 ((0, 0, 0), (0, 0, 1), (1, 0, 1), (1, 1, 0)) 12 33
2022-08-24 09:53:59.351260 ((0, 0, 0), (0, 0, 1), (1, 0, 1), (1, 1, 0)) 12 34
2022-08-24 09:55:35.968293 ((0, 0, 0), (0, 0, 1), (1, 0, 1), (1, 1, 1)) 13 30
2022-08-24 09:57:11.885777 ((0, 0, 0), (0, 0, 1), (1, 0, 1), (1, 1, 1)) 13 31
2022-08-24 09:58:47.868641 ((0, 0, 0), (0, 0, 1), (1, 0, 1), (1, 1, 1)) 13 32
2022-08-24 10:00:23.666827 ((0, 0, 0), (0, 0, 1), (1, 0, 1), (1, 1, 1)) 13 33
2022-08-24 10:01:59.512435 ((0, 0, 0), (0, 0, 1), (1, 0, 1), (1, 1, 1)) 13 34
2022-08-24 10:03:35.354922 ((0, 0, 0), (0, 0, 1), (1, 1, 0), (1, 1, 1)) 14 30
2022-08-24 10:05:11.445384 ((0, 0, 0), (0, 0, 1), (1, 1, 0), (1, 1, 1)) 14 31
2022-08-24 10:06:47.509177 ((0, 0, 0), (0, 0, 1), (1, 1, 0), (1, 1, 1)) 14 32
2022-08-24 10:08:23.348634 ((0, 0, 0), (0, 0, 1), (1, 1, 0), (1, 1, 1)) 14 33
2022-08-24 10:09:59.402280 ((0, 0, 0), (0, 0, 1), (1, 1, 0), (1, 1, 1)) 14 34
2022-08-24 10:11:35.447218 ((0, 0, 0), (0, 1, 0), (0, 1, 1), (1, 0, 0)) 15 30
2022-08-24 10:13:11.176268 ((0, 0, 0), (0, 1, 0), (0, 1, 1), (1, 0, 0)) 15 31
2022-08-24 10:14:47.356909 ((0, 0, 0), (0, 1, 0), (0, 1, 1), (1, 0, 0)) 15 32
2022-08-24 10:16:23.400680 ((0, 0, 0), (0, 1, 0), (0, 1, 1), (1, 0, 0)) 15 33
2022-08-24 10:17:59.170406 ((0, 0, 0), (0, 1, 0), (0, 1, 1), (1, 0, 0)) 15 34
2022-08-24 10:19:35.882914 ((0, 0, 0), (0, 1, 0), (0, 1, 1), (1, 0, 1)) 16 30
2022-08-24 10:21:11.714621 ((0, 0, 0), (0, 1, 0), (0, 1, 1), (1, 0, 1)) 16 31
2022-08-24 10:22:47.503738 ((0, 0, 0), (0, 1, 0), (0, 1, 1), (1, 0, 1)) 16 32
2022-08-24 10:24:23.732977 ((0, 0, 0), (0, 1, 0), (0, 1, 1), (1, 0, 1)) 16 33
2022-08-24 10:26:00.082635 ((0, 0, 0), (0, 1, 0), (0, 1, 1), (1, 0, 1)) 16 34
2022-08-24 10:27:36.470249 ((0, 0, 0), (0, 1, 0), (0, 1, 1), (1, 1, 0)) 17 30
2022-08-24 10:29:12.776123 ((0, 0, 0), (0, 1, 0), (0, 1, 1), (1, 1, 0)) 17 31
2022-08-24 10:30:48.699567 ((0, 0, 0), (0, 1, 0), (0, 1, 1), (1, 1, 0)) 17 32
2022-08-24 10:32:24.430397 ((0, 0, 0), (0, 1, 0), (0, 1, 1), (1, 1, 0)) 17 33
2022-08-24 10:33:59.895536 ((0, 0, 0), (0, 1, 0), (0, 1, 1), (1, 1, 0)) 17 34
2022-08-24 10:35:36.019680 ((0, 0, 0), (0, 1, 0), (0, 1, 1), (1, 1, 1)) 18 30
2022-08-24 10:37:13.556593 ((0, 0, 0), (0, 1, 0), (0, 1, 1), (1, 1, 1)) 18 31
2022-08-24 10:38:49.462092 ((0, 0, 0), (0, 1, 0), (0, 1, 1), (1, 1, 1)) 18 32
2022-08-24 10:40:25.395039 ((0, 0, 0), (0, 1, 0), (0, 1, 1), (1, 1, 1)) 18 33
2022-08-24 10:42:01.054275 ((0, 0, 0), (0, 1, 0), (0, 1, 1), (1, 1, 1)) 18 34
2022-08-24 10:43:36.872781 ((0, 0, 0), (0, 1, 0), (1, 0, 0), (1, 0, 1)) 19 30
2022-08-24 10:45:12.846940 ((0, 0, 0), (0, 1, 0), (1, 0, 0), (1, 0, 1)) 19 31
2022-08-24 10:46:48.815175 ((0, 0, 0), (0, 1, 0), (1, 0, 0), (1, 0, 1)) 19 32
2022-08-24 10:48:24.589132 ((0, 0, 0), (0, 1, 0), (1, 0, 0), (1, 0, 1)) 19 33
2022-08-24 10:50:00.579800 ((0, 0, 0), (0, 1, 0), (1, 0, 0), (1, 0, 1)) 19 34
2022-08-24 10:51:36.093467 ((0, 0, 0), (0, 1, 0), (1, 0, 0), (1, 1, 0)) 20 30
2022-08-24 10:53:11.844093 ((0, 0, 0), (0, 1, 0), (1, 0, 0), (1, 1, 0)) 20 31
2022-08-24 10:54:47.755123 ((0, 0, 0), (0, 1, 0), (1, 0, 0), (1, 1, 0)) 20 32
2022-08-24 10:56:23.659411 ((0, 0, 0), (0, 1, 0), (1, 0, 0), (1, 1, 0)) 20 33
2022-08-24 10:57:59.596140 ((0, 0, 0), (0, 1, 0), (1, 0, 0), (1, 1, 0)) 20 34
2022-08-24 10:59:35.787733 ((0, 0, 0), (0, 1, 0), (1, 0, 0), (1, 1, 1)) 21 30
2022-08-24 11:01:11.655279 ((0, 0, 0), (0, 1, 0), (1, 0, 0), (1, 1, 1)) 21 31
2022-08-24 11:02:47.441429 ((0, 0, 0), (0, 1, 0), (1, 0, 0), (1, 1, 1)) 21 32
2022-08-24 11:04:23.444578 ((0, 0, 0), (0, 1, 0), (1, 0, 0), (1, 1, 1)) 21 33
2022-08-24 11:05:59.753152 ((0, 0, 0), (0, 1, 0), (1, 0, 0), (1, 1, 1)) 21 34
2022-08-24 11:07:35.569789 ((0, 0, 0), (0, 1, 0), (1, 0, 1), (1, 1, 0)) 22 30
2022-08-24 11:09:11.309017 ((0, 0, 0), (0, 1, 0), (1, 0, 1), (1, 1, 0)) 22 31
2022-08-24 11:10:47.548641 ((0, 0, 0), (0, 1, 0), (1, 0, 1), (1, 1, 0)) 22 32
2022-08-24 11:12:23.838603 ((0, 0, 0), (0, 1, 0), (1, 0, 1), (1, 1, 0)) 22 33
2022-08-24 11:13:59.666020 ((0, 0, 0), (0, 1, 0), (1, 0, 1), (1, 1, 0)) 22 34
2022-08-24 11:15:35.759621 ((0, 0, 0), (0, 1, 0), (1, 0, 1), (1, 1, 1)) 23 30
2022-08-24 11:17:11.481493 ((0, 0, 0), (0, 1, 0), (1, 0, 1), (1, 1, 1)) 23 31
2022-08-24 11:18:47.781730 ((0, 0, 0), (0, 1, 0), (1, 0, 1), (1, 1, 1)) 23 32
2022-08-24 11:20:23.581527 ((0, 0, 0), (0, 1, 0), (1, 0, 1), (1, 1, 1)) 23 33
2022-08-24 11:21:59.460421 ((0, 0, 0), (0, 1, 0), (1, 0, 1), (1, 1, 1)) 23 34
2022-08-24 11:23:35.366961 ((0, 0, 0), (0, 1, 0), (1, 1, 0), (1, 1, 1)) 24 30
2022-08-24 11:25:11.497992 ((0, 0, 0), (0, 1, 0), (1, 1, 0), (1, 1, 1)) 24 31
2022-08-24 11:26:47.022443 ((0, 0, 0), (0, 1, 0), (1, 1, 0), (1, 1, 1)) 24 32
2022-08-24 11:28:22.910732 ((0, 0, 0), (0, 1, 0), (1, 1, 0), (1, 1, 1)) 24 33
2022-08-24 11:29:59.172729 ((0, 0, 0), (0, 1, 0), (1, 1, 0), (1, 1, 1)) 24 34
2022-08-24 11:31:36.025621 ((0, 0, 0), (0, 1, 1), (1, 0, 0), (1, 0, 1)) 25 30
2022-08-24 11:33:12.119044 ((0, 0, 0), (0, 1, 1), (1, 0, 0), (1, 0, 1)) 25 31
2022-08-24 11:34:48.264782 ((0, 0, 0), (0, 1, 1), (1, 0, 0), (1, 0, 1)) 25 32
2022-08-24 11:36:24.648056 ((0, 0, 0), (0, 1, 1), (1, 0, 0), (1, 0, 1)) 25 33
2022-08-24 11:38:00.755153 ((0, 0, 0), (0, 1, 1), (1, 0, 0), (1, 0, 1)) 25 34
2022-08-24 11:39:36.724618 ((0, 0, 0), (0, 1, 1), (1, 0, 0), (1, 1, 0)) 26 30
2022-08-24 11:41:12.100418 ((0, 0, 0), (0, 1, 1), (1, 0, 0), (1, 1, 0)) 26 31
2022-08-24 11:42:47.814293 ((0, 0, 0), (0, 1, 1), (1, 0, 0), (1, 1, 0)) 26 32
2022-08-24 11:44:23.519303 ((0, 0, 0), (0, 1, 1), (1, 0, 0), (1, 1, 0)) 26 33
2022-08-24 11:45:59.520571 ((0, 0, 0), (0, 1, 1), (1, 0, 0), (1, 1, 0)) 26 34
2022-08-24 11:47:35.328443 ((0, 0, 0), (0, 1, 1), (1, 0, 0), (1, 1, 1)) 27 30
2022-08-24 11:49:11.639221 ((0, 0, 0), (0, 1, 1), (1, 0, 0), (1, 1, 1)) 27 31
2022-08-24 11:50:48.041882 ((0, 0, 0), (0, 1, 1), (1, 0, 0), (1, 1, 1)) 27 32
2022-08-24 11:52:23.615941 ((0, 0, 0), (0, 1, 1), (1, 0, 0), (1, 1, 1)) 27 33
2022-08-24 11:53:59.048792 ((0, 0, 0), (0, 1, 1), (1, 0, 0), (1, 1, 1)) 27 34
2022-08-24 11:55:34.802681 ((0, 0, 0), (0, 1, 1), (1, 0, 1), (1, 1, 0)) 28 30
2022-08-24 11:57:10.905272 ((0, 0, 0), (0, 1, 1), (1, 0, 1), (1, 1, 0)) 28 31
2022-08-24 11:58:46.410772 ((0, 0, 0), (0, 1, 1), (1, 0, 1), (1, 1, 0)) 28 32
2022-08-24 12:00:23.603150 ((0, 0, 0), (0, 1, 1), (1, 0, 1), (1, 1, 0)) 28 33
2022-08-24 12:02:00.564124 ((0, 0, 0), (0, 1, 1), (1, 0, 1), (1, 1, 0)) 28 34
2022-08-24 12:03:37.678664 ((0, 0, 0), (0, 1, 1), (1, 0, 1), (1, 1, 1)) 29 30
2022-08-24 12:05:15.076435 ((0, 0, 0), (0, 1, 1), (1, 0, 1), (1, 1, 1)) 29 31
2022-08-24 12:06:52.403673 ((0, 0, 0), (0, 1, 1), (1, 0, 1), (1, 1, 1)) 29 32
2022-08-24 12:08:30.609152 ((0, 0, 0), (0, 1, 1), (1, 0, 1), (1, 1, 1)) 29 33
2022-08-24 12:10:08.867643 ((0, 0, 0), (0, 1, 1), (1, 0, 1), (1, 1, 1)) 29 34
2022-08-24 12:11:47.338740 ((0, 0, 0), (0, 1, 1), (1, 1, 0), (1, 1, 1)) 30 30
2022-08-24 12:13:26.058161 ((0, 0, 0), (0, 1, 1), (1, 1, 0), (1, 1, 1)) 30 31
2022-08-24 12:15:04.151700 ((0, 0, 0), (0, 1, 1), (1, 1, 0), (1, 1, 1)) 30 32
2022-08-24 12:16:42.605342 ((0, 0, 0), (0, 1, 1), (1, 1, 0), (1, 1, 1)) 30 33
2022-08-24 12:18:20.890965 ((0, 0, 0), (0, 1, 1), (1, 1, 0), (1, 1, 1)) 30 34
2022-08-24 12:19:59.238791 ((0, 0, 0), (1, 0, 0), (1, 0, 1), (1, 1, 0)) 31 30
2022-08-24 12:21:37.650407 ((0, 0, 0), (1, 0, 0), (1, 0, 1), (1, 1, 0)) 31 31
2022-08-24 12:23:15.907118 ((0, 0, 0), (1, 0, 0), (1, 0, 1), (1, 1, 0)) 31 32
2022-08-24 12:24:54.145859 ((0, 0, 0), (1, 0, 0), (1, 0, 1), (1, 1, 0)) 31 33
2022-08-24 12:26:32.522605 ((0, 0, 0), (1, 0, 0), (1, 0, 1), (1, 1, 0)) 31 34
2022-08-24 12:28:10.666650 ((0, 0, 0), (1, 0, 0), (1, 0, 1), (1, 1, 1)) 32 30
2022-08-24 12:29:49.262230 ((0, 0, 0), (1, 0, 0), (1, 0, 1), (1, 1, 1)) 32 31
2022-08-24 12:31:27.804021 ((0, 0, 0), (1, 0, 0), (1, 0, 1), (1, 1, 1)) 32 32
2022-08-24 12:33:06.126908 ((0, 0, 0), (1, 0, 0), (1, 0, 1), (1, 1, 1)) 32 33
2022-08-24 12:34:44.645247 ((0, 0, 0), (1, 0, 0), (1, 0, 1), (1, 1, 1)) 32 34
2022-08-24 12:36:23.071511 ((0, 0, 0), (1, 0, 0), (1, 1, 0), (1, 1, 1)) 33 30
2022-08-24 12:38:01.111708 ((0, 0, 0), (1, 0, 0), (1, 1, 0), (1, 1, 1)) 33 31
2022-08-24 12:39:39.638240 ((0, 0, 0), (1, 0, 0), (1, 1, 0), (1, 1, 1)) 33 32
2022-08-24 12:41:17.840434 ((0, 0, 0), (1, 0, 0), (1, 1, 0), (1, 1, 1)) 33 33
2022-08-24 12:42:55.605246 ((0, 0, 0), (1, 0, 0), (1, 1, 0), (1, 1, 1)) 33 34
2022-08-24 12:44:34.139278 ((0, 0, 0), (1, 0, 1), (1, 1, 0), (1, 1, 1)) 34 30
2022-08-24 12:46:12.623918 ((0, 0, 0), (1, 0, 1), (1, 1, 0), (1, 1, 1)) 34 31
2022-08-24 12:47:51.128204 ((0, 0, 0), (1, 0, 1), (1, 1, 0), (1, 1, 1)) 34 32
2022-08-24 12:49:29.437544 ((0, 0, 0), (1, 0, 1), (1, 1, 0), (1, 1, 1)) 34 33
2022-08-24 12:51:07.802879 ((0, 0, 0), (1, 0, 1), (1, 1, 0), (1, 1, 1)) 34 34
2022-08-24 12:52:45.888345 ((0, 0, 1), (0, 1, 0), (0, 1, 1), (1, 0, 0)) 35 30
2022-08-24 12:54:25.258228 ((0, 0, 1), (0, 1, 0), (0, 1, 1), (1, 0, 0)) 35 31
2022-08-24 12:56:02.966720 ((0, 0, 1), (0, 1, 0), (0, 1, 1), (1, 0, 0)) 35 32
2022-08-24 12:57:41.643243 ((0, 0, 1), (0, 1, 0), (0, 1, 1), (1, 0, 0)) 35 33
2022-08-24 12:59:19.329806 ((0, 0, 1), (0, 1, 0), (0, 1, 1), (1, 0, 0)) 35 34
2022-08-24 13:00:57.759904 ((0, 0, 1), (0, 1, 0), (0, 1, 1), (1, 0, 1)) 36 30
2022-08-24 13:02:36.241377 ((0, 0, 1), (0, 1, 0), (0, 1, 1), (1, 0, 1)) 36 31
2022-08-24 13:04:14.558749 ((0, 0, 1), (0, 1, 0), (0, 1, 1), (1, 0, 1)) 36 32
2022-08-24 13:05:52.499067 ((0, 0, 1), (0, 1, 0), (0, 1, 1), (1, 0, 1)) 36 33
2022-08-24 13:07:30.812594 ((0, 0, 1), (0, 1, 0), (0, 1, 1), (1, 0, 1)) 36 34
2022-08-24 13:09:08.652077 ((0, 0, 1), (0, 1, 0), (0, 1, 1), (1, 1, 0)) 37 30
2022-08-24 13:10:47.388534 ((0, 0, 1), (0, 1, 0), (0, 1, 1), (1, 1, 0)) 37 31
2022-08-24 13:12:25.547415 ((0, 0, 1), (0, 1, 0), (0, 1, 1), (1, 1, 0)) 37 32
2022-08-24 13:14:03.393945 ((0, 0, 1), (0, 1, 0), (0, 1, 1), (1, 1, 0)) 37 33
2022-08-24 13:15:42.222133 ((0, 0, 1), (0, 1, 0), (0, 1, 1), (1, 1, 0)) 37 34
2022-08-24 13:17:20.318102 ((0, 0, 1), (0, 1, 0), (0, 1, 1), (1, 1, 1)) 38 30
2022-08-24 13:18:58.600981 ((0, 0, 1), (0, 1, 0), (0, 1, 1), (1, 1, 1)) 38 31
2022-08-24 13:20:36.995700 ((0, 0, 1), (0, 1, 0), (0, 1, 1), (1, 1, 1)) 38 32
2022-08-24 13:22:15.472307 ((0, 0, 1), (0, 1, 0), (0, 1, 1), (1, 1, 1)) 38 33
2022-08-24 13:23:53.553224 ((0, 0, 1), (0, 1, 0), (0, 1, 1), (1, 1, 1)) 38 34
2022-08-24 13:25:31.767668 ((0, 0, 1), (0, 1, 0), (1, 0, 0), (1, 0, 1)) 39 30
2022-08-24 13:27:10.553195 ((0, 0, 1), (0, 1, 0), (1, 0, 0), (1, 0, 1)) 39 31
2022-08-24 13:28:48.848188 ((0, 0, 1), (0, 1, 0), (1, 0, 0), (1, 0, 1)) 39 32
2022-08-24 13:30:26.721177 ((0, 0, 1), (0, 1, 0), (1, 0, 0), (1, 0, 1)) 39 33
2022-08-24 13:32:05.066620 ((0, 0, 1), (0, 1, 0), (1, 0, 0), (1, 0, 1)) 39 34
2022-08-24 13:33:43.620737 ((0, 0, 1), (0, 1, 0), (1, 0, 0), (1, 1, 0)) 40 30
2022-08-24 13:35:21.731939 ((0, 0, 1), (0, 1, 0), (1, 0, 0), (1, 1, 0)) 40 31
2022-08-24 13:36:59.756422 ((0, 0, 1), (0, 1, 0), (1, 0, 0), (1, 1, 0)) 40 32
2022-08-24 13:38:38.799396 ((0, 0, 1), (0, 1, 0), (1, 0, 0), (1, 1, 0)) 40 33
2022-08-24 13:40:17.265175 ((0, 0, 1), (0, 1, 0), (1, 0, 0), (1, 1, 0)) 40 34
2022-08-24 13:41:54.857170 ((0, 0, 1), (0, 1, 0), (1, 0, 0), (1, 1, 1)) 41 30
2022-08-24 13:43:32.985444 ((0, 0, 1), (0, 1, 0), (1, 0, 0), (1, 1, 1)) 41 31
2022-08-24 13:45:11.331172 ((0, 0, 1), (0, 1, 0), (1, 0, 0), (1, 1, 1)) 41 32
2022-08-24 13:46:49.930325 ((0, 0, 1), (0, 1, 0), (1, 0, 0), (1, 1, 1)) 41 33
2022-08-24 13:48:28.451634 ((0, 0, 1), (0, 1, 0), (1, 0, 0), (1, 1, 1)) 41 34
2022-08-24 13:50:06.719508 ((0, 0, 1), (0, 1, 0), (1, 0, 1), (1, 1, 0)) 42 30
2022-08-24 13:51:44.925100 ((0, 0, 1), (0, 1, 0), (1, 0, 1), (1, 1, 0)) 42 31
2022-08-24 13:53:23.443756 ((0, 0, 1), (0, 1, 0), (1, 0, 1), (1, 1, 0)) 42 32
2022-08-24 13:55:02.178536 ((0, 0, 1), (0, 1, 0), (1, 0, 1), (1, 1, 0)) 42 33
2022-08-24 13:56:40.227473 ((0, 0, 1), (0, 1, 0), (1, 0, 1), (1, 1, 0)) 42 34
2022-08-24 13:58:18.267130 ((0, 0, 1), (0, 1, 0), (1, 0, 1), (1, 1, 1)) 43 30
2022-08-24 13:59:56.558838 ((0, 0, 1), (0, 1, 0), (1, 0, 1), (1, 1, 1)) 43 31
2022-08-24 14:01:34.979455 ((0, 0, 1), (0, 1, 0), (1, 0, 1), (1, 1, 1)) 43 32
2022-08-24 14:03:13.076645 ((0, 0, 1), (0, 1, 0), (1, 0, 1), (1, 1, 1)) 43 33
2022-08-24 14:04:51.164637 ((0, 0, 1), (0, 1, 0), (1, 0, 1), (1, 1, 1)) 43 34
2022-08-24 14:06:29.613419 ((0, 0, 1), (0, 1, 0), (1, 1, 0), (1, 1, 1)) 44 30
2022-08-24 14:08:08.253752 ((0, 0, 1), (0, 1, 0), (1, 1, 0), (1, 1, 1)) 44 31
2022-08-24 14:09:46.438643 ((0, 0, 1), (0, 1, 0), (1, 1, 0), (1, 1, 1)) 44 32
2022-08-24 14:11:24.665871 ((0, 0, 1), (0, 1, 0), (1, 1, 0), (1, 1, 1)) 44 33
2022-08-24 14:13:02.637808 ((0, 0, 1), (0, 1, 0), (1, 1, 0), (1, 1, 1)) 44 34
2022-08-24 14:14:40.694773 ((0, 0, 1), (0, 1, 1), (1, 0, 0), (1, 0, 1)) 45 30
2022-08-24 14:16:18.994779 ((0, 0, 1), (0, 1, 1), (1, 0, 0), (1, 0, 1)) 45 31
2022-08-24 14:17:56.725647 ((0, 0, 1), (0, 1, 1), (1, 0, 0), (1, 0, 1)) 45 32
2022-08-24 14:19:35.071979 ((0, 0, 1), (0, 1, 1), (1, 0, 0), (1, 0, 1)) 45 33
2022-08-24 14:21:13.727212 ((0, 0, 1), (0, 1, 1), (1, 0, 0), (1, 0, 1)) 45 34
2022-08-24 14:22:52.120682 ((0, 0, 1), (0, 1, 1), (1, 0, 0), (1, 1, 0)) 46 30
2022-08-24 14:24:31.022570 ((0, 0, 1), (0, 1, 1), (1, 0, 0), (1, 1, 0)) 46 31
2022-08-24 14:26:09.359136 ((0, 0, 1), (0, 1, 1), (1, 0, 0), (1, 1, 0)) 46 32
2022-08-24 14:27:47.785632 ((0, 0, 1), (0, 1, 1), (1, 0, 0), (1, 1, 0)) 46 33
2022-08-24 14:29:27.580377 ((0, 0, 1), (0, 1, 1), (1, 0, 0), (1, 1, 0)) 46 34
2022-08-24 14:31:06.080224 ((0, 0, 1), (0, 1, 1), (1, 0, 0), (1, 1, 1)) 47 30
2022-08-24 14:32:44.577863 ((0, 0, 1), (0, 1, 1), (1, 0, 0), (1, 1, 1)) 47 31
2022-08-24 14:34:23.572062 ((0, 0, 1), (0, 1, 1), (1, 0, 0), (1, 1, 1)) 47 32
2022-08-24 14:36:01.952592 ((0, 0, 1), (0, 1, 1), (1, 0, 0), (1, 1, 1)) 47 33
2022-08-24 14:37:40.365188 ((0, 0, 1), (0, 1, 1), (1, 0, 0), (1, 1, 1)) 47 34
2022-08-24 14:39:18.283490 ((0, 0, 1), (0, 1, 1), (1, 0, 1), (1, 1, 0)) 48 30
2022-08-24 14:40:56.792108 ((0, 0, 1), (0, 1, 1), (1, 0, 1), (1, 1, 0)) 48 31
2022-08-24 14:42:34.884839 ((0, 0, 1), (0, 1, 1), (1, 0, 1), (1, 1, 0)) 48 32
2022-08-24 14:44:13.656616 ((0, 0, 1), (0, 1, 1), (1, 0, 1), (1, 1, 0)) 48 33
2022-08-24 14:45:51.495108 ((0, 0, 1), (0, 1, 1), (1, 0, 1), (1, 1, 0)) 48 34
2022-08-24 14:47:29.758276 ((0, 0, 1), (0, 1, 1), (1, 0, 1), (1, 1, 1)) 49 30
2022-08-24 14:49:08.121663 ((0, 0, 1), (0, 1, 1), (1, 0, 1), (1, 1, 1)) 49 31
2022-08-24 14:50:46.342974 ((0, 0, 1), (0, 1, 1), (1, 0, 1), (1, 1, 1)) 49 32
2022-08-24 14:52:24.875641 ((0, 0, 1), (0, 1, 1), (1, 0, 1), (1, 1, 1)) 49 33
2022-08-24 14:54:02.874131 ((0, 0, 1), (0, 1, 1), (1, 0, 1), (1, 1, 1)) 49 34
2022-08-24 14:55:41.101584 ((0, 0, 1), (0, 1, 1), (1, 1, 0), (1, 1, 1)) 50 30
2022-08-24 14:57:28.268112 ((0, 0, 1), (0, 1, 1), (1, 1, 0), (1, 1, 1)) 50 31
2022-08-24 14:59:18.297987 ((0, 0, 1), (0, 1, 1), (1, 1, 0), (1, 1, 1)) 50 32
2022-08-24 15:01:08.685870 ((0, 0, 1), (0, 1, 1), (1, 1, 0), (1, 1, 1)) 50 33
2022-08-24 15:02:59.492170 ((0, 0, 1), (0, 1, 1), (1, 1, 0), (1, 1, 1)) 50 34
2022-08-24 15:04:51.109733 ((0, 0, 1), (1, 0, 0), (1, 0, 1), (1, 1, 0)) 51 30
2022-08-24 15:06:42.844917 ((0, 0, 1), (1, 0, 0), (1, 0, 1), (1, 1, 0)) 51 31
2022-08-24 15:08:34.472312 ((0, 0, 1), (1, 0, 0), (1, 0, 1), (1, 1, 0)) 51 32
2022-08-24 15:10:19.033744 ((0, 0, 1), (1, 0, 0), (1, 0, 1), (1, 1, 0)) 51 33
2022-08-24 15:12:10.775609 ((0, 0, 1), (1, 0, 0), (1, 0, 1), (1, 1, 0)) 51 34
2022-08-24 15:14:01.132367 ((0, 0, 1), (1, 0, 0), (1, 0, 1), (1, 1, 1)) 52 30
2022-08-24 15:15:52.051503 ((0, 0, 1), (1, 0, 0), (1, 0, 1), (1, 1, 1)) 52 31
2022-08-24 15:17:42.352544 ((0, 0, 1), (1, 0, 0), (1, 0, 1), (1, 1, 1)) 52 32
2022-08-24 15:19:34.147819 ((0, 0, 1), (1, 0, 0), (1, 0, 1), (1, 1, 1)) 52 33
2022-08-24 15:21:24.978015 ((0, 0, 1), (1, 0, 0), (1, 0, 1), (1, 1, 1)) 52 34
2022-08-24 15:23:11.573021 ((0, 0, 1), (1, 0, 0), (1, 1, 0), (1, 1, 1)) 53 30
2022-08-24 15:25:02.190586 ((0, 0, 1), (1, 0, 0), (1, 1, 0), (1, 1, 1)) 53 31
2022-08-24 15:26:52.417998 ((0, 0, 1), (1, 0, 0), (1, 1, 0), (1, 1, 1)) 53 32
2022-08-24 15:28:43.212906 ((0, 0, 1), (1, 0, 0), (1, 1, 0), (1, 1, 1)) 53 33
2022-08-24 15:30:34.547953 ((0, 0, 1), (1, 0, 0), (1, 1, 0), (1, 1, 1)) 53 34
2022-08-24 15:32:26.160568 ((0, 0, 1), (1, 0, 1), (1, 1, 0), (1, 1, 1)) 54 30
2022-08-24 15:34:18.022367 ((0, 0, 1), (1, 0, 1), (1, 1, 0), (1, 1, 1)) 54 31
2022-08-24 15:36:06.574663 ((0, 0, 1), (1, 0, 1), (1, 1, 0), (1, 1, 1)) 54 32
2022-08-24 15:37:55.396252 ((0, 0, 1), (1, 0, 1), (1, 1, 0), (1, 1, 1)) 54 33
2022-08-24 15:39:44.822781 ((0, 0, 1), (1, 0, 1), (1, 1, 0), (1, 1, 1)) 54 34
2022-08-24 15:41:34.829146 ((0, 1, 0), (0, 1, 1), (1, 0, 0), (1, 0, 1)) 55 30
2022-08-24 15:43:25.615435 ((0, 1, 0), (0, 1, 1), (1, 0, 0), (1, 0, 1)) 55 31
2022-08-24 15:45:16.190766 ((0, 1, 0), (0, 1, 1), (1, 0, 0), (1, 0, 1)) 55 32
2022-08-24 15:47:06.755983 ((0, 1, 0), (0, 1, 1), (1, 0, 0), (1, 0, 1)) 55 33
2022-08-24 15:48:57.061346 ((0, 1, 0), (0, 1, 1), (1, 0, 0), (1, 0, 1)) 55 34
2022-08-24 15:50:44.989063 ((0, 1, 0), (0, 1, 1), (1, 0, 0), (1, 1, 0)) 56 30
2022-08-24 15:52:34.517623 ((0, 1, 0), (0, 1, 1), (1, 0, 0), (1, 1, 0)) 56 31
2022-08-24 15:54:25.390522 ((0, 1, 0), (0, 1, 1), (1, 0, 0), (1, 1, 0)) 56 32
2022-08-24 15:56:17.310643 ((0, 1, 0), (0, 1, 1), (1, 0, 0), (1, 1, 0)) 56 33
2022-08-24 15:58:07.812530 ((0, 1, 0), (0, 1, 1), (1, 0, 0), (1, 1, 0)) 56 34
2022-08-24 15:59:59.664337 ((0, 1, 0), (0, 1, 1), (1, 0, 0), (1, 1, 1)) 57 30
2022-08-24 16:01:49.537597 ((0, 1, 0), (0, 1, 1), (1, 0, 0), (1, 1, 1)) 57 31
2022-08-24 16:03:38.409713 ((0, 1, 0), (0, 1, 1), (1, 0, 0), (1, 1, 1)) 57 32
2022-08-24 16:05:27.947181 ((0, 1, 0), (0, 1, 1), (1, 0, 0), (1, 1, 1)) 57 33
2022-08-24 16:07:18.059750 ((0, 1, 0), (0, 1, 1), (1, 0, 0), (1, 1, 1)) 57 34
2022-08-24 16:09:09.080260 ((0, 1, 0), (0, 1, 1), (1, 0, 1), (1, 1, 0)) 58 30
2022-08-24 16:11:00.378709 ((0, 1, 0), (0, 1, 1), (1, 0, 1), (1, 1, 0)) 58 31
2022-08-24 16:12:51.615031 ((0, 1, 0), (0, 1, 1), (1, 0, 1), (1, 1, 0)) 58 32
2022-08-24 16:14:43.347063 ((0, 1, 0), (0, 1, 1), (1, 0, 1), (1, 1, 0)) 58 33
2022-08-24 16:16:28.045265 ((0, 1, 0), (0, 1, 1), (1, 0, 1), (1, 1, 0)) 58 34
2022-08-24 16:18:20.214576 ((0, 1, 0), (0, 1, 1), (1, 0, 1), (1, 1, 1)) 59 30
2022-08-24 16:20:11.166829 ((0, 1, 0), (0, 1, 1), (1, 0, 1), (1, 1, 1)) 59 31
2022-08-24 16:22:01.089830 ((0, 1, 0), (0, 1, 1), (1, 0, 1), (1, 1, 1)) 59 32
2022-08-24 16:23:52.280730 ((0, 1, 0), (0, 1, 1), (1, 0, 1), (1, 1, 1)) 59 33
2022-08-24 16:25:43.180444 ((0, 1, 0), (0, 1, 1), (1, 0, 1), (1, 1, 1)) 59 34
2022-08-24 16:27:34.060992 ((0, 1, 0), (0, 1, 1), (1, 1, 0), (1, 1, 1)) 60 30
2022-08-24 16:29:19.105570 ((0, 1, 0), (0, 1, 1), (1, 1, 0), (1, 1, 1)) 60 31
2022-08-24 16:31:09.656109 ((0, 1, 0), (0, 1, 1), (1, 1, 0), (1, 1, 1)) 60 32
2022-08-24 16:32:59.447104 ((0, 1, 0), (0, 1, 1), (1, 1, 0), (1, 1, 1)) 60 33
2022-08-24 16:34:50.421599 ((0, 1, 0), (0, 1, 1), (1, 1, 0), (1, 1, 1)) 60 34
2022-08-24 16:36:40.902722 ((0, 1, 0), (1, 0, 0), (1, 0, 1), (1, 1, 0)) 61 30
2022-08-24 16:38:32.006090 ((0, 1, 0), (1, 0, 0), (1, 0, 1), (1, 1, 0)) 61 31
2022-08-24 16:40:23.699540 ((0, 1, 0), (1, 0, 0), (1, 0, 1), (1, 1, 0)) 61 32
2022-08-24 16:42:10.054517 ((0, 1, 0), (1, 0, 0), (1, 0, 1), (1, 1, 0)) 61 33
2022-08-24 16:44:00.208859 ((0, 1, 0), (1, 0, 0), (1, 0, 1), (1, 1, 0)) 61 34
2022-08-24 16:45:50.239513 ((0, 1, 0), (1, 0, 0), (1, 0, 1), (1, 1, 1)) 62 30
2022-08-24 16:47:41.206829 ((0, 1, 0), (1, 0, 0), (1, 0, 1), (1, 1, 1)) 62 31
2022-08-24 16:49:32.661200 ((0, 1, 0), (1, 0, 0), (1, 0, 1), (1, 1, 1)) 62 32
2022-08-24 16:51:23.394409 ((0, 1, 0), (1, 0, 0), (1, 0, 1), (1, 1, 1)) 62 33
2022-08-24 16:53:14.387279 ((0, 1, 0), (1, 0, 0), (1, 0, 1), (1, 1, 1)) 62 34
2022-08-24 16:55:01.833000 ((0, 1, 0), (1, 0, 0), (1, 1, 0), (1, 1, 1)) 63 30
2022-08-24 16:56:51.250567 ((0, 1, 0), (1, 0, 0), (1, 1, 0), (1, 1, 1)) 63 31
2022-08-24 16:58:41.800628 ((0, 1, 0), (1, 0, 0), (1, 1, 0), (1, 1, 1)) 63 32
2022-08-24 17:00:32.122354 ((0, 1, 0), (1, 0, 0), (1, 1, 0), (1, 1, 1)) 63 33
2022-08-24 17:02:23.740395 ((0, 1, 0), (1, 0, 0), (1, 1, 0), (1, 1, 1)) 63 34
2022-08-24 17:04:14.591202 ((0, 1, 0), (1, 0, 1), (1, 1, 0), (1, 1, 1)) 64 30
2022-08-24 17:06:06.066987 ((0, 1, 0), (1, 0, 1), (1, 1, 0), (1, 1, 1)) 64 31
2022-08-24 17:07:53.726662 ((0, 1, 0), (1, 0, 1), (1, 1, 0), (1, 1, 1)) 64 32
2022-08-24 17:09:43.370517 ((0, 1, 0), (1, 0, 1), (1, 1, 0), (1, 1, 1)) 64 33
2022-08-24 17:11:33.564225 ((0, 1, 0), (1, 0, 1), (1, 1, 0), (1, 1, 1)) 64 34
2022-08-24 17:13:23.931186 ((0, 1, 1), (1, 0, 0), (1, 0, 1), (1, 1, 0)) 65 30
2022-08-24 17:15:14.827059 ((0, 1, 1), (1, 0, 0), (1, 0, 1), (1, 1, 0)) 65 31
2022-08-24 17:17:06.555288 ((0, 1, 1), (1, 0, 0), (1, 0, 1), (1, 1, 0)) 65 32
2022-08-24 17:18:57.746306 ((0, 1, 1), (1, 0, 0), (1, 0, 1), (1, 1, 0)) 65 33
2022-08-24 17:20:45.373575 ((0, 1, 1), (1, 0, 0), (1, 0, 1), (1, 1, 0)) 65 34
2022-08-24 17:22:33.748303 ((0, 1, 1), (1, 0, 0), (1, 0, 1), (1, 1, 1)) 66 30
2022-08-24 17:24:23.784173 ((0, 1, 1), (1, 0, 0), (1, 0, 1), (1, 1, 1)) 66 31
2022-08-24 17:26:14.628229 ((0, 1, 1), (1, 0, 0), (1, 0, 1), (1, 1, 1)) 66 32
2022-08-24 17:28:05.974611 ((0, 1, 1), (1, 0, 0), (1, 0, 1), (1, 1, 1)) 66 33
2022-08-24 17:29:57.034602 ((0, 1, 1), (1, 0, 0), (1, 0, 1), (1, 1, 1)) 66 34
2022-08-24 17:31:44.791505 ((0, 1, 1), (1, 0, 0), (1, 1, 0), (1, 1, 1)) 67 30
2022-08-24 17:33:33.342792 ((0, 1, 1), (1, 0, 0), (1, 1, 0), (1, 1, 1)) 67 31
2022-08-24 17:35:23.480416 ((0, 1, 1), (1, 0, 0), (1, 1, 0), (1, 1, 1)) 67 32
2022-08-24 17:37:14.179359 ((0, 1, 1), (1, 0, 0), (1, 1, 0), (1, 1, 1)) 67 33
2022-08-24 17:39:05.233252 ((0, 1, 1), (1, 0, 0), (1, 1, 0), (1, 1, 1)) 67 34
2022-08-24 17:40:55.694659 ((0, 1, 1), (1, 0, 1), (1, 1, 0), (1, 1, 1)) 68 30
2022-08-24 17:42:41.454569 ((0, 1, 1), (1, 0, 1), (1, 1, 0), (1, 1, 1)) 68 31
2022-08-24 17:44:32.065190 ((0, 1, 1), (1, 0, 1), (1, 1, 0), (1, 1, 1)) 68 32
2022-08-24 17:46:23.019864 ((0, 1, 1), (1, 0, 1), (1, 1, 0), (1, 1, 1)) 68 33
2022-08-24 17:48:14.702769 ((0, 1, 1), (1, 0, 1), (1, 1, 0), (1, 1, 1)) 68 34
2022-08-24 17:50:05.927538 ((1, 0, 0), (1, 0, 1), (1, 1, 0), (1, 1, 1)) 69 30
2022-08-24 17:51:53.201621 ((1, 0, 0), (1, 0, 1), (1, 1, 0), (1, 1, 1)) 69 31
2022-08-24 17:53:41.531249 ((1, 0, 0), (1, 0, 1), (1, 1, 0), (1, 1, 1)) 69 32
2022-08-24 17:55:32.182749 ((1, 0, 0), (1, 0, 1), (1, 1, 0), (1, 1, 1)) 69 33
2022-08-24 17:57:23.578391 ((1, 0, 0), (1, 0, 1), (1, 1, 0), (1, 1, 1)) 69 34
