DRQN Experiment Parameters.
Namespace(seed=8, payoffs=[1.0, 1.0], n_iterations=100, n_train_evals=5, train_id_start=40, n_episodes=2000, epsilon=0.3, rnn_hidden_dim=4, fnn_hidden_dim=4, capacity=16, batch_size=8, lr=0.005, tau=0.01, gamma=0.975, len_update_cycle=1, save=True)

Parameter sources.
Command Line Args:   --seed=8 --train_id_start=40 --n_train_evals=5 --save
Config File (/data/engs-oxfair3/orie4536/online-lever-adaptation/experiments/all_length3_fpp/drqn.conf):
  n_episodes:        2000
  epsilon:           0.3
  rnn_hidden_dim:    4
  fnn_hidden_dim:    4
  capacity:          16
  batch_size:        8
  gamma:             0.975
  lr:                0.005
  tau:               1e-2
  len_update_cycle:  1
Config File (/data/engs-oxfair3/orie4536/online-lever-adaptation/experiments/all_length3_fpp/defaults.conf):
  payoffs:           ['1.', '1.']
  n_iterations:      100

2022-08-24 08:12:39.045304 ((0, 0, 0), (0, 0, 1), (0, 1, 0), (0, 1, 1)) 0 40
2022-08-24 08:14:19.433906 ((0, 0, 0), (0, 0, 1), (0, 1, 0), (0, 1, 1)) 0 41
2022-08-24 08:16:01.016458 ((0, 0, 0), (0, 0, 1), (0, 1, 0), (0, 1, 1)) 0 42
2022-08-24 08:17:42.831570 ((0, 0, 0), (0, 0, 1), (0, 1, 0), (0, 1, 1)) 0 43
2022-08-24 08:19:23.713294 ((0, 0, 0), (0, 0, 1), (0, 1, 0), (0, 1, 1)) 0 44
2022-08-24 08:21:04.769320 ((0, 0, 0), (0, 0, 1), (0, 1, 0), (1, 0, 0)) 1 40
2022-08-24 08:22:46.517149 ((0, 0, 0), (0, 0, 1), (0, 1, 0), (1, 0, 0)) 1 41
2022-08-24 08:24:27.832237 ((0, 0, 0), (0, 0, 1), (0, 1, 0), (1, 0, 0)) 1 42
2022-08-24 08:26:09.061941 ((0, 0, 0), (0, 0, 1), (0, 1, 0), (1, 0, 0)) 1 43
2022-08-24 08:27:49.798225 ((0, 0, 0), (0, 0, 1), (0, 1, 0), (1, 0, 0)) 1 44
2022-08-24 08:29:30.855753 ((0, 0, 0), (0, 0, 1), (0, 1, 0), (1, 0, 1)) 2 40
2022-08-24 08:31:11.809259 ((0, 0, 0), (0, 0, 1), (0, 1, 0), (1, 0, 1)) 2 41
2022-08-24 08:32:53.124261 ((0, 0, 0), (0, 0, 1), (0, 1, 0), (1, 0, 1)) 2 42
2022-08-24 08:34:34.648295 ((0, 0, 0), (0, 0, 1), (0, 1, 0), (1, 0, 1)) 2 43
2022-08-24 08:36:15.791319 ((0, 0, 0), (0, 0, 1), (0, 1, 0), (1, 0, 1)) 2 44
2022-08-24 08:37:52.995745 ((0, 0, 0), (0, 0, 1), (0, 1, 0), (1, 1, 0)) 3 40
2022-08-24 08:39:29.387158 ((0, 0, 0), (0, 0, 1), (0, 1, 0), (1, 1, 0)) 3 41
2022-08-24 08:41:07.376218 ((0, 0, 0), (0, 0, 1), (0, 1, 0), (1, 1, 0)) 3 42
2022-08-24 08:42:43.554402 ((0, 0, 0), (0, 0, 1), (0, 1, 0), (1, 1, 0)) 3 43
2022-08-24 08:44:20.558705 ((0, 0, 0), (0, 0, 1), (0, 1, 0), (1, 1, 0)) 3 44
2022-08-24 08:45:57.208308 ((0, 0, 0), (0, 0, 1), (0, 1, 0), (1, 1, 1)) 4 40
2022-08-24 08:47:33.522607 ((0, 0, 0), (0, 0, 1), (0, 1, 0), (1, 1, 1)) 4 41
2022-08-24 08:49:10.011157 ((0, 0, 0), (0, 0, 1), (0, 1, 0), (1, 1, 1)) 4 42
2022-08-24 08:50:47.178295 ((0, 0, 0), (0, 0, 1), (0, 1, 0), (1, 1, 1)) 4 43
2022-08-24 08:52:23.415874 ((0, 0, 0), (0, 0, 1), (0, 1, 0), (1, 1, 1)) 4 44
2022-08-24 08:54:00.446994 ((0, 0, 0), (0, 0, 1), (0, 1, 1), (1, 0, 0)) 5 40
2022-08-24 08:55:37.404353 ((0, 0, 0), (0, 0, 1), (0, 1, 1), (1, 0, 0)) 5 41
2022-08-24 08:57:13.635070 ((0, 0, 0), (0, 0, 1), (0, 1, 1), (1, 0, 0)) 5 42
2022-08-24 08:58:50.110545 ((0, 0, 0), (0, 0, 1), (0, 1, 1), (1, 0, 0)) 5 43
2022-08-24 09:00:26.551582 ((0, 0, 0), (0, 0, 1), (0, 1, 1), (1, 0, 0)) 5 44
2022-08-24 09:02:02.944913 ((0, 0, 0), (0, 0, 1), (0, 1, 1), (1, 0, 1)) 6 40
2022-08-24 09:03:39.065720 ((0, 0, 0), (0, 0, 1), (0, 1, 1), (1, 0, 1)) 6 41
2022-08-24 09:05:15.722101 ((0, 0, 0), (0, 0, 1), (0, 1, 1), (1, 0, 1)) 6 42
2022-08-24 09:06:52.021598 ((0, 0, 0), (0, 0, 1), (0, 1, 1), (1, 0, 1)) 6 43
2022-08-24 09:08:28.286818 ((0, 0, 0), (0, 0, 1), (0, 1, 1), (1, 0, 1)) 6 44
2022-08-24 09:10:04.848689 ((0, 0, 0), (0, 0, 1), (0, 1, 1), (1, 1, 0)) 7 40
2022-08-24 09:11:40.845920 ((0, 0, 0), (0, 0, 1), (0, 1, 1), (1, 1, 0)) 7 41
2022-08-24 09:13:17.286553 ((0, 0, 0), (0, 0, 1), (0, 1, 1), (1, 1, 0)) 7 42
2022-08-24 09:14:53.928591 ((0, 0, 0), (0, 0, 1), (0, 1, 1), (1, 1, 0)) 7 43
2022-08-24 09:16:30.484166 ((0, 0, 0), (0, 0, 1), (0, 1, 1), (1, 1, 0)) 7 44
2022-08-24 09:18:07.519258 ((0, 0, 0), (0, 0, 1), (0, 1, 1), (1, 1, 1)) 8 40
2022-08-24 09:19:43.820527 ((0, 0, 0), (0, 0, 1), (0, 1, 1), (1, 1, 1)) 8 41
2022-08-24 09:21:19.995160 ((0, 0, 0), (0, 0, 1), (0, 1, 1), (1, 1, 1)) 8 42
2022-08-24 09:22:57.423541 ((0, 0, 0), (0, 0, 1), (0, 1, 1), (1, 1, 1)) 8 43
2022-08-24 09:24:34.081642 ((0, 0, 0), (0, 0, 1), (0, 1, 1), (1, 1, 1)) 8 44
2022-08-24 09:26:10.598813 ((0, 0, 0), (0, 0, 1), (1, 0, 0), (1, 0, 1)) 9 40
2022-08-24 09:27:47.154378 ((0, 0, 0), (0, 0, 1), (1, 0, 0), (1, 0, 1)) 9 41
2022-08-24 09:29:22.935283 ((0, 0, 0), (0, 0, 1), (1, 0, 0), (1, 0, 1)) 9 42
2022-08-24 09:30:59.732895 ((0, 0, 0), (0, 0, 1), (1, 0, 0), (1, 0, 1)) 9 43
2022-08-24 09:32:36.299451 ((0, 0, 0), (0, 0, 1), (1, 0, 0), (1, 0, 1)) 9 44
2022-08-24 09:34:13.262067 ((0, 0, 0), (0, 0, 1), (1, 0, 0), (1, 1, 0)) 10 40
2022-08-24 09:35:49.139340 ((0, 0, 0), (0, 0, 1), (1, 0, 0), (1, 1, 0)) 10 41
2022-08-24 09:37:25.251067 ((0, 0, 0), (0, 0, 1), (1, 0, 0), (1, 1, 0)) 10 42
2022-08-24 09:39:01.480240 ((0, 0, 0), (0, 0, 1), (1, 0, 0), (1, 1, 0)) 10 43
2022-08-24 09:40:38.120559 ((0, 0, 0), (0, 0, 1), (1, 0, 0), (1, 1, 0)) 10 44
2022-08-24 09:42:14.636415 ((0, 0, 0), (0, 0, 1), (1, 0, 0), (1, 1, 1)) 11 40
2022-08-24 09:43:50.720412 ((0, 0, 0), (0, 0, 1), (1, 0, 0), (1, 1, 1)) 11 41
2022-08-24 09:45:27.364746 ((0, 0, 0), (0, 0, 1), (1, 0, 0), (1, 1, 1)) 11 42
2022-08-24 09:47:04.129829 ((0, 0, 0), (0, 0, 1), (1, 0, 0), (1, 1, 1)) 11 43
2022-08-24 09:48:40.438560 ((0, 0, 0), (0, 0, 1), (1, 0, 0), (1, 1, 1)) 11 44
2022-08-24 09:50:16.819954 ((0, 0, 0), (0, 0, 1), (1, 0, 1), (1, 1, 0)) 12 40
2022-08-24 09:51:53.280067 ((0, 0, 0), (0, 0, 1), (1, 0, 1), (1, 1, 0)) 12 41
2022-08-24 09:53:29.875003 ((0, 0, 0), (0, 0, 1), (1, 0, 1), (1, 1, 0)) 12 42
2022-08-24 09:55:06.472706 ((0, 0, 0), (0, 0, 1), (1, 0, 1), (1, 1, 0)) 12 43
2022-08-24 09:56:42.914831 ((0, 0, 0), (0, 0, 1), (1, 0, 1), (1, 1, 0)) 12 44
2022-08-24 09:58:19.236423 ((0, 0, 0), (0, 0, 1), (1, 0, 1), (1, 1, 1)) 13 40
2022-08-24 09:59:56.102046 ((0, 0, 0), (0, 0, 1), (1, 0, 1), (1, 1, 1)) 13 41
2022-08-24 10:01:33.158970 ((0, 0, 0), (0, 0, 1), (1, 0, 1), (1, 1, 1)) 13 42
2022-08-24 10:03:09.184975 ((0, 0, 0), (0, 0, 1), (1, 0, 1), (1, 1, 1)) 13 43
2022-08-24 10:04:46.119400 ((0, 0, 0), (0, 0, 1), (1, 0, 1), (1, 1, 1)) 13 44
2022-08-24 10:06:22.275877 ((0, 0, 0), (0, 0, 1), (1, 1, 0), (1, 1, 1)) 14 40
2022-08-24 10:07:58.702836 ((0, 0, 0), (0, 0, 1), (1, 1, 0), (1, 1, 1)) 14 41
2022-08-24 10:09:35.333368 ((0, 0, 0), (0, 0, 1), (1, 1, 0), (1, 1, 1)) 14 42
2022-08-24 10:11:12.014401 ((0, 0, 0), (0, 0, 1), (1, 1, 0), (1, 1, 1)) 14 43
2022-08-24 10:12:48.425279 ((0, 0, 0), (0, 0, 1), (1, 1, 0), (1, 1, 1)) 14 44
2022-08-24 10:14:24.772789 ((0, 0, 0), (0, 1, 0), (0, 1, 1), (1, 0, 0)) 15 40
2022-08-24 10:16:01.130590 ((0, 0, 0), (0, 1, 0), (0, 1, 1), (1, 0, 0)) 15 41
2022-08-24 10:17:37.211227 ((0, 0, 0), (0, 1, 0), (0, 1, 1), (1, 0, 0)) 15 42
2022-08-24 10:19:14.413385 ((0, 0, 0), (0, 1, 0), (0, 1, 1), (1, 0, 0)) 15 43
2022-08-24 10:20:51.293382 ((0, 0, 0), (0, 1, 0), (0, 1, 1), (1, 0, 0)) 15 44
2022-08-24 10:22:27.212107 ((0, 0, 0), (0, 1, 0), (0, 1, 1), (1, 0, 1)) 16 40
2022-08-24 10:24:03.708483 ((0, 0, 0), (0, 1, 0), (0, 1, 1), (1, 0, 1)) 16 41
2022-08-24 10:25:41.270068 ((0, 0, 0), (0, 1, 0), (0, 1, 1), (1, 0, 1)) 16 42
2022-08-24 10:27:17.645889 ((0, 0, 0), (0, 1, 0), (0, 1, 1), (1, 0, 1)) 16 43
2022-08-24 10:28:55.085707 ((0, 0, 0), (0, 1, 0), (0, 1, 1), (1, 0, 1)) 16 44
2022-08-24 10:30:31.822073 ((0, 0, 0), (0, 1, 0), (0, 1, 1), (1, 1, 0)) 17 40
2022-08-24 10:32:08.139909 ((0, 0, 0), (0, 1, 0), (0, 1, 1), (1, 1, 0)) 17 41
2022-08-24 10:33:44.549117 ((0, 0, 0), (0, 1, 0), (0, 1, 1), (1, 1, 0)) 17 42
2022-08-24 10:35:21.384826 ((0, 0, 0), (0, 1, 0), (0, 1, 1), (1, 1, 0)) 17 43
2022-08-24 10:36:59.243704 ((0, 0, 0), (0, 1, 0), (0, 1, 1), (1, 1, 0)) 17 44
2022-08-24 10:38:35.536076 ((0, 0, 0), (0, 1, 0), (0, 1, 1), (1, 1, 1)) 18 40
2022-08-24 10:40:12.679447 ((0, 0, 0), (0, 1, 0), (0, 1, 1), (1, 1, 1)) 18 41
2022-08-24 10:41:48.737935 ((0, 0, 0), (0, 1, 0), (0, 1, 1), (1, 1, 1)) 18 42
2022-08-24 10:43:25.192175 ((0, 0, 0), (0, 1, 0), (0, 1, 1), (1, 1, 1)) 18 43
2022-08-24 10:45:01.646320 ((0, 0, 0), (0, 1, 0), (0, 1, 1), (1, 1, 1)) 18 44
2022-08-24 10:46:38.028810 ((0, 0, 0), (0, 1, 0), (1, 0, 0), (1, 0, 1)) 19 40
2022-08-24 10:48:14.303068 ((0, 0, 0), (0, 1, 0), (1, 0, 0), (1, 0, 1)) 19 41
2022-08-24 10:49:50.941307 ((0, 0, 0), (0, 1, 0), (1, 0, 0), (1, 0, 1)) 19 42
2022-08-24 10:51:27.337116 ((0, 0, 0), (0, 1, 0), (1, 0, 0), (1, 0, 1)) 19 43
2022-08-24 10:53:03.960221 ((0, 0, 0), (0, 1, 0), (1, 0, 0), (1, 0, 1)) 19 44
2022-08-24 10:54:40.271005 ((0, 0, 0), (0, 1, 0), (1, 0, 0), (1, 1, 0)) 20 40
2022-08-24 10:56:16.667975 ((0, 0, 0), (0, 1, 0), (1, 0, 0), (1, 1, 0)) 20 41
2022-08-24 10:57:53.168498 ((0, 0, 0), (0, 1, 0), (1, 0, 0), (1, 1, 0)) 20 42
2022-08-24 10:59:29.773489 ((0, 0, 0), (0, 1, 0), (1, 0, 0), (1, 1, 0)) 20 43
2022-08-24 11:01:06.261719 ((0, 0, 0), (0, 1, 0), (1, 0, 0), (1, 1, 0)) 20 44
2022-08-24 11:02:42.826535 ((0, 0, 0), (0, 1, 0), (1, 0, 0), (1, 1, 1)) 21 40
2022-08-24 11:04:19.202005 ((0, 0, 0), (0, 1, 0), (1, 0, 0), (1, 1, 1)) 21 41
2022-08-24 11:05:55.642218 ((0, 0, 0), (0, 1, 0), (1, 0, 0), (1, 1, 1)) 21 42
2022-08-24 11:07:32.049170 ((0, 0, 0), (0, 1, 0), (1, 0, 0), (1, 1, 1)) 21 43
2022-08-24 11:09:08.283978 ((0, 0, 0), (0, 1, 0), (1, 0, 0), (1, 1, 1)) 21 44
2022-08-24 11:10:44.592828 ((0, 0, 0), (0, 1, 0), (1, 0, 1), (1, 1, 0)) 22 40
2022-08-24 11:12:21.543762 ((0, 0, 0), (0, 1, 0), (1, 0, 1), (1, 1, 0)) 22 41
2022-08-24 11:13:58.119910 ((0, 0, 0), (0, 1, 0), (1, 0, 1), (1, 1, 0)) 22 42
2022-08-24 11:15:34.835337 ((0, 0, 0), (0, 1, 0), (1, 0, 1), (1, 1, 0)) 22 43
2022-08-24 11:17:11.421923 ((0, 0, 0), (0, 1, 0), (1, 0, 1), (1, 1, 0)) 22 44
2022-08-24 11:18:47.253358 ((0, 0, 0), (0, 1, 0), (1, 0, 1), (1, 1, 1)) 23 40
2022-08-24 11:20:24.657328 ((0, 0, 0), (0, 1, 0), (1, 0, 1), (1, 1, 1)) 23 41
2022-08-24 11:22:01.853067 ((0, 0, 0), (0, 1, 0), (1, 0, 1), (1, 1, 1)) 23 42
2022-08-24 11:23:38.259285 ((0, 0, 0), (0, 1, 0), (1, 0, 1), (1, 1, 1)) 23 43
2022-08-24 11:25:15.012896 ((0, 0, 0), (0, 1, 0), (1, 0, 1), (1, 1, 1)) 23 44
2022-08-24 11:26:51.434508 ((0, 0, 0), (0, 1, 0), (1, 1, 0), (1, 1, 1)) 24 40
2022-08-24 11:28:27.370582 ((0, 0, 0), (0, 1, 0), (1, 1, 0), (1, 1, 1)) 24 41
2022-08-24 11:30:03.779768 ((0, 0, 0), (0, 1, 0), (1, 1, 0), (1, 1, 1)) 24 42
2022-08-24 11:31:42.422706 ((0, 0, 0), (0, 1, 0), (1, 1, 0), (1, 1, 1)) 24 43
2022-08-24 11:33:19.017081 ((0, 0, 0), (0, 1, 0), (1, 1, 0), (1, 1, 1)) 24 44
2022-08-24 11:34:55.386683 ((0, 0, 0), (0, 1, 1), (1, 0, 0), (1, 0, 1)) 25 40
2022-08-24 11:36:31.390677 ((0, 0, 0), (0, 1, 1), (1, 0, 0), (1, 0, 1)) 25 41
2022-08-24 11:38:07.384707 ((0, 0, 0), (0, 1, 1), (1, 0, 0), (1, 0, 1)) 25 42
2022-08-24 11:39:44.108886 ((0, 0, 0), (0, 1, 1), (1, 0, 0), (1, 0, 1)) 25 43
2022-08-24 11:41:20.705993 ((0, 0, 0), (0, 1, 1), (1, 0, 0), (1, 0, 1)) 25 44
2022-08-24 11:42:57.081205 ((0, 0, 0), (0, 1, 1), (1, 0, 0), (1, 1, 0)) 26 40
2022-08-24 11:44:34.123137 ((0, 0, 0), (0, 1, 1), (1, 0, 0), (1, 1, 0)) 26 41
2022-08-24 11:46:10.833685 ((0, 0, 0), (0, 1, 1), (1, 0, 0), (1, 1, 0)) 26 42
2022-08-24 11:47:47.148625 ((0, 0, 0), (0, 1, 1), (1, 0, 0), (1, 1, 0)) 26 43
2022-08-24 11:49:23.779707 ((0, 0, 0), (0, 1, 1), (1, 0, 0), (1, 1, 0)) 26 44
2022-08-24 11:51:00.625533 ((0, 0, 0), (0, 1, 1), (1, 0, 0), (1, 1, 1)) 27 40
2022-08-24 11:52:36.591572 ((0, 0, 0), (0, 1, 1), (1, 0, 0), (1, 1, 1)) 27 41
2022-08-24 11:54:13.313208 ((0, 0, 0), (0, 1, 1), (1, 0, 0), (1, 1, 1)) 27 42
2022-08-24 11:55:49.582755 ((0, 0, 0), (0, 1, 1), (1, 0, 0), (1, 1, 1)) 27 43
2022-08-24 11:57:26.114116 ((0, 0, 0), (0, 1, 1), (1, 0, 0), (1, 1, 1)) 27 44
2022-08-24 11:59:03.085153 ((0, 0, 0), (0, 1, 1), (1, 0, 1), (1, 1, 0)) 28 40
2022-08-24 12:00:41.307609 ((0, 0, 0), (0, 1, 1), (1, 0, 1), (1, 1, 0)) 28 41
2022-08-24 12:02:18.977295 ((0, 0, 0), (0, 1, 1), (1, 0, 1), (1, 1, 0)) 28 42
2022-08-24 12:03:56.702451 ((0, 0, 0), (0, 1, 1), (1, 0, 1), (1, 1, 0)) 28 43
2022-08-24 12:05:34.422530 ((0, 0, 0), (0, 1, 1), (1, 0, 1), (1, 1, 0)) 28 44
2022-08-24 12:07:12.851275 ((0, 0, 0), (0, 1, 1), (1, 0, 1), (1, 1, 1)) 29 40
2022-08-24 12:08:51.721931 ((0, 0, 0), (0, 1, 1), (1, 0, 1), (1, 1, 1)) 29 41
2022-08-24 12:10:30.956346 ((0, 0, 0), (0, 1, 1), (1, 0, 1), (1, 1, 1)) 29 42
2022-08-24 12:12:10.440398 ((0, 0, 0), (0, 1, 1), (1, 0, 1), (1, 1, 1)) 29 43
2022-08-24 12:13:49.696040 ((0, 0, 0), (0, 1, 1), (1, 0, 1), (1, 1, 1)) 29 44
2022-08-24 12:15:28.607969 ((0, 0, 0), (0, 1, 1), (1, 1, 0), (1, 1, 1)) 30 40
2022-08-24 12:17:07.410082 ((0, 0, 0), (0, 1, 1), (1, 1, 0), (1, 1, 1)) 30 41
2022-08-24 12:18:46.220003 ((0, 0, 0), (0, 1, 1), (1, 1, 0), (1, 1, 1)) 30 42
2022-08-24 12:20:25.198462 ((0, 0, 0), (0, 1, 1), (1, 1, 0), (1, 1, 1)) 30 43
2022-08-24 12:22:03.895865 ((0, 0, 0), (0, 1, 1), (1, 1, 0), (1, 1, 1)) 30 44
2022-08-24 12:23:42.936286 ((0, 0, 0), (1, 0, 0), (1, 0, 1), (1, 1, 0)) 31 40
2022-08-24 12:25:22.012378 ((0, 0, 0), (1, 0, 0), (1, 0, 1), (1, 1, 0)) 31 41
2022-08-24 12:27:01.198341 ((0, 0, 0), (1, 0, 0), (1, 0, 1), (1, 1, 0)) 31 42
2022-08-24 12:28:40.308031 ((0, 0, 0), (1, 0, 0), (1, 0, 1), (1, 1, 0)) 31 43
2022-08-24 12:30:19.175374 ((0, 0, 0), (1, 0, 0), (1, 0, 1), (1, 1, 0)) 31 44
2022-08-24 12:31:58.976556 ((0, 0, 0), (1, 0, 0), (1, 0, 1), (1, 1, 1)) 32 40
2022-08-24 12:33:37.539126 ((0, 0, 0), (1, 0, 0), (1, 0, 1), (1, 1, 1)) 32 41
2022-08-24 12:35:16.571671 ((0, 0, 0), (1, 0, 0), (1, 0, 1), (1, 1, 1)) 32 42
2022-08-24 12:36:55.698518 ((0, 0, 0), (1, 0, 0), (1, 0, 1), (1, 1, 1)) 32 43
2022-08-24 12:38:34.523951 ((0, 0, 0), (1, 0, 0), (1, 0, 1), (1, 1, 1)) 32 44
2022-08-24 12:40:13.414761 ((0, 0, 0), (1, 0, 0), (1, 1, 0), (1, 1, 1)) 33 40
2022-08-24 12:41:51.998054 ((0, 0, 0), (1, 0, 0), (1, 1, 0), (1, 1, 1)) 33 41
2022-08-24 12:43:30.735382 ((0, 0, 0), (1, 0, 0), (1, 1, 0), (1, 1, 1)) 33 42
2022-08-24 12:45:09.629043 ((0, 0, 0), (1, 0, 0), (1, 1, 0), (1, 1, 1)) 33 43
2022-08-24 12:46:48.787976 ((0, 0, 0), (1, 0, 0), (1, 1, 0), (1, 1, 1)) 33 44
2022-08-24 12:48:27.633010 ((0, 0, 0), (1, 0, 1), (1, 1, 0), (1, 1, 1)) 34 40
2022-08-24 12:50:06.717107 ((0, 0, 0), (1, 0, 1), (1, 1, 0), (1, 1, 1)) 34 41
2022-08-24 12:51:45.661584 ((0, 0, 0), (1, 0, 1), (1, 1, 0), (1, 1, 1)) 34 42
2022-08-24 12:53:26.288940 ((0, 0, 0), (1, 0, 1), (1, 1, 0), (1, 1, 1)) 34 43
2022-08-24 12:55:06.488914 ((0, 0, 0), (1, 0, 1), (1, 1, 0), (1, 1, 1)) 34 44
2022-08-24 12:56:46.435986 ((0, 0, 1), (0, 1, 0), (0, 1, 1), (1, 0, 0)) 35 40
2022-08-24 12:58:25.373932 ((0, 0, 1), (0, 1, 0), (0, 1, 1), (1, 0, 0)) 35 41
2022-08-24 13:00:04.615300 ((0, 0, 1), (0, 1, 0), (0, 1, 1), (1, 0, 0)) 35 42
2022-08-24 13:01:43.756668 ((0, 0, 1), (0, 1, 0), (0, 1, 1), (1, 0, 0)) 35 43
2022-08-24 13:03:22.472326 ((0, 0, 1), (0, 1, 0), (0, 1, 1), (1, 0, 0)) 35 44
2022-08-24 13:05:01.719490 ((0, 0, 1), (0, 1, 0), (0, 1, 1), (1, 0, 1)) 36 40
2022-08-24 13:06:40.397996 ((0, 0, 1), (0, 1, 0), (0, 1, 1), (1, 0, 1)) 36 41
2022-08-24 13:08:18.892542 ((0, 0, 1), (0, 1, 0), (0, 1, 1), (1, 0, 1)) 36 42
2022-08-24 13:09:57.945972 ((0, 0, 1), (0, 1, 0), (0, 1, 1), (1, 0, 1)) 36 43
2022-08-24 13:11:36.389499 ((0, 0, 1), (0, 1, 0), (0, 1, 1), (1, 0, 1)) 36 44
2022-08-24 13:13:15.357314 ((0, 0, 1), (0, 1, 0), (0, 1, 1), (1, 1, 0)) 37 40
2022-08-24 13:14:54.403563 ((0, 0, 1), (0, 1, 0), (0, 1, 1), (1, 1, 0)) 37 41
2022-08-24 13:16:33.405360 ((0, 0, 1), (0, 1, 0), (0, 1, 1), (1, 1, 0)) 37 42
2022-08-24 13:18:12.276606 ((0, 0, 1), (0, 1, 0), (0, 1, 1), (1, 1, 0)) 37 43
2022-08-24 13:19:51.173009 ((0, 0, 1), (0, 1, 0), (0, 1, 1), (1, 1, 0)) 37 44
2022-08-24 13:21:29.434348 ((0, 0, 1), (0, 1, 0), (0, 1, 1), (1, 1, 1)) 38 40
2022-08-24 13:23:08.416022 ((0, 0, 1), (0, 1, 0), (0, 1, 1), (1, 1, 1)) 38 41
2022-08-24 13:24:47.202524 ((0, 0, 1), (0, 1, 0), (0, 1, 1), (1, 1, 1)) 38 42
2022-08-24 13:26:26.200094 ((0, 0, 1), (0, 1, 0), (0, 1, 1), (1, 1, 1)) 38 43
2022-08-24 13:28:04.931167 ((0, 0, 1), (0, 1, 0), (0, 1, 1), (1, 1, 1)) 38 44
2022-08-24 13:29:43.355281 ((0, 0, 1), (0, 1, 0), (1, 0, 0), (1, 0, 1)) 39 40
2022-08-24 13:31:22.038477 ((0, 0, 1), (0, 1, 0), (1, 0, 0), (1, 0, 1)) 39 41
2022-08-24 13:33:00.840754 ((0, 0, 1), (0, 1, 0), (1, 0, 0), (1, 0, 1)) 39 42
2022-08-24 13:34:39.164602 ((0, 0, 1), (0, 1, 0), (1, 0, 0), (1, 0, 1)) 39 43
2022-08-24 13:36:18.261532 ((0, 0, 1), (0, 1, 0), (1, 0, 0), (1, 0, 1)) 39 44
2022-08-24 13:37:57.035931 ((0, 0, 1), (0, 1, 0), (1, 0, 0), (1, 1, 0)) 40 40
2022-08-24 13:39:35.727835 ((0, 0, 1), (0, 1, 0), (1, 0, 0), (1, 1, 0)) 40 41
2022-08-24 13:41:14.009405 ((0, 0, 1), (0, 1, 0), (1, 0, 0), (1, 1, 0)) 40 42
2022-08-24 13:42:53.018513 ((0, 0, 1), (0, 1, 0), (1, 0, 0), (1, 1, 0)) 40 43
2022-08-24 13:44:31.795555 ((0, 0, 1), (0, 1, 0), (1, 0, 0), (1, 1, 0)) 40 44
2022-08-24 13:46:10.343871 ((0, 0, 1), (0, 1, 0), (1, 0, 0), (1, 1, 1)) 41 40
2022-08-24 13:47:49.204402 ((0, 0, 1), (0, 1, 0), (1, 0, 0), (1, 1, 1)) 41 41
2022-08-24 13:49:27.835430 ((0, 0, 1), (0, 1, 0), (1, 0, 0), (1, 1, 1)) 41 42
2022-08-24 13:51:07.162663 ((0, 0, 1), (0, 1, 0), (1, 0, 0), (1, 1, 1)) 41 43
2022-08-24 13:52:45.817347 ((0, 0, 1), (0, 1, 0), (1, 0, 0), (1, 1, 1)) 41 44
2022-08-24 13:54:24.773114 ((0, 0, 1), (0, 1, 0), (1, 0, 1), (1, 1, 0)) 42 40
2022-08-24 13:56:03.869553 ((0, 0, 1), (0, 1, 0), (1, 0, 1), (1, 1, 0)) 42 41
2022-08-24 13:57:42.101229 ((0, 0, 1), (0, 1, 0), (1, 0, 1), (1, 1, 0)) 42 42
2022-08-24 13:59:20.534160 ((0, 0, 1), (0, 1, 0), (1, 0, 1), (1, 1, 0)) 42 43
2022-08-24 14:01:00.615091 ((0, 0, 1), (0, 1, 0), (1, 0, 1), (1, 1, 0)) 42 44
2022-08-24 14:02:40.884430 ((0, 0, 1), (0, 1, 0), (1, 0, 1), (1, 1, 1)) 43 40
2022-08-24 14:04:19.928839 ((0, 0, 1), (0, 1, 0), (1, 0, 1), (1, 1, 1)) 43 41
2022-08-24 14:05:59.036753 ((0, 0, 1), (0, 1, 0), (1, 0, 1), (1, 1, 1)) 43 42
2022-08-24 14:07:37.670345 ((0, 0, 1), (0, 1, 0), (1, 0, 1), (1, 1, 1)) 43 43
2022-08-24 14:09:16.720329 ((0, 0, 1), (0, 1, 0), (1, 0, 1), (1, 1, 1)) 43 44
2022-08-24 14:10:55.853538 ((0, 0, 1), (0, 1, 0), (1, 1, 0), (1, 1, 1)) 44 40
2022-08-24 14:12:34.406571 ((0, 0, 1), (0, 1, 0), (1, 1, 0), (1, 1, 1)) 44 41
2022-08-24 14:14:13.313220 ((0, 0, 1), (0, 1, 0), (1, 1, 0), (1, 1, 1)) 44 42
2022-08-24 14:15:52.559815 ((0, 0, 1), (0, 1, 0), (1, 1, 0), (1, 1, 1)) 44 43
2022-08-24 14:17:32.632884 ((0, 0, 1), (0, 1, 0), (1, 1, 0), (1, 1, 1)) 44 44
2022-08-24 14:19:11.433103 ((0, 0, 1), (0, 1, 1), (1, 0, 0), (1, 0, 1)) 45 40
2022-08-24 14:20:50.575152 ((0, 0, 1), (0, 1, 1), (1, 0, 0), (1, 0, 1)) 45 41
2022-08-24 14:22:29.566110 ((0, 0, 1), (0, 1, 1), (1, 0, 0), (1, 0, 1)) 45 42
2022-08-24 14:24:08.249036 ((0, 0, 1), (0, 1, 1), (1, 0, 0), (1, 0, 1)) 45 43
2022-08-24 14:25:47.206655 ((0, 0, 1), (0, 1, 1), (1, 0, 0), (1, 0, 1)) 45 44
2022-08-24 14:27:25.708839 ((0, 0, 1), (0, 1, 1), (1, 0, 0), (1, 1, 0)) 46 40
2022-08-24 14:29:04.574840 ((0, 0, 1), (0, 1, 1), (1, 0, 0), (1, 1, 0)) 46 41
2022-08-24 14:30:43.919175 ((0, 0, 1), (0, 1, 1), (1, 0, 0), (1, 1, 0)) 46 42
2022-08-24 14:32:22.737476 ((0, 0, 1), (0, 1, 1), (1, 0, 0), (1, 1, 0)) 46 43
2022-08-24 14:34:03.304756 ((0, 0, 1), (0, 1, 1), (1, 0, 0), (1, 1, 0)) 46 44
2022-08-24 14:35:42.668083 ((0, 0, 1), (0, 1, 1), (1, 0, 0), (1, 1, 1)) 47 40
2022-08-24 14:37:21.323674 ((0, 0, 1), (0, 1, 1), (1, 0, 0), (1, 1, 1)) 47 41
2022-08-24 14:38:59.849866 ((0, 0, 1), (0, 1, 1), (1, 0, 0), (1, 1, 1)) 47 42
2022-08-24 14:40:38.615065 ((0, 0, 1), (0, 1, 1), (1, 0, 0), (1, 1, 1)) 47 43
2022-08-24 14:42:17.146425 ((0, 0, 1), (0, 1, 1), (1, 0, 0), (1, 1, 1)) 47 44
2022-08-24 14:43:56.108620 ((0, 0, 1), (0, 1, 1), (1, 0, 1), (1, 1, 0)) 48 40
2022-08-24 14:45:34.565896 ((0, 0, 1), (0, 1, 1), (1, 0, 1), (1, 1, 0)) 48 41
2022-08-24 14:47:13.537238 ((0, 0, 1), (0, 1, 1), (1, 0, 1), (1, 1, 0)) 48 42
2022-08-24 14:48:52.623161 ((0, 0, 1), (0, 1, 1), (1, 0, 1), (1, 1, 0)) 48 43
2022-08-24 14:50:32.018441 ((0, 0, 1), (0, 1, 1), (1, 0, 1), (1, 1, 0)) 48 44
2022-08-24 14:52:12.065788 ((0, 0, 1), (0, 1, 1), (1, 0, 1), (1, 1, 1)) 49 40
2022-08-24 14:53:50.826107 ((0, 0, 1), (0, 1, 1), (1, 0, 1), (1, 1, 1)) 49 41
2022-08-24 14:55:29.596145 ((0, 0, 1), (0, 1, 1), (1, 0, 1), (1, 1, 1)) 49 42
2022-08-24 14:57:15.539901 ((0, 0, 1), (0, 1, 1), (1, 0, 1), (1, 1, 1)) 49 43
2022-08-24 14:59:06.085123 ((0, 0, 1), (0, 1, 1), (1, 0, 1), (1, 1, 1)) 49 44
2022-08-24 15:00:57.815106 ((0, 0, 1), (0, 1, 1), (1, 1, 0), (1, 1, 1)) 50 40
2022-08-24 15:02:48.503817 ((0, 0, 1), (0, 1, 1), (1, 1, 0), (1, 1, 1)) 50 41
2022-08-24 15:04:40.305787 ((0, 0, 1), (0, 1, 1), (1, 1, 0), (1, 1, 1)) 50 42
2022-08-24 15:06:32.981881 ((0, 0, 1), (0, 1, 1), (1, 1, 0), (1, 1, 1)) 50 43
2022-08-24 15:08:24.555815 ((0, 0, 1), (0, 1, 1), (1, 1, 0), (1, 1, 1)) 50 44
2022-08-24 15:10:10.550475 ((0, 0, 1), (1, 0, 0), (1, 0, 1), (1, 1, 0)) 51 40
2022-08-24 15:12:02.195552 ((0, 0, 1), (1, 0, 0), (1, 0, 1), (1, 1, 0)) 51 41
2022-08-24 15:13:52.586747 ((0, 0, 1), (1, 0, 0), (1, 0, 1), (1, 1, 0)) 51 42
2022-08-24 15:15:43.658479 ((0, 0, 1), (1, 0, 0), (1, 0, 1), (1, 1, 0)) 51 43
2022-08-24 15:17:35.840785 ((0, 0, 1), (1, 0, 0), (1, 0, 1), (1, 1, 0)) 51 44
2022-08-24 15:19:27.135897 ((0, 0, 1), (1, 0, 0), (1, 0, 1), (1, 1, 1)) 52 40
2022-08-24 15:21:18.908597 ((0, 0, 1), (1, 0, 0), (1, 0, 1), (1, 1, 1)) 52 41
2022-08-24 15:23:05.825299 ((0, 0, 1), (1, 0, 0), (1, 0, 1), (1, 1, 1)) 52 42
2022-08-24 15:24:57.347585 ((0, 0, 1), (1, 0, 0), (1, 0, 1), (1, 1, 1)) 52 43
2022-08-24 15:26:49.429219 ((0, 0, 1), (1, 0, 0), (1, 0, 1), (1, 1, 1)) 52 44
2022-08-24 15:28:40.070281 ((0, 0, 1), (1, 0, 0), (1, 1, 0), (1, 1, 1)) 53 40
2022-08-24 15:30:32.212438 ((0, 0, 1), (1, 0, 0), (1, 1, 0), (1, 1, 1)) 53 41
2022-08-24 15:32:24.440258 ((0, 0, 1), (1, 0, 0), (1, 1, 0), (1, 1, 1)) 53 42
2022-08-24 15:34:17.740531 ((0, 0, 1), (1, 0, 0), (1, 1, 0), (1, 1, 1)) 53 43
2022-08-24 15:36:06.474719 ((0, 0, 1), (1, 0, 0), (1, 1, 0), (1, 1, 1)) 53 44
2022-08-24 15:37:55.808094 ((0, 0, 1), (1, 0, 1), (1, 1, 0), (1, 1, 1)) 54 40
2022-08-24 15:39:45.938934 ((0, 0, 1), (1, 0, 1), (1, 1, 0), (1, 1, 1)) 54 41
2022-08-24 15:41:36.351915 ((0, 0, 1), (1, 0, 1), (1, 1, 0), (1, 1, 1)) 54 42
2022-08-24 15:43:28.526885 ((0, 0, 1), (1, 0, 1), (1, 1, 0), (1, 1, 1)) 54 43
2022-08-24 15:45:18.977589 ((0, 0, 1), (1, 0, 1), (1, 1, 0), (1, 1, 1)) 54 44
2022-08-24 15:47:11.555329 ((0, 1, 0), (0, 1, 1), (1, 0, 0), (1, 0, 1)) 55 40
2022-08-24 15:49:02.168792 ((0, 1, 0), (0, 1, 1), (1, 0, 0), (1, 0, 1)) 55 41
2022-08-24 15:50:51.541245 ((0, 1, 0), (0, 1, 1), (1, 0, 0), (1, 0, 1)) 55 42
2022-08-24 15:52:40.806039 ((0, 1, 0), (0, 1, 1), (1, 0, 0), (1, 0, 1)) 55 43
2022-08-24 15:54:32.438638 ((0, 1, 0), (0, 1, 1), (1, 0, 0), (1, 0, 1)) 55 44
2022-08-24 15:56:24.380274 ((0, 1, 0), (0, 1, 1), (1, 0, 0), (1, 1, 0)) 56 40
2022-08-24 15:58:18.018024 ((0, 1, 0), (0, 1, 1), (1, 0, 0), (1, 1, 0)) 56 41
2022-08-24 16:00:09.733063 ((0, 1, 0), (0, 1, 1), (1, 0, 0), (1, 1, 0)) 56 42
2022-08-24 16:01:57.675211 ((0, 1, 0), (0, 1, 1), (1, 0, 0), (1, 1, 0)) 56 43
2022-08-24 16:03:47.201867 ((0, 1, 0), (0, 1, 1), (1, 0, 0), (1, 1, 0)) 56 44
2022-08-24 16:05:37.470404 ((0, 1, 0), (0, 1, 1), (1, 0, 0), (1, 1, 1)) 57 40
2022-08-24 16:07:27.635269 ((0, 1, 0), (0, 1, 1), (1, 0, 0), (1, 1, 1)) 57 41
2022-08-24 16:09:18.829009 ((0, 1, 0), (0, 1, 1), (1, 0, 0), (1, 1, 1)) 57 42
2022-08-24 16:11:10.886378 ((0, 1, 0), (0, 1, 1), (1, 0, 0), (1, 1, 1)) 57 43
2022-08-24 16:13:03.076456 ((0, 1, 0), (0, 1, 1), (1, 0, 0), (1, 1, 1)) 57 44
2022-08-24 16:14:54.172109 ((0, 1, 0), (0, 1, 1), (1, 0, 1), (1, 1, 0)) 58 40
2022-08-24 16:16:40.415193 ((0, 1, 0), (0, 1, 1), (1, 0, 1), (1, 1, 0)) 58 41
2022-08-24 16:18:32.405883 ((0, 1, 0), (0, 1, 1), (1, 0, 1), (1, 1, 0)) 58 42
2022-08-24 16:20:23.538952 ((0, 1, 0), (0, 1, 1), (1, 0, 1), (1, 1, 0)) 58 43
2022-08-24 16:22:14.931200 ((0, 1, 0), (0, 1, 1), (1, 0, 1), (1, 1, 0)) 58 44
2022-08-24 16:24:06.721244 ((0, 1, 0), (0, 1, 1), (1, 0, 1), (1, 1, 1)) 59 40
2022-08-24 16:26:00.131395 ((0, 1, 0), (0, 1, 1), (1, 0, 1), (1, 1, 1)) 59 41
2022-08-24 16:27:51.953902 ((0, 1, 0), (0, 1, 1), (1, 0, 1), (1, 1, 1)) 59 42
2022-08-24 16:29:37.283912 ((0, 1, 0), (0, 1, 1), (1, 0, 1), (1, 1, 1)) 59 43
2022-08-24 16:31:29.233711 ((0, 1, 0), (0, 1, 1), (1, 0, 1), (1, 1, 1)) 59 44
2022-08-24 16:33:20.313955 ((0, 1, 0), (0, 1, 1), (1, 1, 0), (1, 1, 1)) 60 40
2022-08-24 16:35:11.750645 ((0, 1, 0), (0, 1, 1), (1, 1, 0), (1, 1, 1)) 60 41
2022-08-24 16:37:04.200732 ((0, 1, 0), (0, 1, 1), (1, 1, 0), (1, 1, 1)) 60 42
2022-08-24 16:38:56.270040 ((0, 1, 0), (0, 1, 1), (1, 1, 0), (1, 1, 1)) 60 43
2022-08-24 16:40:48.256414 ((0, 1, 0), (0, 1, 1), (1, 1, 0), (1, 1, 1)) 60 44
2022-08-24 16:42:34.649267 ((0, 1, 0), (1, 0, 0), (1, 0, 1), (1, 1, 0)) 61 40
2022-08-24 16:44:27.128992 ((0, 1, 0), (1, 0, 0), (1, 0, 1), (1, 1, 0)) 61 41
2022-08-24 16:46:17.999720 ((0, 1, 0), (1, 0, 0), (1, 0, 1), (1, 1, 0)) 61 42
2022-08-24 16:48:08.723332 ((0, 1, 0), (1, 0, 0), (1, 0, 1), (1, 1, 0)) 61 43
2022-08-24 16:50:01.154675 ((0, 1, 0), (1, 0, 0), (1, 0, 1), (1, 1, 0)) 61 44
2022-08-24 16:51:53.286772 ((0, 1, 0), (1, 0, 0), (1, 0, 1), (1, 1, 1)) 62 40
2022-08-24 16:53:45.046415 ((0, 1, 0), (1, 0, 0), (1, 0, 1), (1, 1, 1)) 62 41
2022-08-24 16:55:31.014309 ((0, 1, 0), (1, 0, 0), (1, 0, 1), (1, 1, 1)) 62 42
2022-08-24 16:57:22.735334 ((0, 1, 0), (1, 0, 0), (1, 0, 1), (1, 1, 1)) 62 43
2022-08-24 16:59:12.501617 ((0, 1, 0), (1, 0, 0), (1, 0, 1), (1, 1, 1)) 62 44
2022-08-24 17:01:04.707837 ((0, 1, 0), (1, 0, 0), (1, 1, 0), (1, 1, 1)) 63 40
2022-08-24 17:02:57.202921 ((0, 1, 0), (1, 0, 0), (1, 1, 0), (1, 1, 1)) 63 41
2022-08-24 17:04:48.711028 ((0, 1, 0), (1, 0, 0), (1, 1, 0), (1, 1, 1)) 63 42
2022-08-24 17:06:41.776551 ((0, 1, 0), (1, 0, 0), (1, 1, 0), (1, 1, 1)) 63 43
2022-08-24 17:08:28.150855 ((0, 1, 0), (1, 0, 0), (1, 1, 0), (1, 1, 1)) 63 44
2022-08-24 17:10:22.429400 ((0, 1, 0), (1, 0, 1), (1, 1, 0), (1, 1, 1)) 64 40
2022-08-24 17:12:13.515004 ((0, 1, 0), (1, 0, 1), (1, 1, 0), (1, 1, 1)) 64 41
2022-08-24 17:14:05.399678 ((0, 1, 0), (1, 0, 1), (1, 1, 0), (1, 1, 1)) 64 42
2022-08-24 17:15:57.849409 ((0, 1, 0), (1, 0, 1), (1, 1, 0), (1, 1, 1)) 64 43
2022-08-24 17:17:49.385935 ((0, 1, 0), (1, 0, 1), (1, 1, 0), (1, 1, 1)) 64 44
2022-08-24 17:19:42.005899 ((0, 1, 1), (1, 0, 0), (1, 0, 1), (1, 1, 0)) 65 40
2022-08-24 17:21:27.735248 ((0, 1, 1), (1, 0, 0), (1, 0, 1), (1, 1, 0)) 65 41
2022-08-24 17:23:18.696585 ((0, 1, 1), (1, 0, 0), (1, 0, 1), (1, 1, 0)) 65 42
2022-08-24 17:25:10.333743 ((0, 1, 1), (1, 0, 0), (1, 0, 1), (1, 1, 0)) 65 43
2022-08-24 17:27:02.941987 ((0, 1, 1), (1, 0, 0), (1, 0, 1), (1, 1, 0)) 65 44
2022-08-24 17:28:54.481378 ((0, 1, 1), (1, 0, 0), (1, 0, 1), (1, 1, 1)) 66 40
2022-08-24 17:30:46.465128 ((0, 1, 1), (1, 0, 0), (1, 0, 1), (1, 1, 1)) 66 41
2022-08-24 17:32:32.467937 ((0, 1, 1), (1, 0, 0), (1, 0, 1), (1, 1, 1)) 66 42
2022-08-24 17:34:24.064085 ((0, 1, 1), (1, 0, 0), (1, 0, 1), (1, 1, 1)) 66 43
2022-08-24 17:36:15.736170 ((0, 1, 1), (1, 0, 0), (1, 0, 1), (1, 1, 1)) 66 44
2022-08-24 17:38:07.452055 ((0, 1, 1), (1, 0, 0), (1, 1, 0), (1, 1, 1)) 67 40
2022-08-24 17:39:59.663267 ((0, 1, 1), (1, 0, 0), (1, 1, 0), (1, 1, 1)) 67 41
2022-08-24 17:41:48.223348 ((0, 1, 1), (1, 0, 0), (1, 1, 0), (1, 1, 1)) 67 42
2022-08-24 17:43:37.594355 ((0, 1, 1), (1, 0, 0), (1, 1, 0), (1, 1, 1)) 67 43
2022-08-24 17:45:28.675404 ((0, 1, 1), (1, 0, 0), (1, 1, 0), (1, 1, 1)) 67 44
2022-08-24 17:47:20.791559 ((0, 1, 1), (1, 0, 1), (1, 1, 0), (1, 1, 1)) 68 40
2022-08-24 17:49:12.802578 ((0, 1, 1), (1, 0, 1), (1, 1, 0), (1, 1, 1)) 68 41
2022-08-24 17:51:04.612865 ((0, 1, 1), (1, 0, 1), (1, 1, 0), (1, 1, 1)) 68 42
2022-08-24 17:52:50.189659 ((0, 1, 1), (1, 0, 1), (1, 1, 0), (1, 1, 1)) 68 43
2022-08-24 17:54:41.914334 ((0, 1, 1), (1, 0, 1), (1, 1, 0), (1, 1, 1)) 68 44
2022-08-24 17:56:34.125462 ((1, 0, 0), (1, 0, 1), (1, 1, 0), (1, 1, 1)) 69 40
2022-08-24 17:58:26.677738 ((1, 0, 0), (1, 0, 1), (1, 1, 0), (1, 1, 1)) 69 41
2022-08-24 18:00:19.365987 ((1, 0, 0), (1, 0, 1), (1, 1, 0), (1, 1, 1)) 69 42
2022-08-24 18:02:04.197086 ((1, 0, 0), (1, 0, 1), (1, 1, 0), (1, 1, 1)) 69 43
2022-08-24 18:03:55.244583 ((1, 0, 0), (1, 0, 1), (1, 1, 0), (1, 1, 1)) 69 44
