DRQN Experiment Parameters.
Namespace(seed=5, payoffs=[1.0, 1.0], n_iterations=100, n_train_evals=5, train_id_start=25, n_episodes=2000, epsilon=0.3, rnn_hidden_dim=4, fnn_hidden_dim=4, capacity=16, batch_size=8, lr=0.005, tau=0.01, gamma=0.975, len_update_cycle=1, save=True)

Parameter sources.
Command Line Args:   --seed=5 --train_id_start=25 --n_train_evals=5 --save
Config File (/data/engs-oxfair3/orie4536/online-lever-adaptation/experiments/all_length3_fpp/drqn.conf):
  n_episodes:        2000
  epsilon:           0.3
  rnn_hidden_dim:    4
  fnn_hidden_dim:    4
  capacity:          16
  batch_size:        8
  gamma:             0.975
  lr:                0.005
  tau:               1e-2
  len_update_cycle:  1
Config File (/data/engs-oxfair3/orie4536/online-lever-adaptation/experiments/all_length3_fpp/defaults.conf):
  payoffs:           ['1.', '1.']
  n_iterations:      100

2022-08-24 08:10:29.876935 ((0, 0, 0), (0, 0, 1), (0, 1, 0), (0, 1, 1)) 0 25
2022-08-24 08:12:09.551493 ((0, 0, 0), (0, 0, 1), (0, 1, 0), (0, 1, 1)) 0 26
2022-08-24 08:13:50.304536 ((0, 0, 0), (0, 0, 1), (0, 1, 0), (0, 1, 1)) 0 27
2022-08-24 08:15:31.787105 ((0, 0, 0), (0, 0, 1), (0, 1, 0), (0, 1, 1)) 0 28
2022-08-24 08:17:13.613080 ((0, 0, 0), (0, 0, 1), (0, 1, 0), (0, 1, 1)) 0 29
2022-08-24 08:18:54.963750 ((0, 0, 0), (0, 0, 1), (0, 1, 0), (1, 0, 0)) 1 25
2022-08-24 08:20:36.244761 ((0, 0, 0), (0, 0, 1), (0, 1, 0), (1, 0, 0)) 1 26
2022-08-24 08:22:18.019123 ((0, 0, 0), (0, 0, 1), (0, 1, 0), (1, 0, 0)) 1 27
2022-08-24 08:23:59.363920 ((0, 0, 0), (0, 0, 1), (0, 1, 0), (1, 0, 0)) 1 28
2022-08-24 08:25:40.611703 ((0, 0, 0), (0, 0, 1), (0, 1, 0), (1, 0, 0)) 1 29
2022-08-24 08:27:22.275752 ((0, 0, 0), (0, 0, 1), (0, 1, 0), (1, 0, 1)) 2 25
2022-08-24 08:29:03.931965 ((0, 0, 0), (0, 0, 1), (0, 1, 0), (1, 0, 1)) 2 26
2022-08-24 08:30:46.187713 ((0, 0, 0), (0, 0, 1), (0, 1, 0), (1, 0, 1)) 2 27
2022-08-24 08:32:28.822906 ((0, 0, 0), (0, 0, 1), (0, 1, 0), (1, 0, 1)) 2 28
2022-08-24 08:34:10.039714 ((0, 0, 0), (0, 0, 1), (0, 1, 0), (1, 0, 1)) 2 29
2022-08-24 08:35:47.689763 ((0, 0, 0), (0, 0, 1), (0, 1, 0), (1, 1, 0)) 3 25
2022-08-24 08:37:24.884597 ((0, 0, 0), (0, 0, 1), (0, 1, 0), (1, 1, 0)) 3 26
2022-08-24 08:39:02.433573 ((0, 0, 0), (0, 0, 1), (0, 1, 0), (1, 1, 0)) 3 27
2022-08-24 08:40:39.638859 ((0, 0, 0), (0, 0, 1), (0, 1, 0), (1, 1, 0)) 3 28
2022-08-24 08:42:16.988542 ((0, 0, 0), (0, 0, 1), (0, 1, 0), (1, 1, 0)) 3 29
2022-08-24 08:43:54.257416 ((0, 0, 0), (0, 0, 1), (0, 1, 0), (1, 1, 1)) 4 25
2022-08-24 08:45:31.587596 ((0, 0, 0), (0, 0, 1), (0, 1, 0), (1, 1, 1)) 4 26
2022-08-24 08:47:08.736790 ((0, 0, 0), (0, 0, 1), (0, 1, 0), (1, 1, 1)) 4 27
2022-08-24 08:48:46.159464 ((0, 0, 0), (0, 0, 1), (0, 1, 0), (1, 1, 1)) 4 28
2022-08-24 08:50:23.503777 ((0, 0, 0), (0, 0, 1), (0, 1, 0), (1, 1, 1)) 4 29
2022-08-24 08:52:00.605060 ((0, 0, 0), (0, 0, 1), (0, 1, 1), (1, 0, 0)) 5 25
2022-08-24 08:53:37.954389 ((0, 0, 0), (0, 0, 1), (0, 1, 1), (1, 0, 0)) 5 26
2022-08-24 08:55:15.498885 ((0, 0, 0), (0, 0, 1), (0, 1, 1), (1, 0, 0)) 5 27
2022-08-24 08:56:53.167493 ((0, 0, 0), (0, 0, 1), (0, 1, 1), (1, 0, 0)) 5 28
2022-08-24 08:58:30.507403 ((0, 0, 0), (0, 0, 1), (0, 1, 1), (1, 0, 0)) 5 29
2022-08-24 09:00:08.117774 ((0, 0, 0), (0, 0, 1), (0, 1, 1), (1, 0, 1)) 6 25
2022-08-24 09:01:45.415804 ((0, 0, 0), (0, 0, 1), (0, 1, 1), (1, 0, 1)) 6 26
2022-08-24 09:03:22.733244 ((0, 0, 0), (0, 0, 1), (0, 1, 1), (1, 0, 1)) 6 27
2022-08-24 09:05:00.503554 ((0, 0, 0), (0, 0, 1), (0, 1, 1), (1, 0, 1)) 6 28
2022-08-24 09:06:37.857954 ((0, 0, 0), (0, 0, 1), (0, 1, 1), (1, 0, 1)) 6 29
2022-08-24 09:08:15.278804 ((0, 0, 0), (0, 0, 1), (0, 1, 1), (1, 1, 0)) 7 25
2022-08-24 09:09:53.594645 ((0, 0, 0), (0, 0, 1), (0, 1, 1), (1, 1, 0)) 7 26
2022-08-24 09:11:31.154827 ((0, 0, 0), (0, 0, 1), (0, 1, 1), (1, 1, 0)) 7 27
2022-08-24 09:13:08.605092 ((0, 0, 0), (0, 0, 1), (0, 1, 1), (1, 1, 0)) 7 28
2022-08-24 09:14:45.922993 ((0, 0, 0), (0, 0, 1), (0, 1, 1), (1, 1, 0)) 7 29
2022-08-24 09:16:23.296229 ((0, 0, 0), (0, 0, 1), (0, 1, 1), (1, 1, 1)) 8 25
2022-08-24 09:18:00.880648 ((0, 0, 0), (0, 0, 1), (0, 1, 1), (1, 1, 1)) 8 26
2022-08-24 09:19:38.336733 ((0, 0, 0), (0, 0, 1), (0, 1, 1), (1, 1, 1)) 8 27
2022-08-24 09:21:16.372288 ((0, 0, 0), (0, 0, 1), (0, 1, 1), (1, 1, 1)) 8 28
2022-08-24 09:22:53.654046 ((0, 0, 0), (0, 0, 1), (0, 1, 1), (1, 1, 1)) 8 29
2022-08-24 09:24:31.709229 ((0, 0, 0), (0, 0, 1), (1, 0, 0), (1, 0, 1)) 9 25
2022-08-24 09:26:09.853163 ((0, 0, 0), (0, 0, 1), (1, 0, 0), (1, 0, 1)) 9 26
2022-08-24 09:27:47.984953 ((0, 0, 0), (0, 0, 1), (1, 0, 0), (1, 0, 1)) 9 27
2022-08-24 09:29:25.430478 ((0, 0, 0), (0, 0, 1), (1, 0, 0), (1, 0, 1)) 9 28
2022-08-24 09:31:03.104266 ((0, 0, 0), (0, 0, 1), (1, 0, 0), (1, 0, 1)) 9 29
2022-08-24 09:32:40.397258 ((0, 0, 0), (0, 0, 1), (1, 0, 0), (1, 1, 0)) 10 25
2022-08-24 09:34:17.690585 ((0, 0, 0), (0, 0, 1), (1, 0, 0), (1, 1, 0)) 10 26
2022-08-24 09:35:54.801026 ((0, 0, 0), (0, 0, 1), (1, 0, 0), (1, 1, 0)) 10 27
2022-08-24 09:37:32.429499 ((0, 0, 0), (0, 0, 1), (1, 0, 0), (1, 1, 0)) 10 28
2022-08-24 09:39:09.462265 ((0, 0, 0), (0, 0, 1), (1, 0, 0), (1, 1, 0)) 10 29
2022-08-24 09:40:47.343098 ((0, 0, 0), (0, 0, 1), (1, 0, 0), (1, 1, 1)) 11 25
2022-08-24 09:42:25.049034 ((0, 0, 0), (0, 0, 1), (1, 0, 0), (1, 1, 1)) 11 26
2022-08-24 09:44:02.611081 ((0, 0, 0), (0, 0, 1), (1, 0, 0), (1, 1, 1)) 11 27
2022-08-24 09:45:40.236310 ((0, 0, 0), (0, 0, 1), (1, 0, 0), (1, 1, 1)) 11 28
2022-08-24 09:47:17.579491 ((0, 0, 0), (0, 0, 1), (1, 0, 0), (1, 1, 1)) 11 29
2022-08-24 09:48:54.790175 ((0, 0, 0), (0, 0, 1), (1, 0, 1), (1, 1, 0)) 12 25
2022-08-24 09:50:32.243752 ((0, 0, 0), (0, 0, 1), (1, 0, 1), (1, 1, 0)) 12 26
2022-08-24 09:52:09.690223 ((0, 0, 0), (0, 0, 1), (1, 0, 1), (1, 1, 0)) 12 27
2022-08-24 09:53:47.053915 ((0, 0, 0), (0, 0, 1), (1, 0, 1), (1, 1, 0)) 12 28
2022-08-24 09:55:24.575698 ((0, 0, 0), (0, 0, 1), (1, 0, 1), (1, 1, 0)) 12 29
2022-08-24 09:57:02.455618 ((0, 0, 0), (0, 0, 1), (1, 0, 1), (1, 1, 1)) 13 25
2022-08-24 09:58:39.447358 ((0, 0, 0), (0, 0, 1), (1, 0, 1), (1, 1, 1)) 13 26
2022-08-24 10:00:17.037659 ((0, 0, 0), (0, 0, 1), (1, 0, 1), (1, 1, 1)) 13 27
2022-08-24 10:01:54.245718 ((0, 0, 0), (0, 0, 1), (1, 0, 1), (1, 1, 1)) 13 28
2022-08-24 10:03:31.229390 ((0, 0, 0), (0, 0, 1), (1, 0, 1), (1, 1, 1)) 13 29
2022-08-24 10:05:08.895328 ((0, 0, 0), (0, 0, 1), (1, 1, 0), (1, 1, 1)) 14 25
2022-08-24 10:06:46.613673 ((0, 0, 0), (0, 0, 1), (1, 1, 0), (1, 1, 1)) 14 26
2022-08-24 10:08:23.909367 ((0, 0, 0), (0, 0, 1), (1, 1, 0), (1, 1, 1)) 14 27
2022-08-24 10:10:01.574424 ((0, 0, 0), (0, 0, 1), (1, 1, 0), (1, 1, 1)) 14 28
2022-08-24 10:11:40.270296 ((0, 0, 0), (0, 0, 1), (1, 1, 0), (1, 1, 1)) 14 29
2022-08-24 10:13:17.719107 ((0, 0, 0), (0, 1, 0), (0, 1, 1), (1, 0, 0)) 15 25
2022-08-24 10:14:55.049235 ((0, 0, 0), (0, 1, 0), (0, 1, 1), (1, 0, 0)) 15 26
2022-08-24 10:16:32.659491 ((0, 0, 0), (0, 1, 0), (0, 1, 1), (1, 0, 0)) 15 27
2022-08-24 10:18:10.196819 ((0, 0, 0), (0, 1, 0), (0, 1, 1), (1, 0, 0)) 15 28
2022-08-24 10:19:47.847202 ((0, 0, 0), (0, 1, 0), (0, 1, 1), (1, 0, 0)) 15 29
2022-08-24 10:21:25.301376 ((0, 0, 0), (0, 1, 0), (0, 1, 1), (1, 0, 1)) 16 25
2022-08-24 10:23:03.428110 ((0, 0, 0), (0, 1, 0), (0, 1, 1), (1, 0, 1)) 16 26
2022-08-24 10:24:41.437917 ((0, 0, 0), (0, 1, 0), (0, 1, 1), (1, 0, 1)) 16 27
2022-08-24 10:26:19.125201 ((0, 0, 0), (0, 1, 0), (0, 1, 1), (1, 0, 1)) 16 28
2022-08-24 10:27:56.031287 ((0, 0, 0), (0, 1, 0), (0, 1, 1), (1, 0, 1)) 16 29
2022-08-24 10:29:34.538237 ((0, 0, 0), (0, 1, 0), (0, 1, 1), (1, 1, 0)) 17 25
2022-08-24 10:31:12.332619 ((0, 0, 0), (0, 1, 0), (0, 1, 1), (1, 1, 0)) 17 26
2022-08-24 10:32:49.249014 ((0, 0, 0), (0, 1, 0), (0, 1, 1), (1, 1, 0)) 17 27
2022-08-24 10:34:26.479269 ((0, 0, 0), (0, 1, 0), (0, 1, 1), (1, 1, 0)) 17 28
2022-08-24 10:36:03.698964 ((0, 0, 0), (0, 1, 0), (0, 1, 1), (1, 1, 0)) 17 29
2022-08-24 10:37:41.459486 ((0, 0, 0), (0, 1, 0), (0, 1, 1), (1, 1, 1)) 18 25
2022-08-24 10:39:19.040692 ((0, 0, 0), (0, 1, 0), (0, 1, 1), (1, 1, 1)) 18 26
2022-08-24 10:40:56.993625 ((0, 0, 0), (0, 1, 0), (0, 1, 1), (1, 1, 1)) 18 27
2022-08-24 10:42:34.236140 ((0, 0, 0), (0, 1, 0), (0, 1, 1), (1, 1, 1)) 18 28
2022-08-24 10:44:11.389664 ((0, 0, 0), (0, 1, 0), (0, 1, 1), (1, 1, 1)) 18 29
2022-08-24 10:45:48.716734 ((0, 0, 0), (0, 1, 0), (1, 0, 0), (1, 0, 1)) 19 25
2022-08-24 10:47:26.382873 ((0, 0, 0), (0, 1, 0), (1, 0, 0), (1, 0, 1)) 19 26
2022-08-24 10:49:03.551020 ((0, 0, 0), (0, 1, 0), (1, 0, 0), (1, 0, 1)) 19 27
2022-08-24 10:50:41.900216 ((0, 0, 0), (0, 1, 0), (1, 0, 0), (1, 0, 1)) 19 28
2022-08-24 10:52:19.481035 ((0, 0, 0), (0, 1, 0), (1, 0, 0), (1, 0, 1)) 19 29
2022-08-24 10:53:56.595709 ((0, 0, 0), (0, 1, 0), (1, 0, 0), (1, 1, 0)) 20 25
2022-08-24 10:55:34.256093 ((0, 0, 0), (0, 1, 0), (1, 0, 0), (1, 1, 0)) 20 26
2022-08-24 10:57:12.202026 ((0, 0, 0), (0, 1, 0), (1, 0, 0), (1, 1, 0)) 20 27
2022-08-24 10:58:49.392932 ((0, 0, 0), (0, 1, 0), (1, 0, 0), (1, 1, 0)) 20 28
2022-08-24 11:00:27.305034 ((0, 0, 0), (0, 1, 0), (1, 0, 0), (1, 1, 0)) 20 29
2022-08-24 11:02:05.533257 ((0, 0, 0), (0, 1, 0), (1, 0, 0), (1, 1, 1)) 21 25
2022-08-24 11:03:43.091063 ((0, 0, 0), (0, 1, 0), (1, 0, 0), (1, 1, 1)) 21 26
2022-08-24 11:05:20.376229 ((0, 0, 0), (0, 1, 0), (1, 0, 0), (1, 1, 1)) 21 27
2022-08-24 11:06:58.072998 ((0, 0, 0), (0, 1, 0), (1, 0, 0), (1, 1, 1)) 21 28
2022-08-24 11:08:35.243819 ((0, 0, 0), (0, 1, 0), (1, 0, 0), (1, 1, 1)) 21 29
2022-08-24 11:10:12.658673 ((0, 0, 0), (0, 1, 0), (1, 0, 1), (1, 1, 0)) 22 25
2022-08-24 11:11:49.932993 ((0, 0, 0), (0, 1, 0), (1, 0, 1), (1, 1, 0)) 22 26
2022-08-24 11:13:30.077413 ((0, 0, 0), (0, 1, 0), (1, 0, 1), (1, 1, 0)) 22 27
2022-08-24 11:15:07.347848 ((0, 0, 0), (0, 1, 0), (1, 0, 1), (1, 1, 0)) 22 28
2022-08-24 11:16:45.027719 ((0, 0, 0), (0, 1, 0), (1, 0, 1), (1, 1, 0)) 22 29
2022-08-24 11:18:22.532550 ((0, 0, 0), (0, 1, 0), (1, 0, 1), (1, 1, 1)) 23 25
2022-08-24 11:19:59.595555 ((0, 0, 0), (0, 1, 0), (1, 0, 1), (1, 1, 1)) 23 26
2022-08-24 11:21:37.024873 ((0, 0, 0), (0, 1, 0), (1, 0, 1), (1, 1, 1)) 23 27
2022-08-24 11:23:14.491135 ((0, 0, 0), (0, 1, 0), (1, 0, 1), (1, 1, 1)) 23 28
2022-08-24 11:24:51.843281 ((0, 0, 0), (0, 1, 0), (1, 0, 1), (1, 1, 1)) 23 29
2022-08-24 11:26:29.617674 ((0, 0, 0), (0, 1, 0), (1, 1, 0), (1, 1, 1)) 24 25
2022-08-24 11:28:08.059863 ((0, 0, 0), (0, 1, 0), (1, 1, 0), (1, 1, 1)) 24 26
2022-08-24 11:29:45.364010 ((0, 0, 0), (0, 1, 0), (1, 1, 0), (1, 1, 1)) 24 27
2022-08-24 11:31:23.459768 ((0, 0, 0), (0, 1, 0), (1, 1, 0), (1, 1, 1)) 24 28
2022-08-24 11:33:01.139163 ((0, 0, 0), (0, 1, 0), (1, 1, 0), (1, 1, 1)) 24 29
2022-08-24 11:34:38.307584 ((0, 0, 0), (0, 1, 1), (1, 0, 0), (1, 0, 1)) 25 25
2022-08-24 11:36:15.895921 ((0, 0, 0), (0, 1, 1), (1, 0, 0), (1, 0, 1)) 25 26
2022-08-24 11:37:53.873475 ((0, 0, 0), (0, 1, 1), (1, 0, 0), (1, 0, 1)) 25 27
2022-08-24 11:39:30.787587 ((0, 0, 0), (0, 1, 1), (1, 0, 0), (1, 0, 1)) 25 28
2022-08-24 11:41:09.061234 ((0, 0, 0), (0, 1, 1), (1, 0, 0), (1, 0, 1)) 25 29
2022-08-24 11:42:46.040952 ((0, 0, 0), (0, 1, 1), (1, 0, 0), (1, 1, 0)) 26 25
2022-08-24 11:44:23.141676 ((0, 0, 0), (0, 1, 1), (1, 0, 0), (1, 1, 0)) 26 26
2022-08-24 11:46:02.415071 ((0, 0, 0), (0, 1, 1), (1, 0, 0), (1, 1, 0)) 26 27
2022-08-24 11:47:40.223914 ((0, 0, 0), (0, 1, 1), (1, 0, 0), (1, 1, 0)) 26 28
2022-08-24 11:49:17.864385 ((0, 0, 0), (0, 1, 1), (1, 0, 0), (1, 1, 0)) 26 29
2022-08-24 11:50:55.248502 ((0, 0, 0), (0, 1, 1), (1, 0, 0), (1, 1, 1)) 27 25
2022-08-24 11:52:32.416341 ((0, 0, 0), (0, 1, 1), (1, 0, 0), (1, 1, 1)) 27 26
2022-08-24 11:54:09.598392 ((0, 0, 0), (0, 1, 1), (1, 0, 0), (1, 1, 1)) 27 27
2022-08-24 11:55:46.711098 ((0, 0, 0), (0, 1, 1), (1, 0, 0), (1, 1, 1)) 27 28
2022-08-24 11:57:23.513809 ((0, 0, 0), (0, 1, 1), (1, 0, 0), (1, 1, 1)) 27 29
2022-08-24 11:59:01.556992 ((0, 0, 0), (0, 1, 1), (1, 0, 1), (1, 1, 0)) 28 25
2022-08-24 12:00:40.577954 ((0, 0, 0), (0, 1, 1), (1, 0, 1), (1, 1, 0)) 28 26
2022-08-24 12:02:18.694115 ((0, 0, 0), (0, 1, 1), (1, 0, 1), (1, 1, 0)) 28 27
2022-08-24 12:03:56.982198 ((0, 0, 0), (0, 1, 1), (1, 0, 1), (1, 1, 0)) 28 28
2022-08-24 12:05:35.437707 ((0, 0, 0), (0, 1, 1), (1, 0, 1), (1, 1, 0)) 28 29
2022-08-24 12:07:15.058402 ((0, 0, 0), (0, 1, 1), (1, 0, 1), (1, 1, 1)) 29 25
2022-08-24 12:08:54.726180 ((0, 0, 0), (0, 1, 1), (1, 0, 1), (1, 1, 1)) 29 26
2022-08-24 12:10:34.680235 ((0, 0, 0), (0, 1, 1), (1, 0, 1), (1, 1, 1)) 29 27
2022-08-24 12:12:14.724054 ((0, 0, 0), (0, 1, 1), (1, 0, 1), (1, 1, 1)) 29 28
2022-08-24 12:13:54.803146 ((0, 0, 0), (0, 1, 1), (1, 0, 1), (1, 1, 1)) 29 29
2022-08-24 12:15:34.928886 ((0, 0, 0), (0, 1, 1), (1, 1, 0), (1, 1, 1)) 30 25
2022-08-24 12:17:14.351914 ((0, 0, 0), (0, 1, 1), (1, 1, 0), (1, 1, 1)) 30 26
2022-08-24 12:18:54.410560 ((0, 0, 0), (0, 1, 1), (1, 1, 0), (1, 1, 1)) 30 27
2022-08-24 12:20:34.433741 ((0, 0, 0), (0, 1, 1), (1, 1, 0), (1, 1, 1)) 30 28
2022-08-24 12:22:13.989775 ((0, 0, 0), (0, 1, 1), (1, 1, 0), (1, 1, 1)) 30 29
2022-08-24 12:23:54.251399 ((0, 0, 0), (1, 0, 0), (1, 0, 1), (1, 1, 0)) 31 25
2022-08-24 12:25:36.371791 ((0, 0, 0), (1, 0, 0), (1, 0, 1), (1, 1, 0)) 31 26
2022-08-24 12:27:17.267298 ((0, 0, 0), (1, 0, 0), (1, 0, 1), (1, 1, 0)) 31 27
2022-08-24 12:28:57.227150 ((0, 0, 0), (1, 0, 0), (1, 0, 1), (1, 1, 0)) 31 28
2022-08-24 12:30:37.379325 ((0, 0, 0), (1, 0, 0), (1, 0, 1), (1, 1, 0)) 31 29
2022-08-24 12:32:17.430867 ((0, 0, 0), (1, 0, 0), (1, 0, 1), (1, 1, 1)) 32 25
2022-08-24 12:33:58.073723 ((0, 0, 0), (1, 0, 0), (1, 0, 1), (1, 1, 1)) 32 26
2022-08-24 12:35:38.072528 ((0, 0, 0), (1, 0, 0), (1, 0, 1), (1, 1, 1)) 32 27
2022-08-24 12:37:17.592028 ((0, 0, 0), (1, 0, 0), (1, 0, 1), (1, 1, 1)) 32 28
2022-08-24 12:38:57.427746 ((0, 0, 0), (1, 0, 0), (1, 0, 1), (1, 1, 1)) 32 29
2022-08-24 12:40:36.610592 ((0, 0, 0), (1, 0, 0), (1, 1, 0), (1, 1, 1)) 33 25
2022-08-24 12:42:16.684774 ((0, 0, 0), (1, 0, 0), (1, 1, 0), (1, 1, 1)) 33 26
2022-08-24 12:43:56.148095 ((0, 0, 0), (1, 0, 0), (1, 1, 0), (1, 1, 1)) 33 27
2022-08-24 12:45:35.878345 ((0, 0, 0), (1, 0, 0), (1, 1, 0), (1, 1, 1)) 33 28
2022-08-24 12:47:15.488213 ((0, 0, 0), (1, 0, 0), (1, 1, 0), (1, 1, 1)) 33 29
2022-08-24 12:48:55.223949 ((0, 0, 0), (1, 0, 1), (1, 1, 0), (1, 1, 1)) 34 25
2022-08-24 12:50:35.733189 ((0, 0, 0), (1, 0, 1), (1, 1, 0), (1, 1, 1)) 34 26
2022-08-24 12:52:15.233818 ((0, 0, 0), (1, 0, 1), (1, 1, 0), (1, 1, 1)) 34 27
2022-08-24 12:53:54.590369 ((0, 0, 0), (1, 0, 1), (1, 1, 0), (1, 1, 1)) 34 28
2022-08-24 12:55:34.817067 ((0, 0, 0), (1, 0, 1), (1, 1, 0), (1, 1, 1)) 34 29
2022-08-24 12:57:14.943089 ((0, 0, 1), (0, 1, 0), (0, 1, 1), (1, 0, 0)) 35 25
2022-08-24 12:58:54.199054 ((0, 0, 1), (0, 1, 0), (0, 1, 1), (1, 0, 0)) 35 26
2022-08-24 13:00:34.233255 ((0, 0, 1), (0, 1, 0), (0, 1, 1), (1, 0, 0)) 35 27
2022-08-24 13:02:13.494111 ((0, 0, 1), (0, 1, 0), (0, 1, 1), (1, 0, 0)) 35 28
2022-08-24 13:03:54.082853 ((0, 0, 1), (0, 1, 0), (0, 1, 1), (1, 0, 0)) 35 29
2022-08-24 13:05:34.031112 ((0, 0, 1), (0, 1, 0), (0, 1, 1), (1, 0, 1)) 36 25
2022-08-24 13:07:14.866066 ((0, 0, 1), (0, 1, 0), (0, 1, 1), (1, 0, 1)) 36 26
2022-08-24 13:08:55.193839 ((0, 0, 1), (0, 1, 0), (0, 1, 1), (1, 0, 1)) 36 27
2022-08-24 13:10:35.058040 ((0, 0, 1), (0, 1, 0), (0, 1, 1), (1, 0, 1)) 36 28
2022-08-24 13:12:15.077949 ((0, 0, 1), (0, 1, 0), (0, 1, 1), (1, 0, 1)) 36 29
2022-08-24 13:13:55.578847 ((0, 0, 1), (0, 1, 0), (0, 1, 1), (1, 1, 0)) 37 25
2022-08-24 13:15:35.512373 ((0, 0, 1), (0, 1, 0), (0, 1, 1), (1, 1, 0)) 37 26
2022-08-24 13:17:15.265837 ((0, 0, 1), (0, 1, 0), (0, 1, 1), (1, 1, 0)) 37 27
2022-08-24 13:18:54.553981 ((0, 0, 1), (0, 1, 0), (0, 1, 1), (1, 1, 0)) 37 28
2022-08-24 13:20:34.781683 ((0, 0, 1), (0, 1, 0), (0, 1, 1), (1, 1, 0)) 37 29
2022-08-24 13:22:14.197655 ((0, 0, 1), (0, 1, 0), (0, 1, 1), (1, 1, 1)) 38 25
2022-08-24 13:23:53.781574 ((0, 0, 1), (0, 1, 0), (0, 1, 1), (1, 1, 1)) 38 26
2022-08-24 13:25:33.730811 ((0, 0, 1), (0, 1, 0), (0, 1, 1), (1, 1, 1)) 38 27
2022-08-24 13:27:14.214856 ((0, 0, 1), (0, 1, 0), (0, 1, 1), (1, 1, 1)) 38 28
2022-08-24 13:28:54.693846 ((0, 0, 1), (0, 1, 0), (0, 1, 1), (1, 1, 1)) 38 29
2022-08-24 13:30:34.343645 ((0, 0, 1), (0, 1, 0), (1, 0, 0), (1, 0, 1)) 39 25
2022-08-24 13:32:14.114739 ((0, 0, 1), (0, 1, 0), (1, 0, 0), (1, 0, 1)) 39 26
2022-08-24 13:33:53.967442 ((0, 0, 1), (0, 1, 0), (1, 0, 0), (1, 0, 1)) 39 27
2022-08-24 13:35:33.654532 ((0, 0, 1), (0, 1, 0), (1, 0, 0), (1, 0, 1)) 39 28
2022-08-24 13:37:13.214724 ((0, 0, 1), (0, 1, 0), (1, 0, 0), (1, 0, 1)) 39 29
2022-08-24 13:38:52.171726 ((0, 0, 1), (0, 1, 0), (1, 0, 0), (1, 1, 0)) 40 25
2022-08-24 13:40:32.055056 ((0, 0, 1), (0, 1, 0), (1, 0, 0), (1, 1, 0)) 40 26
2022-08-24 13:42:11.651852 ((0, 0, 1), (0, 1, 0), (1, 0, 0), (1, 1, 0)) 40 27
2022-08-24 13:43:51.534212 ((0, 0, 1), (0, 1, 0), (1, 0, 0), (1, 1, 0)) 40 28
2022-08-24 13:45:31.146304 ((0, 0, 1), (0, 1, 0), (1, 0, 0), (1, 1, 0)) 40 29
2022-08-24 13:47:10.691911 ((0, 0, 1), (0, 1, 0), (1, 0, 0), (1, 1, 1)) 41 25
2022-08-24 13:48:50.316177 ((0, 0, 1), (0, 1, 0), (1, 0, 0), (1, 1, 1)) 41 26
2022-08-24 13:50:30.514377 ((0, 0, 1), (0, 1, 0), (1, 0, 0), (1, 1, 1)) 41 27
2022-08-24 13:52:11.090488 ((0, 0, 1), (0, 1, 0), (1, 0, 0), (1, 1, 1)) 41 28
2022-08-24 13:53:50.872334 ((0, 0, 1), (0, 1, 0), (1, 0, 0), (1, 1, 1)) 41 29
2022-08-24 13:55:31.655556 ((0, 0, 1), (0, 1, 0), (1, 0, 1), (1, 1, 0)) 42 25
2022-08-24 13:57:11.394044 ((0, 0, 1), (0, 1, 0), (1, 0, 1), (1, 1, 0)) 42 26
2022-08-24 13:58:50.957558 ((0, 0, 1), (0, 1, 0), (1, 0, 1), (1, 1, 0)) 42 27
2022-08-24 14:00:30.278399 ((0, 0, 1), (0, 1, 0), (1, 0, 1), (1, 1, 0)) 42 28
2022-08-24 14:02:09.560830 ((0, 0, 1), (0, 1, 0), (1, 0, 1), (1, 1, 0)) 42 29
2022-08-24 14:03:49.610588 ((0, 0, 1), (0, 1, 0), (1, 0, 1), (1, 1, 1)) 43 25
2022-08-24 14:05:29.284781 ((0, 0, 1), (0, 1, 0), (1, 0, 1), (1, 1, 1)) 43 26
2022-08-24 14:07:09.800985 ((0, 0, 1), (0, 1, 0), (1, 0, 1), (1, 1, 1)) 43 27
2022-08-24 14:08:49.263952 ((0, 0, 1), (0, 1, 0), (1, 0, 1), (1, 1, 1)) 43 28
2022-08-24 14:10:29.428041 ((0, 0, 1), (0, 1, 0), (1, 0, 1), (1, 1, 1)) 43 29
2022-08-24 14:12:08.672700 ((0, 0, 1), (0, 1, 0), (1, 1, 0), (1, 1, 1)) 44 25
2022-08-24 14:13:48.584257 ((0, 0, 1), (0, 1, 0), (1, 1, 0), (1, 1, 1)) 44 26
2022-08-24 14:15:28.486615 ((0, 0, 1), (0, 1, 0), (1, 1, 0), (1, 1, 1)) 44 27
2022-08-24 14:17:07.807760 ((0, 0, 1), (0, 1, 0), (1, 1, 0), (1, 1, 1)) 44 28
2022-08-24 14:18:47.734888 ((0, 0, 1), (0, 1, 0), (1, 1, 0), (1, 1, 1)) 44 29
2022-08-24 14:20:27.993203 ((0, 0, 1), (0, 1, 1), (1, 0, 0), (1, 0, 1)) 45 25
2022-08-24 14:22:08.537982 ((0, 0, 1), (0, 1, 1), (1, 0, 0), (1, 0, 1)) 45 26
2022-08-24 14:23:48.819301 ((0, 0, 1), (0, 1, 1), (1, 0, 0), (1, 0, 1)) 45 27
2022-08-24 14:25:28.587404 ((0, 0, 1), (0, 1, 1), (1, 0, 0), (1, 0, 1)) 45 28
2022-08-24 14:27:08.064273 ((0, 0, 1), (0, 1, 1), (1, 0, 0), (1, 0, 1)) 45 29
2022-08-24 14:28:47.743828 ((0, 0, 1), (0, 1, 1), (1, 0, 0), (1, 1, 0)) 46 25
2022-08-24 14:30:27.826106 ((0, 0, 1), (0, 1, 1), (1, 0, 0), (1, 1, 0)) 46 26
2022-08-24 14:32:07.682428 ((0, 0, 1), (0, 1, 1), (1, 0, 0), (1, 1, 0)) 46 27
2022-08-24 14:33:48.365019 ((0, 0, 1), (0, 1, 1), (1, 0, 0), (1, 1, 0)) 46 28
2022-08-24 14:35:28.211938 ((0, 0, 1), (0, 1, 1), (1, 0, 0), (1, 1, 0)) 46 29
2022-08-24 14:37:09.442840 ((0, 0, 1), (0, 1, 1), (1, 0, 0), (1, 1, 1)) 47 25
2022-08-24 14:38:49.261334 ((0, 0, 1), (0, 1, 1), (1, 0, 0), (1, 1, 1)) 47 26
2022-08-24 14:40:29.369714 ((0, 0, 1), (0, 1, 1), (1, 0, 0), (1, 1, 1)) 47 27
2022-08-24 14:42:09.862046 ((0, 0, 1), (0, 1, 1), (1, 0, 0), (1, 1, 1)) 47 28
2022-08-24 14:43:49.337933 ((0, 0, 1), (0, 1, 1), (1, 0, 0), (1, 1, 1)) 47 29
2022-08-24 14:45:28.895631 ((0, 0, 1), (0, 1, 1), (1, 0, 1), (1, 1, 0)) 48 25
2022-08-24 14:47:08.776479 ((0, 0, 1), (0, 1, 1), (1, 0, 1), (1, 1, 0)) 48 26
2022-08-24 14:48:49.288834 ((0, 0, 1), (0, 1, 1), (1, 0, 1), (1, 1, 0)) 48 27
2022-08-24 14:50:28.625934 ((0, 0, 1), (0, 1, 1), (1, 0, 1), (1, 1, 0)) 48 28
2022-08-24 14:52:07.669209 ((0, 0, 1), (0, 1, 1), (1, 0, 1), (1, 1, 0)) 48 29
2022-08-24 14:53:47.799402 ((0, 0, 1), (0, 1, 1), (1, 0, 1), (1, 1, 1)) 49 25
2022-08-24 14:55:28.059600 ((0, 0, 1), (0, 1, 1), (1, 0, 1), (1, 1, 1)) 49 26
2022-08-24 14:57:15.647133 ((0, 0, 1), (0, 1, 1), (1, 0, 1), (1, 1, 1)) 49 27
2022-08-24 14:59:07.087917 ((0, 0, 1), (0, 1, 1), (1, 0, 1), (1, 1, 1)) 49 28
2022-08-24 15:00:59.191561 ((0, 0, 1), (0, 1, 1), (1, 0, 1), (1, 1, 1)) 49 29
2022-08-24 15:02:50.705334 ((0, 0, 1), (0, 1, 1), (1, 1, 0), (1, 1, 1)) 50 25
2022-08-24 15:04:42.981762 ((0, 0, 1), (0, 1, 1), (1, 1, 0), (1, 1, 1)) 50 26
2022-08-24 15:06:36.270391 ((0, 0, 1), (0, 1, 1), (1, 1, 0), (1, 1, 1)) 50 27
2022-08-24 15:08:27.973918 ((0, 0, 1), (0, 1, 1), (1, 1, 0), (1, 1, 1)) 50 28
2022-08-24 15:10:14.078757 ((0, 0, 1), (0, 1, 1), (1, 1, 0), (1, 1, 1)) 50 29
2022-08-24 15:12:07.099389 ((0, 0, 1), (1, 0, 0), (1, 0, 1), (1, 1, 0)) 51 25
2022-08-24 15:13:58.740652 ((0, 0, 1), (1, 0, 0), (1, 0, 1), (1, 1, 0)) 51 26
2022-08-24 15:15:50.707688 ((0, 0, 1), (1, 0, 0), (1, 0, 1), (1, 1, 0)) 51 27
2022-08-24 15:17:42.051838 ((0, 0, 1), (1, 0, 0), (1, 0, 1), (1, 1, 0)) 51 28
2022-08-24 15:19:34.511399 ((0, 0, 1), (1, 0, 0), (1, 0, 1), (1, 1, 0)) 51 29
2022-08-24 15:21:26.507746 ((0, 0, 1), (1, 0, 0), (1, 0, 1), (1, 1, 1)) 52 25
2022-08-24 15:23:14.436182 ((0, 0, 1), (1, 0, 0), (1, 0, 1), (1, 1, 1)) 52 26
2022-08-24 15:25:07.093291 ((0, 0, 1), (1, 0, 0), (1, 0, 1), (1, 1, 1)) 52 27
2022-08-24 15:26:58.314531 ((0, 0, 1), (1, 0, 0), (1, 0, 1), (1, 1, 1)) 52 28
2022-08-24 15:28:50.036009 ((0, 0, 1), (1, 0, 0), (1, 0, 1), (1, 1, 1)) 52 29
2022-08-24 15:30:42.300456 ((0, 0, 1), (1, 0, 0), (1, 1, 0), (1, 1, 1)) 53 25
2022-08-24 15:32:34.798196 ((0, 0, 1), (1, 0, 0), (1, 1, 0), (1, 1, 1)) 53 26
2022-08-24 15:34:27.683259 ((0, 0, 1), (1, 0, 0), (1, 1, 0), (1, 1, 1)) 53 27
2022-08-24 15:36:16.859761 ((0, 0, 1), (1, 0, 0), (1, 1, 0), (1, 1, 1)) 53 28
2022-08-24 15:38:06.468025 ((0, 0, 1), (1, 0, 0), (1, 1, 0), (1, 1, 1)) 53 29
2022-08-24 15:39:57.359237 ((0, 0, 1), (1, 0, 1), (1, 1, 0), (1, 1, 1)) 54 25
2022-08-24 15:41:49.510514 ((0, 0, 1), (1, 0, 1), (1, 1, 0), (1, 1, 1)) 54 26
2022-08-24 15:43:42.392268 ((0, 0, 1), (1, 0, 1), (1, 1, 0), (1, 1, 1)) 54 27
2022-08-24 15:45:36.424858 ((0, 0, 1), (1, 0, 1), (1, 1, 0), (1, 1, 1)) 54 28
2022-08-24 15:47:29.371033 ((0, 0, 1), (1, 0, 1), (1, 1, 0), (1, 1, 1)) 54 29
2022-08-24 15:49:19.506337 ((0, 1, 0), (0, 1, 1), (1, 0, 0), (1, 0, 1)) 55 25
2022-08-24 15:51:09.780711 ((0, 1, 0), (0, 1, 1), (1, 0, 0), (1, 0, 1)) 55 26
2022-08-24 15:53:00.575553 ((0, 1, 0), (0, 1, 1), (1, 0, 0), (1, 0, 1)) 55 27
2022-08-24 15:54:52.561040 ((0, 1, 0), (0, 1, 1), (1, 0, 0), (1, 0, 1)) 55 28
2022-08-24 15:56:46.206123 ((0, 1, 0), (0, 1, 1), (1, 0, 0), (1, 0, 1)) 55 29
2022-08-24 15:58:39.279531 ((0, 1, 0), (0, 1, 1), (1, 0, 0), (1, 1, 0)) 56 25
2022-08-24 16:00:32.383721 ((0, 1, 0), (0, 1, 1), (1, 0, 0), (1, 1, 0)) 56 26
2022-08-24 16:02:20.477267 ((0, 1, 0), (0, 1, 1), (1, 0, 0), (1, 1, 0)) 56 27
2022-08-24 16:04:11.384963 ((0, 1, 0), (0, 1, 1), (1, 0, 0), (1, 1, 0)) 56 28
2022-08-24 16:06:02.904381 ((0, 1, 0), (0, 1, 1), (1, 0, 0), (1, 1, 0)) 56 29
2022-08-24 16:07:54.944627 ((0, 1, 0), (0, 1, 1), (1, 0, 0), (1, 1, 1)) 57 25
2022-08-24 16:09:47.156070 ((0, 1, 0), (0, 1, 1), (1, 0, 0), (1, 1, 1)) 57 26
2022-08-24 16:11:40.377623 ((0, 1, 0), (0, 1, 1), (1, 0, 0), (1, 1, 1)) 57 27
2022-08-24 16:13:33.359720 ((0, 1, 0), (0, 1, 1), (1, 0, 0), (1, 1, 1)) 57 28
2022-08-24 16:15:22.720440 ((0, 1, 0), (0, 1, 1), (1, 0, 0), (1, 1, 1)) 57 29
2022-08-24 16:17:12.624590 ((0, 1, 0), (0, 1, 1), (1, 0, 1), (1, 1, 0)) 58 25
2022-08-24 16:19:03.696384 ((0, 1, 0), (0, 1, 1), (1, 0, 1), (1, 1, 0)) 58 26
2022-08-24 16:20:55.914448 ((0, 1, 0), (0, 1, 1), (1, 0, 1), (1, 1, 0)) 58 27
2022-08-24 16:22:48.291304 ((0, 1, 0), (0, 1, 1), (1, 0, 1), (1, 1, 0)) 58 28
2022-08-24 16:24:40.906492 ((0, 1, 0), (0, 1, 1), (1, 0, 1), (1, 1, 0)) 58 29
2022-08-24 16:26:33.048587 ((0, 1, 0), (0, 1, 1), (1, 0, 1), (1, 1, 1)) 59 25
2022-08-24 16:28:23.452023 ((0, 1, 0), (0, 1, 1), (1, 0, 1), (1, 1, 1)) 59 26
2022-08-24 16:30:13.900962 ((0, 1, 0), (0, 1, 1), (1, 0, 1), (1, 1, 1)) 59 27
2022-08-24 16:32:04.169293 ((0, 1, 0), (0, 1, 1), (1, 0, 1), (1, 1, 1)) 59 28
2022-08-24 16:33:56.889447 ((0, 1, 0), (0, 1, 1), (1, 0, 1), (1, 1, 1)) 59 29
2022-08-24 16:35:51.518645 ((0, 1, 0), (0, 1, 1), (1, 1, 0), (1, 1, 1)) 60 25
2022-08-24 16:37:43.721873 ((0, 1, 0), (0, 1, 1), (1, 1, 0), (1, 1, 1)) 60 26
2022-08-24 16:39:37.153420 ((0, 1, 0), (0, 1, 1), (1, 1, 0), (1, 1, 1)) 60 27
2022-08-24 16:41:27.903846 ((0, 1, 0), (0, 1, 1), (1, 1, 0), (1, 1, 1)) 60 28
2022-08-24 16:43:18.193466 ((0, 1, 0), (0, 1, 1), (1, 1, 0), (1, 1, 1)) 60 29
2022-08-24 16:45:08.258799 ((0, 1, 0), (1, 0, 0), (1, 0, 1), (1, 1, 0)) 61 25
2022-08-24 16:46:59.984349 ((0, 1, 0), (1, 0, 0), (1, 0, 1), (1, 1, 0)) 61 26
2022-08-24 16:48:52.795183 ((0, 1, 0), (1, 0, 0), (1, 0, 1), (1, 1, 0)) 61 27
2022-08-24 16:50:44.884105 ((0, 1, 0), (1, 0, 0), (1, 0, 1), (1, 1, 0)) 61 28
2022-08-24 16:52:37.832849 ((0, 1, 0), (1, 0, 0), (1, 0, 1), (1, 1, 0)) 61 29
2022-08-24 16:54:28.910698 ((0, 1, 0), (1, 0, 0), (1, 0, 1), (1, 1, 1)) 62 25
2022-08-24 16:56:19.017338 ((0, 1, 0), (1, 0, 0), (1, 0, 1), (1, 1, 1)) 62 26
2022-08-24 16:58:08.995712 ((0, 1, 0), (1, 0, 0), (1, 0, 1), (1, 1, 1)) 62 27
2022-08-24 17:00:00.608669 ((0, 1, 0), (1, 0, 0), (1, 0, 1), (1, 1, 1)) 62 28
2022-08-24 17:01:53.804474 ((0, 1, 0), (1, 0, 0), (1, 0, 1), (1, 1, 1)) 62 29
2022-08-24 17:03:45.640376 ((0, 1, 0), (1, 0, 0), (1, 1, 0), (1, 1, 1)) 63 25
2022-08-24 17:05:37.761517 ((0, 1, 0), (1, 0, 0), (1, 1, 0), (1, 1, 1)) 63 26
2022-08-24 17:07:29.295646 ((0, 1, 0), (1, 0, 0), (1, 1, 0), (1, 1, 1)) 63 27
2022-08-24 17:09:19.704124 ((0, 1, 0), (1, 0, 0), (1, 1, 0), (1, 1, 1)) 63 28
2022-08-24 17:11:10.391657 ((0, 1, 0), (1, 0, 0), (1, 1, 0), (1, 1, 1)) 63 29
2022-08-24 17:13:02.093665 ((0, 1, 0), (1, 0, 1), (1, 1, 0), (1, 1, 1)) 64 25
2022-08-24 17:14:55.281225 ((0, 1, 0), (1, 0, 1), (1, 1, 0), (1, 1, 1)) 64 26
2022-08-24 17:16:45.821509 ((0, 1, 0), (1, 0, 1), (1, 1, 0), (1, 1, 1)) 64 27
2022-08-24 17:18:39.465125 ((0, 1, 0), (1, 0, 1), (1, 1, 0), (1, 1, 1)) 64 28
2022-08-24 17:20:31.355576 ((0, 1, 0), (1, 0, 1), (1, 1, 0), (1, 1, 1)) 64 29
2022-08-24 17:22:21.265065 ((0, 1, 1), (1, 0, 0), (1, 0, 1), (1, 1, 0)) 65 25
2022-08-24 17:24:10.961572 ((0, 1, 1), (1, 0, 0), (1, 0, 1), (1, 1, 0)) 65 26
2022-08-24 17:26:04.269133 ((0, 1, 1), (1, 0, 0), (1, 0, 1), (1, 1, 0)) 65 27
2022-08-24 17:27:56.053588 ((0, 1, 1), (1, 0, 0), (1, 0, 1), (1, 1, 0)) 65 28
2022-08-24 17:29:47.962738 ((0, 1, 1), (1, 0, 0), (1, 0, 1), (1, 1, 0)) 65 29
2022-08-24 17:31:37.710434 ((0, 1, 1), (1, 0, 0), (1, 0, 1), (1, 1, 1)) 66 25
2022-08-24 17:33:27.699865 ((0, 1, 1), (1, 0, 0), (1, 0, 1), (1, 1, 1)) 66 26
2022-08-24 17:35:18.882020 ((0, 1, 1), (1, 0, 0), (1, 0, 1), (1, 1, 1)) 66 27
2022-08-24 17:37:11.394697 ((0, 1, 1), (1, 0, 0), (1, 0, 1), (1, 1, 1)) 66 28
2022-08-24 17:39:03.992285 ((0, 1, 1), (1, 0, 0), (1, 0, 1), (1, 1, 1)) 66 29
2022-08-24 17:40:56.814436 ((0, 1, 1), (1, 0, 0), (1, 1, 0), (1, 1, 1)) 67 25
2022-08-24 17:42:44.016256 ((0, 1, 1), (1, 0, 0), (1, 1, 0), (1, 1, 1)) 67 26
2022-08-24 17:44:36.148894 ((0, 1, 1), (1, 0, 0), (1, 1, 0), (1, 1, 1)) 67 27
2022-08-24 17:46:28.924140 ((0, 1, 1), (1, 0, 0), (1, 1, 0), (1, 1, 1)) 67 28
2022-08-24 17:48:21.347840 ((0, 1, 1), (1, 0, 0), (1, 1, 0), (1, 1, 1)) 67 29
2022-08-24 17:50:13.859354 ((0, 1, 1), (1, 0, 1), (1, 1, 0), (1, 1, 1)) 68 25
2022-08-24 17:52:02.854549 ((0, 1, 1), (1, 0, 1), (1, 1, 0), (1, 1, 1)) 68 26
2022-08-24 17:53:52.446805 ((0, 1, 1), (1, 0, 1), (1, 1, 0), (1, 1, 1)) 68 27
2022-08-24 17:55:43.518080 ((0, 1, 1), (1, 0, 1), (1, 1, 0), (1, 1, 1)) 68 28
2022-08-24 17:57:36.023798 ((0, 1, 1), (1, 0, 1), (1, 1, 0), (1, 1, 1)) 68 29
2022-08-24 17:59:29.661140 ((1, 0, 0), (1, 0, 1), (1, 1, 0), (1, 1, 1)) 69 25
2022-08-24 18:01:18.918625 ((1, 0, 0), (1, 0, 1), (1, 1, 0), (1, 1, 1)) 69 26
2022-08-24 18:03:08.538168 ((1, 0, 0), (1, 0, 1), (1, 1, 0), (1, 1, 1)) 69 27
2022-08-24 18:05:00.094673 ((1, 0, 0), (1, 0, 1), (1, 1, 0), (1, 1, 1)) 69 28
2022-08-24 18:06:52.832751 ((1, 0, 0), (1, 0, 1), (1, 1, 0), (1, 1, 1)) 69 29
