DRQN Experiment Parameters.
Namespace(seed=2, payoffs=[1.0, 1.0], n_iterations=100, n_train_evals=5, train_id_start=10, n_episodes=2000, epsilon=0.3, rnn_hidden_dim=4, fnn_hidden_dim=4, capacity=16, batch_size=8, lr=0.005, tau=0.01, gamma=0.975, len_update_cycle=1, save=True)

Parameter sources.
Command Line Args:   --seed=2 --train_id_start=10 --n_train_evals=5 --save
Config File (/data/engs-oxfair3/orie4536/online-lever-adaptation/experiments/all_length3_fpp/drqn.conf):
  n_episodes:        2000
  epsilon:           0.3
  rnn_hidden_dim:    4
  fnn_hidden_dim:    4
  capacity:          16
  batch_size:        8
  gamma:             0.975
  lr:                0.005
  tau:               1e-2
  len_update_cycle:  1
Config File (/data/engs-oxfair3/orie4536/online-lever-adaptation/experiments/all_length3_fpp/defaults.conf):
  payoffs:           ['1.', '1.']
  n_iterations:      100

2022-08-20 23:33:32.619258 ((0, 0, 0), (0, 0, 1), (0, 1, 0), (0, 1, 1)) 10
2022-08-20 23:35:13.403435 ((0, 0, 0), (0, 0, 1), (0, 1, 0), (0, 1, 1)) 11
2022-08-20 23:36:56.224605 ((0, 0, 0), (0, 0, 1), (0, 1, 0), (0, 1, 1)) 12
2022-08-20 23:38:39.888359 ((0, 0, 0), (0, 0, 1), (0, 1, 0), (0, 1, 1)) 13
2022-08-20 23:40:23.961476 ((0, 0, 0), (0, 0, 1), (0, 1, 0), (0, 1, 1)) 14
2022-08-20 23:42:07.760979 ((0, 0, 0), (0, 0, 1), (0, 1, 0), (1, 0, 0)) 10
2022-08-20 23:43:51.748887 ((0, 0, 0), (0, 0, 1), (0, 1, 0), (1, 0, 0)) 11
2022-08-20 23:45:36.462196 ((0, 0, 0), (0, 0, 1), (0, 1, 0), (1, 0, 0)) 12
2022-08-20 23:47:21.380558 ((0, 0, 0), (0, 0, 1), (0, 1, 0), (1, 0, 0)) 13
2022-08-20 23:49:06.181507 ((0, 0, 0), (0, 0, 1), (0, 1, 0), (1, 0, 0)) 14
2022-08-20 23:50:44.969154 ((0, 0, 0), (0, 0, 1), (0, 1, 0), (1, 0, 1)) 10
2022-08-20 23:52:23.324880 ((0, 0, 0), (0, 0, 1), (0, 1, 0), (1, 0, 1)) 11
2022-08-20 23:54:02.137037 ((0, 0, 0), (0, 0, 1), (0, 1, 0), (1, 0, 1)) 12
2022-08-20 23:55:40.644622 ((0, 0, 0), (0, 0, 1), (0, 1, 0), (1, 0, 1)) 13
2022-08-20 23:57:19.491555 ((0, 0, 0), (0, 0, 1), (0, 1, 0), (1, 0, 1)) 14
2022-08-20 23:58:58.466287 ((0, 0, 0), (0, 0, 1), (0, 1, 0), (1, 1, 0)) 10
2022-08-21 00:00:36.687700 ((0, 0, 0), (0, 0, 1), (0, 1, 0), (1, 1, 0)) 11
2022-08-21 00:02:14.873424 ((0, 0, 0), (0, 0, 1), (0, 1, 0), (1, 1, 0)) 12
2022-08-21 00:03:53.573583 ((0, 0, 0), (0, 0, 1), (0, 1, 0), (1, 1, 0)) 13
2022-08-21 00:05:31.974800 ((0, 0, 0), (0, 0, 1), (0, 1, 0), (1, 1, 0)) 14
2022-08-21 00:07:11.091207 ((0, 0, 0), (0, 0, 1), (0, 1, 0), (1, 1, 1)) 10
2022-08-21 00:08:50.659551 ((0, 0, 0), (0, 0, 1), (0, 1, 0), (1, 1, 1)) 11
2022-08-21 00:10:29.502155 ((0, 0, 0), (0, 0, 1), (0, 1, 0), (1, 1, 1)) 12
2022-08-21 00:12:08.094780 ((0, 0, 0), (0, 0, 1), (0, 1, 0), (1, 1, 1)) 13
2022-08-21 00:13:46.910404 ((0, 0, 0), (0, 0, 1), (0, 1, 0), (1, 1, 1)) 14
2022-08-21 00:15:26.328590 ((0, 0, 0), (0, 0, 1), (0, 1, 1), (1, 0, 0)) 10
2022-08-21 00:17:05.054445 ((0, 0, 0), (0, 0, 1), (0, 1, 1), (1, 0, 0)) 11
2022-08-21 00:18:43.334259 ((0, 0, 0), (0, 0, 1), (0, 1, 1), (1, 0, 0)) 12
2022-08-21 00:20:22.116361 ((0, 0, 0), (0, 0, 1), (0, 1, 1), (1, 0, 0)) 13
2022-08-21 00:22:00.704798 ((0, 0, 0), (0, 0, 1), (0, 1, 1), (1, 0, 0)) 14
2022-08-21 00:23:39.276336 ((0, 0, 0), (0, 0, 1), (0, 1, 1), (1, 0, 1)) 10
2022-08-21 00:25:18.176815 ((0, 0, 0), (0, 0, 1), (0, 1, 1), (1, 0, 1)) 11
2022-08-21 00:26:56.090280 ((0, 0, 0), (0, 0, 1), (0, 1, 1), (1, 0, 1)) 12
2022-08-21 00:28:34.613578 ((0, 0, 0), (0, 0, 1), (0, 1, 1), (1, 0, 1)) 13
2022-08-21 00:30:13.655050 ((0, 0, 0), (0, 0, 1), (0, 1, 1), (1, 0, 1)) 14
2022-08-21 00:31:51.723533 ((0, 0, 0), (0, 0, 1), (0, 1, 1), (1, 1, 0)) 10
2022-08-21 00:33:30.734799 ((0, 0, 0), (0, 0, 1), (0, 1, 1), (1, 1, 0)) 11
2022-08-21 00:35:09.254040 ((0, 0, 0), (0, 0, 1), (0, 1, 1), (1, 1, 0)) 12
2022-08-21 00:36:47.669937 ((0, 0, 0), (0, 0, 1), (0, 1, 1), (1, 1, 0)) 13
2022-08-21 00:38:26.413978 ((0, 0, 0), (0, 0, 1), (0, 1, 1), (1, 1, 0)) 14
2022-08-21 00:40:05.021500 ((0, 0, 0), (0, 0, 1), (0, 1, 1), (1, 1, 1)) 10
2022-08-21 00:41:43.836885 ((0, 0, 0), (0, 0, 1), (0, 1, 1), (1, 1, 1)) 11
2022-08-21 00:43:23.059050 ((0, 0, 0), (0, 0, 1), (0, 1, 1), (1, 1, 1)) 12
2022-08-21 00:45:01.782485 ((0, 0, 0), (0, 0, 1), (0, 1, 1), (1, 1, 1)) 13
2022-08-21 00:46:40.339675 ((0, 0, 0), (0, 0, 1), (0, 1, 1), (1, 1, 1)) 14
2022-08-21 00:48:19.530713 ((0, 0, 0), (0, 0, 1), (1, 0, 0), (1, 0, 1)) 10
2022-08-21 00:49:58.511218 ((0, 0, 0), (0, 0, 1), (1, 0, 0), (1, 0, 1)) 11
2022-08-21 00:51:37.816552 ((0, 0, 0), (0, 0, 1), (1, 0, 0), (1, 0, 1)) 12
2022-08-21 00:53:16.618314 ((0, 0, 0), (0, 0, 1), (1, 0, 0), (1, 0, 1)) 13
2022-08-21 00:55:02.784864 ((0, 0, 0), (0, 0, 1), (1, 0, 0), (1, 0, 1)) 14
2022-08-21 00:56:49.803069 ((0, 0, 0), (0, 0, 1), (1, 0, 0), (1, 1, 0)) 10
2022-08-21 00:58:36.275647 ((0, 0, 0), (0, 0, 1), (1, 0, 0), (1, 1, 0)) 11
2022-08-21 01:00:22.215126 ((0, 0, 0), (0, 0, 1), (1, 0, 0), (1, 1, 0)) 12
2022-08-21 01:01:51.359447 ((0, 0, 0), (0, 0, 1), (1, 0, 0), (1, 1, 0)) 13
2022-08-21 01:03:18.636812 ((0, 0, 0), (0, 0, 1), (1, 0, 0), (1, 1, 0)) 14
2022-08-21 01:04:58.095656 ((0, 0, 0), (0, 0, 1), (1, 0, 0), (1, 1, 1)) 10
2022-08-21 01:06:36.966767 ((0, 0, 0), (0, 0, 1), (1, 0, 0), (1, 1, 1)) 11
2022-08-21 01:08:16.185444 ((0, 0, 0), (0, 0, 1), (1, 0, 0), (1, 1, 1)) 12
2022-08-21 01:09:55.095367 ((0, 0, 0), (0, 0, 1), (1, 0, 0), (1, 1, 1)) 13
2022-08-21 01:11:33.942591 ((0, 0, 0), (0, 0, 1), (1, 0, 0), (1, 1, 1)) 14
2022-08-21 01:13:12.088972 ((0, 0, 0), (0, 0, 1), (1, 0, 1), (1, 1, 0)) 10
2022-08-21 01:14:51.336385 ((0, 0, 0), (0, 0, 1), (1, 0, 1), (1, 1, 0)) 11
2022-08-21 01:16:29.677815 ((0, 0, 0), (0, 0, 1), (1, 0, 1), (1, 1, 0)) 12
2022-08-21 01:18:10.219725 ((0, 0, 0), (0, 0, 1), (1, 0, 1), (1, 1, 0)) 13
2022-08-21 01:19:49.353720 ((0, 0, 0), (0, 0, 1), (1, 0, 1), (1, 1, 0)) 14
2022-08-21 01:21:27.394142 ((0, 0, 0), (0, 0, 1), (1, 0, 1), (1, 1, 1)) 10
2022-08-21 01:23:05.444348 ((0, 0, 0), (0, 0, 1), (1, 0, 1), (1, 1, 1)) 11
2022-08-21 01:24:44.025317 ((0, 0, 0), (0, 0, 1), (1, 0, 1), (1, 1, 1)) 12
2022-08-21 01:26:22.559834 ((0, 0, 0), (0, 0, 1), (1, 0, 1), (1, 1, 1)) 13
2022-08-21 01:28:01.029801 ((0, 0, 0), (0, 0, 1), (1, 0, 1), (1, 1, 1)) 14
2022-08-21 01:29:40.144883 ((0, 0, 0), (0, 0, 1), (1, 1, 0), (1, 1, 1)) 10
2022-08-21 01:31:18.245245 ((0, 0, 0), (0, 0, 1), (1, 1, 0), (1, 1, 1)) 11
2022-08-21 01:32:56.295797 ((0, 0, 0), (0, 0, 1), (1, 1, 0), (1, 1, 1)) 12
2022-08-21 01:34:34.916710 ((0, 0, 0), (0, 0, 1), (1, 1, 0), (1, 1, 1)) 13
2022-08-21 01:36:13.143373 ((0, 0, 0), (0, 0, 1), (1, 1, 0), (1, 1, 1)) 14
2022-08-21 01:37:51.674068 ((0, 0, 0), (0, 1, 0), (0, 1, 1), (1, 0, 0)) 10
2022-08-21 01:39:31.903661 ((0, 0, 0), (0, 1, 0), (0, 1, 1), (1, 0, 0)) 11
2022-08-21 01:41:09.657806 ((0, 0, 0), (0, 1, 0), (0, 1, 1), (1, 0, 0)) 12
2022-08-21 01:42:48.279609 ((0, 0, 0), (0, 1, 0), (0, 1, 1), (1, 0, 0)) 13
2022-08-21 01:44:26.553329 ((0, 0, 0), (0, 1, 0), (0, 1, 1), (1, 0, 0)) 14
2022-08-21 01:46:04.873667 ((0, 0, 0), (0, 1, 0), (0, 1, 1), (1, 0, 1)) 10
2022-08-21 01:47:43.461525 ((0, 0, 0), (0, 1, 0), (0, 1, 1), (1, 0, 1)) 11
2022-08-21 01:49:21.550475 ((0, 0, 0), (0, 1, 0), (0, 1, 1), (1, 0, 1)) 12
2022-08-21 01:51:00.046805 ((0, 0, 0), (0, 1, 0), (0, 1, 1), (1, 0, 1)) 13
2022-08-21 01:52:38.667075 ((0, 0, 0), (0, 1, 0), (0, 1, 1), (1, 0, 1)) 14
2022-08-21 01:54:17.084354 ((0, 0, 0), (0, 1, 0), (0, 1, 1), (1, 1, 0)) 10
2022-08-21 01:55:55.512791 ((0, 0, 0), (0, 1, 0), (0, 1, 1), (1, 1, 0)) 11
2022-08-21 01:57:33.569266 ((0, 0, 0), (0, 1, 0), (0, 1, 1), (1, 1, 0)) 12
2022-08-21 01:59:11.978680 ((0, 0, 0), (0, 1, 0), (0, 1, 1), (1, 1, 0)) 13
2022-08-21 02:00:50.213920 ((0, 0, 0), (0, 1, 0), (0, 1, 1), (1, 1, 0)) 14
2022-08-21 02:02:25.375910 ((0, 0, 0), (0, 1, 0), (0, 1, 1), (1, 1, 1)) 10
2022-08-21 02:04:02.270694 ((0, 0, 0), (0, 1, 0), (0, 1, 1), (1, 1, 1)) 11
2022-08-21 02:05:48.111813 ((0, 0, 0), (0, 1, 0), (0, 1, 1), (1, 1, 1)) 12
2022-08-21 02:07:26.495530 ((0, 0, 0), (0, 1, 0), (0, 1, 1), (1, 1, 1)) 13
2022-08-21 02:09:04.386314 ((0, 0, 0), (0, 1, 0), (0, 1, 1), (1, 1, 1)) 14
2022-08-21 02:10:42.213254 ((0, 0, 0), (0, 1, 0), (1, 0, 0), (1, 0, 1)) 10
2022-08-21 02:12:20.989099 ((0, 0, 0), (0, 1, 0), (1, 0, 0), (1, 0, 1)) 11
2022-08-21 02:13:59.389314 ((0, 0, 0), (0, 1, 0), (1, 0, 0), (1, 0, 1)) 12
2022-08-21 02:15:37.694801 ((0, 0, 0), (0, 1, 0), (1, 0, 0), (1, 0, 1)) 13
2022-08-21 02:17:15.712947 ((0, 0, 0), (0, 1, 0), (1, 0, 0), (1, 0, 1)) 14
2022-08-21 02:18:54.144607 ((0, 0, 0), (0, 1, 0), (1, 0, 0), (1, 1, 0)) 10
2022-08-21 02:20:32.009869 ((0, 0, 0), (0, 1, 0), (1, 0, 0), (1, 1, 0)) 11
2022-08-21 02:22:10.559117 ((0, 0, 0), (0, 1, 0), (1, 0, 0), (1, 1, 0)) 12
2022-08-21 02:23:49.853546 ((0, 0, 0), (0, 1, 0), (1, 0, 0), (1, 1, 0)) 13
2022-08-21 02:25:28.536040 ((0, 0, 0), (0, 1, 0), (1, 0, 0), (1, 1, 0)) 14
2022-08-21 02:27:08.112872 ((0, 0, 0), (0, 1, 0), (1, 0, 0), (1, 1, 1)) 10
2022-08-21 02:28:46.940079 ((0, 0, 0), (0, 1, 0), (1, 0, 0), (1, 1, 1)) 11
2022-08-21 02:30:26.274815 ((0, 0, 0), (0, 1, 0), (1, 0, 0), (1, 1, 1)) 12
2022-08-21 02:32:04.815809 ((0, 0, 0), (0, 1, 0), (1, 0, 0), (1, 1, 1)) 13
2022-08-21 02:33:43.605139 ((0, 0, 0), (0, 1, 0), (1, 0, 0), (1, 1, 1)) 14
2022-08-21 02:35:21.931015 ((0, 0, 0), (0, 1, 0), (1, 0, 1), (1, 1, 0)) 10
2022-08-21 02:37:00.374812 ((0, 0, 0), (0, 1, 0), (1, 0, 1), (1, 1, 0)) 11
2022-08-21 02:38:39.583125 ((0, 0, 0), (0, 1, 0), (1, 0, 1), (1, 1, 0)) 12
2022-08-21 02:40:18.636728 ((0, 0, 0), (0, 1, 0), (1, 0, 1), (1, 1, 0)) 13
2022-08-21 02:41:57.680794 ((0, 0, 0), (0, 1, 0), (1, 0, 1), (1, 1, 0)) 14
2022-08-21 02:43:35.988871 ((0, 0, 0), (0, 1, 0), (1, 0, 1), (1, 1, 1)) 10
2022-08-21 02:45:14.588804 ((0, 0, 0), (0, 1, 0), (1, 0, 1), (1, 1, 1)) 11
2022-08-21 02:46:53.559512 ((0, 0, 0), (0, 1, 0), (1, 0, 1), (1, 1, 1)) 12
2022-08-21 02:48:32.588021 ((0, 0, 0), (0, 1, 0), (1, 0, 1), (1, 1, 1)) 13
2022-08-21 02:50:11.220539 ((0, 0, 0), (0, 1, 0), (1, 0, 1), (1, 1, 1)) 14
2022-08-21 02:51:49.745658 ((0, 0, 0), (0, 1, 0), (1, 1, 0), (1, 1, 1)) 10
2022-08-21 02:53:28.285814 ((0, 0, 0), (0, 1, 0), (1, 1, 0), (1, 1, 1)) 11
2022-08-21 02:55:06.539523 ((0, 0, 0), (0, 1, 0), (1, 1, 0), (1, 1, 1)) 12
2022-08-21 02:56:44.628766 ((0, 0, 0), (0, 1, 0), (1, 1, 0), (1, 1, 1)) 13
2022-08-21 02:58:23.397102 ((0, 0, 0), (0, 1, 0), (1, 1, 0), (1, 1, 1)) 14
2022-08-21 03:00:02.324865 ((0, 0, 0), (0, 1, 1), (1, 0, 0), (1, 0, 1)) 10
2022-08-21 03:01:40.813103 ((0, 0, 0), (0, 1, 1), (1, 0, 0), (1, 0, 1)) 11
2022-08-21 03:03:19.592227 ((0, 0, 0), (0, 1, 1), (1, 0, 0), (1, 0, 1)) 12
2022-08-21 03:04:58.008509 ((0, 0, 0), (0, 1, 1), (1, 0, 0), (1, 0, 1)) 13
2022-08-21 03:06:36.076831 ((0, 0, 0), (0, 1, 1), (1, 0, 0), (1, 0, 1)) 14
2022-08-21 03:08:14.844867 ((0, 0, 0), (0, 1, 1), (1, 0, 0), (1, 1, 0)) 10
2022-08-21 03:09:53.796819 ((0, 0, 0), (0, 1, 1), (1, 0, 0), (1, 1, 0)) 11
2022-08-21 03:11:31.814834 ((0, 0, 0), (0, 1, 1), (1, 0, 0), (1, 1, 0)) 12
2022-08-21 03:13:09.701512 ((0, 0, 0), (0, 1, 1), (1, 0, 0), (1, 1, 0)) 13
2022-08-21 03:14:49.689796 ((0, 0, 0), (0, 1, 1), (1, 0, 0), (1, 1, 0)) 14
2022-08-21 03:16:27.435860 ((0, 0, 0), (0, 1, 1), (1, 0, 0), (1, 1, 1)) 10
2022-08-21 03:18:05.941533 ((0, 0, 0), (0, 1, 1), (1, 0, 0), (1, 1, 1)) 11
2022-08-21 03:19:44.494054 ((0, 0, 0), (0, 1, 1), (1, 0, 0), (1, 1, 1)) 12
2022-08-21 03:21:23.334925 ((0, 0, 0), (0, 1, 1), (1, 0, 0), (1, 1, 1)) 13
2022-08-21 03:23:01.579800 ((0, 0, 0), (0, 1, 1), (1, 0, 0), (1, 1, 1)) 14
2022-08-21 03:24:40.036866 ((0, 0, 0), (0, 1, 1), (1, 0, 1), (1, 1, 0)) 10
2022-08-21 03:26:18.405891 ((0, 0, 0), (0, 1, 1), (1, 0, 1), (1, 1, 0)) 11
2022-08-21 03:27:57.276800 ((0, 0, 0), (0, 1, 1), (1, 0, 1), (1, 1, 0)) 12
2022-08-21 03:29:35.570798 ((0, 0, 0), (0, 1, 1), (1, 0, 1), (1, 1, 0)) 13
2022-08-21 03:31:14.079612 ((0, 0, 0), (0, 1, 1), (1, 0, 1), (1, 1, 0)) 14
2022-08-21 03:32:52.470092 ((0, 0, 0), (0, 1, 1), (1, 0, 1), (1, 1, 1)) 10
2022-08-21 03:34:31.289940 ((0, 0, 0), (0, 1, 1), (1, 0, 1), (1, 1, 1)) 11
2022-08-21 03:36:09.642028 ((0, 0, 0), (0, 1, 1), (1, 0, 1), (1, 1, 1)) 12
2022-08-21 03:37:47.954256 ((0, 0, 0), (0, 1, 1), (1, 0, 1), (1, 1, 1)) 13
2022-08-21 03:39:26.569448 ((0, 0, 0), (0, 1, 1), (1, 0, 1), (1, 1, 1)) 14
2022-08-21 03:41:05.353861 ((0, 0, 0), (0, 1, 1), (1, 1, 0), (1, 1, 1)) 10
2022-08-21 03:42:44.052597 ((0, 0, 0), (0, 1, 1), (1, 1, 0), (1, 1, 1)) 11
2022-08-21 03:44:22.966815 ((0, 0, 0), (0, 1, 1), (1, 1, 0), (1, 1, 1)) 12
2022-08-21 03:46:02.021911 ((0, 0, 0), (0, 1, 1), (1, 1, 0), (1, 1, 1)) 13
2022-08-21 03:47:41.446412 ((0, 0, 0), (0, 1, 1), (1, 1, 0), (1, 1, 1)) 14
2022-08-21 03:49:20.836994 ((0, 0, 0), (1, 0, 0), (1, 0, 1), (1, 1, 0)) 10
2022-08-21 03:51:00.913809 ((0, 0, 0), (1, 0, 0), (1, 0, 1), (1, 1, 0)) 11
2022-08-21 03:52:39.760435 ((0, 0, 0), (1, 0, 0), (1, 0, 1), (1, 1, 0)) 12
2022-08-21 03:54:18.589205 ((0, 0, 0), (1, 0, 0), (1, 0, 1), (1, 1, 0)) 13
2022-08-21 03:55:57.002815 ((0, 0, 0), (1, 0, 0), (1, 0, 1), (1, 1, 0)) 14
2022-08-21 03:57:35.856875 ((0, 0, 0), (1, 0, 0), (1, 0, 1), (1, 1, 1)) 10
2022-08-21 03:59:15.073211 ((0, 0, 0), (1, 0, 0), (1, 0, 1), (1, 1, 1)) 11
2022-08-21 04:00:54.373576 ((0, 0, 0), (1, 0, 0), (1, 0, 1), (1, 1, 1)) 12
2022-08-21 04:02:33.149805 ((0, 0, 0), (1, 0, 0), (1, 0, 1), (1, 1, 1)) 13
2022-08-21 04:04:12.041817 ((0, 0, 0), (1, 0, 0), (1, 0, 1), (1, 1, 1)) 14
2022-08-21 04:05:51.446060 ((0, 0, 0), (1, 0, 0), (1, 1, 0), (1, 1, 1)) 10
2022-08-21 04:07:30.532263 ((0, 0, 0), (1, 0, 0), (1, 1, 0), (1, 1, 1)) 11
2022-08-21 04:09:10.392814 ((0, 0, 0), (1, 0, 0), (1, 1, 0), (1, 1, 1)) 12
2022-08-21 04:10:49.717025 ((0, 0, 0), (1, 0, 0), (1, 1, 0), (1, 1, 1)) 13
2022-08-21 04:12:28.548813 ((0, 0, 0), (1, 0, 0), (1, 1, 0), (1, 1, 1)) 14
2022-08-21 04:14:07.487721 ((0, 0, 0), (1, 0, 1), (1, 1, 0), (1, 1, 1)) 10
2022-08-21 04:15:45.930158 ((0, 0, 0), (1, 0, 1), (1, 1, 0), (1, 1, 1)) 11
2022-08-21 04:17:24.514113 ((0, 0, 0), (1, 0, 1), (1, 1, 0), (1, 1, 1)) 12
2022-08-21 04:19:04.877353 ((0, 0, 0), (1, 0, 1), (1, 1, 0), (1, 1, 1)) 13
2022-08-21 04:20:43.833814 ((0, 0, 0), (1, 0, 1), (1, 1, 0), (1, 1, 1)) 14
2022-08-21 04:22:22.775028 ((0, 0, 1), (0, 1, 0), (0, 1, 1), (1, 0, 0)) 10
2022-08-21 04:24:03.112040 ((0, 0, 1), (0, 1, 0), (0, 1, 1), (1, 0, 0)) 11
2022-08-21 04:25:42.647689 ((0, 0, 1), (0, 1, 0), (0, 1, 1), (1, 0, 0)) 12
2022-08-21 04:27:21.872906 ((0, 0, 1), (0, 1, 0), (0, 1, 1), (1, 0, 0)) 13
2022-08-21 04:29:00.716785 ((0, 0, 1), (0, 1, 0), (0, 1, 1), (1, 0, 0)) 14
2022-08-21 04:30:39.613906 ((0, 0, 1), (0, 1, 0), (0, 1, 1), (1, 0, 1)) 10
2022-08-21 04:32:18.613806 ((0, 0, 1), (0, 1, 0), (0, 1, 1), (1, 0, 1)) 11
2022-08-21 04:33:57.647903 ((0, 0, 1), (0, 1, 0), (0, 1, 1), (1, 0, 1)) 12
2022-08-21 04:35:36.435947 ((0, 0, 1), (0, 1, 0), (0, 1, 1), (1, 0, 1)) 13
2022-08-21 04:37:15.130907 ((0, 0, 1), (0, 1, 0), (0, 1, 1), (1, 0, 1)) 14
2022-08-21 04:38:54.034873 ((0, 0, 1), (0, 1, 0), (0, 1, 1), (1, 1, 0)) 10
2022-08-21 04:40:33.009812 ((0, 0, 1), (0, 1, 0), (0, 1, 1), (1, 1, 0)) 11
2022-08-21 04:42:11.824477 ((0, 0, 1), (0, 1, 0), (0, 1, 1), (1, 1, 0)) 12
2022-08-21 04:43:50.905827 ((0, 0, 1), (0, 1, 0), (0, 1, 1), (1, 1, 0)) 13
2022-08-21 04:45:29.726441 ((0, 0, 1), (0, 1, 0), (0, 1, 1), (1, 1, 0)) 14
2022-08-21 04:47:08.676894 ((0, 0, 1), (0, 1, 0), (0, 1, 1), (1, 1, 1)) 10
2022-08-21 04:48:47.611432 ((0, 0, 1), (0, 1, 0), (0, 1, 1), (1, 1, 1)) 11
2022-08-21 04:50:26.528109 ((0, 0, 1), (0, 1, 0), (0, 1, 1), (1, 1, 1)) 12
2022-08-21 04:52:05.536820 ((0, 0, 1), (0, 1, 0), (0, 1, 1), (1, 1, 1)) 13
2022-08-21 04:53:44.425825 ((0, 0, 1), (0, 1, 0), (0, 1, 1), (1, 1, 1)) 14
2022-08-21 04:55:23.094145 ((0, 0, 1), (0, 1, 0), (1, 0, 0), (1, 0, 1)) 10
2022-08-21 04:57:01.687484 ((0, 0, 1), (0, 1, 0), (1, 0, 0), (1, 0, 1)) 11
2022-08-21 04:58:41.481732 ((0, 0, 1), (0, 1, 0), (1, 0, 0), (1, 0, 1)) 12
2022-08-21 05:00:20.937396 ((0, 0, 1), (0, 1, 0), (1, 0, 0), (1, 0, 1)) 13
2022-08-21 05:02:01.763329 ((0, 0, 1), (0, 1, 0), (1, 0, 0), (1, 0, 1)) 14
2022-08-21 05:03:41.748895 ((0, 0, 1), (0, 1, 0), (1, 0, 0), (1, 1, 0)) 10
2022-08-21 05:05:21.282810 ((0, 0, 1), (0, 1, 0), (1, 0, 0), (1, 1, 0)) 11
2022-08-21 05:07:00.677095 ((0, 0, 1), (0, 1, 0), (1, 0, 0), (1, 1, 0)) 12
2022-08-21 05:08:40.331134 ((0, 0, 1), (0, 1, 0), (1, 0, 0), (1, 1, 0)) 13
2022-08-21 05:10:19.980801 ((0, 0, 1), (0, 1, 0), (1, 0, 0), (1, 1, 0)) 14
2022-08-21 05:11:59.372205 ((0, 0, 1), (0, 1, 0), (1, 0, 0), (1, 1, 1)) 10
2022-08-21 05:13:39.018822 ((0, 0, 1), (0, 1, 0), (1, 0, 0), (1, 1, 1)) 11
2022-08-21 05:15:17.801802 ((0, 0, 1), (0, 1, 0), (1, 0, 0), (1, 1, 1)) 12
2022-08-21 05:16:57.343926 ((0, 0, 1), (0, 1, 0), (1, 0, 0), (1, 1, 1)) 13
2022-08-21 05:18:36.822947 ((0, 0, 1), (0, 1, 0), (1, 0, 0), (1, 1, 1)) 14
2022-08-21 05:20:19.159848 ((0, 0, 1), (0, 1, 0), (1, 0, 1), (1, 1, 0)) 10
2022-08-21 05:22:06.430903 ((0, 0, 1), (0, 1, 0), (1, 0, 1), (1, 1, 0)) 11
2022-08-21 05:23:54.015370 ((0, 0, 1), (0, 1, 0), (1, 0, 1), (1, 1, 0)) 12
2022-08-21 05:25:41.104095 ((0, 0, 1), (0, 1, 0), (1, 0, 1), (1, 1, 0)) 13
2022-08-21 05:27:28.532498 ((0, 0, 1), (0, 1, 0), (1, 0, 1), (1, 1, 0)) 14
2022-08-21 05:29:01.449553 ((0, 0, 1), (0, 1, 0), (1, 0, 1), (1, 1, 1)) 10
2022-08-21 05:30:25.626836 ((0, 0, 1), (0, 1, 0), (1, 0, 1), (1, 1, 1)) 11
2022-08-21 05:31:49.383729 ((0, 0, 1), (0, 1, 0), (1, 0, 1), (1, 1, 1)) 12
2022-08-21 05:33:12.761776 ((0, 0, 1), (0, 1, 0), (1, 0, 1), (1, 1, 1)) 13
2022-08-21 05:34:35.940608 ((0, 0, 1), (0, 1, 0), (1, 0, 1), (1, 1, 1)) 14
2022-08-21 05:35:58.949498 ((0, 0, 1), (0, 1, 0), (1, 1, 0), (1, 1, 1)) 10
2022-08-21 05:37:22.152248 ((0, 0, 1), (0, 1, 0), (1, 1, 0), (1, 1, 1)) 11
2022-08-21 05:38:45.415551 ((0, 0, 1), (0, 1, 0), (1, 1, 0), (1, 1, 1)) 12
2022-08-21 05:40:08.888202 ((0, 0, 1), (0, 1, 0), (1, 1, 0), (1, 1, 1)) 13
2022-08-21 05:41:32.367430 ((0, 0, 1), (0, 1, 0), (1, 1, 0), (1, 1, 1)) 14
2022-08-21 05:42:55.703234 ((0, 0, 1), (0, 1, 1), (1, 0, 0), (1, 0, 1)) 10
2022-08-21 05:44:19.395235 ((0, 0, 1), (0, 1, 1), (1, 0, 0), (1, 0, 1)) 11
2022-08-21 05:45:42.431527 ((0, 0, 1), (0, 1, 1), (1, 0, 0), (1, 0, 1)) 12
2022-08-21 05:47:06.026435 ((0, 0, 1), (0, 1, 1), (1, 0, 0), (1, 0, 1)) 13
2022-08-21 05:48:39.660109 ((0, 0, 1), (0, 1, 1), (1, 0, 0), (1, 0, 1)) 14
2022-08-21 05:50:19.213633 ((0, 0, 1), (0, 1, 1), (1, 0, 0), (1, 1, 0)) 10
2022-08-21 05:51:59.737729 ((0, 0, 1), (0, 1, 1), (1, 0, 0), (1, 1, 0)) 11
2022-08-21 05:53:39.514797 ((0, 0, 1), (0, 1, 1), (1, 0, 0), (1, 1, 0)) 12
2022-08-21 05:55:18.950533 ((0, 0, 1), (0, 1, 1), (1, 0, 0), (1, 1, 0)) 13
2022-08-21 05:56:57.753356 ((0, 0, 1), (0, 1, 1), (1, 0, 0), (1, 1, 0)) 14
2022-08-21 05:58:36.477456 ((0, 0, 1), (0, 1, 1), (1, 0, 0), (1, 1, 1)) 10
2022-08-21 06:00:15.540799 ((0, 0, 1), (0, 1, 1), (1, 0, 0), (1, 1, 1)) 11
2022-08-21 06:01:54.415948 ((0, 0, 1), (0, 1, 1), (1, 0, 0), (1, 1, 1)) 12
2022-08-21 06:03:33.729815 ((0, 0, 1), (0, 1, 1), (1, 0, 0), (1, 1, 1)) 13
2022-08-21 06:05:12.692789 ((0, 0, 1), (0, 1, 1), (1, 0, 0), (1, 1, 1)) 14
2022-08-21 06:06:50.821356 ((0, 0, 1), (0, 1, 1), (1, 0, 1), (1, 1, 0)) 10
2022-08-21 06:08:30.061870 ((0, 0, 1), (0, 1, 1), (1, 0, 1), (1, 1, 0)) 11
2022-08-21 06:10:10.393801 ((0, 0, 1), (0, 1, 1), (1, 0, 1), (1, 1, 0)) 12
2022-08-21 06:11:48.495797 ((0, 0, 1), (0, 1, 1), (1, 0, 1), (1, 1, 0)) 13
2022-08-21 06:13:26.891802 ((0, 0, 1), (0, 1, 1), (1, 0, 1), (1, 1, 0)) 14
2022-08-21 06:15:04.858455 ((0, 0, 1), (0, 1, 1), (1, 0, 1), (1, 1, 1)) 10
2022-08-21 06:16:42.835443 ((0, 0, 1), (0, 1, 1), (1, 0, 1), (1, 1, 1)) 11
2022-08-21 06:18:20.989617 ((0, 0, 1), (0, 1, 1), (1, 0, 1), (1, 1, 1)) 12
2022-08-21 06:19:59.430730 ((0, 0, 1), (0, 1, 1), (1, 0, 1), (1, 1, 1)) 13
2022-08-21 06:21:37.403162 ((0, 0, 1), (0, 1, 1), (1, 0, 1), (1, 1, 1)) 14
2022-08-21 06:23:15.445866 ((0, 0, 1), (0, 1, 1), (1, 1, 0), (1, 1, 1)) 10
2022-08-21 06:24:53.553409 ((0, 0, 1), (0, 1, 1), (1, 1, 0), (1, 1, 1)) 11
2022-08-21 06:26:31.690988 ((0, 0, 1), (0, 1, 1), (1, 1, 0), (1, 1, 1)) 12
2022-08-21 06:28:09.645895 ((0, 0, 1), (0, 1, 1), (1, 1, 0), (1, 1, 1)) 13
2022-08-21 06:29:47.945889 ((0, 0, 1), (0, 1, 1), (1, 1, 0), (1, 1, 1)) 14
2022-08-21 06:31:26.260874 ((0, 0, 1), (1, 0, 0), (1, 0, 1), (1, 1, 0)) 10
2022-08-21 06:33:04.289814 ((0, 0, 1), (1, 0, 0), (1, 0, 1), (1, 1, 0)) 11
2022-08-21 06:34:43.138803 ((0, 0, 1), (1, 0, 0), (1, 0, 1), (1, 1, 0)) 12
2022-08-21 06:36:21.391381 ((0, 0, 1), (1, 0, 0), (1, 0, 1), (1, 1, 0)) 13
2022-08-21 06:37:59.192835 ((0, 0, 1), (1, 0, 0), (1, 0, 1), (1, 1, 0)) 14
2022-08-21 06:39:37.551043 ((0, 0, 1), (1, 0, 0), (1, 0, 1), (1, 1, 1)) 10
2022-08-21 06:41:15.869125 ((0, 0, 1), (1, 0, 0), (1, 0, 1), (1, 1, 1)) 11
2022-08-21 06:42:56.374514 ((0, 0, 1), (1, 0, 0), (1, 0, 1), (1, 1, 1)) 12
2022-08-21 06:44:34.496309 ((0, 0, 1), (1, 0, 0), (1, 0, 1), (1, 1, 1)) 13
2022-08-21 06:46:12.736312 ((0, 0, 1), (1, 0, 0), (1, 0, 1), (1, 1, 1)) 14
2022-08-21 06:47:50.976442 ((0, 0, 1), (1, 0, 0), (1, 1, 0), (1, 1, 1)) 10
2022-08-21 06:49:29.662713 ((0, 0, 1), (1, 0, 0), (1, 1, 0), (1, 1, 1)) 11
2022-08-21 06:51:08.043998 ((0, 0, 1), (1, 0, 0), (1, 1, 0), (1, 1, 1)) 12
2022-08-21 06:52:46.894837 ((0, 0, 1), (1, 0, 0), (1, 1, 0), (1, 1, 1)) 13
2022-08-21 06:54:25.571755 ((0, 0, 1), (1, 0, 0), (1, 1, 0), (1, 1, 1)) 14
2022-08-21 06:56:03.807616 ((0, 0, 1), (1, 0, 1), (1, 1, 0), (1, 1, 1)) 10
2022-08-21 06:57:42.235728 ((0, 0, 1), (1, 0, 1), (1, 1, 0), (1, 1, 1)) 11
2022-08-21 06:59:21.804211 ((0, 0, 1), (1, 0, 1), (1, 1, 0), (1, 1, 1)) 12
2022-08-21 07:01:00.186802 ((0, 0, 1), (1, 0, 1), (1, 1, 0), (1, 1, 1)) 13
2022-08-21 07:02:38.612779 ((0, 0, 1), (1, 0, 1), (1, 1, 0), (1, 1, 1)) 14
2022-08-21 07:04:17.380561 ((0, 1, 0), (0, 1, 1), (1, 0, 0), (1, 0, 1)) 10
2022-08-21 07:05:55.567446 ((0, 1, 0), (0, 1, 1), (1, 0, 0), (1, 0, 1)) 11
2022-08-21 07:07:33.817014 ((0, 1, 0), (0, 1, 1), (1, 0, 0), (1, 0, 1)) 12
2022-08-21 07:09:12.416800 ((0, 1, 0), (0, 1, 1), (1, 0, 0), (1, 0, 1)) 13
2022-08-21 07:10:50.320741 ((0, 1, 0), (0, 1, 1), (1, 0, 0), (1, 0, 1)) 14
2022-08-21 07:12:28.235858 ((0, 1, 0), (0, 1, 1), (1, 0, 0), (1, 1, 0)) 10
2022-08-21 07:14:06.811849 ((0, 1, 0), (0, 1, 1), (1, 0, 0), (1, 1, 0)) 11
2022-08-21 07:15:45.437350 ((0, 1, 0), (0, 1, 1), (1, 0, 0), (1, 1, 0)) 12
2022-08-21 07:17:23.960464 ((0, 1, 0), (0, 1, 1), (1, 0, 0), (1, 1, 0)) 13
2022-08-21 07:19:02.624301 ((0, 1, 0), (0, 1, 1), (1, 0, 0), (1, 1, 0)) 14
2022-08-21 07:20:41.391202 ((0, 1, 0), (0, 1, 1), (1, 0, 0), (1, 1, 1)) 10
2022-08-21 07:22:20.303644 ((0, 1, 0), (0, 1, 1), (1, 0, 0), (1, 1, 1)) 11
2022-08-21 07:23:58.353530 ((0, 1, 0), (0, 1, 1), (1, 0, 0), (1, 1, 1)) 12
2022-08-21 07:25:36.458801 ((0, 1, 0), (0, 1, 1), (1, 0, 0), (1, 1, 1)) 13
2022-08-21 07:27:14.585798 ((0, 1, 0), (0, 1, 1), (1, 0, 0), (1, 1, 1)) 14
2022-08-21 07:28:52.882860 ((0, 1, 0), (0, 1, 1), (1, 0, 1), (1, 1, 0)) 10
2022-08-21 07:30:31.581133 ((0, 1, 0), (0, 1, 1), (1, 0, 1), (1, 1, 0)) 11
2022-08-21 07:32:09.588849 ((0, 1, 0), (0, 1, 1), (1, 0, 1), (1, 1, 0)) 12
2022-08-21 07:33:48.043515 ((0, 1, 0), (0, 1, 1), (1, 0, 1), (1, 1, 0)) 13
2022-08-21 07:35:26.133664 ((0, 1, 0), (0, 1, 1), (1, 0, 1), (1, 1, 0)) 14
2022-08-21 07:37:04.885009 ((0, 1, 0), (0, 1, 1), (1, 0, 1), (1, 1, 1)) 10
2022-08-21 07:38:43.609106 ((0, 1, 0), (0, 1, 1), (1, 0, 1), (1, 1, 1)) 11
2022-08-21 07:40:22.158054 ((0, 1, 0), (0, 1, 1), (1, 0, 1), (1, 1, 1)) 12
2022-08-21 07:42:00.753323 ((0, 1, 0), (0, 1, 1), (1, 0, 1), (1, 1, 1)) 13
2022-08-21 07:43:39.859957 ((0, 1, 0), (0, 1, 1), (1, 0, 1), (1, 1, 1)) 14
2022-08-21 07:45:18.690874 ((0, 1, 0), (0, 1, 1), (1, 1, 0), (1, 1, 1)) 10
2022-08-21 07:46:57.272819 ((0, 1, 0), (0, 1, 1), (1, 1, 0), (1, 1, 1)) 11
2022-08-21 07:48:36.001944 ((0, 1, 0), (0, 1, 1), (1, 1, 0), (1, 1, 1)) 12
2022-08-21 07:50:14.700199 ((0, 1, 0), (0, 1, 1), (1, 1, 0), (1, 1, 1)) 13
2022-08-21 07:51:53.040464 ((0, 1, 0), (0, 1, 1), (1, 1, 0), (1, 1, 1)) 14
2022-08-21 07:53:31.969293 ((0, 1, 0), (1, 0, 0), (1, 0, 1), (1, 1, 0)) 10
2022-08-21 07:55:10.364745 ((0, 1, 0), (1, 0, 0), (1, 0, 1), (1, 1, 0)) 11
2022-08-21 07:56:50.231201 ((0, 1, 0), (1, 0, 0), (1, 0, 1), (1, 1, 0)) 12
2022-08-21 07:58:28.738457 ((0, 1, 0), (1, 0, 0), (1, 0, 1), (1, 1, 0)) 13
2022-08-21 08:00:08.848063 ((0, 1, 0), (1, 0, 0), (1, 0, 1), (1, 1, 0)) 14
2022-08-21 08:01:47.562498 ((0, 1, 0), (1, 0, 0), (1, 0, 1), (1, 1, 1)) 10
2022-08-21 08:03:26.809957 ((0, 1, 0), (1, 0, 0), (1, 0, 1), (1, 1, 1)) 11
2022-08-21 08:05:06.159800 ((0, 1, 0), (1, 0, 0), (1, 0, 1), (1, 1, 1)) 12
2022-08-21 08:06:44.732036 ((0, 1, 0), (1, 0, 0), (1, 0, 1), (1, 1, 1)) 13
2022-08-21 08:08:23.665232 ((0, 1, 0), (1, 0, 0), (1, 0, 1), (1, 1, 1)) 14
2022-08-21 08:10:03.125583 ((0, 1, 0), (1, 0, 0), (1, 1, 0), (1, 1, 1)) 10
2022-08-21 08:11:42.081452 ((0, 1, 0), (1, 0, 0), (1, 1, 0), (1, 1, 1)) 11
2022-08-21 08:13:20.738805 ((0, 1, 0), (1, 0, 0), (1, 1, 0), (1, 1, 1)) 12
2022-08-21 08:15:00.884447 ((0, 1, 0), (1, 0, 0), (1, 1, 0), (1, 1, 1)) 13
2022-08-21 08:16:40.042180 ((0, 1, 0), (1, 0, 0), (1, 1, 0), (1, 1, 1)) 14
2022-08-21 08:18:22.729871 ((0, 1, 0), (1, 0, 1), (1, 1, 0), (1, 1, 1)) 10
2022-08-21 08:20:09.801186 ((0, 1, 0), (1, 0, 1), (1, 1, 0), (1, 1, 1)) 11
2022-08-21 08:21:55.086881 ((0, 1, 0), (1, 0, 1), (1, 1, 0), (1, 1, 1)) 12
2022-08-21 08:23:41.300818 ((0, 1, 0), (1, 0, 1), (1, 1, 0), (1, 1, 1)) 13
2022-08-21 08:25:17.570585 ((0, 1, 0), (1, 0, 1), (1, 1, 0), (1, 1, 1)) 14
2022-08-21 08:26:58.401188 ((0, 1, 1), (1, 0, 0), (1, 0, 1), (1, 1, 0)) 10
2022-08-21 08:28:38.699970 ((0, 1, 1), (1, 0, 0), (1, 0, 1), (1, 1, 0)) 11
2022-08-21 08:30:19.672064 ((0, 1, 1), (1, 0, 0), (1, 0, 1), (1, 1, 0)) 12
2022-08-21 08:31:58.101618 ((0, 1, 1), (1, 0, 0), (1, 0, 1), (1, 1, 0)) 13
2022-08-21 08:33:36.272807 ((0, 1, 1), (1, 0, 0), (1, 0, 1), (1, 1, 0)) 14
2022-08-21 08:35:15.906278 ((0, 1, 1), (1, 0, 0), (1, 0, 1), (1, 1, 1)) 10
2022-08-21 08:36:54.784669 ((0, 1, 1), (1, 0, 0), (1, 0, 1), (1, 1, 1)) 11
2022-08-21 08:38:32.931523 ((0, 1, 1), (1, 0, 0), (1, 0, 1), (1, 1, 1)) 12
2022-08-21 08:40:11.493339 ((0, 1, 1), (1, 0, 0), (1, 0, 1), (1, 1, 1)) 13
2022-08-21 08:41:50.176769 ((0, 1, 1), (1, 0, 0), (1, 0, 1), (1, 1, 1)) 14
2022-08-21 08:43:28.696419 ((0, 1, 1), (1, 0, 0), (1, 1, 0), (1, 1, 1)) 10
2022-08-21 08:45:06.924164 ((0, 1, 1), (1, 0, 0), (1, 1, 0), (1, 1, 1)) 11
2022-08-21 08:46:44.843454 ((0, 1, 1), (1, 0, 0), (1, 1, 0), (1, 1, 1)) 12
2022-08-21 08:48:23.431719 ((0, 1, 1), (1, 0, 0), (1, 1, 0), (1, 1, 1)) 13
2022-08-21 08:50:03.473543 ((0, 1, 1), (1, 0, 0), (1, 1, 0), (1, 1, 1)) 14
2022-08-21 08:51:41.899986 ((0, 1, 1), (1, 0, 1), (1, 1, 0), (1, 1, 1)) 10
2022-08-21 08:53:20.671815 ((0, 1, 1), (1, 0, 1), (1, 1, 0), (1, 1, 1)) 11
2022-08-21 08:54:58.634204 ((0, 1, 1), (1, 0, 1), (1, 1, 0), (1, 1, 1)) 12
2022-08-21 08:56:36.955365 ((0, 1, 1), (1, 0, 1), (1, 1, 0), (1, 1, 1)) 13
2022-08-21 08:58:15.243799 ((0, 1, 1), (1, 0, 1), (1, 1, 0), (1, 1, 1)) 14
2022-08-21 08:59:54.791037 ((1, 0, 0), (1, 0, 1), (1, 1, 0), (1, 1, 1)) 10
2022-08-21 09:01:33.048230 ((1, 0, 0), (1, 0, 1), (1, 1, 0), (1, 1, 1)) 11
2022-08-21 09:03:09.038241 ((1, 0, 0), (1, 0, 1), (1, 1, 0), (1, 1, 1)) 12
2022-08-21 09:04:41.479852 ((1, 0, 0), (1, 0, 1), (1, 1, 0), (1, 1, 1)) 13
2022-08-21 09:06:12.848819 ((1, 0, 0), (1, 0, 1), (1, 1, 0), (1, 1, 1)) 14
