DRQN Experiment Parameters.
Namespace(seed=1, payoffs=[1.0, 1.0], n_iterations=100, n_train_evals=5, train_id_start=5, n_episodes=2000, epsilon=0.3, rnn_hidden_dim=4, fnn_hidden_dim=4, capacity=16, batch_size=8, lr=0.005, tau=0.01, gamma=0.975, len_update_cycle=1, save=True)

Parameter sources.
Command Line Args:   --seed=1 --train_id_start=5 --n_train_evals=5 --save
Config File (/data/engs-oxfair3/orie4536/online-lever-adaptation/experiments/all_length3_fpp/drqn.conf):
  n_episodes:        2000
  epsilon:           0.3
  rnn_hidden_dim:    4
  fnn_hidden_dim:    4
  capacity:          16
  batch_size:        8
  gamma:             0.975
  lr:                0.005
  tau:               1e-2
  len_update_cycle:  1
Config File (/data/engs-oxfair3/orie4536/online-lever-adaptation/experiments/all_length3_fpp/defaults.conf):
  payoffs:           ['1.', '1.']
  n_iterations:      100

2022-08-20 23:31:30.850646 ((0, 0, 0), (0, 0, 1), (0, 1, 0), (0, 1, 1)) 05
2022-08-20 23:33:08.656298 ((0, 0, 0), (0, 0, 1), (0, 1, 0), (0, 1, 1)) 06
2022-08-20 23:34:48.626929 ((0, 0, 0), (0, 0, 1), (0, 1, 0), (0, 1, 1)) 07
2022-08-20 23:36:31.775812 ((0, 0, 0), (0, 0, 1), (0, 1, 0), (0, 1, 1)) 08
2022-08-20 23:38:16.318845 ((0, 0, 0), (0, 0, 1), (0, 1, 0), (0, 1, 1)) 09
2022-08-20 23:40:00.666137 ((0, 0, 0), (0, 0, 1), (0, 1, 0), (1, 0, 0)) 05
2022-08-20 23:41:44.201041 ((0, 0, 0), (0, 0, 1), (0, 1, 0), (1, 0, 0)) 06
2022-08-20 23:43:28.316332 ((0, 0, 0), (0, 0, 1), (0, 1, 0), (1, 0, 0)) 07
2022-08-20 23:45:12.298848 ((0, 0, 0), (0, 0, 1), (0, 1, 0), (1, 0, 0)) 08
2022-08-20 23:46:56.493132 ((0, 0, 0), (0, 0, 1), (0, 1, 0), (1, 0, 0)) 09
2022-08-20 23:48:37.940140 ((0, 0, 0), (0, 0, 1), (0, 1, 0), (1, 0, 1)) 05
2022-08-20 23:50:15.779076 ((0, 0, 0), (0, 0, 1), (0, 1, 0), (1, 0, 1)) 06
2022-08-20 23:51:53.353240 ((0, 0, 0), (0, 0, 1), (0, 1, 0), (1, 0, 1)) 07
2022-08-20 23:53:31.268804 ((0, 0, 0), (0, 0, 1), (0, 1, 0), (1, 0, 1)) 08
2022-08-20 23:55:09.494135 ((0, 0, 0), (0, 0, 1), (0, 1, 0), (1, 0, 1)) 09
2022-08-20 23:56:48.778068 ((0, 0, 0), (0, 0, 1), (0, 1, 0), (1, 1, 0)) 05
2022-08-20 23:58:26.078250 ((0, 0, 0), (0, 0, 1), (0, 1, 0), (1, 1, 0)) 06
2022-08-21 00:00:03.455922 ((0, 0, 0), (0, 0, 1), (0, 1, 0), (1, 1, 0)) 07
2022-08-21 00:01:41.383452 ((0, 0, 0), (0, 0, 1), (0, 1, 0), (1, 1, 0)) 08
2022-08-21 00:03:19.432210 ((0, 0, 0), (0, 0, 1), (0, 1, 0), (1, 1, 0)) 09
2022-08-21 00:04:57.681030 ((0, 0, 0), (0, 0, 1), (0, 1, 0), (1, 1, 1)) 05
2022-08-21 00:06:35.493838 ((0, 0, 0), (0, 0, 1), (0, 1, 0), (1, 1, 1)) 06
2022-08-21 00:08:13.383820 ((0, 0, 0), (0, 0, 1), (0, 1, 0), (1, 1, 1)) 07
2022-08-21 00:09:51.900042 ((0, 0, 0), (0, 0, 1), (0, 1, 0), (1, 1, 1)) 08
2022-08-21 00:11:30.152629 ((0, 0, 0), (0, 0, 1), (0, 1, 0), (1, 1, 1)) 09
2022-08-21 00:13:08.070430 ((0, 0, 0), (0, 0, 1), (0, 1, 1), (1, 0, 0)) 05
2022-08-21 00:14:46.360810 ((0, 0, 0), (0, 0, 1), (0, 1, 1), (1, 0, 0)) 06
2022-08-21 00:16:24.290245 ((0, 0, 0), (0, 0, 1), (0, 1, 1), (1, 0, 0)) 07
2022-08-21 00:18:02.402354 ((0, 0, 0), (0, 0, 1), (0, 1, 1), (1, 0, 0)) 08
2022-08-21 00:19:40.464743 ((0, 0, 0), (0, 0, 1), (0, 1, 1), (1, 0, 0)) 09
2022-08-21 00:21:18.437951 ((0, 0, 0), (0, 0, 1), (0, 1, 1), (1, 0, 1)) 05
2022-08-21 00:22:56.448595 ((0, 0, 0), (0, 0, 1), (0, 1, 1), (1, 0, 1)) 06
2022-08-21 00:24:34.805819 ((0, 0, 0), (0, 0, 1), (0, 1, 1), (1, 0, 1)) 07
2022-08-21 00:26:12.392317 ((0, 0, 0), (0, 0, 1), (0, 1, 1), (1, 0, 1)) 08
2022-08-21 00:27:50.173532 ((0, 0, 0), (0, 0, 1), (0, 1, 1), (1, 0, 1)) 09
2022-08-21 00:29:28.410509 ((0, 0, 0), (0, 0, 1), (0, 1, 1), (1, 1, 0)) 05
2022-08-21 00:31:06.692114 ((0, 0, 0), (0, 0, 1), (0, 1, 1), (1, 1, 0)) 06
2022-08-21 00:32:45.033208 ((0, 0, 0), (0, 0, 1), (0, 1, 1), (1, 1, 0)) 07
2022-08-21 00:34:23.237672 ((0, 0, 0), (0, 0, 1), (0, 1, 1), (1, 1, 0)) 08
2022-08-21 00:36:01.018125 ((0, 0, 0), (0, 0, 1), (0, 1, 1), (1, 1, 0)) 09
2022-08-21 00:37:39.247738 ((0, 0, 0), (0, 0, 1), (0, 1, 1), (1, 1, 1)) 05
2022-08-21 00:39:17.340935 ((0, 0, 0), (0, 0, 1), (0, 1, 1), (1, 1, 1)) 06
2022-08-21 00:40:55.699224 ((0, 0, 0), (0, 0, 1), (0, 1, 1), (1, 1, 1)) 07
2022-08-21 00:42:34.568718 ((0, 0, 0), (0, 0, 1), (0, 1, 1), (1, 1, 1)) 08
2022-08-21 00:44:13.693368 ((0, 0, 0), (0, 0, 1), (0, 1, 1), (1, 1, 1)) 09
2022-08-21 00:45:51.814009 ((0, 0, 0), (0, 0, 1), (1, 0, 0), (1, 0, 1)) 05
2022-08-21 00:47:30.619260 ((0, 0, 0), (0, 0, 1), (1, 0, 0), (1, 0, 1)) 06
2022-08-21 00:49:09.169050 ((0, 0, 0), (0, 0, 1), (1, 0, 0), (1, 0, 1)) 07
2022-08-21 00:50:48.285197 ((0, 0, 0), (0, 0, 1), (1, 0, 0), (1, 0, 1)) 08
2022-08-21 00:52:26.756092 ((0, 0, 0), (0, 0, 1), (1, 0, 0), (1, 0, 1)) 09
2022-08-21 00:54:07.837999 ((0, 0, 0), (0, 0, 1), (1, 0, 0), (1, 1, 0)) 05
2022-08-21 00:55:53.964363 ((0, 0, 0), (0, 0, 1), (1, 0, 0), (1, 1, 0)) 06
2022-08-21 00:57:39.289835 ((0, 0, 0), (0, 0, 1), (1, 0, 0), (1, 1, 0)) 07
2022-08-21 00:59:27.917386 ((0, 0, 0), (0, 0, 1), (1, 0, 0), (1, 1, 0)) 08
2022-08-21 01:01:06.260062 ((0, 0, 0), (0, 0, 1), (1, 0, 0), (1, 1, 0)) 09
2022-08-21 01:02:33.416261 ((0, 0, 0), (0, 0, 1), (1, 0, 0), (1, 1, 1)) 05
2022-08-21 01:04:05.901110 ((0, 0, 0), (0, 0, 1), (1, 0, 0), (1, 1, 1)) 06
2022-08-21 01:05:44.833379 ((0, 0, 0), (0, 0, 1), (1, 0, 0), (1, 1, 1)) 07
2022-08-21 01:07:23.637935 ((0, 0, 0), (0, 0, 1), (1, 0, 0), (1, 1, 1)) 08
2022-08-21 01:09:02.167848 ((0, 0, 0), (0, 0, 1), (1, 0, 0), (1, 1, 1)) 09
2022-08-21 01:10:40.505974 ((0, 0, 0), (0, 0, 1), (1, 0, 1), (1, 1, 0)) 05
2022-08-21 01:12:18.481143 ((0, 0, 0), (0, 0, 1), (1, 0, 1), (1, 1, 0)) 06
2022-08-21 01:13:56.745723 ((0, 0, 0), (0, 0, 1), (1, 0, 1), (1, 1, 0)) 07
2022-08-21 01:15:34.969512 ((0, 0, 0), (0, 0, 1), (1, 0, 1), (1, 1, 0)) 08
2022-08-21 01:17:13.353688 ((0, 0, 0), (0, 0, 1), (1, 0, 1), (1, 1, 0)) 09
2022-08-21 01:18:51.996854 ((0, 0, 0), (0, 0, 1), (1, 0, 1), (1, 1, 1)) 05
2022-08-21 01:20:29.941247 ((0, 0, 0), (0, 0, 1), (1, 0, 1), (1, 1, 1)) 06
2022-08-21 01:22:08.125813 ((0, 0, 0), (0, 0, 1), (1, 0, 1), (1, 1, 1)) 07
2022-08-21 01:23:46.719835 ((0, 0, 0), (0, 0, 1), (1, 0, 1), (1, 1, 1)) 08
2022-08-21 01:25:24.269183 ((0, 0, 0), (0, 0, 1), (1, 0, 1), (1, 1, 1)) 09
2022-08-21 01:27:01.717774 ((0, 0, 0), (0, 0, 1), (1, 1, 0), (1, 1, 1)) 05
2022-08-21 01:28:39.499073 ((0, 0, 0), (0, 0, 1), (1, 1, 0), (1, 1, 1)) 06
2022-08-21 01:30:17.185831 ((0, 0, 0), (0, 0, 1), (1, 1, 0), (1, 1, 1)) 07
2022-08-21 01:31:54.755416 ((0, 0, 0), (0, 0, 1), (1, 1, 0), (1, 1, 1)) 08
2022-08-21 01:33:32.499135 ((0, 0, 0), (0, 0, 1), (1, 1, 0), (1, 1, 1)) 09
2022-08-21 01:35:10.126660 ((0, 0, 0), (0, 1, 0), (0, 1, 1), (1, 0, 0)) 05
2022-08-21 01:36:47.607816 ((0, 0, 0), (0, 1, 0), (0, 1, 1), (1, 0, 0)) 06
2022-08-21 01:38:25.404635 ((0, 0, 0), (0, 1, 0), (0, 1, 1), (1, 0, 0)) 07
2022-08-21 01:40:03.155232 ((0, 0, 0), (0, 1, 0), (0, 1, 1), (1, 0, 0)) 08
2022-08-21 01:41:40.652304 ((0, 0, 0), (0, 1, 0), (0, 1, 1), (1, 0, 0)) 09
2022-08-21 01:43:18.378871 ((0, 0, 0), (0, 1, 0), (0, 1, 1), (1, 0, 1)) 05
2022-08-21 01:44:56.048813 ((0, 0, 0), (0, 1, 0), (0, 1, 1), (1, 0, 1)) 06
2022-08-21 01:46:33.882812 ((0, 0, 0), (0, 1, 0), (0, 1, 1), (1, 0, 1)) 07
2022-08-21 01:48:12.136867 ((0, 0, 0), (0, 1, 0), (0, 1, 1), (1, 0, 1)) 08
2022-08-21 01:49:49.937694 ((0, 0, 0), (0, 1, 0), (0, 1, 1), (1, 0, 1)) 09
2022-08-21 01:51:28.000166 ((0, 0, 0), (0, 1, 0), (0, 1, 1), (1, 1, 0)) 05
2022-08-21 01:53:06.973813 ((0, 0, 0), (0, 1, 0), (0, 1, 1), (1, 1, 0)) 06
2022-08-21 01:54:44.895155 ((0, 0, 0), (0, 1, 0), (0, 1, 1), (1, 1, 0)) 07
2022-08-21 01:56:22.464465 ((0, 0, 0), (0, 1, 0), (0, 1, 1), (1, 1, 0)) 08
2022-08-21 01:58:00.197224 ((0, 0, 0), (0, 1, 0), (0, 1, 1), (1, 1, 0)) 09
2022-08-21 01:59:39.475972 ((0, 0, 0), (0, 1, 0), (0, 1, 1), (1, 1, 1)) 05
2022-08-21 02:01:15.564786 ((0, 0, 0), (0, 1, 0), (0, 1, 1), (1, 1, 1)) 06
2022-08-21 02:02:51.809832 ((0, 0, 0), (0, 1, 0), (0, 1, 1), (1, 1, 1)) 07
2022-08-21 02:04:27.801480 ((0, 0, 0), (0, 1, 0), (0, 1, 1), (1, 1, 1)) 08
2022-08-21 02:06:01.601510 ((0, 0, 0), (0, 1, 0), (0, 1, 1), (1, 1, 1)) 09
2022-08-21 02:07:38.195865 ((0, 0, 0), (0, 1, 0), (1, 0, 0), (1, 0, 1)) 05
2022-08-21 02:09:16.060861 ((0, 0, 0), (0, 1, 0), (1, 0, 0), (1, 0, 1)) 06
2022-08-21 02:10:55.456572 ((0, 0, 0), (0, 1, 0), (1, 0, 0), (1, 0, 1)) 07
2022-08-21 02:12:33.092820 ((0, 0, 0), (0, 1, 0), (1, 0, 0), (1, 0, 1)) 08
2022-08-21 02:14:11.418954 ((0, 0, 0), (0, 1, 0), (1, 0, 0), (1, 0, 1)) 09
2022-08-21 02:15:49.776641 ((0, 0, 0), (0, 1, 0), (1, 0, 0), (1, 1, 0)) 05
2022-08-21 02:17:27.681951 ((0, 0, 0), (0, 1, 0), (1, 0, 0), (1, 1, 0)) 06
2022-08-21 02:19:05.915354 ((0, 0, 0), (0, 1, 0), (1, 0, 0), (1, 1, 0)) 07
2022-08-21 02:20:43.751608 ((0, 0, 0), (0, 1, 0), (1, 0, 0), (1, 1, 0)) 08
2022-08-21 02:22:21.506709 ((0, 0, 0), (0, 1, 0), (1, 0, 0), (1, 1, 0)) 09
2022-08-21 02:23:59.534710 ((0, 0, 0), (0, 1, 0), (1, 0, 0), (1, 1, 1)) 05
2022-08-21 02:25:37.786963 ((0, 0, 0), (0, 1, 0), (1, 0, 0), (1, 1, 1)) 06
2022-08-21 02:27:16.425542 ((0, 0, 0), (0, 1, 0), (1, 0, 0), (1, 1, 1)) 07
2022-08-21 02:28:54.866602 ((0, 0, 0), (0, 1, 0), (1, 0, 0), (1, 1, 1)) 08
2022-08-21 02:30:32.782102 ((0, 0, 0), (0, 1, 0), (1, 0, 0), (1, 1, 1)) 09
2022-08-21 02:32:10.687564 ((0, 0, 0), (0, 1, 0), (1, 0, 1), (1, 1, 0)) 05
2022-08-21 02:33:48.972034 ((0, 0, 0), (0, 1, 0), (1, 0, 1), (1, 1, 0)) 06
2022-08-21 02:35:27.435830 ((0, 0, 0), (0, 1, 0), (1, 0, 1), (1, 1, 0)) 07
2022-08-21 02:37:05.069960 ((0, 0, 0), (0, 1, 0), (1, 0, 1), (1, 1, 0)) 08
2022-08-21 02:38:43.423813 ((0, 0, 0), (0, 1, 0), (1, 0, 1), (1, 1, 0)) 09
2022-08-21 02:40:21.493873 ((0, 0, 0), (0, 1, 0), (1, 0, 1), (1, 1, 1)) 05
2022-08-21 02:41:59.345909 ((0, 0, 0), (0, 1, 0), (1, 0, 1), (1, 1, 1)) 06
2022-08-21 02:43:37.272613 ((0, 0, 0), (0, 1, 0), (1, 0, 1), (1, 1, 1)) 07
2022-08-21 02:45:15.087311 ((0, 0, 0), (0, 1, 0), (1, 0, 1), (1, 1, 1)) 08
2022-08-21 02:46:52.857815 ((0, 0, 0), (0, 1, 0), (1, 0, 1), (1, 1, 1)) 09
2022-08-21 02:48:31.210939 ((0, 0, 0), (0, 1, 0), (1, 1, 0), (1, 1, 1)) 05
2022-08-21 02:50:09.390293 ((0, 0, 0), (0, 1, 0), (1, 1, 0), (1, 1, 1)) 06
2022-08-21 02:51:47.148810 ((0, 0, 0), (0, 1, 0), (1, 1, 0), (1, 1, 1)) 07
2022-08-21 02:53:25.271451 ((0, 0, 0), (0, 1, 0), (1, 1, 0), (1, 1, 1)) 08
2022-08-21 02:55:03.960180 ((0, 0, 0), (0, 1, 0), (1, 1, 0), (1, 1, 1)) 09
2022-08-21 02:56:42.565259 ((0, 0, 0), (0, 1, 1), (1, 0, 0), (1, 0, 1)) 05
2022-08-21 02:58:23.232935 ((0, 0, 0), (0, 1, 1), (1, 0, 0), (1, 0, 1)) 06
2022-08-21 03:00:01.053813 ((0, 0, 0), (0, 1, 1), (1, 0, 0), (1, 0, 1)) 07
2022-08-21 03:01:38.941488 ((0, 0, 0), (0, 1, 1), (1, 0, 0), (1, 0, 1)) 08
2022-08-21 03:03:17.329259 ((0, 0, 0), (0, 1, 1), (1, 0, 0), (1, 0, 1)) 09
2022-08-21 03:04:55.162807 ((0, 0, 0), (0, 1, 1), (1, 0, 0), (1, 1, 0)) 05
2022-08-21 03:06:33.053016 ((0, 0, 0), (0, 1, 1), (1, 0, 0), (1, 1, 0)) 06
2022-08-21 03:08:11.091401 ((0, 0, 0), (0, 1, 1), (1, 0, 0), (1, 1, 0)) 07
2022-08-21 03:09:49.149042 ((0, 0, 0), (0, 1, 1), (1, 0, 0), (1, 1, 0)) 08
2022-08-21 03:11:26.726337 ((0, 0, 0), (0, 1, 1), (1, 0, 0), (1, 1, 0)) 09
2022-08-21 03:13:06.631725 ((0, 0, 0), (0, 1, 1), (1, 0, 0), (1, 1, 1)) 05
2022-08-21 03:14:45.085182 ((0, 0, 0), (0, 1, 1), (1, 0, 0), (1, 1, 1)) 06
2022-08-21 03:16:22.808354 ((0, 0, 0), (0, 1, 1), (1, 0, 0), (1, 1, 1)) 07
2022-08-21 03:18:00.898264 ((0, 0, 0), (0, 1, 1), (1, 0, 0), (1, 1, 1)) 08
2022-08-21 03:19:39.539152 ((0, 0, 0), (0, 1, 1), (1, 0, 0), (1, 1, 1)) 09
2022-08-21 03:21:17.242874 ((0, 0, 0), (0, 1, 1), (1, 0, 1), (1, 1, 0)) 05
2022-08-21 03:22:55.317279 ((0, 0, 0), (0, 1, 1), (1, 0, 1), (1, 1, 0)) 06
2022-08-21 03:24:33.135547 ((0, 0, 0), (0, 1, 1), (1, 0, 1), (1, 1, 0)) 07
2022-08-21 03:26:11.096816 ((0, 0, 0), (0, 1, 1), (1, 0, 1), (1, 1, 0)) 08
2022-08-21 03:27:48.880740 ((0, 0, 0), (0, 1, 1), (1, 0, 1), (1, 1, 0)) 09
2022-08-21 03:29:26.897929 ((0, 0, 0), (0, 1, 1), (1, 0, 1), (1, 1, 1)) 05
2022-08-21 03:31:04.903931 ((0, 0, 0), (0, 1, 1), (1, 0, 1), (1, 1, 1)) 06
2022-08-21 03:32:42.729822 ((0, 0, 0), (0, 1, 1), (1, 0, 1), (1, 1, 1)) 07
2022-08-21 03:34:20.629775 ((0, 0, 0), (0, 1, 1), (1, 0, 1), (1, 1, 1)) 08
2022-08-21 03:35:58.476812 ((0, 0, 0), (0, 1, 1), (1, 0, 1), (1, 1, 1)) 09
2022-08-21 03:37:35.934874 ((0, 0, 0), (0, 1, 1), (1, 1, 0), (1, 1, 1)) 05
2022-08-21 03:39:14.274082 ((0, 0, 0), (0, 1, 1), (1, 1, 0), (1, 1, 1)) 06
2022-08-21 03:40:55.228806 ((0, 0, 0), (0, 1, 1), (1, 1, 0), (1, 1, 1)) 07
2022-08-21 03:42:33.966115 ((0, 0, 0), (0, 1, 1), (1, 1, 0), (1, 1, 1)) 08
2022-08-21 03:44:12.819289 ((0, 0, 0), (0, 1, 1), (1, 1, 0), (1, 1, 1)) 09
2022-08-21 03:45:51.075911 ((0, 0, 0), (1, 0, 0), (1, 0, 1), (1, 1, 0)) 05
2022-08-21 03:47:29.008925 ((0, 0, 0), (1, 0, 0), (1, 0, 1), (1, 1, 0)) 06
2022-08-21 03:49:07.520713 ((0, 0, 0), (1, 0, 0), (1, 0, 1), (1, 1, 0)) 07
2022-08-21 03:50:46.115898 ((0, 0, 0), (1, 0, 0), (1, 0, 1), (1, 1, 0)) 08
2022-08-21 03:52:24.982798 ((0, 0, 0), (1, 0, 0), (1, 0, 1), (1, 1, 0)) 09
2022-08-21 03:54:03.739761 ((0, 0, 0), (1, 0, 0), (1, 0, 1), (1, 1, 1)) 05
2022-08-21 03:55:42.082255 ((0, 0, 0), (1, 0, 0), (1, 0, 1), (1, 1, 1)) 06
2022-08-21 03:57:20.438802 ((0, 0, 0), (1, 0, 0), (1, 0, 1), (1, 1, 1)) 07
2022-08-21 03:58:59.922967 ((0, 0, 0), (1, 0, 0), (1, 0, 1), (1, 1, 1)) 08
2022-08-21 04:00:38.784808 ((0, 0, 0), (1, 0, 0), (1, 0, 1), (1, 1, 1)) 09
2022-08-21 04:02:16.924868 ((0, 0, 0), (1, 0, 0), (1, 1, 0), (1, 1, 1)) 05
2022-08-21 04:03:55.161247 ((0, 0, 0), (1, 0, 0), (1, 1, 0), (1, 1, 1)) 06
2022-08-21 04:05:33.491810 ((0, 0, 0), (1, 0, 0), (1, 1, 0), (1, 1, 1)) 07
2022-08-21 04:07:11.907813 ((0, 0, 0), (1, 0, 0), (1, 1, 0), (1, 1, 1)) 08
2022-08-21 04:08:50.312810 ((0, 0, 0), (1, 0, 0), (1, 1, 0), (1, 1, 1)) 09
2022-08-21 04:10:28.739230 ((0, 0, 0), (1, 0, 1), (1, 1, 0), (1, 1, 1)) 05
2022-08-21 04:12:06.629812 ((0, 0, 0), (1, 0, 1), (1, 1, 0), (1, 1, 1)) 06
2022-08-21 04:13:45.624633 ((0, 0, 0), (1, 0, 1), (1, 1, 0), (1, 1, 1)) 07
2022-08-21 04:15:24.270810 ((0, 0, 0), (1, 0, 1), (1, 1, 0), (1, 1, 1)) 08
2022-08-21 04:17:02.801265 ((0, 0, 0), (1, 0, 1), (1, 1, 0), (1, 1, 1)) 09
2022-08-21 04:18:41.550960 ((0, 0, 1), (0, 1, 0), (0, 1, 1), (1, 0, 0)) 05
2022-08-21 04:20:21.469816 ((0, 0, 1), (0, 1, 0), (0, 1, 1), (1, 0, 0)) 06
2022-08-21 04:22:00.249819 ((0, 0, 1), (0, 1, 0), (0, 1, 1), (1, 0, 0)) 07
2022-08-21 04:23:39.522824 ((0, 0, 1), (0, 1, 0), (0, 1, 1), (1, 0, 0)) 08
2022-08-21 04:25:17.753689 ((0, 0, 1), (0, 1, 0), (0, 1, 1), (1, 0, 0)) 09
2022-08-21 04:26:56.798557 ((0, 0, 1), (0, 1, 0), (0, 1, 1), (1, 0, 1)) 05
2022-08-21 04:28:35.476810 ((0, 0, 1), (0, 1, 0), (0, 1, 1), (1, 0, 1)) 06
2022-08-21 04:30:15.517820 ((0, 0, 1), (0, 1, 0), (0, 1, 1), (1, 0, 1)) 07
2022-08-21 04:31:53.617870 ((0, 0, 1), (0, 1, 0), (0, 1, 1), (1, 0, 1)) 08
2022-08-21 04:33:32.376816 ((0, 0, 1), (0, 1, 0), (0, 1, 1), (1, 0, 1)) 09
2022-08-21 04:35:12.321114 ((0, 0, 1), (0, 1, 0), (0, 1, 1), (1, 1, 0)) 05
2022-08-21 04:36:51.254618 ((0, 0, 1), (0, 1, 0), (0, 1, 1), (1, 1, 0)) 06
2022-08-21 04:38:29.413814 ((0, 0, 1), (0, 1, 0), (0, 1, 1), (1, 1, 0)) 07
2022-08-21 04:40:08.211916 ((0, 0, 1), (0, 1, 0), (0, 1, 1), (1, 1, 0)) 08
2022-08-21 04:41:46.714977 ((0, 0, 1), (0, 1, 0), (0, 1, 1), (1, 1, 0)) 09
2022-08-21 04:43:25.951880 ((0, 0, 1), (0, 1, 0), (0, 1, 1), (1, 1, 1)) 05
2022-08-21 04:45:04.446557 ((0, 0, 1), (0, 1, 0), (0, 1, 1), (1, 1, 1)) 06
2022-08-21 04:46:42.523399 ((0, 0, 1), (0, 1, 0), (0, 1, 1), (1, 1, 1)) 07
2022-08-21 04:48:20.805820 ((0, 0, 1), (0, 1, 0), (0, 1, 1), (1, 1, 1)) 08
2022-08-21 04:49:59.319839 ((0, 0, 1), (0, 1, 0), (0, 1, 1), (1, 1, 1)) 09
2022-08-21 04:51:37.560988 ((0, 0, 1), (0, 1, 0), (1, 0, 0), (1, 0, 1)) 05
2022-08-21 04:53:16.123494 ((0, 0, 1), (0, 1, 0), (1, 0, 0), (1, 0, 1)) 06
2022-08-21 04:54:54.874058 ((0, 0, 1), (0, 1, 0), (1, 0, 0), (1, 0, 1)) 07
2022-08-21 04:56:33.282365 ((0, 0, 1), (0, 1, 0), (1, 0, 0), (1, 0, 1)) 08
2022-08-21 04:58:11.741727 ((0, 0, 1), (0, 1, 0), (1, 0, 0), (1, 0, 1)) 09
2022-08-21 04:59:50.256839 ((0, 0, 1), (0, 1, 0), (1, 0, 0), (1, 1, 0)) 05
2022-08-21 05:01:28.432809 ((0, 0, 1), (0, 1, 0), (1, 0, 0), (1, 1, 0)) 06
2022-08-21 05:03:07.170489 ((0, 0, 1), (0, 1, 0), (1, 0, 0), (1, 1, 0)) 07
2022-08-21 05:04:46.129816 ((0, 0, 1), (0, 1, 0), (1, 0, 0), (1, 1, 0)) 08
2022-08-21 05:06:25.254062 ((0, 0, 1), (0, 1, 0), (1, 0, 0), (1, 1, 0)) 09
2022-08-21 05:08:04.453897 ((0, 0, 1), (0, 1, 0), (1, 0, 0), (1, 1, 1)) 05
2022-08-21 05:09:43.408825 ((0, 0, 1), (0, 1, 0), (1, 0, 0), (1, 1, 1)) 06
2022-08-21 05:11:22.258817 ((0, 0, 1), (0, 1, 0), (1, 0, 0), (1, 1, 1)) 07
2022-08-21 05:13:01.291816 ((0, 0, 1), (0, 1, 0), (1, 0, 0), (1, 1, 1)) 08
2022-08-21 05:14:40.370814 ((0, 0, 1), (0, 1, 0), (1, 0, 0), (1, 1, 1)) 09
2022-08-21 05:16:19.453864 ((0, 0, 1), (0, 1, 0), (1, 0, 1), (1, 1, 0)) 05
2022-08-21 05:17:58.381930 ((0, 0, 1), (0, 1, 0), (1, 0, 1), (1, 1, 0)) 06
2022-08-21 05:19:37.888807 ((0, 0, 1), (0, 1, 0), (1, 0, 1), (1, 1, 0)) 07
2022-08-21 05:21:23.184389 ((0, 0, 1), (0, 1, 0), (1, 0, 1), (1, 1, 0)) 08
2022-08-21 05:23:09.465505 ((0, 0, 1), (0, 1, 0), (1, 0, 1), (1, 1, 0)) 09
2022-08-21 05:24:56.133616 ((0, 0, 1), (0, 1, 0), (1, 0, 1), (1, 1, 1)) 05
2022-08-21 05:26:42.725667 ((0, 0, 1), (0, 1, 0), (1, 0, 1), (1, 1, 1)) 06
2022-08-21 05:28:24.285053 ((0, 0, 1), (0, 1, 0), (1, 0, 1), (1, 1, 1)) 07
2022-08-21 05:29:49.273091 ((0, 0, 1), (0, 1, 0), (1, 0, 1), (1, 1, 1)) 08
2022-08-21 05:31:12.446431 ((0, 0, 1), (0, 1, 0), (1, 0, 1), (1, 1, 1)) 09
2022-08-21 05:32:35.761799 ((0, 0, 1), (0, 1, 0), (1, 1, 0), (1, 1, 1)) 05
2022-08-21 05:33:58.863824 ((0, 0, 1), (0, 1, 0), (1, 1, 0), (1, 1, 1)) 06
2022-08-21 05:35:21.902489 ((0, 0, 1), (0, 1, 0), (1, 1, 0), (1, 1, 1)) 07
2022-08-21 05:36:45.327545 ((0, 0, 1), (0, 1, 0), (1, 1, 0), (1, 1, 1)) 08
2022-08-21 05:38:08.395551 ((0, 0, 1), (0, 1, 0), (1, 1, 0), (1, 1, 1)) 09
2022-08-21 05:39:31.634089 ((0, 0, 1), (0, 1, 1), (1, 0, 0), (1, 0, 1)) 05
2022-08-21 05:40:54.574160 ((0, 0, 1), (0, 1, 1), (1, 0, 0), (1, 0, 1)) 06
2022-08-21 05:42:17.771656 ((0, 0, 1), (0, 1, 1), (1, 0, 0), (1, 0, 1)) 07
2022-08-21 05:43:41.173245 ((0, 0, 1), (0, 1, 1), (1, 0, 0), (1, 0, 1)) 08
2022-08-21 05:45:04.014581 ((0, 0, 1), (0, 1, 1), (1, 0, 0), (1, 0, 1)) 09
2022-08-21 05:46:26.993579 ((0, 0, 1), (0, 1, 1), (1, 0, 0), (1, 1, 0)) 05
2022-08-21 05:47:50.011583 ((0, 0, 1), (0, 1, 1), (1, 0, 0), (1, 1, 0)) 06
2022-08-21 05:49:31.456084 ((0, 0, 1), (0, 1, 1), (1, 0, 0), (1, 1, 0)) 07
2022-08-21 05:51:10.303387 ((0, 0, 1), (0, 1, 1), (1, 0, 0), (1, 1, 0)) 08
2022-08-21 05:52:49.519385 ((0, 0, 1), (0, 1, 1), (1, 0, 0), (1, 1, 0)) 09
2022-08-21 05:54:28.263861 ((0, 0, 1), (0, 1, 1), (1, 0, 0), (1, 1, 1)) 05
2022-08-21 05:56:07.033064 ((0, 0, 1), (0, 1, 1), (1, 0, 0), (1, 1, 1)) 06
2022-08-21 05:57:45.324086 ((0, 0, 1), (0, 1, 1), (1, 0, 0), (1, 1, 1)) 07
2022-08-21 05:59:23.822725 ((0, 0, 1), (0, 1, 1), (1, 0, 0), (1, 1, 1)) 08
2022-08-21 06:01:02.782814 ((0, 0, 1), (0, 1, 1), (1, 0, 0), (1, 1, 1)) 09
2022-08-21 06:02:40.968868 ((0, 0, 1), (0, 1, 1), (1, 0, 1), (1, 1, 0)) 05
2022-08-21 06:04:19.182820 ((0, 0, 1), (0, 1, 1), (1, 0, 1), (1, 1, 0)) 06
2022-08-21 06:05:57.547279 ((0, 0, 1), (0, 1, 1), (1, 0, 1), (1, 1, 0)) 07
2022-08-21 06:07:35.646808 ((0, 0, 1), (0, 1, 1), (1, 0, 1), (1, 1, 0)) 08
2022-08-21 06:09:13.993744 ((0, 0, 1), (0, 1, 1), (1, 0, 1), (1, 1, 0)) 09
2022-08-21 06:10:52.303873 ((0, 0, 1), (0, 1, 1), (1, 0, 1), (1, 1, 1)) 05
2022-08-21 06:12:29.112190 ((0, 0, 1), (0, 1, 1), (1, 0, 1), (1, 1, 1)) 06
2022-08-21 06:14:07.310813 ((0, 0, 1), (0, 1, 1), (1, 0, 1), (1, 1, 1)) 07
2022-08-21 06:15:45.106817 ((0, 0, 1), (0, 1, 1), (1, 0, 1), (1, 1, 1)) 08
2022-08-21 06:17:24.227135 ((0, 0, 1), (0, 1, 1), (1, 0, 1), (1, 1, 1)) 09
2022-08-21 06:19:02.167879 ((0, 0, 1), (0, 1, 1), (1, 1, 0), (1, 1, 1)) 05
2022-08-21 06:20:39.563769 ((0, 0, 1), (0, 1, 1), (1, 1, 0), (1, 1, 1)) 06
2022-08-21 06:22:17.046934 ((0, 0, 1), (0, 1, 1), (1, 1, 0), (1, 1, 1)) 07
2022-08-21 06:23:55.017000 ((0, 0, 1), (0, 1, 1), (1, 1, 0), (1, 1, 1)) 08
2022-08-21 06:25:32.557477 ((0, 0, 1), (0, 1, 1), (1, 1, 0), (1, 1, 1)) 09
2022-08-21 06:27:10.537433 ((0, 0, 1), (1, 0, 0), (1, 0, 1), (1, 1, 0)) 05
2022-08-21 06:28:48.505814 ((0, 0, 1), (1, 0, 0), (1, 0, 1), (1, 1, 0)) 06
2022-08-21 06:30:26.887571 ((0, 0, 1), (1, 0, 0), (1, 0, 1), (1, 1, 0)) 07
2022-08-21 06:32:04.121192 ((0, 0, 1), (1, 0, 0), (1, 0, 1), (1, 1, 0)) 08
2022-08-21 06:33:41.940627 ((0, 0, 1), (1, 0, 0), (1, 0, 1), (1, 1, 0)) 09
2022-08-21 06:35:20.296320 ((0, 0, 1), (1, 0, 0), (1, 0, 1), (1, 1, 1)) 05
2022-08-21 06:36:58.286835 ((0, 0, 1), (1, 0, 0), (1, 0, 1), (1, 1, 1)) 06
2022-08-21 06:38:35.691812 ((0, 0, 1), (1, 0, 0), (1, 0, 1), (1, 1, 1)) 07
2022-08-21 06:40:13.725293 ((0, 0, 1), (1, 0, 0), (1, 0, 1), (1, 1, 1)) 08
2022-08-21 06:41:51.493292 ((0, 0, 1), (1, 0, 0), (1, 0, 1), (1, 1, 1)) 09
2022-08-21 06:43:29.594786 ((0, 0, 1), (1, 0, 0), (1, 1, 0), (1, 1, 1)) 05
2022-08-21 06:45:07.515819 ((0, 0, 1), (1, 0, 0), (1, 1, 0), (1, 1, 1)) 06
2022-08-21 06:46:45.691642 ((0, 0, 1), (1, 0, 0), (1, 1, 0), (1, 1, 1)) 07
2022-08-21 06:48:23.928814 ((0, 0, 1), (1, 0, 0), (1, 1, 0), (1, 1, 1)) 08
2022-08-21 06:50:02.321564 ((0, 0, 1), (1, 0, 0), (1, 1, 0), (1, 1, 1)) 09
2022-08-21 06:51:40.345764 ((0, 0, 1), (1, 0, 1), (1, 1, 0), (1, 1, 1)) 05
2022-08-21 06:53:18.544371 ((0, 0, 1), (1, 0, 1), (1, 1, 0), (1, 1, 1)) 06
2022-08-21 06:54:56.790155 ((0, 0, 1), (1, 0, 1), (1, 1, 0), (1, 1, 1)) 07
2022-08-21 06:56:35.155605 ((0, 0, 1), (1, 0, 1), (1, 1, 0), (1, 1, 1)) 08
2022-08-21 06:58:12.975496 ((0, 0, 1), (1, 0, 1), (1, 1, 0), (1, 1, 1)) 09
2022-08-21 06:59:51.259860 ((0, 1, 0), (0, 1, 1), (1, 0, 0), (1, 0, 1)) 05
2022-08-21 07:01:29.666752 ((0, 1, 0), (0, 1, 1), (1, 0, 0), (1, 0, 1)) 06
2022-08-21 07:03:07.567266 ((0, 1, 0), (0, 1, 1), (1, 0, 0), (1, 0, 1)) 07
2022-08-21 07:04:46.272276 ((0, 1, 0), (0, 1, 1), (1, 0, 0), (1, 0, 1)) 08
2022-08-21 07:06:23.800788 ((0, 1, 0), (0, 1, 1), (1, 0, 0), (1, 0, 1)) 09
2022-08-21 07:08:01.279625 ((0, 1, 0), (0, 1, 1), (1, 0, 0), (1, 1, 0)) 05
2022-08-21 07:09:40.126461 ((0, 1, 0), (0, 1, 1), (1, 0, 0), (1, 1, 0)) 06
2022-08-21 07:11:18.036812 ((0, 1, 0), (0, 1, 1), (1, 0, 0), (1, 1, 0)) 07
2022-08-21 07:12:56.276488 ((0, 1, 0), (0, 1, 1), (1, 0, 0), (1, 1, 0)) 08
2022-08-21 07:14:34.440612 ((0, 1, 0), (0, 1, 1), (1, 0, 0), (1, 1, 0)) 09
2022-08-21 07:16:12.572864 ((0, 1, 0), (0, 1, 1), (1, 0, 0), (1, 1, 1)) 05
2022-08-21 07:17:50.345381 ((0, 1, 0), (0, 1, 1), (1, 0, 0), (1, 1, 1)) 06
2022-08-21 07:19:28.209814 ((0, 1, 0), (0, 1, 1), (1, 0, 0), (1, 1, 1)) 07
2022-08-21 07:21:06.334639 ((0, 1, 0), (0, 1, 1), (1, 0, 0), (1, 1, 1)) 08
2022-08-21 07:22:44.359537 ((0, 1, 0), (0, 1, 1), (1, 0, 0), (1, 1, 1)) 09
2022-08-21 07:24:22.448208 ((0, 1, 0), (0, 1, 1), (1, 0, 1), (1, 1, 0)) 05
2022-08-21 07:26:00.108160 ((0, 1, 0), (0, 1, 1), (1, 0, 1), (1, 1, 0)) 06
2022-08-21 07:27:38.511291 ((0, 1, 0), (0, 1, 1), (1, 0, 1), (1, 1, 0)) 07
2022-08-21 07:29:16.323475 ((0, 1, 0), (0, 1, 1), (1, 0, 1), (1, 1, 0)) 08
2022-08-21 07:30:54.607874 ((0, 1, 0), (0, 1, 1), (1, 0, 1), (1, 1, 0)) 09
2022-08-21 07:32:32.446961 ((0, 1, 0), (0, 1, 1), (1, 0, 1), (1, 1, 1)) 05
2022-08-21 07:34:10.548555 ((0, 1, 0), (0, 1, 1), (1, 0, 1), (1, 1, 1)) 06
2022-08-21 07:35:48.386067 ((0, 1, 0), (0, 1, 1), (1, 0, 1), (1, 1, 1)) 07
2022-08-21 07:37:26.251336 ((0, 1, 0), (0, 1, 1), (1, 0, 1), (1, 1, 1)) 08
2022-08-21 07:39:04.629735 ((0, 1, 0), (0, 1, 1), (1, 0, 1), (1, 1, 1)) 09
2022-08-21 07:40:43.352997 ((0, 1, 0), (0, 1, 1), (1, 1, 0), (1, 1, 1)) 05
2022-08-21 07:42:21.315990 ((0, 1, 0), (0, 1, 1), (1, 1, 0), (1, 1, 1)) 06
2022-08-21 07:43:59.961759 ((0, 1, 0), (0, 1, 1), (1, 1, 0), (1, 1, 1)) 07
2022-08-21 07:45:37.937651 ((0, 1, 0), (0, 1, 1), (1, 1, 0), (1, 1, 1)) 08
2022-08-21 07:47:16.287912 ((0, 1, 0), (0, 1, 1), (1, 1, 0), (1, 1, 1)) 09
2022-08-21 07:48:54.663862 ((0, 1, 0), (1, 0, 0), (1, 0, 1), (1, 1, 0)) 05
2022-08-21 07:50:34.103905 ((0, 1, 0), (1, 0, 0), (1, 0, 1), (1, 1, 0)) 06
2022-08-21 07:52:12.685043 ((0, 1, 0), (1, 0, 0), (1, 0, 1), (1, 1, 0)) 07
2022-08-21 07:53:50.969997 ((0, 1, 0), (1, 0, 0), (1, 0, 1), (1, 1, 0)) 08
2022-08-21 07:55:29.100000 ((0, 1, 0), (1, 0, 0), (1, 0, 1), (1, 1, 0)) 09
2022-08-21 07:57:06.958213 ((0, 1, 0), (1, 0, 0), (1, 0, 1), (1, 1, 1)) 05
2022-08-21 07:58:45.410900 ((0, 1, 0), (1, 0, 0), (1, 0, 1), (1, 1, 1)) 06
2022-08-21 08:00:23.989531 ((0, 1, 0), (1, 0, 0), (1, 0, 1), (1, 1, 1)) 07
2022-08-21 08:02:02.047811 ((0, 1, 0), (1, 0, 0), (1, 0, 1), (1, 1, 1)) 08
2022-08-21 08:03:40.600617 ((0, 1, 0), (1, 0, 0), (1, 0, 1), (1, 1, 1)) 09
2022-08-21 08:05:19.124722 ((0, 1, 0), (1, 0, 0), (1, 1, 0), (1, 1, 1)) 05
2022-08-21 08:06:57.955797 ((0, 1, 0), (1, 0, 0), (1, 1, 0), (1, 1, 1)) 06
2022-08-21 08:08:36.412356 ((0, 1, 0), (1, 0, 0), (1, 1, 0), (1, 1, 1)) 07
2022-08-21 08:10:15.746055 ((0, 1, 0), (1, 0, 0), (1, 1, 0), (1, 1, 1)) 08
2022-08-21 08:11:54.141257 ((0, 1, 0), (1, 0, 0), (1, 1, 0), (1, 1, 1)) 09
2022-08-21 08:13:32.653254 ((0, 1, 0), (1, 0, 1), (1, 1, 0), (1, 1, 1)) 05
2022-08-21 08:15:11.569569 ((0, 1, 0), (1, 0, 1), (1, 1, 0), (1, 1, 1)) 06
2022-08-21 08:16:51.135050 ((0, 1, 0), (1, 0, 1), (1, 1, 0), (1, 1, 1)) 07
2022-08-21 08:18:34.745307 ((0, 1, 0), (1, 0, 1), (1, 1, 0), (1, 1, 1)) 08
2022-08-21 08:20:21.049308 ((0, 1, 0), (1, 0, 1), (1, 1, 0), (1, 1, 1)) 09
2022-08-21 08:22:06.523912 ((0, 1, 1), (1, 0, 0), (1, 0, 1), (1, 1, 0)) 05
2022-08-21 08:23:52.881607 ((0, 1, 1), (1, 0, 0), (1, 0, 1), (1, 1, 0)) 06
2022-08-21 08:25:28.406208 ((0, 1, 1), (1, 0, 0), (1, 0, 1), (1, 1, 0)) 07
2022-08-21 08:27:07.525320 ((0, 1, 1), (1, 0, 0), (1, 0, 1), (1, 1, 0)) 08
2022-08-21 08:28:45.859955 ((0, 1, 1), (1, 0, 0), (1, 0, 1), (1, 1, 0)) 09
2022-08-21 08:30:24.135005 ((0, 1, 1), (1, 0, 0), (1, 0, 1), (1, 1, 1)) 05
2022-08-21 08:32:02.815849 ((0, 1, 1), (1, 0, 0), (1, 0, 1), (1, 1, 1)) 06
2022-08-21 08:33:40.982336 ((0, 1, 1), (1, 0, 0), (1, 0, 1), (1, 1, 1)) 07
2022-08-21 08:35:18.839634 ((0, 1, 1), (1, 0, 0), (1, 0, 1), (1, 1, 1)) 08
2022-08-21 08:36:56.968693 ((0, 1, 1), (1, 0, 0), (1, 0, 1), (1, 1, 1)) 09
2022-08-21 08:38:34.847178 ((0, 1, 1), (1, 0, 0), (1, 1, 0), (1, 1, 1)) 05
2022-08-21 08:40:13.196813 ((0, 1, 1), (1, 0, 0), (1, 1, 0), (1, 1, 1)) 06
2022-08-21 08:41:51.916111 ((0, 1, 1), (1, 0, 0), (1, 1, 0), (1, 1, 1)) 07
2022-08-21 08:43:30.080301 ((0, 1, 1), (1, 0, 0), (1, 1, 0), (1, 1, 1)) 08
2022-08-21 08:45:08.149712 ((0, 1, 1), (1, 0, 0), (1, 1, 0), (1, 1, 1)) 09
2022-08-21 08:46:45.927053 ((0, 1, 1), (1, 0, 1), (1, 1, 0), (1, 1, 1)) 05
2022-08-21 08:48:23.774873 ((0, 1, 1), (1, 0, 1), (1, 1, 0), (1, 1, 1)) 06
2022-08-21 08:50:01.588806 ((0, 1, 1), (1, 0, 1), (1, 1, 0), (1, 1, 1)) 07
2022-08-21 08:51:39.305609 ((0, 1, 1), (1, 0, 1), (1, 1, 0), (1, 1, 1)) 08
2022-08-21 08:53:17.137939 ((0, 1, 1), (1, 0, 1), (1, 1, 0), (1, 1, 1)) 09
2022-08-21 08:54:55.025880 ((1, 0, 0), (1, 0, 1), (1, 1, 0), (1, 1, 1)) 05
2022-08-21 08:56:32.702579 ((1, 0, 0), (1, 0, 1), (1, 1, 0), (1, 1, 1)) 06
2022-08-21 08:58:10.502819 ((1, 0, 0), (1, 0, 1), (1, 1, 0), (1, 1, 1)) 07
2022-08-21 08:59:48.591992 ((1, 0, 0), (1, 0, 1), (1, 1, 0), (1, 1, 1)) 08
2022-08-21 09:01:26.546899 ((1, 0, 0), (1, 0, 1), (1, 1, 0), (1, 1, 1)) 09
