ODQL Experiment parameters.
Namespace(seed=2, payoffs=[1.0, 1.0], n_iterations=100, n_train_evals=1, train_id_start=2, epsilon=0.3, hist_rep_dim=4, dqn_hidden_dim=4, capacity=16, batch_size=8, dqn_lr=0.01, tau=1.0, gamma=0.975, len_update_cycle=100, n_epochs=300, popsize=48, es_lr=0.05, stdev_init=0.1, stdev_decay=0.99, stdev_min=0.01, save=True, log_interval=0)

Parameter sources.
Command Line Args:   --seed=2 --train_id_start=2 --n_train_evals=1 --save --log_interval=0
Config File (/data/engs-oxfair3/orie4536/online-lever-adaptation/experiments/all_length3_fpp/odql.conf):
  epsilon:           0.3
  hist_rep_dim:      4
  dqn_hidden_dim:    4
  capacity:          16
  batch_size:        8
  dqn_lr:            0.01
  tau:               1.0
  gamma:             0.975
  len_update_cycle:  100
  n_epochs:          300
  popsize:           48
  es_lr:             0.05
  stdev_init:        0.1
  stdev_decay:       0.99
  stdev_min:         0.01
Config File (/data/engs-oxfair3/orie4536/online-lever-adaptation/experiments/all_length3_fpp/defaults.conf):
  payoffs:           ['1.', '1.']
  n_iterations:      100

2022-08-22 12:13:03.835438 ((0, 0, 0), (0, 0, 1), (0, 1, 0), (0, 1, 1)) 02
2022-08-22 12:15:48.326937 ((0, 0, 0), (0, 0, 1), (0, 1, 0), (1, 0, 0)) 02
2022-08-22 12:18:29.652121 ((0, 0, 0), (0, 0, 1), (0, 1, 0), (1, 0, 1)) 02
2022-08-22 12:21:09.190884 ((0, 0, 0), (0, 0, 1), (0, 1, 0), (1, 1, 0)) 02
2022-08-22 12:23:52.265303 ((0, 0, 0), (0, 0, 1), (0, 1, 0), (1, 1, 1)) 02
2022-08-22 12:26:31.666728 ((0, 0, 0), (0, 0, 1), (0, 1, 1), (1, 0, 0)) 02
2022-08-22 12:29:13.624611 ((0, 0, 0), (0, 0, 1), (0, 1, 1), (1, 0, 1)) 02
2022-08-22 12:31:53.271845 ((0, 0, 0), (0, 0, 1), (0, 1, 1), (1, 1, 0)) 02
2022-08-22 12:34:34.387886 ((0, 0, 0), (0, 0, 1), (0, 1, 1), (1, 1, 1)) 02
2022-08-22 12:37:13.342002 ((0, 0, 0), (0, 0, 1), (1, 0, 0), (1, 0, 1)) 02
2022-08-22 12:39:55.316737 ((0, 0, 0), (0, 0, 1), (1, 0, 0), (1, 1, 0)) 02
2022-08-22 12:42:34.142581 ((0, 0, 0), (0, 0, 1), (1, 0, 0), (1, 1, 1)) 02
2022-08-22 12:45:12.973304 ((0, 0, 0), (0, 0, 1), (1, 0, 1), (1, 1, 0)) 02
2022-08-22 12:47:52.130586 ((0, 0, 0), (0, 0, 1), (1, 0, 1), (1, 1, 1)) 02
2022-08-22 12:50:33.372625 ((0, 0, 0), (0, 0, 1), (1, 1, 0), (1, 1, 1)) 02
2022-08-22 12:53:13.120151 ((0, 0, 0), (0, 1, 0), (0, 1, 1), (1, 0, 0)) 02
2022-08-22 12:55:52.542825 ((0, 0, 0), (0, 1, 0), (0, 1, 1), (1, 0, 1)) 02
2022-08-22 12:58:33.955491 ((0, 0, 0), (0, 1, 0), (0, 1, 1), (1, 1, 0)) 02
2022-08-22 13:01:14.971660 ((0, 0, 0), (0, 1, 0), (0, 1, 1), (1, 1, 1)) 02
2022-08-22 13:03:54.925543 ((0, 0, 0), (0, 1, 0), (1, 0, 0), (1, 0, 1)) 02
2022-08-22 13:06:33.356201 ((0, 0, 0), (0, 1, 0), (1, 0, 0), (1, 1, 0)) 02
2022-08-22 13:09:15.494876 ((0, 0, 0), (0, 1, 0), (1, 0, 0), (1, 1, 1)) 02
2022-08-22 13:11:54.558465 ((0, 0, 0), (0, 1, 0), (1, 0, 1), (1, 1, 0)) 02
2022-08-22 13:14:34.985592 ((0, 0, 0), (0, 1, 0), (1, 0, 1), (1, 1, 1)) 02
2022-08-22 13:17:13.735957 ((0, 0, 0), (0, 1, 0), (1, 1, 0), (1, 1, 1)) 02
2022-08-22 13:19:54.897454 ((0, 0, 0), (0, 1, 1), (1, 0, 0), (1, 0, 1)) 02
2022-08-22 13:22:34.650813 ((0, 0, 0), (0, 1, 1), (1, 0, 0), (1, 1, 0)) 02
2022-08-22 13:25:14.566143 ((0, 0, 0), (0, 1, 1), (1, 0, 0), (1, 1, 1)) 02
2022-08-22 13:27:55.183179 ((0, 0, 0), (0, 1, 1), (1, 0, 1), (1, 1, 0)) 02
2022-08-22 13:30:36.209537 ((0, 0, 0), (0, 1, 1), (1, 0, 1), (1, 1, 1)) 02
2022-08-22 13:33:15.979130 ((0, 0, 0), (0, 1, 1), (1, 1, 0), (1, 1, 1)) 02
2022-08-22 13:35:55.389349 ((0, 0, 0), (1, 0, 0), (1, 0, 1), (1, 1, 0)) 02
2022-08-22 13:38:36.325644 ((0, 0, 0), (1, 0, 0), (1, 0, 1), (1, 1, 1)) 02
2022-08-22 13:41:16.688000 ((0, 0, 0), (1, 0, 0), (1, 1, 0), (1, 1, 1)) 02
2022-08-22 13:43:57.241265 ((0, 0, 0), (1, 0, 1), (1, 1, 0), (1, 1, 1)) 02
2022-08-22 13:46:37.448685 ((0, 0, 1), (0, 1, 0), (0, 1, 1), (1, 0, 0)) 02
2022-08-22 13:49:18.792622 ((0, 0, 1), (0, 1, 0), (0, 1, 1), (1, 0, 1)) 02
2022-08-22 13:51:58.035264 ((0, 0, 1), (0, 1, 0), (0, 1, 1), (1, 1, 0)) 02
2022-08-22 13:54:38.470068 ((0, 0, 1), (0, 1, 0), (0, 1, 1), (1, 1, 1)) 02
2022-08-22 13:57:17.961364 ((0, 0, 1), (0, 1, 0), (1, 0, 0), (1, 0, 1)) 02
2022-08-22 13:59:58.354734 ((0, 0, 1), (0, 1, 0), (1, 0, 0), (1, 1, 0)) 02
2022-08-22 14:02:37.799784 ((0, 0, 1), (0, 1, 0), (1, 0, 0), (1, 1, 1)) 02
2022-08-22 14:05:17.232835 ((0, 0, 1), (0, 1, 0), (1, 0, 1), (1, 1, 0)) 02
2022-08-22 14:07:57.728145 ((0, 0, 1), (0, 1, 0), (1, 0, 1), (1, 1, 1)) 02
2022-08-22 14:10:38.136988 ((0, 0, 1), (0, 1, 0), (1, 1, 0), (1, 1, 1)) 02
2022-08-22 14:13:18.162105 ((0, 0, 1), (0, 1, 1), (1, 0, 0), (1, 0, 1)) 02
2022-08-22 14:15:58.134932 ((0, 0, 1), (0, 1, 1), (1, 0, 0), (1, 1, 0)) 02
2022-08-22 14:18:39.350484 ((0, 0, 1), (0, 1, 1), (1, 0, 0), (1, 1, 1)) 02
2022-08-22 14:21:19.395993 ((0, 0, 1), (0, 1, 1), (1, 0, 1), (1, 1, 0)) 02
2022-08-22 14:24:00.246944 ((0, 0, 1), (0, 1, 1), (1, 0, 1), (1, 1, 1)) 02
2022-08-22 14:26:39.167379 ((0, 0, 1), (0, 1, 1), (1, 1, 0), (1, 1, 1)) 02
2022-08-22 14:29:21.192817 ((0, 0, 1), (1, 0, 0), (1, 0, 1), (1, 1, 0)) 02
2022-08-22 14:32:01.179964 ((0, 0, 1), (1, 0, 0), (1, 0, 1), (1, 1, 1)) 02
2022-08-22 14:34:39.945404 ((0, 0, 1), (1, 0, 0), (1, 1, 0), (1, 1, 1)) 02
2022-08-22 14:37:18.652350 ((0, 0, 1), (1, 0, 1), (1, 1, 0), (1, 1, 1)) 02
2022-08-22 14:40:00.813573 ((0, 1, 0), (0, 1, 1), (1, 0, 0), (1, 0, 1)) 02
2022-08-22 14:42:41.707684 ((0, 1, 0), (0, 1, 1), (1, 0, 0), (1, 1, 0)) 02
2022-08-22 14:45:21.019188 ((0, 1, 0), (0, 1, 1), (1, 0, 0), (1, 1, 1)) 02
2022-08-22 14:48:01.242211 ((0, 1, 0), (0, 1, 1), (1, 0, 1), (1, 1, 0)) 02
2022-08-22 14:50:41.216639 ((0, 1, 0), (0, 1, 1), (1, 0, 1), (1, 1, 1)) 02
2022-08-22 14:53:22.993698 ((0, 1, 0), (0, 1, 1), (1, 1, 0), (1, 1, 1)) 02
2022-08-22 14:56:02.191843 ((0, 1, 0), (1, 0, 0), (1, 0, 1), (1, 1, 0)) 02
2022-08-22 14:58:44.618555 ((0, 1, 0), (1, 0, 0), (1, 0, 1), (1, 1, 1)) 02
2022-08-22 15:01:25.641013 ((0, 1, 0), (1, 0, 0), (1, 1, 0), (1, 1, 1)) 02
2022-08-22 15:04:07.094945 ((0, 1, 0), (1, 0, 1), (1, 1, 0), (1, 1, 1)) 02
2022-08-22 15:06:46.620285 ((0, 1, 1), (1, 0, 0), (1, 0, 1), (1, 1, 0)) 02
2022-08-22 15:09:28.519169 ((0, 1, 1), (1, 0, 0), (1, 0, 1), (1, 1, 1)) 02
2022-08-22 15:12:09.278997 ((0, 1, 1), (1, 0, 0), (1, 1, 0), (1, 1, 1)) 02
2022-08-22 15:14:50.319675 ((0, 1, 1), (1, 0, 1), (1, 1, 0), (1, 1, 1)) 02
2022-08-22 15:17:29.611584 ((1, 0, 0), (1, 0, 1), (1, 1, 0), (1, 1, 1)) 02
