ODQL Experiment parameters.
Namespace(seed=3, payoffs=[1.0, 1.0], n_iterations=100, n_train_evals=1, train_id_start=3, epsilon=0.3, hist_rep_dim=4, dqn_hidden_dim=4, capacity=16, batch_size=8, dqn_lr=0.01, tau=1.0, gamma=0.975, len_update_cycle=100, n_epochs=300, popsize=48, es_lr=0.05, stdev_init=0.1, stdev_decay=0.99, stdev_min=0.01, save=True, log_interval=0)

Parameter sources.
Command Line Args:   --seed=3 --train_id_start=3 --n_train_evals=1 --save --log_interval=0
Config File (/data/engs-oxfair3/orie4536/online-lever-adaptation/experiments/all_length3_fpp/odql.conf):
  epsilon:           0.3
  hist_rep_dim:      4
  dqn_hidden_dim:    4
  capacity:          16
  batch_size:        8
  dqn_lr:            0.01
  tau:               1.0
  gamma:             0.975
  len_update_cycle:  100
  n_epochs:          300
  popsize:           48
  es_lr:             0.05
  stdev_init:        0.1
  stdev_decay:       0.99
  stdev_min:         0.01
Config File (/data/engs-oxfair3/orie4536/online-lever-adaptation/experiments/all_length3_fpp/defaults.conf):
  payoffs:           ['1.', '1.']
  n_iterations:      100

2022-08-22 13:41:44.709877 ((0, 0, 0), (0, 0, 1), (0, 1, 0), (0, 1, 1)) 03
2022-08-22 13:44:39.648901 ((0, 0, 0), (0, 0, 1), (0, 1, 0), (1, 0, 0)) 03
2022-08-22 13:47:31.601302 ((0, 0, 0), (0, 0, 1), (0, 1, 0), (1, 0, 1)) 03
2022-08-22 13:50:27.178118 ((0, 0, 0), (0, 0, 1), (0, 1, 0), (1, 1, 0)) 03
2022-08-22 13:53:20.473079 ((0, 0, 0), (0, 0, 1), (0, 1, 0), (1, 1, 1)) 03
2022-08-22 13:56:19.047399 ((0, 0, 0), (0, 0, 1), (0, 1, 1), (1, 0, 0)) 03
2022-08-22 13:59:14.440546 ((0, 0, 0), (0, 0, 1), (0, 1, 1), (1, 0, 1)) 03
2022-08-22 14:02:12.015369 ((0, 0, 0), (0, 0, 1), (0, 1, 1), (1, 1, 0)) 03
2022-08-22 14:05:07.614856 ((0, 0, 0), (0, 0, 1), (0, 1, 1), (1, 1, 1)) 03
2022-08-22 14:07:57.144835 ((0, 0, 0), (0, 0, 1), (1, 0, 0), (1, 0, 1)) 03
2022-08-22 14:10:45.461119 ((0, 0, 0), (0, 0, 1), (1, 0, 0), (1, 1, 0)) 03
2022-08-22 14:13:33.848744 ((0, 0, 0), (0, 0, 1), (1, 0, 0), (1, 1, 1)) 03
2022-08-22 14:16:22.324586 ((0, 0, 0), (0, 0, 1), (1, 0, 1), (1, 1, 0)) 03
2022-08-22 14:19:18.984984 ((0, 0, 0), (0, 0, 1), (1, 0, 1), (1, 1, 1)) 03
2022-08-22 14:22:12.159665 ((0, 0, 0), (0, 0, 1), (1, 1, 0), (1, 1, 1)) 03
2022-08-22 14:25:10.436982 ((0, 0, 0), (0, 1, 0), (0, 1, 1), (1, 0, 0)) 03
2022-08-22 14:28:03.601118 ((0, 0, 0), (0, 1, 0), (0, 1, 1), (1, 0, 1)) 03
2022-08-22 14:31:00.985186 ((0, 0, 0), (0, 1, 0), (0, 1, 1), (1, 1, 0)) 03
2022-08-22 14:33:52.086615 ((0, 0, 0), (0, 1, 0), (0, 1, 1), (1, 1, 1)) 03
2022-08-22 14:36:48.324202 ((0, 0, 0), (0, 1, 0), (1, 0, 0), (1, 0, 1)) 03
2022-08-22 14:39:46.628134 ((0, 0, 0), (0, 1, 0), (1, 0, 0), (1, 1, 0)) 03
2022-08-22 14:42:39.238275 ((0, 0, 0), (0, 1, 0), (1, 0, 0), (1, 1, 1)) 03
2022-08-22 14:45:36.462247 ((0, 0, 0), (0, 1, 0), (1, 0, 1), (1, 1, 0)) 03
2022-08-22 14:48:28.026038 ((0, 0, 0), (0, 1, 0), (1, 0, 1), (1, 1, 1)) 03
2022-08-22 14:51:22.756700 ((0, 0, 0), (0, 1, 0), (1, 1, 0), (1, 1, 1)) 03
2022-08-22 14:54:16.007039 ((0, 0, 0), (0, 1, 1), (1, 0, 0), (1, 0, 1)) 03
2022-08-22 14:57:10.446210 ((0, 0, 0), (0, 1, 1), (1, 0, 0), (1, 1, 0)) 03
2022-08-22 15:00:07.921122 ((0, 0, 0), (0, 1, 1), (1, 0, 0), (1, 1, 1)) 03
2022-08-22 15:03:06.158631 ((0, 0, 0), (0, 1, 1), (1, 0, 1), (1, 1, 0)) 03
2022-08-22 15:06:02.137547 ((0, 0, 0), (0, 1, 1), (1, 0, 1), (1, 1, 1)) 03
2022-08-22 15:08:54.759521 ((0, 0, 0), (0, 1, 1), (1, 1, 0), (1, 1, 1)) 03
2022-08-22 15:11:53.788433 ((0, 0, 0), (1, 0, 0), (1, 0, 1), (1, 1, 0)) 03
2022-08-22 15:14:49.266167 ((0, 0, 0), (1, 0, 0), (1, 0, 1), (1, 1, 1)) 03
2022-08-22 15:17:46.702143 ((0, 0, 0), (1, 0, 0), (1, 1, 0), (1, 1, 1)) 03
2022-08-22 15:20:44.764321 ((0, 0, 0), (1, 0, 1), (1, 1, 0), (1, 1, 1)) 03
2022-08-22 15:23:38.943138 ((0, 0, 1), (0, 1, 0), (0, 1, 1), (1, 0, 0)) 03
2022-08-22 15:26:40.019359 ((0, 0, 1), (0, 1, 0), (0, 1, 1), (1, 0, 1)) 03
2022-08-22 15:29:38.539947 ((0, 0, 1), (0, 1, 0), (0, 1, 1), (1, 1, 0)) 03
2022-08-22 15:32:34.147862 ((0, 0, 1), (0, 1, 0), (0, 1, 1), (1, 1, 1)) 03
2022-08-22 15:35:35.526446 ((0, 0, 1), (0, 1, 0), (1, 0, 0), (1, 0, 1)) 03
2022-08-22 15:38:26.578776 ((0, 0, 1), (0, 1, 0), (1, 0, 0), (1, 1, 0)) 03
2022-08-22 15:41:20.959034 ((0, 0, 1), (0, 1, 0), (1, 0, 0), (1, 1, 1)) 03
2022-08-22 15:44:16.702227 ((0, 0, 1), (0, 1, 0), (1, 0, 1), (1, 1, 0)) 03
2022-08-22 15:47:11.201134 ((0, 0, 1), (0, 1, 0), (1, 0, 1), (1, 1, 1)) 03
2022-08-22 15:50:06.264257 ((0, 0, 1), (0, 1, 0), (1, 1, 0), (1, 1, 1)) 03
2022-08-22 15:53:00.348177 ((0, 0, 1), (0, 1, 1), (1, 0, 0), (1, 0, 1)) 03
2022-08-22 15:56:03.233798 ((0, 0, 1), (0, 1, 1), (1, 0, 0), (1, 1, 0)) 03
2022-08-22 15:59:02.902780 ((0, 0, 1), (0, 1, 1), (1, 0, 0), (1, 1, 1)) 03
2022-08-22 16:02:02.117821 ((0, 0, 1), (0, 1, 1), (1, 0, 1), (1, 1, 0)) 03
2022-08-22 16:05:01.062025 ((0, 0, 1), (0, 1, 1), (1, 0, 1), (1, 1, 1)) 03
2022-08-22 16:07:55.511671 ((0, 0, 1), (0, 1, 1), (1, 1, 0), (1, 1, 1)) 03
2022-08-22 16:10:50.857167 ((0, 0, 1), (1, 0, 0), (1, 0, 1), (1, 1, 0)) 03
2022-08-22 16:13:45.056699 ((0, 0, 1), (1, 0, 0), (1, 0, 1), (1, 1, 1)) 03
2022-08-22 16:16:38.907263 ((0, 0, 1), (1, 0, 0), (1, 1, 0), (1, 1, 1)) 03
2022-08-22 16:19:36.433919 ((0, 0, 1), (1, 0, 1), (1, 1, 0), (1, 1, 1)) 03
2022-08-22 16:22:31.948988 ((0, 1, 0), (0, 1, 1), (1, 0, 0), (1, 0, 1)) 03
2022-08-22 16:25:26.686410 ((0, 1, 0), (0, 1, 1), (1, 0, 0), (1, 1, 0)) 03
2022-08-22 16:28:15.471874 ((0, 1, 0), (0, 1, 1), (1, 0, 0), (1, 1, 1)) 03
2022-08-22 16:31:10.346497 ((0, 1, 0), (0, 1, 1), (1, 0, 1), (1, 1, 0)) 03
2022-08-22 16:34:04.181368 ((0, 1, 0), (0, 1, 1), (1, 0, 1), (1, 1, 1)) 03
2022-08-22 16:36:56.765877 ((0, 1, 0), (0, 1, 1), (1, 1, 0), (1, 1, 1)) 03
2022-08-22 16:39:50.677082 ((0, 1, 0), (1, 0, 0), (1, 0, 1), (1, 1, 0)) 03
2022-08-22 16:42:46.878198 ((0, 1, 0), (1, 0, 0), (1, 0, 1), (1, 1, 1)) 03
2022-08-22 16:45:40.919401 ((0, 1, 0), (1, 0, 0), (1, 1, 0), (1, 1, 1)) 03
2022-08-22 16:48:31.458625 ((0, 1, 0), (1, 0, 1), (1, 1, 0), (1, 1, 1)) 03
2022-08-22 16:51:23.460619 ((0, 1, 1), (1, 0, 0), (1, 0, 1), (1, 1, 0)) 03
2022-08-22 16:54:13.629446 ((0, 1, 1), (1, 0, 0), (1, 0, 1), (1, 1, 1)) 03
2022-08-22 16:57:08.684021 ((0, 1, 1), (1, 0, 0), (1, 1, 0), (1, 1, 1)) 03
2022-08-22 16:59:59.075637 ((0, 1, 1), (1, 0, 1), (1, 1, 0), (1, 1, 1)) 03
2022-08-22 17:02:48.161309 ((1, 0, 0), (1, 0, 1), (1, 1, 0), (1, 1, 1)) 03
