ODQL Experiment parameters.
Namespace(seed=7, payoffs=[1.0, 1.0], n_iterations=100, n_train_evals=5, train_id_start=15, epsilon=0.3, hist_rep_dim=4, dqn_hidden_dim=4, capacity=16, batch_size=8, dqn_lr=0.01, tau=1.0, gamma=0.975, len_update_cycle=100, n_epochs=300, popsize=48, es_lr=0.05, stdev_init=0.1, stdev_decay=0.99, stdev_min=0.01, save=True, log_interval=0)

Parameter sources.
Command Line Args:   --seed=7 --train_id_start=15 --n_train_evals=5 --save --log_interval=0
Config File (/data/engs-oxfair3/orie4536/online-lever-adaptation/experiments/all_length3_fpp/odql.conf):
  epsilon:           0.3
  hist_rep_dim:      4
  dqn_hidden_dim:    4
  capacity:          16
  batch_size:        8
  dqn_lr:            0.01
  tau:               1.0
  gamma:             0.975
  len_update_cycle:  100
  n_epochs:          300
  popsize:           48
  es_lr:             0.05
  stdev_init:        0.1
  stdev_decay:       0.99
  stdev_min:         0.01
Config File (/data/engs-oxfair3/orie4536/online-lever-adaptation/experiments/all_length3_fpp/defaults.conf):
  payoffs:           ['1.', '1.']
  n_iterations:      100

2022-08-24 00:59:50.596081 ((0, 0, 0), (0, 0, 1), (0, 1, 0), (0, 1, 1)) 0 15 already exists.
2022-08-24 00:59:50.602684 ((0, 0, 0), (0, 0, 1), (0, 1, 0), (0, 1, 1)) 0 16 already exists.
2022-08-24 00:59:50.604077 ((0, 0, 0), (0, 0, 1), (0, 1, 0), (0, 1, 1)) 0 17 already exists.
2022-08-24 00:59:50.605363 ((0, 0, 0), (0, 0, 1), (0, 1, 0), (0, 1, 1)) 0 18 already exists.
2022-08-24 00:59:50.606764 ((0, 0, 0), (0, 0, 1), (0, 1, 0), (0, 1, 1)) 0 19 already exists.
2022-08-24 00:59:50.608178 ((0, 0, 0), (0, 0, 1), (0, 1, 0), (1, 0, 0)) 1 15 already exists.
2022-08-24 00:59:50.609404 ((0, 0, 0), (0, 0, 1), (0, 1, 0), (1, 0, 0)) 1 16 already exists.
2022-08-24 00:59:50.610515 ((0, 0, 0), (0, 0, 1), (0, 1, 0), (1, 0, 0)) 1 17 already exists.
2022-08-24 00:59:50.611724 ((0, 0, 0), (0, 0, 1), (0, 1, 0), (1, 0, 0)) 1 18 already exists.
2022-08-24 00:59:50.612964 ((0, 0, 0), (0, 0, 1), (0, 1, 0), (1, 0, 0)) 1 19 already exists.
2022-08-24 00:59:50.614357 ((0, 0, 0), (0, 0, 1), (0, 1, 0), (1, 0, 1)) 2 15 already exists.
2022-08-24 00:59:50.615741 ((0, 0, 0), (0, 0, 1), (0, 1, 0), (1, 0, 1)) 2 16 already exists.
2022-08-24 00:59:50.617097 ((0, 0, 0), (0, 0, 1), (0, 1, 0), (1, 0, 1)) 2 17 already exists.
2022-08-24 00:59:50.618499 ((0, 0, 0), (0, 0, 1), (0, 1, 0), (1, 0, 1)) 2 18 already exists.
2022-08-24 00:59:50.619645 ((0, 0, 0), (0, 0, 1), (0, 1, 0), (1, 0, 1)) 2 19 already exists.
2022-08-24 00:59:50.620979 ((0, 0, 0), (0, 0, 1), (0, 1, 0), (1, 1, 0)) 3 15 already exists.
2022-08-24 00:59:50.622415 ((0, 0, 0), (0, 0, 1), (0, 1, 0), (1, 1, 0)) 3 16 already exists.
2022-08-24 00:59:50.623818 ((0, 0, 0), (0, 0, 1), (0, 1, 0), (1, 1, 0)) 3 17 already exists.
2022-08-24 00:59:50.625176 ((0, 0, 0), (0, 0, 1), (0, 1, 0), (1, 1, 0)) 3 18 already exists.
2022-08-24 00:59:50.663293 ((0, 0, 0), (0, 0, 1), (0, 1, 0), (1, 1, 0)) 3 19 already exists.
2022-08-24 00:59:50.667848 ((0, 0, 0), (0, 0, 1), (0, 1, 0), (1, 1, 1)) 4 15 already exists.
2022-08-24 00:59:50.671471 ((0, 0, 0), (0, 0, 1), (0, 1, 0), (1, 1, 1)) 4 16 already exists.
2022-08-24 00:59:50.675148 ((0, 0, 0), (0, 0, 1), (0, 1, 0), (1, 1, 1)) 4 17 already exists.
2022-08-24 00:59:50.679029 ((0, 0, 0), (0, 0, 1), (0, 1, 0), (1, 1, 1)) 4 18 already exists.
2022-08-24 00:59:50.682616 ((0, 0, 0), (0, 0, 1), (0, 1, 0), (1, 1, 1)) 4 19 already exists.
2022-08-24 00:59:50.686272 ((0, 0, 0), (0, 0, 1), (0, 1, 1), (1, 0, 0)) 5 15 already exists.
2022-08-24 00:59:50.690054 ((0, 0, 0), (0, 0, 1), (0, 1, 1), (1, 0, 0)) 5 16 already exists.
2022-08-24 00:59:50.693602 ((0, 0, 0), (0, 0, 1), (0, 1, 1), (1, 0, 0)) 5 17 already exists.
2022-08-24 00:59:50.697116 ((0, 0, 0), (0, 0, 1), (0, 1, 1), (1, 0, 0)) 5 18 already exists.
2022-08-24 00:59:50.700642 ((0, 0, 0), (0, 0, 1), (0, 1, 1), (1, 0, 0)) 5 19 already exists.
2022-08-24 00:59:50.704541 ((0, 0, 0), (0, 0, 1), (0, 1, 1), (1, 0, 1)) 6 15 already exists.
2022-08-24 00:59:50.707876 ((0, 0, 0), (0, 0, 1), (0, 1, 1), (1, 0, 1)) 6 16 already exists.
2022-08-24 00:59:50.711175 ((0, 0, 0), (0, 0, 1), (0, 1, 1), (1, 0, 1)) 6 17 already exists.
2022-08-24 00:59:50.714535 ((0, 0, 0), (0, 0, 1), (0, 1, 1), (1, 0, 1)) 6 18 already exists.
2022-08-24 00:59:50.717918 ((0, 0, 0), (0, 0, 1), (0, 1, 1), (1, 0, 1)) 6 19 already exists.
2022-08-24 00:59:50.723067 ((0, 0, 0), (0, 0, 1), (0, 1, 1), (1, 1, 0)) 7 15 already exists.
2022-08-24 00:59:50.731007 ((0, 0, 0), (0, 0, 1), (0, 1, 1), (1, 1, 0)) 7 16 already exists.
2022-08-24 00:59:50.735170 ((0, 0, 0), (0, 0, 1), (0, 1, 1), (1, 1, 0)) 7 17 already exists.
2022-08-24 00:59:50.744062 ((0, 0, 0), (0, 0, 1), (0, 1, 1), (1, 1, 0)) 7 18 already exists.
2022-08-24 00:59:50.748680 ((0, 0, 0), (0, 0, 1), (0, 1, 1), (1, 1, 0)) 7 19 already exists.
2022-08-24 00:59:50.754075 ((0, 0, 0), (0, 0, 1), (0, 1, 1), (1, 1, 1)) 8 15 already exists.
2022-08-24 00:59:50.770749 ((0, 0, 0), (0, 0, 1), (0, 1, 1), (1, 1, 1)) 8 16 already exists.
2022-08-24 00:59:50.777891 ((0, 0, 0), (0, 0, 1), (0, 1, 1), (1, 1, 1)) 8 17 already exists.
2022-08-24 00:59:50.779247 ((0, 0, 0), (0, 0, 1), (0, 1, 1), (1, 1, 1)) 8 18 already exists.
2022-08-24 00:59:50.780651 ((0, 0, 0), (0, 0, 1), (0, 1, 1), (1, 1, 1)) 8 19 already exists.
2022-08-24 00:59:50.781997 ((0, 0, 0), (0, 0, 1), (1, 0, 0), (1, 0, 1)) 9 15 already exists.
2022-08-24 00:59:50.783530 ((0, 0, 0), (0, 0, 1), (1, 0, 0), (1, 0, 1)) 9 16 already exists.
2022-08-24 00:59:50.784823 ((0, 0, 0), (0, 0, 1), (1, 0, 0), (1, 0, 1)) 9 17 already exists.
2022-08-24 00:59:50.786004 ((0, 0, 0), (0, 0, 1), (1, 0, 0), (1, 0, 1)) 9 18 already exists.
2022-08-24 00:59:50.787255 ((0, 0, 0), (0, 0, 1), (1, 0, 0), (1, 0, 1)) 9 19 already exists.
2022-08-24 00:59:50.788851 ((0, 0, 0), (0, 0, 1), (1, 0, 0), (1, 1, 0)) 10 15 already exists.
2022-08-24 00:59:50.790117 ((0, 0, 0), (0, 0, 1), (1, 0, 0), (1, 1, 0)) 10 16 already exists.
2022-08-24 00:59:50.791140 ((0, 0, 0), (0, 0, 1), (1, 0, 0), (1, 1, 0)) 10 17 already exists.
2022-08-24 00:59:50.792452 ((0, 0, 0), (0, 0, 1), (1, 0, 0), (1, 1, 0)) 10 18 already exists.
2022-08-24 00:59:50.793680 ((0, 0, 0), (0, 0, 1), (1, 0, 0), (1, 1, 0)) 10 19 already exists.
2022-08-24 00:59:50.795118 ((0, 0, 0), (0, 0, 1), (1, 0, 0), (1, 1, 1)) 11 15 already exists.
2022-08-24 00:59:50.796588 ((0, 0, 0), (0, 0, 1), (1, 0, 0), (1, 1, 1)) 11 16 already exists.
2022-08-24 00:59:50.797845 ((0, 0, 0), (0, 0, 1), (1, 0, 0), (1, 1, 1)) 11 17 already exists.
2022-08-24 00:59:50.799066 ((0, 0, 0), (0, 0, 1), (1, 0, 0), (1, 1, 1)) 11 18 already exists.
2022-08-24 00:59:50.800314 ((0, 0, 0), (0, 0, 1), (1, 0, 0), (1, 1, 1)) 11 19 already exists.
2022-08-24 00:59:50.801513 ((0, 0, 0), (0, 0, 1), (1, 0, 1), (1, 1, 0)) 12 15 already exists.
2022-08-24 00:59:50.802776 ((0, 0, 0), (0, 0, 1), (1, 0, 1), (1, 1, 0)) 12 16 already exists.
2022-08-24 00:59:50.803910 ((0, 0, 0), (0, 0, 1), (1, 0, 1), (1, 1, 0)) 12 17 already exists.
2022-08-24 00:59:50.805152 ((0, 0, 0), (0, 0, 1), (1, 0, 1), (1, 1, 0)) 12 18 already exists.
2022-08-24 00:59:50.806485 ((0, 0, 0), (0, 0, 1), (1, 0, 1), (1, 1, 0)) 12 19 already exists.
2022-08-24 00:59:50.807862 ((0, 0, 0), (0, 0, 1), (1, 0, 1), (1, 1, 1)) 13 15 already exists.
2022-08-24 00:59:50.809127 ((0, 0, 0), (0, 0, 1), (1, 0, 1), (1, 1, 1)) 13 16 already exists.
2022-08-24 00:59:50.810364 ((0, 0, 0), (0, 0, 1), (1, 0, 1), (1, 1, 1)) 13 17 already exists.
2022-08-24 00:59:50.811618 ((0, 0, 0), (0, 0, 1), (1, 0, 1), (1, 1, 1)) 13 18 already exists.
2022-08-24 00:59:50.812754 ((0, 0, 0), (0, 0, 1), (1, 0, 1), (1, 1, 1)) 13 19 already exists.
2022-08-24 00:59:50.814057 ((0, 0, 0), (0, 0, 1), (1, 1, 0), (1, 1, 1)) 14 15 already exists.
2022-08-24 00:59:50.815313 ((0, 0, 0), (0, 0, 1), (1, 1, 0), (1, 1, 1)) 14 16 already exists.
2022-08-24 00:59:50.816365 ((0, 0, 0), (0, 0, 1), (1, 1, 0), (1, 1, 1)) 14 17 already exists.
2022-08-24 00:59:50.817658 ((0, 0, 0), (0, 0, 1), (1, 1, 0), (1, 1, 1)) 14 18 already exists.
2022-08-24 00:59:50.818944 ((0, 0, 0), (0, 0, 1), (1, 1, 0), (1, 1, 1)) 14 19 already exists.
2022-08-24 00:59:50.820100 ((0, 0, 0), (0, 1, 0), (0, 1, 1), (1, 0, 0)) 15 15 already exists.
2022-08-24 00:59:50.821138 ((0, 0, 0), (0, 1, 0), (0, 1, 1), (1, 0, 0)) 15 16 already exists.
2022-08-24 00:59:50.822270 ((0, 0, 0), (0, 1, 0), (0, 1, 1), (1, 0, 0)) 15 17 already exists.
2022-08-24 00:59:50.823600 ((0, 0, 0), (0, 1, 0), (0, 1, 1), (1, 0, 0)) 15 18 already exists.
2022-08-24 00:59:50.824859 ((0, 0, 0), (0, 1, 0), (0, 1, 1), (1, 0, 0)) 15 19 already exists.
2022-08-24 00:59:50.826003 ((0, 0, 0), (0, 1, 0), (0, 1, 1), (1, 0, 1)) 16 15 already exists.
2022-08-24 00:59:50.827200 ((0, 0, 0), (0, 1, 0), (0, 1, 1), (1, 0, 1)) 16 16 already exists.
2022-08-24 00:59:50.828469 ((0, 0, 0), (0, 1, 0), (0, 1, 1), (1, 0, 1)) 16 17 already exists.
2022-08-24 00:59:50.829869 ((0, 0, 0), (0, 1, 0), (0, 1, 1), (1, 0, 1)) 16 18 already exists.
2022-08-24 00:59:50.831206 ((0, 0, 0), (0, 1, 0), (0, 1, 1), (1, 0, 1)) 16 19 already exists.
2022-08-24 00:59:50.832493 ((0, 0, 0), (0, 1, 0), (0, 1, 1), (1, 1, 0)) 17 15 already exists.
2022-08-24 00:59:50.833791 ((0, 0, 0), (0, 1, 0), (0, 1, 1), (1, 1, 0)) 17 16 already exists.
2022-08-24 00:59:50.835053 ((0, 0, 0), (0, 1, 0), (0, 1, 1), (1, 1, 0)) 17 17 already exists.
2022-08-24 00:59:50.836327 ((0, 0, 0), (0, 1, 0), (0, 1, 1), (1, 1, 0)) 17 18 already exists.
2022-08-24 00:59:50.837704 ((0, 0, 0), (0, 1, 0), (0, 1, 1), (1, 1, 0)) 17 19 already exists.
2022-08-24 00:59:50.838819 ((0, 0, 0), (0, 1, 0), (0, 1, 1), (1, 1, 1)) 18 15 already exists.
2022-08-24 00:59:50.840217 ((0, 0, 0), (0, 1, 0), (0, 1, 1), (1, 1, 1)) 18 16 already exists.
2022-08-24 00:59:50.841913 ((0, 0, 0), (0, 1, 0), (0, 1, 1), (1, 1, 1)) 18 17 already exists.
2022-08-24 00:59:50.843586 ((0, 0, 0), (0, 1, 0), (0, 1, 1), (1, 1, 1)) 18 18 already exists.
2022-08-24 00:59:50.845220 ((0, 0, 0), (0, 1, 0), (0, 1, 1), (1, 1, 1)) 18 19 already exists.
2022-08-24 00:59:50.846982 ((0, 0, 0), (0, 1, 0), (1, 0, 0), (1, 0, 1)) 19 15 already exists.
2022-08-24 00:59:50.848629 ((0, 0, 0), (0, 1, 0), (1, 0, 0), (1, 0, 1)) 19 16 already exists.
2022-08-24 00:59:50.850034 ((0, 0, 0), (0, 1, 0), (1, 0, 0), (1, 0, 1)) 19 17 already exists.
2022-08-24 00:59:50.851470 ((0, 0, 0), (0, 1, 0), (1, 0, 0), (1, 0, 1)) 19 18 already exists.
2022-08-24 00:59:50.852915 ((0, 0, 0), (0, 1, 0), (1, 0, 0), (1, 0, 1)) 19 19 already exists.
2022-08-24 00:59:50.854324 ((0, 0, 0), (0, 1, 0), (1, 0, 0), (1, 1, 0)) 20 15 already exists.
2022-08-24 00:59:50.855819 ((0, 0, 0), (0, 1, 0), (1, 0, 0), (1, 1, 0)) 20 16 already exists.
2022-08-24 00:59:50.857265 ((0, 0, 0), (0, 1, 0), (1, 0, 0), (1, 1, 0)) 20 17 already exists.
2022-08-24 00:59:50.858771 ((0, 0, 0), (0, 1, 0), (1, 0, 0), (1, 1, 0)) 20 18 already exists.
2022-08-24 00:59:50.860291 ((0, 0, 0), (0, 1, 0), (1, 0, 0), (1, 1, 0)) 20 19 already exists.
2022-08-24 00:59:50.861732 ((0, 0, 0), (0, 1, 0), (1, 0, 0), (1, 1, 1)) 21 15 already exists.
2022-08-24 00:59:50.863208 ((0, 0, 0), (0, 1, 0), (1, 0, 0), (1, 1, 1)) 21 16 already exists.
2022-08-24 00:59:50.864782 ((0, 0, 0), (0, 1, 0), (1, 0, 0), (1, 1, 1)) 21 17 already exists.
2022-08-24 00:59:50.866256 ((0, 0, 0), (0, 1, 0), (1, 0, 0), (1, 1, 1)) 21 18 already exists.
2022-08-24 00:59:50.867688 ((0, 0, 0), (0, 1, 0), (1, 0, 0), (1, 1, 1)) 21 19 already exists.
2022-08-24 00:59:50.869225 ((0, 0, 0), (0, 1, 0), (1, 0, 1), (1, 1, 0)) 22 15 already exists.
2022-08-24 00:59:50.870661 ((0, 0, 0), (0, 1, 0), (1, 0, 1), (1, 1, 0)) 22 16 already exists.
2022-08-24 00:59:50.872140 ((0, 0, 0), (0, 1, 0), (1, 0, 1), (1, 1, 0)) 22 17 already exists.
2022-08-24 00:59:50.873654 ((0, 0, 0), (0, 1, 0), (1, 0, 1), (1, 1, 0)) 22 18 already exists.
2022-08-24 00:59:50.875184 ((0, 0, 0), (0, 1, 0), (1, 0, 1), (1, 1, 0)) 22 19 already exists.
2022-08-24 00:59:50.876813 ((0, 0, 0), (0, 1, 0), (1, 0, 1), (1, 1, 1)) 23 15 already exists.
2022-08-24 00:59:50.878187 ((0, 0, 0), (0, 1, 0), (1, 0, 1), (1, 1, 1)) 23 16 already exists.
2022-08-24 00:59:50.879655 ((0, 0, 0), (0, 1, 0), (1, 0, 1), (1, 1, 1)) 23 17 already exists.
2022-08-24 00:59:50.880968 ((0, 0, 0), (0, 1, 0), (1, 0, 1), (1, 1, 1)) 23 18 already exists.
2022-08-24 00:59:50.882563 ((0, 0, 0), (0, 1, 0), (1, 0, 1), (1, 1, 1)) 23 19 already exists.
2022-08-24 00:59:50.884287 ((0, 0, 0), (0, 1, 0), (1, 1, 0), (1, 1, 1)) 24 15 already exists.
2022-08-24 00:59:50.885870 ((0, 0, 0), (0, 1, 0), (1, 1, 0), (1, 1, 1)) 24 16
2022-08-24 01:02:33.727593 ((0, 0, 0), (0, 1, 0), (1, 1, 0), (1, 1, 1)) 24 17
2022-08-24 01:05:12.696565 ((0, 0, 0), (0, 1, 0), (1, 1, 0), (1, 1, 1)) 24 18
2022-08-24 01:07:50.755661 ((0, 0, 0), (0, 1, 0), (1, 1, 0), (1, 1, 1)) 24 19
2022-08-24 01:10:33.284992 ((0, 0, 0), (0, 1, 1), (1, 0, 0), (1, 0, 1)) 25 15
2022-08-24 01:13:11.512543 ((0, 0, 0), (0, 1, 1), (1, 0, 0), (1, 0, 1)) 25 16
2022-08-24 01:15:52.481864 ((0, 0, 0), (0, 1, 1), (1, 0, 0), (1, 0, 1)) 25 17
2022-08-24 01:18:31.905341 ((0, 0, 0), (0, 1, 1), (1, 0, 0), (1, 0, 1)) 25 18
2022-08-24 01:21:11.920783 ((0, 0, 0), (0, 1, 1), (1, 0, 0), (1, 0, 1)) 25 19
2022-08-24 01:23:50.022503 ((0, 0, 0), (0, 1, 1), (1, 0, 0), (1, 1, 0)) 26 15
2022-08-24 01:26:31.614596 ((0, 0, 0), (0, 1, 1), (1, 0, 0), (1, 1, 0)) 26 16
2022-08-24 01:29:10.106473 ((0, 0, 0), (0, 1, 1), (1, 0, 0), (1, 1, 0)) 26 17
2022-08-24 01:31:49.511741 ((0, 0, 0), (0, 1, 1), (1, 0, 0), (1, 1, 0)) 26 18
2022-08-24 01:34:29.534107 ((0, 0, 0), (0, 1, 1), (1, 0, 0), (1, 1, 0)) 26 19
2022-08-24 01:37:08.742920 ((0, 0, 0), (0, 1, 1), (1, 0, 0), (1, 1, 1)) 27 15
2022-08-24 01:39:46.458275 ((0, 0, 0), (0, 1, 1), (1, 0, 0), (1, 1, 1)) 27 16
2022-08-24 01:42:24.146199 ((0, 0, 0), (0, 1, 1), (1, 0, 0), (1, 1, 1)) 27 17
2022-08-24 01:45:03.872397 ((0, 0, 0), (0, 1, 1), (1, 0, 0), (1, 1, 1)) 27 18
2022-08-24 01:47:44.255571 ((0, 0, 0), (0, 1, 1), (1, 0, 0), (1, 1, 1)) 27 19
2022-08-24 01:50:24.464705 ((0, 0, 0), (0, 1, 1), (1, 0, 1), (1, 1, 0)) 28 15
2022-08-24 01:53:02.641743 ((0, 0, 0), (0, 1, 1), (1, 0, 1), (1, 1, 0)) 28 16
2022-08-24 01:55:43.345618 ((0, 0, 0), (0, 1, 1), (1, 0, 1), (1, 1, 0)) 28 17
2022-08-24 01:58:22.516569 ((0, 0, 0), (0, 1, 1), (1, 0, 1), (1, 1, 0)) 28 18
2022-08-24 02:01:09.081177 ((0, 0, 0), (0, 1, 1), (1, 0, 1), (1, 1, 0)) 28 19 already exists.
2022-08-24 02:01:09.090757 ((0, 0, 0), (0, 1, 1), (1, 0, 1), (1, 1, 1)) 29 15
2022-08-24 02:03:46.948567 ((0, 0, 0), (0, 1, 1), (1, 0, 1), (1, 1, 1)) 29 16
2022-08-24 02:06:28.065607 ((0, 0, 0), (0, 1, 1), (1, 0, 1), (1, 1, 1)) 29 17
2022-08-24 02:09:09.198119 ((0, 0, 0), (0, 1, 1), (1, 0, 1), (1, 1, 1)) 29 18
2022-08-24 02:11:47.265097 ((0, 0, 0), (0, 1, 1), (1, 0, 1), (1, 1, 1)) 29 19
2022-08-24 02:14:25.802408 ((0, 0, 0), (0, 1, 1), (1, 1, 0), (1, 1, 1)) 30 15
2022-08-24 02:17:06.595609 ((0, 0, 0), (0, 1, 1), (1, 1, 0), (1, 1, 1)) 30 16
2022-08-24 02:19:44.829634 ((0, 0, 0), (0, 1, 1), (1, 1, 0), (1, 1, 1)) 30 17
2022-08-24 02:22:23.313299 ((0, 0, 0), (0, 1, 1), (1, 1, 0), (1, 1, 1)) 30 18
2022-08-24 02:25:03.547265 ((0, 0, 0), (0, 1, 1), (1, 1, 0), (1, 1, 1)) 30 19
2022-08-24 02:27:42.182806 ((0, 0, 0), (1, 0, 0), (1, 0, 1), (1, 1, 0)) 31 15
2022-08-24 02:30:21.924723 ((0, 0, 0), (1, 0, 0), (1, 0, 1), (1, 1, 0)) 31 16
2022-08-24 02:33:00.175862 ((0, 0, 0), (1, 0, 0), (1, 0, 1), (1, 1, 0)) 31 17
2022-08-24 02:35:49.662130 ((0, 0, 0), (1, 0, 0), (1, 0, 1), (1, 1, 0)) 31 18
2022-08-24 02:38:29.152578 ((0, 0, 0), (1, 0, 0), (1, 0, 1), (1, 1, 0)) 31 19
2022-08-24 02:41:08.625084 ((0, 0, 0), (1, 0, 0), (1, 0, 1), (1, 1, 1)) 32 15
2022-08-24 02:43:45.918585 ((0, 0, 0), (1, 0, 0), (1, 0, 1), (1, 1, 1)) 32 16
2022-08-24 02:46:27.013071 ((0, 0, 0), (1, 0, 0), (1, 0, 1), (1, 1, 1)) 32 17
2022-08-24 02:49:05.214212 ((0, 0, 0), (1, 0, 0), (1, 0, 1), (1, 1, 1)) 32 18
2022-08-24 02:51:44.112432 ((0, 0, 0), (1, 0, 0), (1, 0, 1), (1, 1, 1)) 32 19
2022-08-24 02:54:22.288730 ((0, 0, 0), (1, 0, 0), (1, 1, 0), (1, 1, 1)) 33 15
2022-08-24 02:57:02.669402 ((0, 0, 0), (1, 0, 0), (1, 1, 0), (1, 1, 1)) 33 16
2022-08-24 02:59:41.259741 ((0, 0, 0), (1, 0, 0), (1, 1, 0), (1, 1, 1)) 33 17
2022-08-24 03:02:19.707123 ((0, 0, 0), (1, 0, 0), (1, 1, 0), (1, 1, 1)) 33 18
2022-08-24 03:04:59.515451 ((0, 0, 0), (1, 0, 0), (1, 1, 0), (1, 1, 1)) 33 19
2022-08-24 03:07:38.836761 ((0, 0, 0), (1, 0, 1), (1, 1, 0), (1, 1, 1)) 34 15
2022-08-24 03:10:19.196522 ((0, 0, 0), (1, 0, 1), (1, 1, 0), (1, 1, 1)) 34 16
2022-08-24 03:12:57.561499 ((0, 0, 0), (1, 0, 1), (1, 1, 0), (1, 1, 1)) 34 17
2022-08-24 03:15:39.792711 ((0, 0, 0), (1, 0, 1), (1, 1, 0), (1, 1, 1)) 34 18
2022-08-24 03:18:19.272611 ((0, 0, 0), (1, 0, 1), (1, 1, 0), (1, 1, 1)) 34 19
2022-08-24 03:20:58.850087 ((0, 0, 1), (0, 1, 0), (0, 1, 1), (1, 0, 0)) 35 15
2022-08-24 03:23:37.409079 ((0, 0, 1), (0, 1, 0), (0, 1, 1), (1, 0, 0)) 35 16
2022-08-24 03:26:18.935980 ((0, 0, 1), (0, 1, 0), (0, 1, 1), (1, 0, 0)) 35 17
2022-08-24 03:28:56.728784 ((0, 0, 1), (0, 1, 0), (0, 1, 1), (1, 0, 0)) 35 18
2022-08-24 03:31:36.566313 ((0, 0, 1), (0, 1, 0), (0, 1, 1), (1, 0, 0)) 35 19
2022-08-24 03:34:17.137341 ((0, 0, 1), (0, 1, 0), (0, 1, 1), (1, 0, 1)) 36 15
2022-08-24 03:36:56.944721 ((0, 0, 1), (0, 1, 0), (0, 1, 1), (1, 0, 1)) 36 16
2022-08-24 03:39:34.290543 ((0, 0, 1), (0, 1, 0), (0, 1, 1), (1, 0, 1)) 36 17
2022-08-24 03:42:14.094864 ((0, 0, 1), (0, 1, 0), (0, 1, 1), (1, 0, 1)) 36 18
2022-08-24 03:44:54.214816 ((0, 0, 1), (0, 1, 0), (0, 1, 1), (1, 0, 1)) 36 19
2022-08-24 03:47:33.762127 ((0, 0, 1), (0, 1, 0), (0, 1, 1), (1, 1, 0)) 37 15
2022-08-24 03:50:13.378159 ((0, 0, 1), (0, 1, 0), (0, 1, 1), (1, 1, 0)) 37 16
2022-08-24 03:52:51.291807 ((0, 0, 1), (0, 1, 0), (0, 1, 1), (1, 1, 0)) 37 17
2022-08-24 03:55:33.845451 ((0, 0, 1), (0, 1, 0), (0, 1, 1), (1, 1, 0)) 37 18
2022-08-24 03:58:12.726341 ((0, 0, 1), (0, 1, 0), (0, 1, 1), (1, 1, 0)) 37 19
2022-08-24 04:00:53.405798 ((0, 0, 1), (0, 1, 0), (0, 1, 1), (1, 1, 1)) 38 15
2022-08-24 04:03:31.990998 ((0, 0, 1), (0, 1, 0), (0, 1, 1), (1, 1, 1)) 38 16
2022-08-24 04:06:13.558558 ((0, 0, 1), (0, 1, 0), (0, 1, 1), (1, 1, 1)) 38 17
2022-08-24 04:08:52.242819 ((0, 0, 1), (0, 1, 0), (0, 1, 1), (1, 1, 1)) 38 18
2022-08-24 04:11:32.532465 ((0, 0, 1), (0, 1, 0), (0, 1, 1), (1, 1, 1)) 38 19
2022-08-24 04:14:10.931932 ((0, 0, 1), (0, 1, 0), (1, 0, 0), (1, 0, 1)) 39 15
2022-08-24 04:16:53.005438 ((0, 0, 1), (0, 1, 0), (1, 0, 0), (1, 0, 1)) 39 16
2022-08-24 04:19:31.721461 ((0, 0, 1), (0, 1, 0), (1, 0, 0), (1, 0, 1)) 39 17
2022-08-24 04:22:10.484536 ((0, 0, 1), (0, 1, 0), (1, 0, 0), (1, 0, 1)) 39 18
2022-08-24 04:24:49.905059 ((0, 0, 1), (0, 1, 0), (1, 0, 0), (1, 0, 1)) 39 19
2022-08-24 04:27:28.874573 ((0, 0, 1), (0, 1, 0), (1, 0, 0), (1, 1, 0)) 40 15
2022-08-24 04:30:10.231667 ((0, 0, 1), (0, 1, 0), (1, 0, 0), (1, 1, 0)) 40 16
2022-08-24 04:32:48.174854 ((0, 0, 1), (0, 1, 0), (1, 0, 0), (1, 1, 0)) 40 17
2022-08-24 04:35:29.505457 ((0, 0, 1), (0, 1, 0), (1, 0, 0), (1, 1, 0)) 40 18
2022-08-24 04:38:09.401806 ((0, 0, 1), (0, 1, 0), (1, 0, 0), (1, 1, 0)) 40 19
2022-08-24 04:40:49.431492 ((0, 0, 1), (0, 1, 0), (1, 0, 0), (1, 1, 1)) 41 15
2022-08-24 04:43:28.068252 ((0, 0, 1), (0, 1, 0), (1, 0, 0), (1, 1, 1)) 41 16
2022-08-24 04:46:09.422591 ((0, 0, 1), (0, 1, 0), (1, 0, 0), (1, 1, 1)) 41 17
2022-08-24 04:48:49.114878 ((0, 0, 1), (0, 1, 0), (1, 0, 0), (1, 1, 1)) 41 18
2022-08-24 04:51:28.093498 ((0, 0, 1), (0, 1, 0), (1, 0, 0), (1, 1, 1)) 41 19
2022-08-24 04:54:07.532717 ((0, 0, 1), (0, 1, 0), (1, 0, 1), (1, 1, 0)) 42 15
2022-08-24 04:56:49.931498 ((0, 0, 1), (0, 1, 0), (1, 0, 1), (1, 1, 0)) 42 16
2022-08-24 04:59:29.959925 ((0, 0, 1), (0, 1, 0), (1, 0, 1), (1, 1, 0)) 42 17
2022-08-24 05:02:08.747531 ((0, 0, 1), (0, 1, 0), (1, 0, 1), (1, 1, 0)) 42 18
2022-08-24 05:04:50.456746 ((0, 0, 1), (0, 1, 0), (1, 0, 1), (1, 1, 0)) 42 19
2022-08-24 05:07:30.518505 ((0, 0, 1), (0, 1, 0), (1, 0, 1), (1, 1, 1)) 43 15
2022-08-24 05:10:09.940090 ((0, 0, 1), (0, 1, 0), (1, 0, 1), (1, 1, 1)) 43 16
2022-08-24 05:12:49.250020 ((0, 0, 1), (0, 1, 0), (1, 0, 1), (1, 1, 1)) 43 17
2022-08-24 05:15:31.720703 ((0, 0, 1), (0, 1, 0), (1, 0, 1), (1, 1, 1)) 43 18
2022-08-24 05:18:12.179522 ((0, 0, 1), (0, 1, 0), (1, 0, 1), (1, 1, 1)) 43 19
2022-08-24 05:20:52.028764 ((0, 0, 1), (0, 1, 0), (1, 1, 0), (1, 1, 1)) 44 15
2022-08-24 05:23:29.747127 ((0, 0, 1), (0, 1, 0), (1, 1, 0), (1, 1, 1)) 44 16
2022-08-24 05:26:11.276780 ((0, 0, 1), (0, 1, 0), (1, 1, 0), (1, 1, 1)) 44 17
2022-08-24 05:28:49.792282 ((0, 0, 1), (0, 1, 0), (1, 1, 0), (1, 1, 1)) 44 18
2022-08-24 05:31:29.835864 ((0, 0, 1), (0, 1, 0), (1, 1, 0), (1, 1, 1)) 44 19
2022-08-24 05:34:08.259910 ((0, 0, 1), (0, 1, 1), (1, 0, 0), (1, 0, 1)) 45 15
2022-08-24 05:36:49.185500 ((0, 0, 1), (0, 1, 1), (1, 0, 0), (1, 0, 1)) 45 16
2022-08-24 05:39:27.660200 ((0, 0, 1), (0, 1, 1), (1, 0, 0), (1, 0, 1)) 45 17
2022-08-24 05:42:07.169349 ((0, 0, 1), (0, 1, 1), (1, 0, 0), (1, 0, 1)) 45 18
2022-08-24 05:44:47.087658 ((0, 0, 1), (0, 1, 1), (1, 0, 0), (1, 0, 1)) 45 19
2022-08-24 05:47:27.512573 ((0, 0, 1), (0, 1, 1), (1, 0, 0), (1, 1, 0)) 46 15
2022-08-24 05:50:07.127543 ((0, 0, 1), (0, 1, 1), (1, 0, 0), (1, 1, 0)) 46 16
2022-08-24 05:52:45.967744 ((0, 0, 1), (0, 1, 1), (1, 0, 0), (1, 1, 0)) 46 17
2022-08-24 05:55:28.521695 ((0, 0, 1), (0, 1, 1), (1, 0, 0), (1, 1, 0)) 46 18
2022-08-24 05:58:08.532138 ((0, 0, 1), (0, 1, 1), (1, 0, 0), (1, 1, 0)) 46 19
2022-08-24 06:00:50.195871 ((0, 0, 1), (0, 1, 1), (1, 0, 0), (1, 1, 1)) 47 15
2022-08-24 06:03:29.353206 ((0, 0, 1), (0, 1, 1), (1, 0, 0), (1, 1, 1)) 47 16
2022-08-24 06:06:13.116642 ((0, 0, 1), (0, 1, 1), (1, 0, 0), (1, 1, 1)) 47 17
2022-08-24 06:08:52.523797 ((0, 0, 1), (0, 1, 1), (1, 0, 0), (1, 1, 1)) 47 18
2022-08-24 06:11:33.137219 ((0, 0, 1), (0, 1, 1), (1, 0, 0), (1, 1, 1)) 47 19
2022-08-24 06:14:11.872475 ((0, 0, 1), (0, 1, 1), (1, 0, 1), (1, 1, 0)) 48 15
2022-08-24 06:16:55.612858 ((0, 0, 1), (0, 1, 1), (1, 0, 1), (1, 1, 0)) 48 16
2022-08-24 06:19:35.139891 ((0, 0, 1), (0, 1, 1), (1, 0, 1), (1, 1, 0)) 48 17
2022-08-24 06:22:13.093357 ((0, 0, 1), (0, 1, 1), (1, 0, 1), (1, 1, 0)) 48 18
2022-08-24 06:24:53.199326 ((0, 0, 1), (0, 1, 1), (1, 0, 1), (1, 1, 0)) 48 19
2022-08-24 06:27:34.345453 ((0, 0, 1), (0, 1, 1), (1, 0, 1), (1, 1, 1)) 49 15
2022-08-24 06:30:15.836325 ((0, 0, 1), (0, 1, 1), (1, 0, 1), (1, 1, 1)) 49 16
2022-08-24 06:32:55.446288 ((0, 0, 1), (0, 1, 1), (1, 0, 1), (1, 1, 1)) 49 17
2022-08-24 06:35:38.055137 ((0, 0, 1), (0, 1, 1), (1, 0, 1), (1, 1, 1)) 49 18
2022-08-24 06:38:18.326044 ((0, 0, 1), (0, 1, 1), (1, 0, 1), (1, 1, 1)) 49 19
2022-08-24 06:40:59.157234 ((0, 0, 1), (0, 1, 1), (1, 1, 0), (1, 1, 1)) 50 15
2022-08-24 06:43:38.640930 ((0, 0, 1), (0, 1, 1), (1, 1, 0), (1, 1, 1)) 50 16
2022-08-24 06:46:21.327257 ((0, 0, 1), (0, 1, 1), (1, 1, 0), (1, 1, 1)) 50 17
2022-08-24 06:49:00.916849 ((0, 0, 1), (0, 1, 1), (1, 1, 0), (1, 1, 1)) 50 18
2022-08-24 06:51:41.032214 ((0, 0, 1), (0, 1, 1), (1, 1, 0), (1, 1, 1)) 50 19
2022-08-24 06:54:20.250986 ((0, 0, 1), (1, 0, 0), (1, 0, 1), (1, 1, 0)) 51 15
2022-08-24 06:57:02.579724 ((0, 0, 1), (1, 0, 0), (1, 0, 1), (1, 1, 0)) 51 16
2022-08-24 06:59:42.512354 ((0, 0, 1), (1, 0, 0), (1, 0, 1), (1, 1, 0)) 51 17
2022-08-24 07:02:21.817651 ((0, 0, 1), (1, 0, 0), (1, 0, 1), (1, 1, 0)) 51 18
2022-08-24 07:05:03.246341 ((0, 0, 1), (1, 0, 0), (1, 0, 1), (1, 1, 0)) 51 19
2022-08-24 07:07:43.207963 ((0, 0, 1), (1, 0, 0), (1, 0, 1), (1, 1, 1)) 52 15
2022-08-24 07:10:24.929354 ((0, 0, 1), (1, 0, 0), (1, 0, 1), (1, 1, 1)) 52 16
2022-08-24 07:13:04.326872 ((0, 0, 1), (1, 0, 0), (1, 0, 1), (1, 1, 1)) 52 17
2022-08-24 07:15:48.661166 ((0, 0, 1), (1, 0, 0), (1, 0, 1), (1, 1, 1)) 52 18
2022-08-24 07:18:28.994808 ((0, 0, 1), (1, 0, 0), (1, 0, 1), (1, 1, 1)) 52 19
2022-08-24 07:21:09.526224 ((0, 0, 1), (1, 0, 0), (1, 1, 0), (1, 1, 1)) 53 15
2022-08-24 07:23:49.562885 ((0, 0, 1), (1, 0, 0), (1, 1, 0), (1, 1, 1)) 53 16
2022-08-24 07:26:33.346452 ((0, 0, 1), (1, 0, 0), (1, 1, 0), (1, 1, 1)) 53 17
2022-08-24 07:29:12.397215 ((0, 0, 1), (1, 0, 0), (1, 1, 0), (1, 1, 1)) 53 18
2022-08-24 07:31:52.349623 ((0, 0, 1), (1, 0, 0), (1, 1, 0), (1, 1, 1)) 53 19
2022-08-24 07:34:32.727284 ((0, 0, 1), (1, 0, 1), (1, 1, 0), (1, 1, 1)) 54 15
2022-08-24 07:37:13.932200 ((0, 0, 1), (1, 0, 1), (1, 1, 0), (1, 1, 1)) 54 16
2022-08-24 07:39:52.526247 ((0, 0, 1), (1, 0, 1), (1, 1, 0), (1, 1, 1)) 54 17
2022-08-24 07:42:31.999502 ((0, 0, 1), (1, 0, 1), (1, 1, 0), (1, 1, 1)) 54 18
2022-08-24 07:45:12.825044 ((0, 0, 1), (1, 0, 1), (1, 1, 0), (1, 1, 1)) 54 19
2022-08-24 07:47:53.265926 ((0, 1, 0), (0, 1, 1), (1, 0, 0), (1, 0, 1)) 55 15
2022-08-24 07:50:34.738985 ((0, 1, 0), (0, 1, 1), (1, 0, 0), (1, 0, 1)) 55 16
2022-08-24 07:53:13.446013 ((0, 1, 0), (0, 1, 1), (1, 0, 0), (1, 0, 1)) 55 17
2022-08-24 07:55:54.692348 ((0, 1, 0), (0, 1, 1), (1, 0, 0), (1, 0, 1)) 55 18
2022-08-24 07:58:35.113207 ((0, 1, 0), (0, 1, 1), (1, 0, 0), (1, 0, 1)) 55 19
2022-08-24 08:01:17.339024 ((0, 1, 0), (0, 1, 1), (1, 0, 0), (1, 1, 0)) 56 15
2022-08-24 08:03:56.903815 ((0, 1, 0), (0, 1, 1), (1, 0, 0), (1, 1, 0)) 56 16
2022-08-24 08:06:39.551543 ((0, 1, 0), (0, 1, 1), (1, 0, 0), (1, 1, 0)) 56 17
2022-08-24 08:09:19.145171 ((0, 1, 0), (0, 1, 1), (1, 0, 0), (1, 1, 0)) 56 18
2022-08-24 08:11:59.493273 ((0, 1, 0), (0, 1, 1), (1, 0, 0), (1, 1, 0)) 56 19
2022-08-24 08:14:40.497276 ((0, 1, 0), (0, 1, 1), (1, 0, 0), (1, 1, 1)) 57 15
2022-08-24 08:17:21.771332 ((0, 1, 0), (0, 1, 1), (1, 0, 0), (1, 1, 1)) 57 16
2022-08-24 08:20:01.632808 ((0, 1, 0), (0, 1, 1), (1, 0, 0), (1, 1, 1)) 57 17
2022-08-24 08:22:42.005751 ((0, 1, 0), (0, 1, 1), (1, 0, 0), (1, 1, 1)) 57 18
2022-08-24 08:25:25.040404 ((0, 1, 0), (0, 1, 1), (1, 0, 0), (1, 1, 1)) 57 19
2022-08-24 08:28:05.904135 ((0, 1, 0), (0, 1, 1), (1, 0, 1), (1, 1, 0)) 58 15
2022-08-24 08:30:47.674942 ((0, 1, 0), (0, 1, 1), (1, 0, 1), (1, 1, 0)) 58 16
2022-08-24 08:33:27.750742 ((0, 1, 0), (0, 1, 1), (1, 0, 1), (1, 1, 0)) 58 17
2022-08-24 08:36:10.525438 ((0, 1, 0), (0, 1, 1), (1, 0, 1), (1, 1, 0)) 58 18
2022-08-24 08:38:51.219894 ((0, 1, 0), (0, 1, 1), (1, 0, 1), (1, 1, 0)) 58 19
2022-08-24 08:41:32.452700 ((0, 1, 0), (0, 1, 1), (1, 0, 1), (1, 1, 1)) 59 15
2022-08-24 08:44:12.247468 ((0, 1, 0), (0, 1, 1), (1, 0, 1), (1, 1, 1)) 59 16
2022-08-24 08:46:55.500661 ((0, 1, 0), (0, 1, 1), (1, 0, 1), (1, 1, 1)) 59 17
2022-08-24 08:49:36.696197 ((0, 1, 0), (0, 1, 1), (1, 0, 1), (1, 1, 1)) 59 18
2022-08-24 08:52:16.210218 ((0, 1, 0), (0, 1, 1), (1, 0, 1), (1, 1, 1)) 59 19
2022-08-24 08:54:57.157606 ((0, 1, 0), (0, 1, 1), (1, 1, 0), (1, 1, 1)) 60 15
2022-08-24 08:57:38.087628 ((0, 1, 0), (0, 1, 1), (1, 1, 0), (1, 1, 1)) 60 16
2022-08-24 09:00:19.654600 ((0, 1, 0), (0, 1, 1), (1, 1, 0), (1, 1, 1)) 60 17
2022-08-24 09:02:58.870109 ((0, 1, 0), (0, 1, 1), (1, 1, 0), (1, 1, 1)) 60 18
2022-08-24 09:05:42.748229 ((0, 1, 0), (0, 1, 1), (1, 1, 0), (1, 1, 1)) 60 19
2022-08-24 09:08:23.392601 ((0, 1, 0), (1, 0, 0), (1, 0, 1), (1, 1, 0)) 61 15
2022-08-24 09:11:04.361795 ((0, 1, 0), (1, 0, 0), (1, 0, 1), (1, 1, 0)) 61 16
2022-08-24 09:13:44.264291 ((0, 1, 0), (1, 0, 0), (1, 0, 1), (1, 1, 0)) 61 17
2022-08-24 09:16:27.368346 ((0, 1, 0), (1, 0, 0), (1, 0, 1), (1, 1, 0)) 61 18
2022-08-24 09:19:07.401897 ((0, 1, 0), (1, 0, 0), (1, 0, 1), (1, 1, 0)) 61 19
2022-08-24 09:21:49.526304 ((0, 1, 0), (1, 0, 0), (1, 0, 1), (1, 1, 1)) 62 15
2022-08-24 09:24:30.295682 ((0, 1, 0), (1, 0, 0), (1, 0, 1), (1, 1, 1)) 62 16
2022-08-24 09:27:12.505538 ((0, 1, 0), (1, 0, 0), (1, 0, 1), (1, 1, 1)) 62 17
2022-08-24 09:29:51.440894 ((0, 1, 0), (1, 0, 0), (1, 0, 1), (1, 1, 1)) 62 18
2022-08-24 09:32:31.210667 ((0, 1, 0), (1, 0, 0), (1, 0, 1), (1, 1, 1)) 62 19
2022-08-24 09:35:13.253765 ((0, 1, 0), (1, 0, 0), (1, 1, 0), (1, 1, 1)) 63 15
2022-08-24 09:37:55.006798 ((0, 1, 0), (1, 0, 0), (1, 1, 0), (1, 1, 1)) 63 16
2022-08-24 09:40:37.207830 ((0, 1, 0), (1, 0, 0), (1, 1, 0), (1, 1, 1)) 63 17
2022-08-24 09:43:16.772938 ((0, 1, 0), (1, 0, 0), (1, 1, 0), (1, 1, 1)) 63 18
2022-08-24 09:46:00.123044 ((0, 1, 0), (1, 0, 0), (1, 1, 0), (1, 1, 1)) 63 19
2022-08-24 09:48:41.534168 ((0, 1, 0), (1, 0, 1), (1, 1, 0), (1, 1, 1)) 64 15
2022-08-24 09:51:22.303450 ((0, 1, 0), (1, 0, 1), (1, 1, 0), (1, 1, 1)) 64 16
2022-08-24 09:54:02.884900 ((0, 1, 0), (1, 0, 1), (1, 1, 0), (1, 1, 1)) 64 17
2022-08-24 09:56:46.471427 ((0, 1, 0), (1, 0, 1), (1, 1, 0), (1, 1, 1)) 64 18
2022-08-24 09:59:27.340125 ((0, 1, 0), (1, 0, 1), (1, 1, 0), (1, 1, 1)) 64 19
2022-08-24 10:02:07.545747 ((0, 1, 1), (1, 0, 0), (1, 0, 1), (1, 1, 0)) 65 15
2022-08-24 10:04:48.423185 ((0, 1, 1), (1, 0, 0), (1, 0, 1), (1, 1, 0)) 65 16
2022-08-24 10:07:31.353510 ((0, 1, 1), (1, 0, 0), (1, 0, 1), (1, 1, 0)) 65 17
2022-08-24 10:10:12.385729 ((0, 1, 1), (1, 0, 0), (1, 0, 1), (1, 1, 0)) 65 18
2022-08-24 10:12:51.811937 ((0, 1, 1), (1, 0, 0), (1, 0, 1), (1, 1, 0)) 65 19
2022-08-24 10:15:36.756684 ((0, 1, 1), (1, 0, 0), (1, 0, 1), (1, 1, 1)) 66 15
2022-08-24 10:18:18.329162 ((0, 1, 1), (1, 0, 0), (1, 0, 1), (1, 1, 1)) 66 16 already exists.
2022-08-24 10:18:18.342846 ((0, 1, 1), (1, 0, 0), (1, 0, 1), (1, 1, 1)) 66 17
2022-08-24 10:20:59.819426 ((0, 1, 1), (1, 0, 0), (1, 0, 1), (1, 1, 1)) 66 18
2022-08-24 10:23:40.397256 ((0, 1, 1), (1, 0, 0), (1, 0, 1), (1, 1, 1)) 66 19
2022-08-24 10:26:23.661650 ((0, 1, 1), (1, 0, 0), (1, 1, 0), (1, 1, 1)) 67 15
2022-08-24 10:29:04.305888 ((0, 1, 1), (1, 0, 0), (1, 1, 0), (1, 1, 1)) 67 16
2022-08-24 10:31:45.495186 ((0, 1, 1), (1, 0, 0), (1, 1, 0), (1, 1, 1)) 67 17
2022-08-24 10:34:27.375152 ((0, 1, 1), (1, 0, 0), (1, 1, 0), (1, 1, 1)) 67 18
2022-08-24 10:37:10.186710 ((0, 1, 1), (1, 0, 0), (1, 1, 0), (1, 1, 1)) 67 19
2022-08-24 10:39:49.688813 ((0, 1, 1), (1, 0, 1), (1, 1, 0), (1, 1, 1)) 68 15
2022-08-24 10:42:29.603677 ((0, 1, 1), (1, 0, 1), (1, 1, 0), (1, 1, 1)) 68 16
2022-08-24 10:45:11.476751 ((0, 1, 1), (1, 0, 1), (1, 1, 0), (1, 1, 1)) 68 17
2022-08-24 10:47:53.420067 ((0, 1, 1), (1, 0, 1), (1, 1, 0), (1, 1, 1)) 68 18
2022-08-24 10:50:36.394918 ((0, 1, 1), (1, 0, 1), (1, 1, 0), (1, 1, 1)) 68 19
2022-08-24 10:53:17.595880 ((1, 0, 0), (1, 0, 1), (1, 1, 0), (1, 1, 1)) 69 15
2022-08-24 10:56:01.273344 ((1, 0, 0), (1, 0, 1), (1, 1, 0), (1, 1, 1)) 69 16
2022-08-24 10:58:43.066628 ((1, 0, 0), (1, 0, 1), (1, 1, 0), (1, 1, 1)) 69 17
2022-08-24 11:01:24.814476 ((1, 0, 0), (1, 0, 1), (1, 1, 0), (1, 1, 1)) 69 18
2022-08-24 11:04:05.052727 ((1, 0, 0), (1, 0, 1), (1, 1, 0), (1, 1, 1)) 69 19
