ODQL Experiment parameters.
Namespace(seed=5, payoffs=[1.0, 1.0], n_iterations=100, n_train_evals=5, train_id_start=5, epsilon=0.3, hist_rep_dim=4, dqn_hidden_dim=4, capacity=16, batch_size=8, dqn_lr=0.01, tau=1.0, gamma=0.975, len_update_cycle=100, n_epochs=300, popsize=48, es_lr=0.05, stdev_init=0.1, stdev_decay=0.99, stdev_min=0.01, save=True, log_interval=0)

Parameter sources.
Command Line Args:   --seed=5 --train_id_start=5 --n_train_evals=5 --save --log_interval=0
Config File (/data/engs-oxfair3/orie4536/online-lever-adaptation/experiments/all_length3_fpp/odql.conf):
  epsilon:           0.3
  hist_rep_dim:      4
  dqn_hidden_dim:    4
  capacity:          16
  batch_size:        8
  dqn_lr:            0.01
  tau:               1.0
  gamma:             0.975
  len_update_cycle:  100
  n_epochs:          300
  popsize:           48
  es_lr:             0.05
  stdev_init:        0.1
  stdev_decay:       0.99
  stdev_min:         0.01
Config File (/data/engs-oxfair3/orie4536/online-lever-adaptation/experiments/all_length3_fpp/defaults.conf):
  payoffs:           ['1.', '1.']
  n_iterations:      100

2022-08-24 01:54:53.845222 ((0, 0, 0), (0, 0, 1), (0, 1, 0), (0, 1, 1)) 0 05 already exists.
2022-08-24 01:54:53.848329 ((0, 0, 0), (0, 0, 1), (0, 1, 0), (0, 1, 1)) 0 06 already exists.
2022-08-24 01:54:53.849513 ((0, 0, 0), (0, 0, 1), (0, 1, 0), (0, 1, 1)) 0 07 already exists.
2022-08-24 01:54:53.850621 ((0, 0, 0), (0, 0, 1), (0, 1, 0), (0, 1, 1)) 0 08 already exists.
2022-08-24 01:54:53.851812 ((0, 0, 0), (0, 0, 1), (0, 1, 0), (0, 1, 1)) 0 09 already exists.
2022-08-24 01:54:53.853107 ((0, 0, 0), (0, 0, 1), (0, 1, 0), (1, 0, 0)) 1 05 already exists.
2022-08-24 01:54:53.854260 ((0, 0, 0), (0, 0, 1), (0, 1, 0), (1, 0, 0)) 1 06 already exists.
2022-08-24 01:54:53.855257 ((0, 0, 0), (0, 0, 1), (0, 1, 0), (1, 0, 0)) 1 07 already exists.
2022-08-24 01:54:53.856241 ((0, 0, 0), (0, 0, 1), (0, 1, 0), (1, 0, 0)) 1 08 already exists.
2022-08-24 01:54:53.857254 ((0, 0, 0), (0, 0, 1), (0, 1, 0), (1, 0, 0)) 1 09 already exists.
2022-08-24 01:54:53.858357 ((0, 0, 0), (0, 0, 1), (0, 1, 0), (1, 0, 1)) 2 05 already exists.
2022-08-24 01:54:53.859341 ((0, 0, 0), (0, 0, 1), (0, 1, 0), (1, 0, 1)) 2 06 already exists.
2022-08-24 01:54:53.860245 ((0, 0, 0), (0, 0, 1), (0, 1, 0), (1, 0, 1)) 2 07 already exists.
2022-08-24 01:54:53.861441 ((0, 0, 0), (0, 0, 1), (0, 1, 0), (1, 0, 1)) 2 08 already exists.
2022-08-24 01:54:53.862434 ((0, 0, 0), (0, 0, 1), (0, 1, 0), (1, 0, 1)) 2 09 already exists.
2022-08-24 01:54:53.863396 ((0, 0, 0), (0, 0, 1), (0, 1, 0), (1, 1, 0)) 3 05 already exists.
2022-08-24 01:54:53.864455 ((0, 0, 0), (0, 0, 1), (0, 1, 0), (1, 1, 0)) 3 06 already exists.
2022-08-24 01:54:53.865376 ((0, 0, 0), (0, 0, 1), (0, 1, 0), (1, 1, 0)) 3 07 already exists.
2022-08-24 01:54:53.866136 ((0, 0, 0), (0, 0, 1), (0, 1, 0), (1, 1, 0)) 3 08 already exists.
2022-08-24 01:54:53.866924 ((0, 0, 0), (0, 0, 1), (0, 1, 0), (1, 1, 0)) 3 09 already exists.
2022-08-24 01:54:53.867904 ((0, 0, 0), (0, 0, 1), (0, 1, 0), (1, 1, 1)) 4 05 already exists.
2022-08-24 01:54:53.868743 ((0, 0, 0), (0, 0, 1), (0, 1, 0), (1, 1, 1)) 4 06 already exists.
2022-08-24 01:54:53.869570 ((0, 0, 0), (0, 0, 1), (0, 1, 0), (1, 1, 1)) 4 07 already exists.
2022-08-24 01:54:53.870389 ((0, 0, 0), (0, 0, 1), (0, 1, 0), (1, 1, 1)) 4 08 already exists.
2022-08-24 01:54:53.871265 ((0, 0, 0), (0, 0, 1), (0, 1, 0), (1, 1, 1)) 4 09 already exists.
2022-08-24 01:54:53.872252 ((0, 0, 0), (0, 0, 1), (0, 1, 1), (1, 0, 0)) 5 05 already exists.
2022-08-24 01:54:53.873051 ((0, 0, 0), (0, 0, 1), (0, 1, 1), (1, 0, 0)) 5 06 already exists.
2022-08-24 01:54:53.873830 ((0, 0, 0), (0, 0, 1), (0, 1, 1), (1, 0, 0)) 5 07 already exists.
2022-08-24 01:54:53.874714 ((0, 0, 0), (0, 0, 1), (0, 1, 1), (1, 0, 0)) 5 08 already exists.
2022-08-24 01:54:53.875568 ((0, 0, 0), (0, 0, 1), (0, 1, 1), (1, 0, 0)) 5 09 already exists.
2022-08-24 01:54:53.876494 ((0, 0, 0), (0, 0, 1), (0, 1, 1), (1, 0, 1)) 6 05 already exists.
2022-08-24 01:54:53.877314 ((0, 0, 0), (0, 0, 1), (0, 1, 1), (1, 0, 1)) 6 06 already exists.
2022-08-24 01:54:53.878143 ((0, 0, 0), (0, 0, 1), (0, 1, 1), (1, 0, 1)) 6 07 already exists.
2022-08-24 01:54:53.878892 ((0, 0, 0), (0, 0, 1), (0, 1, 1), (1, 0, 1)) 6 08 already exists.
2022-08-24 01:54:53.879616 ((0, 0, 0), (0, 0, 1), (0, 1, 1), (1, 0, 1)) 6 09 already exists.
2022-08-24 01:54:53.880472 ((0, 0, 0), (0, 0, 1), (0, 1, 1), (1, 1, 0)) 7 05 already exists.
2022-08-24 01:54:53.881357 ((0, 0, 0), (0, 0, 1), (0, 1, 1), (1, 1, 0)) 7 06 already exists.
2022-08-24 01:54:53.882247 ((0, 0, 0), (0, 0, 1), (0, 1, 1), (1, 1, 0)) 7 07 already exists.
2022-08-24 01:54:53.883115 ((0, 0, 0), (0, 0, 1), (0, 1, 1), (1, 1, 0)) 7 08 already exists.
2022-08-24 01:54:53.883960 ((0, 0, 0), (0, 0, 1), (0, 1, 1), (1, 1, 0)) 7 09 already exists.
2022-08-24 01:54:53.884979 ((0, 0, 0), (0, 0, 1), (0, 1, 1), (1, 1, 1)) 8 05 already exists.
2022-08-24 01:54:53.885716 ((0, 0, 0), (0, 0, 1), (0, 1, 1), (1, 1, 1)) 8 06 already exists.
2022-08-24 01:54:53.886513 ((0, 0, 0), (0, 0, 1), (0, 1, 1), (1, 1, 1)) 8 07 already exists.
2022-08-24 01:54:53.887356 ((0, 0, 0), (0, 0, 1), (0, 1, 1), (1, 1, 1)) 8 08 already exists.
2022-08-24 01:54:53.888210 ((0, 0, 0), (0, 0, 1), (0, 1, 1), (1, 1, 1)) 8 09 already exists.
2022-08-24 01:54:53.889092 ((0, 0, 0), (0, 0, 1), (1, 0, 0), (1, 0, 1)) 9 05 already exists.
2022-08-24 01:54:53.889948 ((0, 0, 0), (0, 0, 1), (1, 0, 0), (1, 0, 1)) 9 06 already exists.
2022-08-24 01:54:53.890688 ((0, 0, 0), (0, 0, 1), (1, 0, 0), (1, 0, 1)) 9 07 already exists.
2022-08-24 01:54:53.891576 ((0, 0, 0), (0, 0, 1), (1, 0, 0), (1, 0, 1)) 9 08 already exists.
2022-08-24 01:54:53.892418 ((0, 0, 0), (0, 0, 1), (1, 0, 0), (1, 0, 1)) 9 09 already exists.
2022-08-24 01:54:53.893475 ((0, 0, 0), (0, 0, 1), (1, 0, 0), (1, 1, 0)) 10 05 already exists.
2022-08-24 01:54:53.894431 ((0, 0, 0), (0, 0, 1), (1, 0, 0), (1, 1, 0)) 10 06 already exists.
2022-08-24 01:54:53.895506 ((0, 0, 0), (0, 0, 1), (1, 0, 0), (1, 1, 0)) 10 07 already exists.
2022-08-24 01:54:53.896471 ((0, 0, 0), (0, 0, 1), (1, 0, 0), (1, 1, 0)) 10 08 already exists.
2022-08-24 01:54:53.897425 ((0, 0, 0), (0, 0, 1), (1, 0, 0), (1, 1, 0)) 10 09 already exists.
2022-08-24 01:54:53.898534 ((0, 0, 0), (0, 0, 1), (1, 0, 0), (1, 1, 1)) 11 05 already exists.
2022-08-24 01:54:53.899416 ((0, 0, 0), (0, 0, 1), (1, 0, 0), (1, 1, 1)) 11 06 already exists.
2022-08-24 01:54:53.900351 ((0, 0, 0), (0, 0, 1), (1, 0, 0), (1, 1, 1)) 11 07 already exists.
2022-08-24 01:54:53.901249 ((0, 0, 0), (0, 0, 1), (1, 0, 0), (1, 1, 1)) 11 08 already exists.
2022-08-24 01:54:53.902177 ((0, 0, 0), (0, 0, 1), (1, 0, 0), (1, 1, 1)) 11 09 already exists.
2022-08-24 01:54:53.903224 ((0, 0, 0), (0, 0, 1), (1, 0, 1), (1, 1, 0)) 12 05 already exists.
2022-08-24 01:54:53.904009 ((0, 0, 0), (0, 0, 1), (1, 0, 1), (1, 1, 0)) 12 06 already exists.
2022-08-24 01:54:53.904813 ((0, 0, 0), (0, 0, 1), (1, 0, 1), (1, 1, 0)) 12 07 already exists.
2022-08-24 01:54:53.905600 ((0, 0, 0), (0, 0, 1), (1, 0, 1), (1, 1, 0)) 12 08 already exists.
2022-08-24 01:54:53.906517 ((0, 0, 0), (0, 0, 1), (1, 0, 1), (1, 1, 0)) 12 09 already exists.
2022-08-24 01:54:53.907446 ((0, 0, 0), (0, 0, 1), (1, 0, 1), (1, 1, 1)) 13 05 already exists.
2022-08-24 01:54:53.908387 ((0, 0, 0), (0, 0, 1), (1, 0, 1), (1, 1, 1)) 13 06 already exists.
2022-08-24 01:54:53.909278 ((0, 0, 0), (0, 0, 1), (1, 0, 1), (1, 1, 1)) 13 07 already exists.
2022-08-24 01:54:53.910104 ((0, 0, 0), (0, 0, 1), (1, 0, 1), (1, 1, 1)) 13 08 already exists.
2022-08-24 01:54:53.910926 ((0, 0, 0), (0, 0, 1), (1, 0, 1), (1, 1, 1)) 13 09 already exists.
2022-08-24 01:54:53.911896 ((0, 0, 0), (0, 0, 1), (1, 1, 0), (1, 1, 1)) 14 05 already exists.
2022-08-24 01:54:53.912624 ((0, 0, 0), (0, 0, 1), (1, 1, 0), (1, 1, 1)) 14 06 already exists.
2022-08-24 01:54:53.913434 ((0, 0, 0), (0, 0, 1), (1, 1, 0), (1, 1, 1)) 14 07 already exists.
2022-08-24 01:54:53.914331 ((0, 0, 0), (0, 0, 1), (1, 1, 0), (1, 1, 1)) 14 08 already exists.
2022-08-24 01:54:53.915219 ((0, 0, 0), (0, 0, 1), (1, 1, 0), (1, 1, 1)) 14 09 already exists.
2022-08-24 01:54:53.916101 ((0, 0, 0), (0, 1, 0), (0, 1, 1), (1, 0, 0)) 15 05 already exists.
2022-08-24 01:54:53.917218 ((0, 0, 0), (0, 1, 0), (0, 1, 1), (1, 0, 0)) 15 06 already exists.
2022-08-24 01:54:53.918060 ((0, 0, 0), (0, 1, 0), (0, 1, 1), (1, 0, 0)) 15 07 already exists.
2022-08-24 01:54:53.919163 ((0, 0, 0), (0, 1, 0), (0, 1, 1), (1, 0, 0)) 15 08 already exists.
2022-08-24 01:54:53.920088 ((0, 0, 0), (0, 1, 0), (0, 1, 1), (1, 0, 0)) 15 09 already exists.
2022-08-24 01:54:53.920992 ((0, 0, 0), (0, 1, 0), (0, 1, 1), (1, 0, 1)) 16 05 already exists.
2022-08-24 01:54:53.921706 ((0, 0, 0), (0, 1, 0), (0, 1, 1), (1, 0, 1)) 16 06 already exists.
2022-08-24 01:54:53.922430 ((0, 0, 0), (0, 1, 0), (0, 1, 1), (1, 0, 1)) 16 07 already exists.
2022-08-24 01:54:53.923238 ((0, 0, 0), (0, 1, 0), (0, 1, 1), (1, 0, 1)) 16 08 already exists.
2022-08-24 01:54:53.924060 ((0, 0, 0), (0, 1, 0), (0, 1, 1), (1, 0, 1)) 16 09 already exists.
2022-08-24 01:54:53.925031 ((0, 0, 0), (0, 1, 0), (0, 1, 1), (1, 1, 0)) 17 05 already exists.
2022-08-24 01:54:53.926135 ((0, 0, 0), (0, 1, 0), (0, 1, 1), (1, 1, 0)) 17 06 already exists.
2022-08-24 01:54:53.927176 ((0, 0, 0), (0, 1, 0), (0, 1, 1), (1, 1, 0)) 17 07 already exists.
2022-08-24 01:54:53.928132 ((0, 0, 0), (0, 1, 0), (0, 1, 1), (1, 1, 0)) 17 08 already exists.
2022-08-24 01:54:53.929000 ((0, 0, 0), (0, 1, 0), (0, 1, 1), (1, 1, 0)) 17 09 already exists.
2022-08-24 01:54:53.929844 ((0, 0, 0), (0, 1, 0), (0, 1, 1), (1, 1, 1)) 18 05 already exists.
2022-08-24 01:54:53.930685 ((0, 0, 0), (0, 1, 0), (0, 1, 1), (1, 1, 1)) 18 06 already exists.
2022-08-24 01:54:53.931464 ((0, 0, 0), (0, 1, 0), (0, 1, 1), (1, 1, 1)) 18 07 already exists.
2022-08-24 01:54:53.932246 ((0, 0, 0), (0, 1, 0), (0, 1, 1), (1, 1, 1)) 18 08 already exists.
2022-08-24 01:54:53.933058 ((0, 0, 0), (0, 1, 0), (0, 1, 1), (1, 1, 1)) 18 09 already exists.
2022-08-24 01:54:53.934067 ((0, 0, 0), (0, 1, 0), (1, 0, 0), (1, 0, 1)) 19 05 already exists.
2022-08-24 01:54:53.934983 ((0, 0, 0), (0, 1, 0), (1, 0, 0), (1, 0, 1)) 19 06 already exists.
2022-08-24 01:54:53.935895 ((0, 0, 0), (0, 1, 0), (1, 0, 0), (1, 0, 1)) 19 07 already exists.
2022-08-24 01:54:53.936885 ((0, 0, 0), (0, 1, 0), (1, 0, 0), (1, 0, 1)) 19 08 already exists.
2022-08-24 01:54:53.937911 ((0, 0, 0), (0, 1, 0), (1, 0, 0), (1, 0, 1)) 19 09 already exists.
2022-08-24 01:54:53.939032 ((0, 0, 0), (0, 1, 0), (1, 0, 0), (1, 1, 0)) 20 05 already exists.
2022-08-24 01:54:53.939916 ((0, 0, 0), (0, 1, 0), (1, 0, 0), (1, 1, 0)) 20 06 already exists.
2022-08-24 01:54:53.940897 ((0, 0, 0), (0, 1, 0), (1, 0, 0), (1, 1, 0)) 20 07 already exists.
2022-08-24 01:54:53.941789 ((0, 0, 0), (0, 1, 0), (1, 0, 0), (1, 1, 0)) 20 08 already exists.
2022-08-24 01:54:53.942696 ((0, 0, 0), (0, 1, 0), (1, 0, 0), (1, 1, 0)) 20 09 already exists.
2022-08-24 01:54:53.943791 ((0, 0, 0), (0, 1, 0), (1, 0, 0), (1, 1, 1)) 21 05 already exists.
2022-08-24 01:54:53.944578 ((0, 0, 0), (0, 1, 0), (1, 0, 0), (1, 1, 1)) 21 06 already exists.
2022-08-24 01:54:53.945408 ((0, 0, 0), (0, 1, 0), (1, 0, 0), (1, 1, 1)) 21 07 already exists.
2022-08-24 01:54:53.946261 ((0, 0, 0), (0, 1, 0), (1, 0, 0), (1, 1, 1)) 21 08 already exists.
2022-08-24 01:54:53.947141 ((0, 0, 0), (0, 1, 0), (1, 0, 0), (1, 1, 1)) 21 09 already exists.
2022-08-24 01:54:53.948108 ((0, 0, 0), (0, 1, 0), (1, 0, 1), (1, 1, 0)) 22 05 already exists.
2022-08-24 01:54:53.948975 ((0, 0, 0), (0, 1, 0), (1, 0, 1), (1, 1, 0)) 22 06 already exists.
2022-08-24 01:54:53.949835 ((0, 0, 0), (0, 1, 0), (1, 0, 1), (1, 1, 0)) 22 07 already exists.
2022-08-24 01:54:53.950673 ((0, 0, 0), (0, 1, 0), (1, 0, 1), (1, 1, 0)) 22 08 already exists.
2022-08-24 01:54:53.951430 ((0, 0, 0), (0, 1, 0), (1, 0, 1), (1, 1, 0)) 22 09 already exists.
2022-08-24 01:54:53.952294 ((0, 0, 0), (0, 1, 0), (1, 0, 1), (1, 1, 1)) 23 05 already exists.
2022-08-24 01:54:53.953130 ((0, 0, 0), (0, 1, 0), (1, 0, 1), (1, 1, 1)) 23 06 already exists.
2022-08-24 01:54:53.953987 ((0, 0, 0), (0, 1, 0), (1, 0, 1), (1, 1, 1)) 23 07 already exists.
2022-08-24 01:54:53.954771 ((0, 0, 0), (0, 1, 0), (1, 0, 1), (1, 1, 1)) 23 08 already exists.
2022-08-24 01:54:53.955566 ((0, 0, 0), (0, 1, 0), (1, 0, 1), (1, 1, 1)) 23 09 already exists.
2022-08-24 01:54:53.956448 ((0, 0, 0), (0, 1, 0), (1, 1, 0), (1, 1, 1)) 24 05 already exists.
2022-08-24 01:54:53.957426 ((0, 0, 0), (0, 1, 0), (1, 1, 0), (1, 1, 1)) 24 06 already exists.
2022-08-24 01:54:53.958247 ((0, 0, 0), (0, 1, 0), (1, 1, 0), (1, 1, 1)) 24 07 already exists.
2022-08-24 01:54:53.959051 ((0, 0, 0), (0, 1, 0), (1, 1, 0), (1, 1, 1)) 24 08 already exists.
2022-08-24 01:54:53.959825 ((0, 0, 0), (0, 1, 0), (1, 1, 0), (1, 1, 1)) 24 09 already exists.
2022-08-24 01:54:53.960703 ((0, 0, 0), (0, 1, 1), (1, 0, 0), (1, 0, 1)) 25 05 already exists.
2022-08-24 01:54:53.961521 ((0, 0, 0), (0, 1, 1), (1, 0, 0), (1, 0, 1)) 25 06 already exists.
2022-08-24 01:54:53.962368 ((0, 0, 0), (0, 1, 1), (1, 0, 0), (1, 0, 1)) 25 07 already exists.
2022-08-24 01:54:53.963319 ((0, 0, 0), (0, 1, 1), (1, 0, 0), (1, 0, 1)) 25 08 already exists.
2022-08-24 01:54:53.964132 ((0, 0, 0), (0, 1, 1), (1, 0, 0), (1, 0, 1)) 25 09 already exists.
2022-08-24 01:54:53.965025 ((0, 0, 0), (0, 1, 1), (1, 0, 0), (1, 1, 0)) 26 05 already exists.
2022-08-24 01:54:53.965910 ((0, 0, 0), (0, 1, 1), (1, 0, 0), (1, 1, 0)) 26 06 already exists.
2022-08-24 01:54:53.966703 ((0, 0, 0), (0, 1, 1), (1, 0, 0), (1, 1, 0)) 26 07 already exists.
2022-08-24 01:54:53.967575 ((0, 0, 0), (0, 1, 1), (1, 0, 0), (1, 1, 0)) 26 08 already exists.
2022-08-24 01:54:53.968547 ((0, 0, 0), (0, 1, 1), (1, 0, 0), (1, 1, 0)) 26 09 already exists.
2022-08-24 01:54:53.969637 ((0, 0, 0), (0, 1, 1), (1, 0, 0), (1, 1, 1)) 27 05 already exists.
2022-08-24 01:54:53.970427 ((0, 0, 0), (0, 1, 1), (1, 0, 0), (1, 1, 1)) 27 06 already exists.
2022-08-24 01:54:53.971554 ((0, 0, 0), (0, 1, 1), (1, 0, 0), (1, 1, 1)) 27 07 already exists.
2022-08-24 01:54:53.972546 ((0, 0, 0), (0, 1, 1), (1, 0, 0), (1, 1, 1)) 27 08 already exists.
2022-08-24 01:54:53.973386 ((0, 0, 0), (0, 1, 1), (1, 0, 0), (1, 1, 1)) 27 09 already exists.
2022-08-24 01:54:53.974298 ((0, 0, 0), (0, 1, 1), (1, 0, 1), (1, 1, 0)) 28 05 already exists.
2022-08-24 01:54:53.975075 ((0, 0, 0), (0, 1, 1), (1, 0, 1), (1, 1, 0)) 28 06 already exists.
2022-08-24 01:54:53.976112 ((0, 0, 0), (0, 1, 1), (1, 0, 1), (1, 1, 0)) 28 07 already exists.
2022-08-24 01:54:53.977030 ((0, 0, 0), (0, 1, 1), (1, 0, 1), (1, 1, 0)) 28 08 already exists.
2022-08-24 01:54:53.977867 ((0, 0, 0), (0, 1, 1), (1, 0, 1), (1, 1, 0)) 28 09 already exists.
2022-08-24 01:54:53.978807 ((0, 0, 0), (0, 1, 1), (1, 0, 1), (1, 1, 1)) 29 05 already exists.
2022-08-24 01:54:53.979660 ((0, 0, 0), (0, 1, 1), (1, 0, 1), (1, 1, 1)) 29 06 already exists.
2022-08-24 01:54:53.980426 ((0, 0, 0), (0, 1, 1), (1, 0, 1), (1, 1, 1)) 29 07 already exists.
2022-08-24 01:54:53.981488 ((0, 0, 0), (0, 1, 1), (1, 0, 1), (1, 1, 1)) 29 08 already exists.
2022-08-24 01:54:53.982511 ((0, 0, 0), (0, 1, 1), (1, 0, 1), (1, 1, 1)) 29 09 already exists.
2022-08-24 01:54:53.983576 ((0, 0, 0), (0, 1, 1), (1, 1, 0), (1, 1, 1)) 30 05 already exists.
2022-08-24 01:54:53.984500 ((0, 0, 0), (0, 1, 1), (1, 1, 0), (1, 1, 1)) 30 06 already exists.
2022-08-24 01:54:53.985296 ((0, 0, 0), (0, 1, 1), (1, 1, 0), (1, 1, 1)) 30 07 already exists.
2022-08-24 01:54:53.986121 ((0, 0, 0), (0, 1, 1), (1, 1, 0), (1, 1, 1)) 30 08 already exists.
2022-08-24 01:54:53.987060 ((0, 0, 0), (0, 1, 1), (1, 1, 0), (1, 1, 1)) 30 09 already exists.
2022-08-24 01:54:53.987937 ((0, 0, 0), (1, 0, 0), (1, 0, 1), (1, 1, 0)) 31 05 already exists.
2022-08-24 01:54:53.988880 ((0, 0, 0), (1, 0, 0), (1, 0, 1), (1, 1, 0)) 31 06 already exists.
2022-08-24 01:54:53.989676 ((0, 0, 0), (1, 0, 0), (1, 0, 1), (1, 1, 0)) 31 07 already exists.
2022-08-24 01:54:53.990497 ((0, 0, 0), (1, 0, 0), (1, 0, 1), (1, 1, 0)) 31 08 already exists.
2022-08-24 01:54:53.991284 ((0, 0, 0), (1, 0, 0), (1, 0, 1), (1, 1, 0)) 31 09 already exists.
2022-08-24 01:54:53.992210 ((0, 0, 0), (1, 0, 0), (1, 0, 1), (1, 1, 1)) 32 05 already exists.
2022-08-24 01:54:53.993005 ((0, 0, 0), (1, 0, 0), (1, 0, 1), (1, 1, 1)) 32 06 already exists.
2022-08-24 01:54:53.993935 ((0, 0, 0), (1, 0, 0), (1, 0, 1), (1, 1, 1)) 32 07 already exists.
2022-08-24 01:54:53.994843 ((0, 0, 0), (1, 0, 0), (1, 0, 1), (1, 1, 1)) 32 08 already exists.
2022-08-24 01:54:53.995704 ((0, 0, 0), (1, 0, 0), (1, 0, 1), (1, 1, 1)) 32 09 already exists.
2022-08-24 01:54:53.996556 ((0, 0, 0), (1, 0, 0), (1, 1, 0), (1, 1, 1)) 33 05 already exists.
2022-08-24 01:54:53.997366 ((0, 0, 0), (1, 0, 0), (1, 1, 0), (1, 1, 1)) 33 06 already exists.
2022-08-24 01:54:53.998171 ((0, 0, 0), (1, 0, 0), (1, 1, 0), (1, 1, 1)) 33 07 already exists.
2022-08-24 01:54:53.998946 ((0, 0, 0), (1, 0, 0), (1, 1, 0), (1, 1, 1)) 33 08 already exists.
2022-08-24 01:54:53.999854 ((0, 0, 0), (1, 0, 0), (1, 1, 0), (1, 1, 1)) 33 09 already exists.
2022-08-24 01:54:54.000883 ((0, 0, 0), (1, 0, 1), (1, 1, 0), (1, 1, 1)) 34 05 already exists.
2022-08-24 01:54:54.001825 ((0, 0, 0), (1, 0, 1), (1, 1, 0), (1, 1, 1)) 34 06 already exists.
2022-08-24 01:54:54.002779 ((0, 0, 0), (1, 0, 1), (1, 1, 0), (1, 1, 1)) 34 07 already exists.
2022-08-24 01:54:54.003577 ((0, 0, 0), (1, 0, 1), (1, 1, 0), (1, 1, 1)) 34 08 already exists.
2022-08-24 01:54:54.004350 ((0, 0, 0), (1, 0, 1), (1, 1, 0), (1, 1, 1)) 34 09 already exists.
2022-08-24 01:54:54.005376 ((0, 0, 1), (0, 1, 0), (0, 1, 1), (1, 0, 0)) 35 05 already exists.
2022-08-24 01:54:54.006139 ((0, 0, 1), (0, 1, 0), (0, 1, 1), (1, 0, 0)) 35 06 already exists.
2022-08-24 01:54:54.006923 ((0, 0, 1), (0, 1, 0), (0, 1, 1), (1, 0, 0)) 35 07 already exists.
2022-08-24 01:54:54.007777 ((0, 0, 1), (0, 1, 0), (0, 1, 1), (1, 0, 0)) 35 08 already exists.
2022-08-24 01:54:54.008538 ((0, 0, 1), (0, 1, 0), (0, 1, 1), (1, 0, 0)) 35 09 already exists.
2022-08-24 01:54:54.009569 ((0, 0, 1), (0, 1, 0), (0, 1, 1), (1, 0, 1)) 36 05 already exists.
2022-08-24 01:54:54.010534 ((0, 0, 1), (0, 1, 0), (0, 1, 1), (1, 0, 1)) 36 06 already exists.
2022-08-24 01:54:54.011352 ((0, 0, 1), (0, 1, 0), (0, 1, 1), (1, 0, 1)) 36 07 already exists.
2022-08-24 01:54:54.012309 ((0, 0, 1), (0, 1, 0), (0, 1, 1), (1, 0, 1)) 36 08 already exists.
2022-08-24 01:54:54.013258 ((0, 0, 1), (0, 1, 0), (0, 1, 1), (1, 0, 1)) 36 09 already exists.
2022-08-24 01:54:54.014290 ((0, 0, 1), (0, 1, 0), (0, 1, 1), (1, 1, 0)) 37 05 already exists.
2022-08-24 01:54:54.015115 ((0, 0, 1), (0, 1, 0), (0, 1, 1), (1, 1, 0)) 37 06 already exists.
2022-08-24 01:54:54.016017 ((0, 0, 1), (0, 1, 0), (0, 1, 1), (1, 1, 0)) 37 07 already exists.
2022-08-24 01:54:54.016905 ((0, 0, 1), (0, 1, 0), (0, 1, 1), (1, 1, 0)) 37 08 already exists.
2022-08-24 01:54:54.017908 ((0, 0, 1), (0, 1, 0), (0, 1, 1), (1, 1, 0)) 37 09 already exists.
2022-08-24 01:54:54.018995 ((0, 0, 1), (0, 1, 0), (0, 1, 1), (1, 1, 1)) 38 05 already exists.
2022-08-24 01:54:54.019746 ((0, 0, 1), (0, 1, 0), (0, 1, 1), (1, 1, 1)) 38 06 already exists.
2022-08-24 01:54:54.020798 ((0, 0, 1), (0, 1, 0), (0, 1, 1), (1, 1, 1)) 38 07 already exists.
2022-08-24 01:54:54.021625 ((0, 0, 1), (0, 1, 0), (0, 1, 1), (1, 1, 1)) 38 08 already exists.
2022-08-24 01:54:54.022669 ((0, 0, 1), (0, 1, 0), (0, 1, 1), (1, 1, 1)) 38 09 already exists.
2022-08-24 01:54:54.023618 ((0, 0, 1), (0, 1, 0), (1, 0, 0), (1, 0, 1)) 39 05 already exists.
2022-08-24 01:54:54.024616 ((0, 0, 1), (0, 1, 0), (1, 0, 0), (1, 0, 1)) 39 06 already exists.
2022-08-24 01:54:54.025530 ((0, 0, 1), (0, 1, 0), (1, 0, 0), (1, 0, 1)) 39 07 already exists.
2022-08-24 01:54:54.026377 ((0, 0, 1), (0, 1, 0), (1, 0, 0), (1, 0, 1)) 39 08 already exists.
2022-08-24 01:54:54.027349 ((0, 0, 1), (0, 1, 0), (1, 0, 0), (1, 0, 1)) 39 09 already exists.
2022-08-24 01:54:54.028463 ((0, 0, 1), (0, 1, 0), (1, 0, 0), (1, 1, 0)) 40 05 already exists.
2022-08-24 01:54:54.029313 ((0, 0, 1), (0, 1, 0), (1, 0, 0), (1, 1, 0)) 40 06 already exists.
2022-08-24 01:54:54.030302 ((0, 0, 1), (0, 1, 0), (1, 0, 0), (1, 1, 0)) 40 07 already exists.
2022-08-24 01:54:54.031319 ((0, 0, 1), (0, 1, 0), (1, 0, 0), (1, 1, 0)) 40 08 already exists.
2022-08-24 01:54:54.032298 ((0, 0, 1), (0, 1, 0), (1, 0, 0), (1, 1, 0)) 40 09 already exists.
2022-08-24 01:54:54.033616 ((0, 0, 1), (0, 1, 0), (1, 0, 0), (1, 1, 1)) 41 05 already exists.
2022-08-24 01:54:54.034736 ((0, 0, 1), (0, 1, 0), (1, 0, 0), (1, 1, 1)) 41 06 already exists.
2022-08-24 01:54:54.035665 ((0, 0, 1), (0, 1, 0), (1, 0, 0), (1, 1, 1)) 41 07 already exists.
2022-08-24 01:54:54.036504 ((0, 0, 1), (0, 1, 0), (1, 0, 0), (1, 1, 1)) 41 08 already exists.
2022-08-24 01:54:54.037285 ((0, 0, 1), (0, 1, 0), (1, 0, 0), (1, 1, 1)) 41 09 already exists.
2022-08-24 01:54:54.038234 ((0, 0, 1), (0, 1, 0), (1, 0, 1), (1, 1, 0)) 42 05 already exists.
2022-08-24 01:54:54.039261 ((0, 0, 1), (0, 1, 0), (1, 0, 1), (1, 1, 0)) 42 06 already exists.
2022-08-24 01:54:54.040249 ((0, 0, 1), (0, 1, 0), (1, 0, 1), (1, 1, 0)) 42 07 already exists.
2022-08-24 01:54:54.041039 ((0, 0, 1), (0, 1, 0), (1, 0, 1), (1, 1, 0)) 42 08 already exists.
2022-08-24 01:54:54.041943 ((0, 0, 1), (0, 1, 0), (1, 0, 1), (1, 1, 0)) 42 09 already exists.
2022-08-24 01:54:54.042916 ((0, 0, 1), (0, 1, 0), (1, 0, 1), (1, 1, 1)) 43 05 already exists.
2022-08-24 01:54:54.043942 ((0, 0, 1), (0, 1, 0), (1, 0, 1), (1, 1, 1)) 43 06 already exists.
2022-08-24 01:54:54.045067 ((0, 0, 1), (0, 1, 0), (1, 0, 1), (1, 1, 1)) 43 07 already exists.
2022-08-24 01:54:54.046070 ((0, 0, 1), (0, 1, 0), (1, 0, 1), (1, 1, 1)) 43 08 already exists.
2022-08-24 01:54:54.047181 ((0, 0, 1), (0, 1, 0), (1, 0, 1), (1, 1, 1)) 43 09 already exists.
2022-08-24 01:54:54.048325 ((0, 0, 1), (0, 1, 0), (1, 1, 0), (1, 1, 1)) 44 05 already exists.
2022-08-24 01:54:54.049476 ((0, 0, 1), (0, 1, 0), (1, 1, 0), (1, 1, 1)) 44 06 already exists.
2022-08-24 01:54:54.050448 ((0, 0, 1), (0, 1, 0), (1, 1, 0), (1, 1, 1)) 44 07 already exists.
2022-08-24 01:54:54.051517 ((0, 0, 1), (0, 1, 0), (1, 1, 0), (1, 1, 1)) 44 08 already exists.
2022-08-24 01:54:54.052380 ((0, 0, 1), (0, 1, 0), (1, 1, 0), (1, 1, 1)) 44 09 already exists.
2022-08-24 01:54:54.053477 ((0, 0, 1), (0, 1, 1), (1, 0, 0), (1, 0, 1)) 45 05 already exists.
2022-08-24 01:54:54.054496 ((0, 0, 1), (0, 1, 1), (1, 0, 0), (1, 0, 1)) 45 06 already exists.
2022-08-24 01:54:54.055367 ((0, 0, 1), (0, 1, 1), (1, 0, 0), (1, 0, 1)) 45 07 already exists.
2022-08-24 01:54:54.056281 ((0, 0, 1), (0, 1, 1), (1, 0, 0), (1, 0, 1)) 45 08 already exists.
2022-08-24 01:54:54.057209 ((0, 0, 1), (0, 1, 1), (1, 0, 0), (1, 0, 1)) 45 09 already exists.
2022-08-24 01:54:54.058220 ((0, 0, 1), (0, 1, 1), (1, 0, 0), (1, 1, 0)) 46 05 already exists.
2022-08-24 01:54:54.059449 ((0, 0, 1), (0, 1, 1), (1, 0, 0), (1, 1, 0)) 46 06 already exists.
2022-08-24 01:54:54.060411 ((0, 0, 1), (0, 1, 1), (1, 0, 0), (1, 1, 0)) 46 07 already exists.
2022-08-24 01:54:54.061384 ((0, 0, 1), (0, 1, 1), (1, 0, 0), (1, 1, 0)) 46 08 already exists.
2022-08-24 01:54:54.062423 ((0, 0, 1), (0, 1, 1), (1, 0, 0), (1, 1, 0)) 46 09 already exists.
2022-08-24 01:54:54.063507 ((0, 0, 1), (0, 1, 1), (1, 0, 0), (1, 1, 1)) 47 05 already exists.
2022-08-24 01:54:54.064629 ((0, 0, 1), (0, 1, 1), (1, 0, 0), (1, 1, 1)) 47 06 already exists.
2022-08-24 01:54:54.065717 ((0, 0, 1), (0, 1, 1), (1, 0, 0), (1, 1, 1)) 47 07 already exists.
2022-08-24 01:54:54.066665 ((0, 0, 1), (0, 1, 1), (1, 0, 0), (1, 1, 1)) 47 08 already exists.
2022-08-24 01:54:54.067636 ((0, 0, 1), (0, 1, 1), (1, 0, 0), (1, 1, 1)) 47 09 already exists.
2022-08-24 01:54:54.068780 ((0, 0, 1), (0, 1, 1), (1, 0, 1), (1, 1, 0)) 48 05 already exists.
2022-08-24 01:54:54.069985 ((0, 0, 1), (0, 1, 1), (1, 0, 1), (1, 1, 0)) 48 06 already exists.
2022-08-24 01:54:54.070897 ((0, 0, 1), (0, 1, 1), (1, 0, 1), (1, 1, 0)) 48 07 already exists.
2022-08-24 01:54:54.071938 ((0, 0, 1), (0, 1, 1), (1, 0, 1), (1, 1, 0)) 48 08 already exists.
2022-08-24 01:54:54.072815 ((0, 0, 1), (0, 1, 1), (1, 0, 1), (1, 1, 0)) 48 09
2022-08-24 01:57:38.110832 ((0, 0, 1), (0, 1, 1), (1, 0, 1), (1, 1, 1)) 49 05
2022-08-24 02:00:19.157173 ((0, 0, 1), (0, 1, 1), (1, 0, 1), (1, 1, 1)) 49 06
2022-08-24 02:02:58.811187 ((0, 0, 1), (0, 1, 1), (1, 0, 1), (1, 1, 1)) 49 07
2022-08-24 02:05:49.536188 ((0, 0, 1), (0, 1, 1), (1, 0, 1), (1, 1, 1)) 49 08
2022-08-24 02:08:30.684282 ((0, 0, 1), (0, 1, 1), (1, 0, 1), (1, 1, 1)) 49 09
2022-08-24 02:11:10.907429 ((0, 0, 1), (0, 1, 1), (1, 1, 0), (1, 1, 1)) 50 05
2022-08-24 02:13:50.787053 ((0, 0, 1), (0, 1, 1), (1, 1, 0), (1, 1, 1)) 50 06
2022-08-24 02:16:29.603637 ((0, 0, 1), (0, 1, 1), (1, 1, 0), (1, 1, 1)) 50 07
2022-08-24 02:19:08.682974 ((0, 0, 1), (0, 1, 1), (1, 1, 0), (1, 1, 1)) 50 08
2022-08-24 02:21:48.343550 ((0, 0, 1), (0, 1, 1), (1, 1, 0), (1, 1, 1)) 50 09
2022-08-24 02:24:27.590791 ((0, 0, 1), (1, 0, 0), (1, 0, 1), (1, 1, 0)) 51 05
2022-08-24 02:27:06.313710 ((0, 0, 1), (1, 0, 0), (1, 0, 1), (1, 1, 0)) 51 06
2022-08-24 02:29:47.251716 ((0, 0, 1), (1, 0, 0), (1, 0, 1), (1, 1, 0)) 51 07
2022-08-24 02:32:27.468064 ((0, 0, 1), (1, 0, 0), (1, 0, 1), (1, 1, 0)) 51 08
2022-08-24 02:35:07.564518 ((0, 0, 1), (1, 0, 0), (1, 0, 1), (1, 1, 0)) 51 09
2022-08-24 02:37:46.348299 ((0, 0, 1), (1, 0, 0), (1, 0, 1), (1, 1, 1)) 52 05
2022-08-24 02:40:27.023541 ((0, 0, 1), (1, 0, 0), (1, 0, 1), (1, 1, 1)) 52 06
2022-08-24 02:43:06.519814 ((0, 0, 1), (1, 0, 0), (1, 0, 1), (1, 1, 1)) 52 07
2022-08-24 02:45:46.623309 ((0, 0, 1), (1, 0, 0), (1, 0, 1), (1, 1, 1)) 52 08
2022-08-24 02:48:25.964578 ((0, 0, 1), (1, 0, 0), (1, 0, 1), (1, 1, 1)) 52 09
2022-08-24 02:51:06.183240 ((0, 0, 1), (1, 0, 0), (1, 1, 0), (1, 1, 1)) 53 05
2022-08-24 02:53:46.297865 ((0, 0, 1), (1, 0, 0), (1, 1, 0), (1, 1, 1)) 53 06
2022-08-24 02:56:25.646159 ((0, 0, 1), (1, 0, 0), (1, 1, 0), (1, 1, 1)) 53 07
2022-08-24 02:59:06.585870 ((0, 0, 1), (1, 0, 0), (1, 1, 0), (1, 1, 1)) 53 08
2022-08-24 03:01:47.152778 ((0, 0, 1), (1, 0, 0), (1, 1, 0), (1, 1, 1)) 53 09
2022-08-24 03:04:27.705288 ((0, 0, 1), (1, 0, 1), (1, 1, 0), (1, 1, 1)) 54 05
2022-08-24 03:07:06.656540 ((0, 0, 1), (1, 0, 1), (1, 1, 0), (1, 1, 1)) 54 06
2022-08-24 03:09:46.318542 ((0, 0, 1), (1, 0, 1), (1, 1, 0), (1, 1, 1)) 54 07
2022-08-24 03:12:25.738452 ((0, 0, 1), (1, 0, 1), (1, 1, 0), (1, 1, 1)) 54 08
2022-08-24 03:15:05.770667 ((0, 0, 1), (1, 0, 1), (1, 1, 0), (1, 1, 1)) 54 09
2022-08-24 03:17:44.868814 ((0, 1, 0), (0, 1, 1), (1, 0, 0), (1, 0, 1)) 55 05
2022-08-24 03:20:25.674959 ((0, 1, 0), (0, 1, 1), (1, 0, 0), (1, 0, 1)) 55 06
2022-08-24 03:23:05.058665 ((0, 1, 0), (0, 1, 1), (1, 0, 0), (1, 0, 1)) 55 07
2022-08-24 03:25:45.598100 ((0, 1, 0), (0, 1, 1), (1, 0, 0), (1, 0, 1)) 55 08
2022-08-24 03:28:25.002812 ((0, 1, 0), (0, 1, 1), (1, 0, 0), (1, 0, 1)) 55 09
2022-08-24 03:31:04.822291 ((0, 1, 0), (0, 1, 1), (1, 0, 0), (1, 1, 0)) 56 05
2022-08-24 03:33:43.563682 ((0, 1, 0), (0, 1, 1), (1, 0, 0), (1, 1, 0)) 56 06
2022-08-24 03:36:24.071173 ((0, 1, 0), (0, 1, 1), (1, 0, 0), (1, 1, 0)) 56 07
2022-08-24 03:39:04.329525 ((0, 1, 0), (0, 1, 1), (1, 0, 0), (1, 1, 0)) 56 08
2022-08-24 03:41:43.816781 ((0, 1, 0), (0, 1, 1), (1, 0, 0), (1, 1, 0)) 56 09
2022-08-24 03:44:23.535910 ((0, 1, 0), (0, 1, 1), (1, 0, 0), (1, 1, 1)) 57 05
2022-08-24 03:47:02.090901 ((0, 1, 0), (0, 1, 1), (1, 0, 0), (1, 1, 1)) 57 06
2022-08-24 03:49:42.055801 ((0, 1, 0), (0, 1, 1), (1, 0, 0), (1, 1, 1)) 57 07
2022-08-24 03:52:22.019690 ((0, 1, 0), (0, 1, 1), (1, 0, 0), (1, 1, 1)) 57 08
2022-08-24 03:55:00.785774 ((0, 1, 0), (0, 1, 1), (1, 0, 0), (1, 1, 1)) 57 09
2022-08-24 03:57:39.291560 ((0, 1, 0), (0, 1, 1), (1, 0, 1), (1, 1, 0)) 58 05
2022-08-24 04:00:21.371526 ((0, 1, 0), (0, 1, 1), (1, 0, 1), (1, 1, 0)) 58 06
2022-08-24 04:03:00.717546 ((0, 1, 0), (0, 1, 1), (1, 0, 1), (1, 1, 0)) 58 07
2022-08-24 04:05:40.762160 ((0, 1, 0), (0, 1, 1), (1, 0, 1), (1, 1, 0)) 58 08
2022-08-24 04:08:21.102415 ((0, 1, 0), (0, 1, 1), (1, 0, 1), (1, 1, 0)) 58 09
2022-08-24 04:11:02.609007 ((0, 1, 0), (0, 1, 1), (1, 0, 1), (1, 1, 1)) 59 05
2022-08-24 04:13:42.792846 ((0, 1, 0), (0, 1, 1), (1, 0, 1), (1, 1, 1)) 59 06
2022-08-24 04:16:22.144961 ((0, 1, 0), (0, 1, 1), (1, 0, 1), (1, 1, 1)) 59 07
2022-08-24 04:19:02.327922 ((0, 1, 0), (0, 1, 1), (1, 0, 1), (1, 1, 1)) 59 08
2022-08-24 04:21:42.007420 ((0, 1, 0), (0, 1, 1), (1, 0, 1), (1, 1, 1)) 59 09
2022-08-24 04:24:22.535855 ((0, 1, 0), (0, 1, 1), (1, 1, 0), (1, 1, 1)) 60 05
2022-08-24 04:27:01.133540 ((0, 1, 0), (0, 1, 1), (1, 1, 0), (1, 1, 1)) 60 06
2022-08-24 04:29:41.584079 ((0, 1, 0), (0, 1, 1), (1, 1, 0), (1, 1, 1)) 60 07
2022-08-24 04:32:20.370104 ((0, 1, 0), (0, 1, 1), (1, 1, 0), (1, 1, 1)) 60 08
2022-08-24 04:35:00.342309 ((0, 1, 0), (0, 1, 1), (1, 1, 0), (1, 1, 1)) 60 09
2022-08-24 04:37:39.145111 ((0, 1, 0), (1, 0, 0), (1, 0, 1), (1, 1, 0)) 61 05
2022-08-24 04:40:22.386095 ((0, 1, 0), (1, 0, 0), (1, 0, 1), (1, 1, 0)) 61 06
2022-08-24 04:43:02.978178 ((0, 1, 0), (1, 0, 0), (1, 0, 1), (1, 1, 0)) 61 07
2022-08-24 04:45:43.666165 ((0, 1, 0), (1, 0, 0), (1, 0, 1), (1, 1, 0)) 61 08
2022-08-24 04:48:24.079487 ((0, 1, 0), (1, 0, 0), (1, 0, 1), (1, 1, 0)) 61 09
2022-08-24 04:51:04.613482 ((0, 1, 0), (1, 0, 0), (1, 0, 1), (1, 1, 1)) 62 05
2022-08-24 04:53:45.908754 ((0, 1, 0), (1, 0, 0), (1, 0, 1), (1, 1, 1)) 62 06
2022-08-24 04:56:24.769583 ((0, 1, 0), (1, 0, 0), (1, 0, 1), (1, 1, 1)) 62 07
2022-08-24 04:59:05.612895 ((0, 1, 0), (1, 0, 0), (1, 0, 1), (1, 1, 1)) 62 08
2022-08-24 05:01:46.315961 ((0, 1, 0), (1, 0, 0), (1, 0, 1), (1, 1, 1)) 62 09
2022-08-24 05:04:25.862330 ((0, 1, 0), (1, 0, 0), (1, 1, 0), (1, 1, 1)) 63 05
2022-08-24 05:07:04.642724 ((0, 1, 0), (1, 0, 0), (1, 1, 0), (1, 1, 1)) 63 06
2022-08-24 05:09:44.845282 ((0, 1, 0), (1, 0, 0), (1, 1, 0), (1, 1, 1)) 63 07
2022-08-24 05:12:24.525861 ((0, 1, 0), (1, 0, 0), (1, 1, 0), (1, 1, 1)) 63 08
2022-08-24 05:15:04.759838 ((0, 1, 0), (1, 0, 0), (1, 1, 0), (1, 1, 1)) 63 09
2022-08-24 05:17:45.052954 ((0, 1, 0), (1, 0, 1), (1, 1, 0), (1, 1, 1)) 64 05
2022-08-24 05:20:45.174036 ((0, 1, 0), (1, 0, 1), (1, 1, 0), (1, 1, 1)) 64 06
2022-08-24 05:23:26.827548 ((0, 1, 0), (1, 0, 1), (1, 1, 0), (1, 1, 1)) 64 07
2022-08-24 05:26:06.418422 ((0, 1, 0), (1, 0, 1), (1, 1, 0), (1, 1, 1)) 64 08
2022-08-24 05:28:46.473359 ((0, 1, 0), (1, 0, 1), (1, 1, 0), (1, 1, 1)) 64 09
2022-08-24 05:31:27.230774 ((0, 1, 1), (1, 0, 0), (1, 0, 1), (1, 1, 0)) 65 05
2022-08-24 05:34:07.388569 ((0, 1, 1), (1, 0, 0), (1, 0, 1), (1, 1, 0)) 65 06
2022-08-24 05:36:47.140764 ((0, 1, 1), (1, 0, 0), (1, 0, 1), (1, 1, 0)) 65 07
2022-08-24 05:39:27.397991 ((0, 1, 1), (1, 0, 0), (1, 0, 1), (1, 1, 0)) 65 08
2022-08-24 05:42:07.571855 ((0, 1, 1), (1, 0, 0), (1, 0, 1), (1, 1, 0)) 65 09
2022-08-24 05:44:47.408152 ((0, 1, 1), (1, 0, 0), (1, 0, 1), (1, 1, 1)) 66 05
2022-08-24 05:47:26.862259 ((0, 1, 1), (1, 0, 0), (1, 0, 1), (1, 1, 1)) 66 06
2022-08-24 05:50:07.391809 ((0, 1, 1), (1, 0, 0), (1, 0, 1), (1, 1, 1)) 66 07
2022-08-24 05:52:49.156452 ((0, 1, 1), (1, 0, 0), (1, 0, 1), (1, 1, 1)) 66 08
2022-08-24 05:55:29.816783 ((0, 1, 1), (1, 0, 0), (1, 0, 1), (1, 1, 1)) 66 09
2022-08-24 05:58:09.839561 ((0, 1, 1), (1, 0, 0), (1, 1, 0), (1, 1, 1)) 67 05
2022-08-24 06:00:50.443392 ((0, 1, 1), (1, 0, 0), (1, 1, 0), (1, 1, 1)) 67 06
2022-08-24 06:03:32.031091 ((0, 1, 1), (1, 0, 0), (1, 1, 0), (1, 1, 1)) 67 07
2022-08-24 06:06:11.446053 ((0, 1, 1), (1, 0, 0), (1, 1, 0), (1, 1, 1)) 67 08
2022-08-24 06:08:54.285875 ((0, 1, 1), (1, 0, 0), (1, 1, 0), (1, 1, 1)) 67 09
2022-08-24 06:11:34.753938 ((0, 1, 1), (1, 0, 1), (1, 1, 0), (1, 1, 1)) 68 05
2022-08-24 06:14:16.289857 ((0, 1, 1), (1, 0, 1), (1, 1, 0), (1, 1, 1)) 68 06
2022-08-24 06:16:55.324127 ((0, 1, 1), (1, 0, 1), (1, 1, 0), (1, 1, 1)) 68 07
2022-08-24 06:19:36.194662 ((0, 1, 1), (1, 0, 1), (1, 1, 0), (1, 1, 1)) 68 08
2022-08-24 06:22:17.197338 ((0, 1, 1), (1, 0, 1), (1, 1, 0), (1, 1, 1)) 68 09
2022-08-24 06:24:56.447814 ((1, 0, 0), (1, 0, 1), (1, 1, 0), (1, 1, 1)) 69 05
2022-08-24 06:27:34.532855 ((1, 0, 0), (1, 0, 1), (1, 1, 0), (1, 1, 1)) 69 06
2022-08-24 06:30:15.206077 ((1, 0, 0), (1, 0, 1), (1, 1, 0), (1, 1, 1)) 69 07
2022-08-24 06:32:54.894960 ((1, 0, 0), (1, 0, 1), (1, 1, 0), (1, 1, 1)) 69 08
2022-08-24 06:35:36.143983 ((1, 0, 0), (1, 0, 1), (1, 1, 0), (1, 1, 1)) 69 09
