ODQL Experiment parameters.
Namespace(seed=1, payoffs=[1.0, 1.0], n_iterations=100, n_train_evals=1, train_id_start=1, epsilon=0.3, hist_rep_dim=4, dqn_hidden_dim=4, capacity=16, batch_size=8, dqn_lr=0.01, tau=1.0, gamma=0.975, len_update_cycle=100, n_epochs=300, popsize=48, es_lr=0.05, stdev_init=0.1, stdev_decay=0.99, stdev_min=0.01, save=True, log_interval=0)

Parameter sources.
Command Line Args:   --seed=1 --train_id_start=1 --n_train_evals=1 --save --log_interval=0
Config File (/data/engs-oxfair3/orie4536/online-lever-adaptation/experiments/all_length3_fpp/odql.conf):
  epsilon:           0.3
  hist_rep_dim:      4
  dqn_hidden_dim:    4
  capacity:          16
  batch_size:        8
  dqn_lr:            0.01
  tau:               1.0
  gamma:             0.975
  len_update_cycle:  100
  n_epochs:          300
  popsize:           48
  es_lr:             0.05
  stdev_init:        0.1
  stdev_decay:       0.99
  stdev_min:         0.01
Config File (/data/engs-oxfair3/orie4536/online-lever-adaptation/experiments/all_length3_fpp/defaults.conf):
  payoffs:           ['1.', '1.']
  n_iterations:      100

2022-08-22 10:10:42.195277 ((0, 0, 0), (0, 0, 1), (0, 1, 0), (0, 1, 1)) 01
2022-08-22 10:13:24.714364 ((0, 0, 0), (0, 0, 1), (0, 1, 0), (1, 0, 0)) 01
2022-08-22 10:16:04.141320 ((0, 0, 0), (0, 0, 1), (0, 1, 0), (1, 0, 1)) 01
2022-08-22 10:18:44.188394 ((0, 0, 0), (0, 0, 1), (0, 1, 0), (1, 1, 0)) 01
2022-08-22 10:21:26.337070 ((0, 0, 0), (0, 0, 1), (0, 1, 0), (1, 1, 1)) 01
2022-08-22 10:24:05.169541 ((0, 0, 0), (0, 0, 1), (0, 1, 1), (1, 0, 0)) 01
2022-08-22 10:26:45.809367 ((0, 0, 0), (0, 0, 1), (0, 1, 1), (1, 0, 1)) 01
2022-08-22 10:29:27.496523 ((0, 0, 0), (0, 0, 1), (0, 1, 1), (1, 1, 0)) 01
2022-08-22 10:32:06.942327 ((0, 0, 0), (0, 0, 1), (0, 1, 1), (1, 1, 1)) 01
2022-08-22 10:34:46.369314 ((0, 0, 0), (0, 0, 1), (1, 0, 0), (1, 0, 1)) 01
2022-08-22 10:37:26.178539 ((0, 0, 0), (0, 0, 1), (1, 0, 0), (1, 1, 0)) 01
2022-08-22 10:40:05.246618 ((0, 0, 0), (0, 0, 1), (1, 0, 0), (1, 1, 1)) 01
2022-08-22 10:42:44.339508 ((0, 0, 0), (0, 0, 1), (1, 0, 1), (1, 1, 0)) 01
2022-08-22 10:45:25.675925 ((0, 0, 0), (0, 0, 1), (1, 0, 1), (1, 1, 1)) 01
2022-08-22 10:48:04.939225 ((0, 0, 0), (0, 0, 1), (1, 1, 0), (1, 1, 1)) 01
2022-08-22 10:50:44.680190 ((0, 0, 0), (0, 1, 0), (0, 1, 1), (1, 0, 0)) 01
2022-08-22 10:53:22.810955 ((0, 0, 0), (0, 1, 0), (0, 1, 1), (1, 0, 1)) 01
2022-08-22 10:56:03.447901 ((0, 0, 0), (0, 1, 0), (0, 1, 1), (1, 1, 0)) 01
2022-08-22 10:58:42.753940 ((0, 0, 0), (0, 1, 0), (0, 1, 1), (1, 1, 1)) 01
2022-08-22 11:01:22.987953 ((0, 0, 0), (0, 1, 0), (1, 0, 0), (1, 0, 1)) 01
2022-08-22 11:04:01.895879 ((0, 0, 0), (0, 1, 0), (1, 0, 0), (1, 1, 0)) 01
2022-08-22 11:06:43.583371 ((0, 0, 0), (0, 1, 0), (1, 0, 0), (1, 1, 1)) 01
2022-08-22 11:09:24.428296 ((0, 0, 0), (0, 1, 0), (1, 0, 1), (1, 1, 0)) 01
2022-08-22 11:12:02.481442 ((0, 0, 0), (0, 1, 0), (1, 0, 1), (1, 1, 1)) 01
2022-08-22 11:14:42.796290 ((0, 0, 0), (0, 1, 0), (1, 1, 0), (1, 1, 1)) 01
2022-08-22 11:17:23.437670 ((0, 0, 0), (0, 1, 1), (1, 0, 0), (1, 0, 1)) 01
2022-08-22 11:20:03.439721 ((0, 0, 0), (0, 1, 1), (1, 0, 0), (1, 1, 0)) 01
2022-08-22 11:22:42.005772 ((0, 0, 0), (0, 1, 1), (1, 0, 0), (1, 1, 1)) 01
2022-08-22 11:25:22.616772 ((0, 0, 0), (0, 1, 1), (1, 0, 1), (1, 1, 0)) 01
2022-08-22 11:28:01.968779 ((0, 0, 0), (0, 1, 1), (1, 0, 1), (1, 1, 1)) 01
2022-08-22 11:30:41.098564 ((0, 0, 0), (0, 1, 1), (1, 1, 0), (1, 1, 1)) 01
2022-08-22 11:33:19.010164 ((0, 0, 0), (1, 0, 0), (1, 0, 1), (1, 1, 0)) 01
2022-08-22 11:36:00.269772 ((0, 0, 0), (1, 0, 0), (1, 0, 1), (1, 1, 1)) 01
2022-08-22 11:38:39.315976 ((0, 0, 0), (1, 0, 0), (1, 1, 0), (1, 1, 1)) 01
2022-08-22 11:41:20.064974 ((0, 0, 0), (1, 0, 1), (1, 1, 0), (1, 1, 1)) 01
2022-08-22 11:43:59.085720 ((0, 0, 1), (0, 1, 0), (0, 1, 1), (1, 0, 0)) 01
2022-08-22 11:46:41.271577 ((0, 0, 1), (0, 1, 0), (0, 1, 1), (1, 0, 1)) 01
2022-08-22 11:49:20.691986 ((0, 0, 1), (0, 1, 0), (0, 1, 1), (1, 1, 0)) 01
2022-08-22 11:52:00.615933 ((0, 0, 1), (0, 1, 0), (0, 1, 1), (1, 1, 1)) 01
2022-08-22 11:54:40.860310 ((0, 0, 1), (0, 1, 0), (1, 0, 0), (1, 0, 1)) 01
2022-08-22 11:57:20.626289 ((0, 0, 1), (0, 1, 0), (1, 0, 0), (1, 1, 0)) 01
2022-08-22 12:00:00.495517 ((0, 0, 1), (0, 1, 0), (1, 0, 0), (1, 1, 1)) 01
2022-08-22 12:02:41.370187 ((0, 0, 1), (0, 1, 0), (1, 0, 1), (1, 1, 0)) 01
2022-08-22 12:05:22.032272 ((0, 0, 1), (0, 1, 0), (1, 0, 1), (1, 1, 1)) 01
2022-08-22 12:08:00.516050 ((0, 0, 1), (0, 1, 0), (1, 1, 0), (1, 1, 1)) 01
2022-08-22 12:10:41.339479 ((0, 0, 1), (0, 1, 1), (1, 0, 0), (1, 0, 1)) 01
2022-08-22 12:13:20.252920 ((0, 0, 1), (0, 1, 1), (1, 0, 0), (1, 1, 0)) 01
2022-08-22 12:16:01.825488 ((0, 0, 1), (0, 1, 1), (1, 0, 0), (1, 1, 1)) 01
2022-08-22 12:18:41.599726 ((0, 0, 1), (0, 1, 1), (1, 0, 1), (1, 1, 0)) 01
2022-08-22 12:21:23.029153 ((0, 0, 1), (0, 1, 1), (1, 0, 1), (1, 1, 1)) 01
2022-08-22 12:24:03.213161 ((0, 0, 1), (0, 1, 1), (1, 1, 0), (1, 1, 1)) 01
2022-08-22 12:26:44.702959 ((0, 0, 1), (1, 0, 0), (1, 0, 1), (1, 1, 0)) 01
2022-08-22 12:29:25.385378 ((0, 0, 1), (1, 0, 0), (1, 0, 1), (1, 1, 1)) 01
2022-08-22 12:32:05.932594 ((0, 0, 1), (1, 0, 0), (1, 1, 0), (1, 1, 1)) 01
2022-08-22 12:34:45.858088 ((0, 0, 1), (1, 0, 1), (1, 1, 0), (1, 1, 1)) 01
2022-08-22 12:37:26.356995 ((0, 1, 0), (0, 1, 1), (1, 0, 0), (1, 0, 1)) 01
2022-08-22 12:40:07.385434 ((0, 1, 0), (0, 1, 1), (1, 0, 0), (1, 1, 0)) 01
2022-08-22 12:42:45.779685 ((0, 1, 0), (0, 1, 1), (1, 0, 0), (1, 1, 1)) 01
2022-08-22 12:45:26.326335 ((0, 1, 0), (0, 1, 1), (1, 0, 1), (1, 1, 0)) 01
2022-08-22 12:48:06.959073 ((0, 1, 0), (0, 1, 1), (1, 0, 1), (1, 1, 1)) 01
2022-08-22 12:50:46.362475 ((0, 1, 0), (0, 1, 1), (1, 1, 0), (1, 1, 1)) 01
2022-08-22 12:53:25.361223 ((0, 1, 0), (1, 0, 0), (1, 0, 1), (1, 1, 0)) 01
2022-08-22 12:56:04.811539 ((0, 1, 0), (1, 0, 0), (1, 0, 1), (1, 1, 1)) 01
2022-08-22 12:58:45.196287 ((0, 1, 0), (1, 0, 0), (1, 1, 0), (1, 1, 1)) 01
2022-08-22 13:01:26.104770 ((0, 1, 0), (1, 0, 1), (1, 1, 0), (1, 1, 1)) 01
2022-08-22 13:04:06.228468 ((0, 1, 1), (1, 0, 0), (1, 0, 1), (1, 1, 0)) 01
2022-08-22 13:06:45.904060 ((0, 1, 1), (1, 0, 0), (1, 0, 1), (1, 1, 1)) 01
2022-08-22 13:09:26.798941 ((0, 1, 1), (1, 0, 0), (1, 1, 0), (1, 1, 1)) 01
2022-08-22 13:12:07.142847 ((0, 1, 1), (1, 0, 1), (1, 1, 0), (1, 1, 1)) 01
2022-08-22 13:14:47.830935 ((1, 0, 0), (1, 0, 1), (1, 1, 0), (1, 1, 1)) 01
