ODQL Experiment parameters.
Namespace(seed=0, payoffs=[1.0, 1.0], n_iterations=100, n_train_evals=1, train_id_start=0, epsilon=0.3, hist_rep_dim=4, dqn_hidden_dim=4, capacity=16, batch_size=8, dqn_lr=0.01, tau=1.0, gamma=0.975, len_update_cycle=100, n_epochs=300, popsize=48, es_lr=0.05, stdev_init=0.1, stdev_decay=0.99, stdev_min=0.01, save=True, log_interval=0)

Parameter sources.
Command Line Args:   --seed=0 --train_id_start=0 --n_train_evals=1 --save --log_interval=0
Config File (/data/engs-oxfair3/orie4536/online-lever-adaptation/experiments/all_length3_fpp/odql.conf):
  epsilon:           0.3
  hist_rep_dim:      4
  dqn_hidden_dim:    4
  capacity:          16
  batch_size:        8
  dqn_lr:            0.01
  tau:               1.0
  gamma:             0.975
  len_update_cycle:  100
  n_epochs:          300
  popsize:           48
  es_lr:             0.05
  stdev_init:        0.1
  stdev_decay:       0.99
  stdev_min:         0.01
Config File (/data/engs-oxfair3/orie4536/online-lever-adaptation/experiments/all_length3_fpp/defaults.conf):
  payoffs:           ['1.', '1.']
  n_iterations:      100

2022-08-22 13:03:38.624148 ((0, 0, 0), (0, 0, 1), (0, 1, 0), (0, 1, 1)) 00
2022-08-22 13:06:20.267286 ((0, 0, 0), (0, 0, 1), (0, 1, 0), (1, 0, 0)) 00
2022-08-22 13:08:58.063917 ((0, 0, 0), (0, 0, 1), (0, 1, 0), (1, 0, 1)) 00
2022-08-22 13:11:35.059420 ((0, 0, 0), (0, 0, 1), (0, 1, 0), (1, 1, 0)) 00
2022-08-22 13:14:12.709633 ((0, 0, 0), (0, 0, 1), (0, 1, 0), (1, 1, 1)) 00
2022-08-22 13:16:49.305733 ((0, 0, 0), (0, 0, 1), (0, 1, 1), (1, 0, 0)) 00
2022-08-22 13:19:27.429350 ((0, 0, 0), (0, 0, 1), (0, 1, 1), (1, 0, 1)) 00
2022-08-22 13:22:05.464128 ((0, 0, 0), (0, 0, 1), (0, 1, 1), (1, 1, 0)) 00
2022-08-22 13:24:43.923162 ((0, 0, 0), (0, 0, 1), (0, 1, 1), (1, 1, 1)) 00
2022-08-22 13:27:21.292846 ((0, 0, 0), (0, 0, 1), (1, 0, 0), (1, 0, 1)) 00
2022-08-22 13:30:00.218338 ((0, 0, 0), (0, 0, 1), (1, 0, 0), (1, 1, 0)) 00
2022-08-22 13:32:38.596783 ((0, 0, 0), (0, 0, 1), (1, 0, 0), (1, 1, 1)) 00
2022-08-22 13:35:16.582291 ((0, 0, 0), (0, 0, 1), (1, 0, 1), (1, 1, 0)) 00
2022-08-22 13:37:53.750634 ((0, 0, 0), (0, 0, 1), (1, 0, 1), (1, 1, 1)) 00
2022-08-22 13:40:32.875867 ((0, 0, 0), (0, 0, 1), (1, 1, 0), (1, 1, 1)) 00
2022-08-22 13:43:09.828219 ((0, 0, 0), (0, 1, 0), (0, 1, 1), (1, 0, 0)) 00
2022-08-22 13:45:47.629650 ((0, 0, 0), (0, 1, 0), (0, 1, 1), (1, 0, 1)) 00
2022-08-22 13:48:23.665448 ((0, 0, 0), (0, 1, 0), (0, 1, 1), (1, 1, 0)) 00
2022-08-22 13:51:03.627190 ((0, 0, 0), (0, 1, 0), (0, 1, 1), (1, 1, 1)) 00
2022-08-22 13:53:41.282993 ((0, 0, 0), (0, 1, 0), (1, 0, 0), (1, 0, 1)) 00
2022-08-22 13:56:18.840044 ((0, 0, 0), (0, 1, 0), (1, 0, 0), (1, 1, 0)) 00
2022-08-22 13:58:55.010869 ((0, 0, 0), (0, 1, 0), (1, 0, 0), (1, 1, 1)) 00
2022-08-22 14:01:35.014048 ((0, 0, 0), (0, 1, 0), (1, 0, 1), (1, 1, 0)) 00
2022-08-22 14:04:12.243923 ((0, 0, 0), (0, 1, 0), (1, 0, 1), (1, 1, 1)) 00
2022-08-22 14:06:51.402167 ((0, 0, 0), (0, 1, 0), (1, 1, 0), (1, 1, 1)) 00
2022-08-22 14:09:29.946256 ((0, 0, 0), (0, 1, 1), (1, 0, 0), (1, 0, 1)) 00
2022-08-22 14:12:06.879398 ((0, 0, 0), (0, 1, 1), (1, 0, 0), (1, 1, 0)) 00
2022-08-22 14:14:44.214682 ((0, 0, 0), (0, 1, 1), (1, 0, 0), (1, 1, 1)) 00
2022-08-22 14:17:21.132755 ((0, 0, 0), (0, 1, 1), (1, 0, 1), (1, 1, 0)) 00
2022-08-22 14:20:00.158764 ((0, 0, 0), (0, 1, 1), (1, 0, 1), (1, 1, 1)) 00
2022-08-22 14:22:36.777698 ((0, 0, 0), (0, 1, 1), (1, 1, 0), (1, 1, 1)) 00
2022-08-22 14:25:14.835162 ((0, 0, 0), (1, 0, 0), (1, 0, 1), (1, 1, 0)) 00
2022-08-22 14:27:50.931192 ((0, 0, 0), (1, 0, 0), (1, 0, 1), (1, 1, 1)) 00
2022-08-22 14:30:30.516648 ((0, 0, 0), (1, 0, 0), (1, 1, 0), (1, 1, 1)) 00
2022-08-22 14:33:07.860051 ((0, 0, 0), (1, 0, 1), (1, 1, 0), (1, 1, 1)) 00
2022-08-22 14:35:45.079667 ((0, 0, 1), (0, 1, 0), (0, 1, 1), (1, 0, 0)) 00
2022-08-22 14:38:22.125297 ((0, 0, 1), (0, 1, 0), (0, 1, 1), (1, 0, 1)) 00
2022-08-22 14:41:01.621693 ((0, 0, 1), (0, 1, 0), (0, 1, 1), (1, 1, 0)) 00
2022-08-22 14:43:37.969400 ((0, 0, 1), (0, 1, 0), (0, 1, 1), (1, 1, 1)) 00
2022-08-22 14:46:15.245040 ((0, 0, 1), (0, 1, 0), (1, 0, 0), (1, 0, 1)) 00
2022-08-22 14:48:53.315990 ((0, 0, 1), (0, 1, 0), (1, 0, 0), (1, 1, 0)) 00
2022-08-22 14:51:32.403722 ((0, 0, 1), (0, 1, 0), (1, 0, 0), (1, 1, 1)) 00
2022-08-22 14:54:10.142530 ((0, 0, 1), (0, 1, 0), (1, 0, 1), (1, 1, 0)) 00
2022-08-22 14:56:47.176042 ((0, 0, 1), (0, 1, 0), (1, 0, 1), (1, 1, 1)) 00
2022-08-22 14:59:25.559525 ((0, 0, 1), (0, 1, 0), (1, 1, 0), (1, 1, 1)) 00
2022-08-22 15:02:04.127483 ((0, 0, 1), (0, 1, 1), (1, 0, 0), (1, 0, 1)) 00
2022-08-22 15:04:41.165320 ((0, 0, 1), (0, 1, 1), (1, 0, 0), (1, 1, 0)) 00
2022-08-22 15:07:19.349199 ((0, 0, 1), (0, 1, 1), (1, 0, 0), (1, 1, 1)) 00
2022-08-22 15:09:58.002473 ((0, 0, 1), (0, 1, 1), (1, 0, 1), (1, 1, 0)) 00
2022-08-22 15:12:35.177810 ((0, 0, 1), (0, 1, 1), (1, 0, 1), (1, 1, 1)) 00
2022-08-22 15:15:13.471807 ((0, 0, 1), (0, 1, 1), (1, 1, 0), (1, 1, 1)) 00
2022-08-22 15:17:49.775376 ((0, 0, 1), (1, 0, 0), (1, 0, 1), (1, 1, 0)) 00
2022-08-22 15:20:28.069182 ((0, 0, 1), (1, 0, 0), (1, 0, 1), (1, 1, 1)) 00
2022-08-22 15:23:05.106160 ((0, 0, 1), (1, 0, 0), (1, 1, 0), (1, 1, 1)) 00
2022-08-22 15:25:42.827411 ((0, 0, 1), (1, 0, 1), (1, 1, 0), (1, 1, 1)) 00
2022-08-22 15:28:19.308998 ((0, 1, 0), (0, 1, 1), (1, 0, 0), (1, 0, 1)) 00
2022-08-22 15:30:59.503963 ((0, 1, 0), (0, 1, 1), (1, 0, 0), (1, 1, 0)) 00
2022-08-22 15:33:36.456786 ((0, 1, 0), (0, 1, 1), (1, 0, 0), (1, 1, 1)) 00
2022-08-22 15:36:14.585970 ((0, 1, 0), (0, 1, 1), (1, 0, 1), (1, 1, 0)) 00
2022-08-22 15:38:50.456048 ((0, 1, 0), (0, 1, 1), (1, 0, 1), (1, 1, 1)) 00
2022-08-22 15:41:30.195055 ((0, 1, 0), (0, 1, 1), (1, 1, 0), (1, 1, 1)) 00
2022-08-22 15:44:07.561771 ((0, 1, 0), (1, 0, 0), (1, 0, 1), (1, 1, 0)) 00
2022-08-22 15:46:46.947977 ((0, 1, 0), (1, 0, 0), (1, 0, 1), (1, 1, 1)) 00
2022-08-22 15:49:25.973030 ((0, 1, 0), (1, 0, 0), (1, 1, 0), (1, 1, 1)) 00
2022-08-22 15:52:04.182945 ((0, 1, 0), (1, 0, 1), (1, 1, 0), (1, 1, 1)) 00
2022-08-22 15:54:42.349265 ((0, 1, 1), (1, 0, 0), (1, 0, 1), (1, 1, 0)) 00
2022-08-22 15:57:19.476086 ((0, 1, 1), (1, 0, 0), (1, 0, 1), (1, 1, 1)) 00
2022-08-22 15:59:58.400612 ((0, 1, 1), (1, 0, 0), (1, 1, 0), (1, 1, 1)) 00
2022-08-22 16:02:36.580158 ((0, 1, 1), (1, 0, 1), (1, 1, 0), (1, 1, 1)) 00
2022-08-22 16:05:15.043950 ((1, 0, 0), (1, 0, 1), (1, 1, 0), (1, 1, 1)) 00
