ODQL Experiment parameters.
Namespace(seed=6, payoffs=[1.0, 1.0], n_iterations=100, n_train_evals=5, train_id_start=10, epsilon=0.3, hist_rep_dim=4, dqn_hidden_dim=4, capacity=16, batch_size=8, dqn_lr=0.01, tau=1.0, gamma=0.975, len_update_cycle=100, n_epochs=300, popsize=48, es_lr=0.05, stdev_init=0.1, stdev_decay=0.99, stdev_min=0.01, save=True, log_interval=0)

Parameter sources.
Command Line Args:   --seed=6 --train_id_start=10 --n_train_evals=5 --save --log_interval=0
Config File (/data/engs-oxfair3/orie4536/online-lever-adaptation/experiments/all_length3_fpp/odql.conf):
  epsilon:           0.3
  hist_rep_dim:      4
  dqn_hidden_dim:    4
  capacity:          16
  batch_size:        8
  dqn_lr:            0.01
  tau:               1.0
  gamma:             0.975
  len_update_cycle:  100
  n_epochs:          300
  popsize:           48
  es_lr:             0.05
  stdev_init:        0.1
  stdev_decay:       0.99
  stdev_min:         0.01
Config File (/data/engs-oxfair3/orie4536/online-lever-adaptation/experiments/all_length3_fpp/defaults.conf):
  payoffs:           ['1.', '1.']
  n_iterations:      100

2022-08-24 22:23:44.916798 ((0, 0, 0), (0, 0, 1), (0, 1, 0), (0, 1, 1)) 0 10 already exists.
2022-08-24 22:23:45.068956 ((0, 0, 0), (0, 0, 1), (0, 1, 0), (0, 1, 1)) 0 11 already exists.
2022-08-24 22:23:45.160196 ((0, 0, 0), (0, 0, 1), (0, 1, 0), (0, 1, 1)) 0 12 already exists.
2022-08-24 22:23:45.186714 ((0, 0, 0), (0, 0, 1), (0, 1, 0), (0, 1, 1)) 0 13 already exists.
2022-08-24 22:23:45.245764 ((0, 0, 0), (0, 0, 1), (0, 1, 0), (0, 1, 1)) 0 14 already exists.
2022-08-24 22:23:45.262250 ((0, 0, 0), (0, 0, 1), (0, 1, 0), (1, 0, 0)) 1 10 already exists.
2022-08-24 22:23:45.284651 ((0, 0, 0), (0, 0, 1), (0, 1, 0), (1, 0, 0)) 1 11 already exists.
2022-08-24 22:23:45.337779 ((0, 0, 0), (0, 0, 1), (0, 1, 0), (1, 0, 0)) 1 12 already exists.
2022-08-24 22:23:45.339830 ((0, 0, 0), (0, 0, 1), (0, 1, 0), (1, 0, 0)) 1 13 already exists.
2022-08-24 22:23:45.358582 ((0, 0, 0), (0, 0, 1), (0, 1, 0), (1, 0, 0)) 1 14 already exists.
2022-08-24 22:23:45.360172 ((0, 0, 0), (0, 0, 1), (0, 1, 0), (1, 0, 1)) 2 10 already exists.
2022-08-24 22:23:45.361505 ((0, 0, 0), (0, 0, 1), (0, 1, 0), (1, 0, 1)) 2 11 already exists.
2022-08-24 22:23:45.362785 ((0, 0, 0), (0, 0, 1), (0, 1, 0), (1, 0, 1)) 2 12 already exists.
2022-08-24 22:23:45.364161 ((0, 0, 0), (0, 0, 1), (0, 1, 0), (1, 0, 1)) 2 13 already exists.
2022-08-24 22:23:45.365379 ((0, 0, 0), (0, 0, 1), (0, 1, 0), (1, 0, 1)) 2 14 already exists.
2022-08-24 22:23:45.366685 ((0, 0, 0), (0, 0, 1), (0, 1, 0), (1, 1, 0)) 3 10 already exists.
2022-08-24 22:23:45.367925 ((0, 0, 0), (0, 0, 1), (0, 1, 0), (1, 1, 0)) 3 11 already exists.
2022-08-24 22:23:45.369222 ((0, 0, 0), (0, 0, 1), (0, 1, 0), (1, 1, 0)) 3 12 already exists.
2022-08-24 22:23:45.370397 ((0, 0, 0), (0, 0, 1), (0, 1, 0), (1, 1, 0)) 3 13 already exists.
2022-08-24 22:23:45.371499 ((0, 0, 0), (0, 0, 1), (0, 1, 0), (1, 1, 0)) 3 14 already exists.
2022-08-24 22:23:45.372905 ((0, 0, 0), (0, 0, 1), (0, 1, 0), (1, 1, 1)) 4 10 already exists.
2022-08-24 22:23:45.374139 ((0, 0, 0), (0, 0, 1), (0, 1, 0), (1, 1, 1)) 4 11 already exists.
2022-08-24 22:23:45.375287 ((0, 0, 0), (0, 0, 1), (0, 1, 0), (1, 1, 1)) 4 12 already exists.
2022-08-24 22:23:45.376412 ((0, 0, 0), (0, 0, 1), (0, 1, 0), (1, 1, 1)) 4 13 already exists.
2022-08-24 22:23:45.377699 ((0, 0, 0), (0, 0, 1), (0, 1, 0), (1, 1, 1)) 4 14 already exists.
2022-08-24 22:23:45.379012 ((0, 0, 0), (0, 0, 1), (0, 1, 1), (1, 0, 0)) 5 10 already exists.
2022-08-24 22:23:45.380175 ((0, 0, 0), (0, 0, 1), (0, 1, 1), (1, 0, 0)) 5 11 already exists.
2022-08-24 22:23:45.381278 ((0, 0, 0), (0, 0, 1), (0, 1, 1), (1, 0, 0)) 5 12 already exists.
2022-08-24 22:23:45.382658 ((0, 0, 0), (0, 0, 1), (0, 1, 1), (1, 0, 0)) 5 13 already exists.
2022-08-24 22:23:45.383896 ((0, 0, 0), (0, 0, 1), (0, 1, 1), (1, 0, 0)) 5 14 already exists.
2022-08-24 22:23:45.385039 ((0, 0, 0), (0, 0, 1), (0, 1, 1), (1, 0, 1)) 6 10 already exists.
2022-08-24 22:23:45.386223 ((0, 0, 0), (0, 0, 1), (0, 1, 1), (1, 0, 1)) 6 11 already exists.
2022-08-24 22:23:45.404836 ((0, 0, 0), (0, 0, 1), (0, 1, 1), (1, 0, 1)) 6 12 already exists.
2022-08-24 22:23:45.419222 ((0, 0, 0), (0, 0, 1), (0, 1, 1), (1, 0, 1)) 6 13 already exists.
2022-08-24 22:23:45.429305 ((0, 0, 0), (0, 0, 1), (0, 1, 1), (1, 0, 1)) 6 14 already exists.
2022-08-24 22:23:45.430956 ((0, 0, 0), (0, 0, 1), (0, 1, 1), (1, 1, 0)) 7 10 already exists.
2022-08-24 22:23:45.450061 ((0, 0, 0), (0, 0, 1), (0, 1, 1), (1, 1, 0)) 7 11 already exists.
2022-08-24 22:23:45.451638 ((0, 0, 0), (0, 0, 1), (0, 1, 1), (1, 1, 0)) 7 12 already exists.
2022-08-24 22:23:45.453666 ((0, 0, 0), (0, 0, 1), (0, 1, 1), (1, 1, 0)) 7 13 already exists.
2022-08-24 22:23:45.456152 ((0, 0, 0), (0, 0, 1), (0, 1, 1), (1, 1, 0)) 7 14 already exists.
2022-08-24 22:23:45.458579 ((0, 0, 0), (0, 0, 1), (0, 1, 1), (1, 1, 1)) 8 10 already exists.
2022-08-24 22:23:45.460750 ((0, 0, 0), (0, 0, 1), (0, 1, 1), (1, 1, 1)) 8 11 already exists.
2022-08-24 22:23:45.462108 ((0, 0, 0), (0, 0, 1), (0, 1, 1), (1, 1, 1)) 8 12 already exists.
2022-08-24 22:23:45.463343 ((0, 0, 0), (0, 0, 1), (0, 1, 1), (1, 1, 1)) 8 13 already exists.
2022-08-24 22:23:45.481893 ((0, 0, 0), (0, 0, 1), (0, 1, 1), (1, 1, 1)) 8 14 already exists.
2022-08-24 22:23:45.484515 ((0, 0, 0), (0, 0, 1), (1, 0, 0), (1, 0, 1)) 9 10 already exists.
2022-08-24 22:23:45.485953 ((0, 0, 0), (0, 0, 1), (1, 0, 0), (1, 0, 1)) 9 11 already exists.
2022-08-24 22:23:45.487425 ((0, 0, 0), (0, 0, 1), (1, 0, 0), (1, 0, 1)) 9 12 already exists.
2022-08-24 22:23:45.491160 ((0, 0, 0), (0, 0, 1), (1, 0, 0), (1, 0, 1)) 9 13 already exists.
2022-08-24 22:23:45.494782 ((0, 0, 0), (0, 0, 1), (1, 0, 0), (1, 0, 1)) 9 14 already exists.
2022-08-24 22:23:45.498418 ((0, 0, 0), (0, 0, 1), (1, 0, 0), (1, 1, 0)) 10 10 already exists.
2022-08-24 22:23:45.502158 ((0, 0, 0), (0, 0, 1), (1, 0, 0), (1, 1, 0)) 10 11 already exists.
2022-08-24 22:23:45.504385 ((0, 0, 0), (0, 0, 1), (1, 0, 0), (1, 1, 0)) 10 12 already exists.
2022-08-24 22:23:45.505679 ((0, 0, 0), (0, 0, 1), (1, 0, 0), (1, 1, 0)) 10 13 already exists.
2022-08-24 22:23:45.507140 ((0, 0, 0), (0, 0, 1), (1, 0, 0), (1, 1, 0)) 10 14 already exists.
2022-08-24 22:23:45.509399 ((0, 0, 0), (0, 0, 1), (1, 0, 0), (1, 1, 1)) 11 10 already exists.
2022-08-24 22:23:45.511540 ((0, 0, 0), (0, 0, 1), (1, 0, 0), (1, 1, 1)) 11 11 already exists.
2022-08-24 22:23:45.515154 ((0, 0, 0), (0, 0, 1), (1, 0, 0), (1, 1, 1)) 11 12 already exists.
2022-08-24 22:23:45.518057 ((0, 0, 0), (0, 0, 1), (1, 0, 0), (1, 1, 1)) 11 13 already exists.
2022-08-24 22:23:45.521056 ((0, 0, 0), (0, 0, 1), (1, 0, 0), (1, 1, 1)) 11 14 already exists.
2022-08-24 22:23:45.530216 ((0, 0, 0), (0, 0, 1), (1, 0, 1), (1, 1, 0)) 12 10 already exists.
2022-08-24 22:23:45.539292 ((0, 0, 0), (0, 0, 1), (1, 0, 1), (1, 1, 0)) 12 11 already exists.
2022-08-24 22:23:45.549675 ((0, 0, 0), (0, 0, 1), (1, 0, 1), (1, 1, 0)) 12 12 already exists.
2022-08-24 22:23:45.556303 ((0, 0, 0), (0, 0, 1), (1, 0, 1), (1, 1, 0)) 12 13 already exists.
2022-08-24 22:23:45.559457 ((0, 0, 0), (0, 0, 1), (1, 0, 1), (1, 1, 0)) 12 14 already exists.
2022-08-24 22:23:45.589131 ((0, 0, 0), (0, 0, 1), (1, 0, 1), (1, 1, 1)) 13 10 already exists.
2022-08-24 22:23:45.592033 ((0, 0, 0), (0, 0, 1), (1, 0, 1), (1, 1, 1)) 13 11 already exists.
2022-08-24 22:23:45.604986 ((0, 0, 0), (0, 0, 1), (1, 0, 1), (1, 1, 1)) 13 12 already exists.
2022-08-24 22:23:45.611944 ((0, 0, 0), (0, 0, 1), (1, 0, 1), (1, 1, 1)) 13 13 already exists.
2022-08-24 22:23:45.615008 ((0, 0, 0), (0, 0, 1), (1, 0, 1), (1, 1, 1)) 13 14 already exists.
2022-08-24 22:23:45.617556 ((0, 0, 0), (0, 0, 1), (1, 1, 0), (1, 1, 1)) 14 10 already exists.
2022-08-24 22:23:45.621174 ((0, 0, 0), (0, 0, 1), (1, 1, 0), (1, 1, 1)) 14 11 already exists.
2022-08-24 22:23:45.624887 ((0, 0, 0), (0, 0, 1), (1, 1, 0), (1, 1, 1)) 14 12 already exists.
2022-08-24 22:23:45.627807 ((0, 0, 0), (0, 0, 1), (1, 1, 0), (1, 1, 1)) 14 13 already exists.
2022-08-24 22:23:45.629937 ((0, 0, 0), (0, 0, 1), (1, 1, 0), (1, 1, 1)) 14 14 already exists.
2022-08-24 22:23:45.643289 ((0, 0, 0), (0, 1, 0), (0, 1, 1), (1, 0, 0)) 15 10 already exists.
2022-08-24 22:23:45.645086 ((0, 0, 0), (0, 1, 0), (0, 1, 1), (1, 0, 0)) 15 11 already exists.
2022-08-24 22:23:45.646376 ((0, 0, 0), (0, 1, 0), (0, 1, 1), (1, 0, 0)) 15 12 already exists.
2022-08-24 22:23:45.647633 ((0, 0, 0), (0, 1, 0), (0, 1, 1), (1, 0, 0)) 15 13 already exists.
2022-08-24 22:23:45.649045 ((0, 0, 0), (0, 1, 0), (0, 1, 1), (1, 0, 0)) 15 14 already exists.
2022-08-24 22:23:45.650363 ((0, 0, 0), (0, 1, 0), (0, 1, 1), (1, 0, 1)) 16 10 already exists.
2022-08-24 22:23:45.651675 ((0, 0, 0), (0, 1, 0), (0, 1, 1), (1, 0, 1)) 16 11 already exists.
2022-08-24 22:23:45.653029 ((0, 0, 0), (0, 1, 0), (0, 1, 1), (1, 0, 1)) 16 12 already exists.
2022-08-24 22:23:45.654421 ((0, 0, 0), (0, 1, 0), (0, 1, 1), (1, 0, 1)) 16 13 already exists.
2022-08-24 22:23:45.655631 ((0, 0, 0), (0, 1, 0), (0, 1, 1), (1, 0, 1)) 16 14 already exists.
2022-08-24 22:23:45.656999 ((0, 0, 0), (0, 1, 0), (0, 1, 1), (1, 1, 0)) 17 10 already exists.
2022-08-24 22:23:45.658109 ((0, 0, 0), (0, 1, 0), (0, 1, 1), (1, 1, 0)) 17 11 already exists.
2022-08-24 22:23:45.659334 ((0, 0, 0), (0, 1, 0), (0, 1, 1), (1, 1, 0)) 17 12 already exists.
2022-08-24 22:23:45.660459 ((0, 0, 0), (0, 1, 0), (0, 1, 1), (1, 1, 0)) 17 13 already exists.
2022-08-24 22:23:45.661918 ((0, 0, 0), (0, 1, 0), (0, 1, 1), (1, 1, 0)) 17 14 already exists.
2022-08-24 22:23:45.663205 ((0, 0, 0), (0, 1, 0), (0, 1, 1), (1, 1, 1)) 18 10 already exists.
2022-08-24 22:23:45.664469 ((0, 0, 0), (0, 1, 0), (0, 1, 1), (1, 1, 1)) 18 11 already exists.
2022-08-24 22:23:45.665671 ((0, 0, 0), (0, 1, 0), (0, 1, 1), (1, 1, 1)) 18 12 already exists.
2022-08-24 22:23:45.666785 ((0, 0, 0), (0, 1, 0), (0, 1, 1), (1, 1, 1)) 18 13 already exists.
2022-08-24 22:23:45.667997 ((0, 0, 0), (0, 1, 0), (0, 1, 1), (1, 1, 1)) 18 14 already exists.
2022-08-24 22:23:45.669268 ((0, 0, 0), (0, 1, 0), (1, 0, 0), (1, 0, 1)) 19 10 already exists.
2022-08-24 22:23:45.670613 ((0, 0, 0), (0, 1, 0), (1, 0, 0), (1, 0, 1)) 19 11 already exists.
2022-08-24 22:23:45.671850 ((0, 0, 0), (0, 1, 0), (1, 0, 0), (1, 0, 1)) 19 12 already exists.
2022-08-24 22:23:45.673114 ((0, 0, 0), (0, 1, 0), (1, 0, 0), (1, 0, 1)) 19 13 already exists.
2022-08-24 22:23:45.674242 ((0, 0, 0), (0, 1, 0), (1, 0, 0), (1, 0, 1)) 19 14 already exists.
2022-08-24 22:23:45.675573 ((0, 0, 0), (0, 1, 0), (1, 0, 0), (1, 1, 0)) 20 10 already exists.
2022-08-24 22:23:45.676699 ((0, 0, 0), (0, 1, 0), (1, 0, 0), (1, 1, 0)) 20 11 already exists.
2022-08-24 22:23:45.677867 ((0, 0, 0), (0, 1, 0), (1, 0, 0), (1, 1, 0)) 20 12 already exists.
2022-08-24 22:23:45.679086 ((0, 0, 0), (0, 1, 0), (1, 0, 0), (1, 1, 0)) 20 13 already exists.
2022-08-24 22:23:45.680192 ((0, 0, 0), (0, 1, 0), (1, 0, 0), (1, 1, 0)) 20 14 already exists.
2022-08-24 22:23:45.681644 ((0, 0, 0), (0, 1, 0), (1, 0, 0), (1, 1, 1)) 21 10 already exists.
2022-08-24 22:23:45.682894 ((0, 0, 0), (0, 1, 0), (1, 0, 0), (1, 1, 1)) 21 11 already exists.
2022-08-24 22:23:45.684136 ((0, 0, 0), (0, 1, 0), (1, 0, 0), (1, 1, 1)) 21 12 already exists.
2022-08-24 22:23:45.685217 ((0, 0, 0), (0, 1, 0), (1, 0, 0), (1, 1, 1)) 21 13 already exists.
2022-08-24 22:23:45.686406 ((0, 0, 0), (0, 1, 0), (1, 0, 0), (1, 1, 1)) 21 14 already exists.
2022-08-24 22:23:45.687629 ((0, 0, 0), (0, 1, 0), (1, 0, 1), (1, 1, 0)) 22 10 already exists.
2022-08-24 22:23:45.688790 ((0, 0, 0), (0, 1, 0), (1, 0, 1), (1, 1, 0)) 22 11 already exists.
2022-08-24 22:23:45.690039 ((0, 0, 0), (0, 1, 0), (1, 0, 1), (1, 1, 0)) 22 12 already exists.
2022-08-24 22:23:45.691361 ((0, 0, 0), (0, 1, 0), (1, 0, 1), (1, 1, 0)) 22 13 already exists.
2022-08-24 22:23:45.692576 ((0, 0, 0), (0, 1, 0), (1, 0, 1), (1, 1, 0)) 22 14 already exists.
2022-08-24 22:23:45.693848 ((0, 0, 0), (0, 1, 0), (1, 0, 1), (1, 1, 1)) 23 10 already exists.
2022-08-24 22:23:45.694972 ((0, 0, 0), (0, 1, 0), (1, 0, 1), (1, 1, 1)) 23 11 already exists.
2022-08-24 22:23:45.696216 ((0, 0, 0), (0, 1, 0), (1, 0, 1), (1, 1, 1)) 23 12 already exists.
2022-08-24 22:23:45.697411 ((0, 0, 0), (0, 1, 0), (1, 0, 1), (1, 1, 1)) 23 13 already exists.
2022-08-24 22:23:45.698656 ((0, 0, 0), (0, 1, 0), (1, 0, 1), (1, 1, 1)) 23 14 already exists.
2022-08-24 22:23:45.699988 ((0, 0, 0), (0, 1, 0), (1, 1, 0), (1, 1, 1)) 24 10 already exists.
2022-08-24 22:23:45.701014 ((0, 0, 0), (0, 1, 0), (1, 1, 0), (1, 1, 1)) 24 11 already exists.
2022-08-24 22:23:45.702031 ((0, 0, 0), (0, 1, 0), (1, 1, 0), (1, 1, 1)) 24 12 already exists.
2022-08-24 22:23:45.703207 ((0, 0, 0), (0, 1, 0), (1, 1, 0), (1, 1, 1)) 24 13 already exists.
2022-08-24 22:23:45.704391 ((0, 0, 0), (0, 1, 0), (1, 1, 0), (1, 1, 1)) 24 14 already exists.
2022-08-24 22:23:45.705706 ((0, 0, 0), (0, 1, 1), (1, 0, 0), (1, 0, 1)) 25 10 already exists.
2022-08-24 22:23:45.706960 ((0, 0, 0), (0, 1, 1), (1, 0, 0), (1, 0, 1)) 25 11 already exists.
2022-08-24 22:23:45.707897 ((0, 0, 0), (0, 1, 1), (1, 0, 0), (1, 0, 1)) 25 12 already exists.
2022-08-24 22:23:45.708967 ((0, 0, 0), (0, 1, 1), (1, 0, 0), (1, 0, 1)) 25 13 already exists.
2022-08-24 22:23:45.710071 ((0, 0, 0), (0, 1, 1), (1, 0, 0), (1, 0, 1)) 25 14 already exists.
2022-08-24 22:23:45.711231 ((0, 0, 0), (0, 1, 1), (1, 0, 0), (1, 1, 0)) 26 10 already exists.
2022-08-24 22:23:45.712368 ((0, 0, 0), (0, 1, 1), (1, 0, 0), (1, 1, 0)) 26 11 already exists.
2022-08-24 22:23:45.713426 ((0, 0, 0), (0, 1, 1), (1, 0, 0), (1, 1, 0)) 26 12 already exists.
2022-08-24 22:23:45.714659 ((0, 0, 0), (0, 1, 1), (1, 0, 0), (1, 1, 0)) 26 13 already exists.
2022-08-24 22:23:45.715737 ((0, 0, 0), (0, 1, 1), (1, 0, 0), (1, 1, 0)) 26 14 already exists.
2022-08-24 22:23:45.716960 ((0, 0, 0), (0, 1, 1), (1, 0, 0), (1, 1, 1)) 27 10 already exists.
2022-08-24 22:23:45.718068 ((0, 0, 0), (0, 1, 1), (1, 0, 0), (1, 1, 1)) 27 11 already exists.
2022-08-24 22:23:45.719210 ((0, 0, 0), (0, 1, 1), (1, 0, 0), (1, 1, 1)) 27 12 already exists.
2022-08-24 22:23:45.720277 ((0, 0, 0), (0, 1, 1), (1, 0, 0), (1, 1, 1)) 27 13 already exists.
2022-08-24 22:23:45.721252 ((0, 0, 0), (0, 1, 1), (1, 0, 0), (1, 1, 1)) 27 14 already exists.
2022-08-24 22:23:45.722291 ((0, 0, 0), (0, 1, 1), (1, 0, 1), (1, 1, 0)) 28 10 already exists.
2022-08-24 22:23:45.723243 ((0, 0, 0), (0, 1, 1), (1, 0, 1), (1, 1, 0)) 28 11 already exists.
2022-08-24 22:23:45.724129 ((0, 0, 0), (0, 1, 1), (1, 0, 1), (1, 1, 0)) 28 12 already exists.
2022-08-24 22:23:45.725127 ((0, 0, 0), (0, 1, 1), (1, 0, 1), (1, 1, 0)) 28 13 already exists.
2022-08-24 22:23:45.726117 ((0, 0, 0), (0, 1, 1), (1, 0, 1), (1, 1, 0)) 28 14 already exists.
2022-08-24 22:23:45.727247 ((0, 0, 0), (0, 1, 1), (1, 0, 1), (1, 1, 1)) 29 10 already exists.
2022-08-24 22:23:45.728333 ((0, 0, 0), (0, 1, 1), (1, 0, 1), (1, 1, 1)) 29 11 already exists.
2022-08-24 22:23:45.729347 ((0, 0, 0), (0, 1, 1), (1, 0, 1), (1, 1, 1)) 29 12 already exists.
2022-08-24 22:23:45.730580 ((0, 0, 0), (0, 1, 1), (1, 0, 1), (1, 1, 1)) 29 13 already exists.
2022-08-24 22:23:45.731749 ((0, 0, 0), (0, 1, 1), (1, 0, 1), (1, 1, 1)) 29 14 already exists.
2022-08-24 22:23:45.732881 ((0, 0, 0), (0, 1, 1), (1, 1, 0), (1, 1, 1)) 30 10 already exists.
2022-08-24 22:23:45.733865 ((0, 0, 0), (0, 1, 1), (1, 1, 0), (1, 1, 1)) 30 11 already exists.
2022-08-24 22:23:45.735021 ((0, 0, 0), (0, 1, 1), (1, 1, 0), (1, 1, 1)) 30 12 already exists.
2022-08-24 22:23:45.736047 ((0, 0, 0), (0, 1, 1), (1, 1, 0), (1, 1, 1)) 30 13 already exists.
2022-08-24 22:23:45.737022 ((0, 0, 0), (0, 1, 1), (1, 1, 0), (1, 1, 1)) 30 14 already exists.
2022-08-24 22:23:45.738065 ((0, 0, 0), (1, 0, 0), (1, 0, 1), (1, 1, 0)) 31 10 already exists.
2022-08-24 22:23:45.738965 ((0, 0, 0), (1, 0, 0), (1, 0, 1), (1, 1, 0)) 31 11 already exists.
2022-08-24 22:23:45.740108 ((0, 0, 0), (1, 0, 0), (1, 0, 1), (1, 1, 0)) 31 12 already exists.
2022-08-24 22:23:45.741058 ((0, 0, 0), (1, 0, 0), (1, 0, 1), (1, 1, 0)) 31 13 already exists.
2022-08-24 22:23:45.742118 ((0, 0, 0), (1, 0, 0), (1, 0, 1), (1, 1, 0)) 31 14 already exists.
2022-08-24 22:23:45.743289 ((0, 0, 0), (1, 0, 0), (1, 0, 1), (1, 1, 1)) 32 10 already exists.
2022-08-24 22:23:45.744349 ((0, 0, 0), (1, 0, 0), (1, 0, 1), (1, 1, 1)) 32 11 already exists.
2022-08-24 22:23:45.745455 ((0, 0, 0), (1, 0, 0), (1, 0, 1), (1, 1, 1)) 32 12 already exists.
2022-08-24 22:23:45.746528 ((0, 0, 0), (1, 0, 0), (1, 0, 1), (1, 1, 1)) 32 13 already exists.
2022-08-24 22:23:45.747723 ((0, 0, 0), (1, 0, 0), (1, 0, 1), (1, 1, 1)) 32 14 already exists.
2022-08-24 22:23:45.748891 ((0, 0, 0), (1, 0, 0), (1, 1, 0), (1, 1, 1)) 33 10 already exists.
2022-08-24 22:23:45.749936 ((0, 0, 0), (1, 0, 0), (1, 1, 0), (1, 1, 1)) 33 11 already exists.
2022-08-24 22:23:45.750917 ((0, 0, 0), (1, 0, 0), (1, 1, 0), (1, 1, 1)) 33 12 already exists.
2022-08-24 22:23:45.751944 ((0, 0, 0), (1, 0, 0), (1, 1, 0), (1, 1, 1)) 33 13 already exists.
2022-08-24 22:23:45.752912 ((0, 0, 0), (1, 0, 0), (1, 1, 0), (1, 1, 1)) 33 14 already exists.
2022-08-24 22:23:45.753971 ((0, 0, 0), (1, 0, 1), (1, 1, 0), (1, 1, 1)) 34 10 already exists.
2022-08-24 22:23:45.754964 ((0, 0, 0), (1, 0, 1), (1, 1, 0), (1, 1, 1)) 34 11 already exists.
2022-08-24 22:23:45.755904 ((0, 0, 0), (1, 0, 1), (1, 1, 0), (1, 1, 1)) 34 12 already exists.
2022-08-24 22:23:45.756923 ((0, 0, 0), (1, 0, 1), (1, 1, 0), (1, 1, 1)) 34 13 already exists.
2022-08-24 22:23:45.757985 ((0, 0, 0), (1, 0, 1), (1, 1, 0), (1, 1, 1)) 34 14 already exists.
2022-08-24 22:23:45.759011 ((0, 0, 1), (0, 1, 0), (0, 1, 1), (1, 0, 0)) 35 10 already exists.
2022-08-24 22:23:45.759973 ((0, 0, 1), (0, 1, 0), (0, 1, 1), (1, 0, 0)) 35 11 already exists.
2022-08-24 22:23:45.761040 ((0, 0, 1), (0, 1, 0), (0, 1, 1), (1, 0, 0)) 35 12 already exists.
2022-08-24 22:23:45.762734 ((0, 0, 1), (0, 1, 0), (0, 1, 1), (1, 0, 0)) 35 13 already exists.
2022-08-24 22:23:45.764628 ((0, 0, 1), (0, 1, 0), (0, 1, 1), (1, 0, 0)) 35 14 already exists.
2022-08-24 22:23:45.765736 ((0, 0, 1), (0, 1, 0), (0, 1, 1), (1, 0, 1)) 36 10 already exists.
2022-08-24 22:23:45.766876 ((0, 0, 1), (0, 1, 0), (0, 1, 1), (1, 0, 1)) 36 11 already exists.
2022-08-24 22:23:45.768065 ((0, 0, 1), (0, 1, 0), (0, 1, 1), (1, 0, 1)) 36 12 already exists.
2022-08-24 22:23:45.769227 ((0, 0, 1), (0, 1, 0), (0, 1, 1), (1, 0, 1)) 36 13 already exists.
2022-08-24 22:23:45.770399 ((0, 0, 1), (0, 1, 0), (0, 1, 1), (1, 0, 1)) 36 14 already exists.
2022-08-24 22:23:45.772009 ((0, 0, 1), (0, 1, 0), (0, 1, 1), (1, 1, 0)) 37 10 already exists.
2022-08-24 22:23:45.773100 ((0, 0, 1), (0, 1, 0), (0, 1, 1), (1, 1, 0)) 37 11 already exists.
2022-08-24 22:23:45.774220 ((0, 0, 1), (0, 1, 0), (0, 1, 1), (1, 1, 0)) 37 12 already exists.
2022-08-24 22:23:45.775207 ((0, 0, 1), (0, 1, 0), (0, 1, 1), (1, 1, 0)) 37 13 already exists.
2022-08-24 22:23:45.776378 ((0, 0, 1), (0, 1, 0), (0, 1, 1), (1, 1, 0)) 37 14 already exists.
2022-08-24 22:23:45.777509 ((0, 0, 1), (0, 1, 0), (0, 1, 1), (1, 1, 1)) 38 10 already exists.
2022-08-24 22:23:45.778500 ((0, 0, 1), (0, 1, 0), (0, 1, 1), (1, 1, 1)) 38 11 already exists.
2022-08-24 22:23:45.779464 ((0, 0, 1), (0, 1, 0), (0, 1, 1), (1, 1, 1)) 38 12 already exists.
2022-08-24 22:23:45.780479 ((0, 0, 1), (0, 1, 0), (0, 1, 1), (1, 1, 1)) 38 13 already exists.
2022-08-24 22:23:45.781475 ((0, 0, 1), (0, 1, 0), (0, 1, 1), (1, 1, 1)) 38 14 already exists.
2022-08-24 22:23:45.782577 ((0, 0, 1), (0, 1, 0), (1, 0, 0), (1, 0, 1)) 39 10 already exists.
2022-08-24 22:23:45.783574 ((0, 0, 1), (0, 1, 0), (1, 0, 0), (1, 0, 1)) 39 11 already exists.
2022-08-24 22:23:45.784711 ((0, 0, 1), (0, 1, 0), (1, 0, 0), (1, 0, 1)) 39 12 already exists.
2022-08-24 22:23:45.785703 ((0, 0, 1), (0, 1, 0), (1, 0, 0), (1, 0, 1)) 39 13 already exists.
2022-08-24 22:23:45.786826 ((0, 0, 1), (0, 1, 0), (1, 0, 0), (1, 0, 1)) 39 14 already exists.
2022-08-24 22:23:45.787925 ((0, 0, 1), (0, 1, 0), (1, 0, 0), (1, 1, 0)) 40 10 already exists.
2022-08-24 22:23:45.788931 ((0, 0, 1), (0, 1, 0), (1, 0, 0), (1, 1, 0)) 40 11 already exists.
2022-08-24 22:23:45.790103 ((0, 0, 1), (0, 1, 0), (1, 0, 0), (1, 1, 0)) 40 12 already exists.
2022-08-24 22:23:45.791174 ((0, 0, 1), (0, 1, 0), (1, 0, 0), (1, 1, 0)) 40 13 already exists.
2022-08-24 22:23:45.792173 ((0, 0, 1), (0, 1, 0), (1, 0, 0), (1, 1, 0)) 40 14 already exists.
2022-08-24 22:23:45.793268 ((0, 0, 1), (0, 1, 0), (1, 0, 0), (1, 1, 1)) 41 10 already exists.
2022-08-24 22:23:45.794152 ((0, 0, 1), (0, 1, 0), (1, 0, 0), (1, 1, 1)) 41 11 already exists.
2022-08-24 22:23:45.794900 ((0, 0, 1), (0, 1, 0), (1, 0, 0), (1, 1, 1)) 41 12 already exists.
2022-08-24 22:23:45.795983 ((0, 0, 1), (0, 1, 0), (1, 0, 0), (1, 1, 1)) 41 13 already exists.
2022-08-24 22:23:45.797047 ((0, 0, 1), (0, 1, 0), (1, 0, 0), (1, 1, 1)) 41 14 already exists.
2022-08-24 22:23:45.798252 ((0, 0, 1), (0, 1, 0), (1, 0, 1), (1, 1, 0)) 42 10 already exists.
2022-08-24 22:23:45.799400 ((0, 0, 1), (0, 1, 0), (1, 0, 1), (1, 1, 0)) 42 11 already exists.
2022-08-24 22:23:45.800535 ((0, 0, 1), (0, 1, 0), (1, 0, 1), (1, 1, 0)) 42 12 already exists.
2022-08-24 22:23:45.801575 ((0, 0, 1), (0, 1, 0), (1, 0, 1), (1, 1, 0)) 42 13 already exists.
2022-08-24 22:23:45.802713 ((0, 0, 1), (0, 1, 0), (1, 0, 1), (1, 1, 0)) 42 14 already exists.
2022-08-24 22:23:45.803855 ((0, 0, 1), (0, 1, 0), (1, 0, 1), (1, 1, 1)) 43 10 already exists.
2022-08-24 22:23:45.804973 ((0, 0, 1), (0, 1, 0), (1, 0, 1), (1, 1, 1)) 43 11 already exists.
2022-08-24 22:23:45.806083 ((0, 0, 1), (0, 1, 0), (1, 0, 1), (1, 1, 1)) 43 12 already exists.
2022-08-24 22:23:45.807143 ((0, 0, 1), (0, 1, 0), (1, 0, 1), (1, 1, 1)) 43 13 already exists.
2022-08-24 22:23:45.808202 ((0, 0, 1), (0, 1, 0), (1, 0, 1), (1, 1, 1)) 43 14 already exists.
2022-08-24 22:23:45.809417 ((0, 0, 1), (0, 1, 0), (1, 1, 0), (1, 1, 1)) 44 10 already exists.
2022-08-24 22:23:45.810545 ((0, 0, 1), (0, 1, 0), (1, 1, 0), (1, 1, 1)) 44 11 already exists.
2022-08-24 22:23:45.811516 ((0, 0, 1), (0, 1, 0), (1, 1, 0), (1, 1, 1)) 44 12 already exists.
2022-08-24 22:23:45.812613 ((0, 0, 1), (0, 1, 0), (1, 1, 0), (1, 1, 1)) 44 13 already exists.
2022-08-24 22:23:45.813764 ((0, 0, 1), (0, 1, 0), (1, 1, 0), (1, 1, 1)) 44 14 already exists.
2022-08-24 22:23:45.814797 ((0, 0, 1), (0, 1, 1), (1, 0, 0), (1, 0, 1)) 45 10 already exists.
2022-08-24 22:23:45.815857 ((0, 0, 1), (0, 1, 1), (1, 0, 0), (1, 0, 1)) 45 11 already exists.
2022-08-24 22:23:45.816840 ((0, 0, 1), (0, 1, 1), (1, 0, 0), (1, 0, 1)) 45 12 already exists.
2022-08-24 22:23:45.817975 ((0, 0, 1), (0, 1, 1), (1, 0, 0), (1, 0, 1)) 45 13 already exists.
2022-08-24 22:23:45.819117 ((0, 0, 1), (0, 1, 1), (1, 0, 0), (1, 0, 1)) 45 14 already exists.
2022-08-24 22:23:45.820380 ((0, 0, 1), (0, 1, 1), (1, 0, 0), (1, 1, 0)) 46 10 already exists.
2022-08-24 22:23:45.821435 ((0, 0, 1), (0, 1, 1), (1, 0, 0), (1, 1, 0)) 46 11 already exists.
2022-08-24 22:23:45.822530 ((0, 0, 1), (0, 1, 1), (1, 0, 0), (1, 1, 0)) 46 12 already exists.
2022-08-24 22:23:45.823608 ((0, 0, 1), (0, 1, 1), (1, 0, 0), (1, 1, 0)) 46 13 already exists.
2022-08-24 22:23:45.824728 ((0, 0, 1), (0, 1, 1), (1, 0, 0), (1, 1, 0)) 46 14 already exists.
2022-08-24 22:23:45.825970 ((0, 0, 1), (0, 1, 1), (1, 0, 0), (1, 1, 1)) 47 10 already exists.
2022-08-24 22:23:45.826962 ((0, 0, 1), (0, 1, 1), (1, 0, 0), (1, 1, 1)) 47 11 already exists.
2022-08-24 22:23:45.828023 ((0, 0, 1), (0, 1, 1), (1, 0, 0), (1, 1, 1)) 47 12 already exists.
2022-08-24 22:23:45.829067 ((0, 0, 1), (0, 1, 1), (1, 0, 0), (1, 1, 1)) 47 13 already exists.
2022-08-24 22:23:45.830045 ((0, 0, 1), (0, 1, 1), (1, 0, 0), (1, 1, 1)) 47 14 already exists.
2022-08-24 22:23:45.831232 ((0, 0, 1), (0, 1, 1), (1, 0, 1), (1, 1, 0)) 48 10 already exists.
2022-08-24 22:23:45.832411 ((0, 0, 1), (0, 1, 1), (1, 0, 1), (1, 1, 0)) 48 11 already exists.
2022-08-24 22:23:45.833511 ((0, 0, 1), (0, 1, 1), (1, 0, 1), (1, 1, 0)) 48 12 already exists.
2022-08-24 22:23:45.834472 ((0, 0, 1), (0, 1, 1), (1, 0, 1), (1, 1, 0)) 48 13 already exists.
2022-08-24 22:23:45.835410 ((0, 0, 1), (0, 1, 1), (1, 0, 1), (1, 1, 0)) 48 14 already exists.
2022-08-24 22:23:45.836617 ((0, 0, 1), (0, 1, 1), (1, 0, 1), (1, 1, 1)) 49 10 already exists.
2022-08-24 22:23:45.837624 ((0, 0, 1), (0, 1, 1), (1, 0, 1), (1, 1, 1)) 49 11 already exists.
2022-08-24 22:23:45.838557 ((0, 0, 1), (0, 1, 1), (1, 0, 1), (1, 1, 1)) 49 12 already exists.
2022-08-24 22:23:45.839630 ((0, 0, 1), (0, 1, 1), (1, 0, 1), (1, 1, 1)) 49 13 already exists.
2022-08-24 22:23:45.840710 ((0, 0, 1), (0, 1, 1), (1, 0, 1), (1, 1, 1)) 49 14 already exists.
2022-08-24 22:23:45.841816 ((0, 0, 1), (0, 1, 1), (1, 1, 0), (1, 1, 1)) 50 10 already exists.
2022-08-24 22:23:45.842963 ((0, 0, 1), (0, 1, 1), (1, 1, 0), (1, 1, 1)) 50 11 already exists.
2022-08-24 22:23:45.844048 ((0, 0, 1), (0, 1, 1), (1, 1, 0), (1, 1, 1)) 50 12 already exists.
2022-08-24 22:23:45.845108 ((0, 0, 1), (0, 1, 1), (1, 1, 0), (1, 1, 1)) 50 13 already exists.
2022-08-24 22:23:45.846095 ((0, 0, 1), (0, 1, 1), (1, 1, 0), (1, 1, 1)) 50 14 already exists.
2022-08-24 22:23:45.847056 ((0, 0, 1), (1, 0, 0), (1, 0, 1), (1, 1, 0)) 51 10 already exists.
2022-08-24 22:23:45.848048 ((0, 0, 1), (1, 0, 0), (1, 0, 1), (1, 1, 0)) 51 11 already exists.
2022-08-24 22:23:45.848912 ((0, 0, 1), (1, 0, 0), (1, 0, 1), (1, 1, 0)) 51 12 already exists.
2022-08-24 22:23:45.849985 ((0, 0, 1), (1, 0, 0), (1, 0, 1), (1, 1, 0)) 51 13 already exists.
2022-08-24 22:23:45.851047 ((0, 0, 1), (1, 0, 0), (1, 0, 1), (1, 1, 0)) 51 14 already exists.
2022-08-24 22:23:45.852369 ((0, 0, 1), (1, 0, 0), (1, 0, 1), (1, 1, 1)) 52 10 already exists.
2022-08-24 22:23:45.853543 ((0, 0, 1), (1, 0, 0), (1, 0, 1), (1, 1, 1)) 52 11 already exists.
2022-08-24 22:23:45.854663 ((0, 0, 1), (1, 0, 0), (1, 0, 1), (1, 1, 1)) 52 12 already exists.
2022-08-24 22:23:45.855898 ((0, 0, 1), (1, 0, 0), (1, 0, 1), (1, 1, 1)) 52 13 already exists.
2022-08-24 22:23:45.856999 ((0, 0, 1), (1, 0, 0), (1, 0, 1), (1, 1, 1)) 52 14 already exists.
2022-08-24 22:23:45.858502 ((0, 0, 1), (1, 0, 0), (1, 1, 0), (1, 1, 1)) 53 10 already exists.
2022-08-24 22:23:45.859746 ((0, 0, 1), (1, 0, 0), (1, 1, 0), (1, 1, 1)) 53 11 already exists.
2022-08-24 22:23:45.861286 ((0, 0, 1), (1, 0, 0), (1, 1, 0), (1, 1, 1)) 53 12 already exists.
2022-08-24 22:23:45.862565 ((0, 0, 1), (1, 0, 0), (1, 1, 0), (1, 1, 1)) 53 13 already exists.
2022-08-24 22:23:45.863861 ((0, 0, 1), (1, 0, 0), (1, 1, 0), (1, 1, 1)) 53 14 already exists.
2022-08-24 22:23:45.865106 ((0, 0, 1), (1, 0, 1), (1, 1, 0), (1, 1, 1)) 54 10 already exists.
2022-08-24 22:23:45.866346 ((0, 0, 1), (1, 0, 1), (1, 1, 0), (1, 1, 1)) 54 11 already exists.
2022-08-24 22:23:45.867584 ((0, 0, 1), (1, 0, 1), (1, 1, 0), (1, 1, 1)) 54 12 already exists.
2022-08-24 22:23:45.868926 ((0, 0, 1), (1, 0, 1), (1, 1, 0), (1, 1, 1)) 54 13 already exists.
2022-08-24 22:23:45.870178 ((0, 0, 1), (1, 0, 1), (1, 1, 0), (1, 1, 1)) 54 14 already exists.
2022-08-24 22:23:45.871586 ((0, 1, 0), (0, 1, 1), (1, 0, 0), (1, 0, 1)) 55 10 already exists.
2022-08-24 22:23:45.872863 ((0, 1, 0), (0, 1, 1), (1, 0, 0), (1, 0, 1)) 55 11 already exists.
2022-08-24 22:23:45.873996 ((0, 1, 0), (0, 1, 1), (1, 0, 0), (1, 0, 1)) 55 12 already exists.
2022-08-24 22:23:45.875282 ((0, 1, 0), (0, 1, 1), (1, 0, 0), (1, 0, 1)) 55 13 already exists.
2022-08-24 22:23:45.876542 ((0, 1, 0), (0, 1, 1), (1, 0, 0), (1, 0, 1)) 55 14 already exists.
2022-08-24 22:23:45.877846 ((0, 1, 0), (0, 1, 1), (1, 0, 0), (1, 1, 0)) 56 10 already exists.
2022-08-24 22:23:45.878969 ((0, 1, 0), (0, 1, 1), (1, 0, 0), (1, 1, 0)) 56 11 already exists.
2022-08-24 22:23:45.880444 ((0, 1, 0), (0, 1, 1), (1, 0, 0), (1, 1, 0)) 56 12 already exists.
2022-08-24 22:23:45.881657 ((0, 1, 0), (0, 1, 1), (1, 0, 0), (1, 1, 0)) 56 13 already exists.
2022-08-24 22:23:45.882934 ((0, 1, 0), (0, 1, 1), (1, 0, 0), (1, 1, 0)) 56 14 already exists.
2022-08-24 22:23:45.884112 ((0, 1, 0), (0, 1, 1), (1, 0, 0), (1, 1, 1)) 57 10 already exists.
2022-08-24 22:23:45.885531 ((0, 1, 0), (0, 1, 1), (1, 0, 0), (1, 1, 1)) 57 11 already exists.
2022-08-24 22:23:45.886890 ((0, 1, 0), (0, 1, 1), (1, 0, 0), (1, 1, 1)) 57 12 already exists.
2022-08-24 22:23:45.888317 ((0, 1, 0), (0, 1, 1), (1, 0, 0), (1, 1, 1)) 57 13 already exists.
2022-08-24 22:23:45.889743 ((0, 1, 0), (0, 1, 1), (1, 0, 0), (1, 1, 1)) 57 14 already exists.
2022-08-24 22:23:45.891304 ((0, 1, 0), (0, 1, 1), (1, 0, 1), (1, 1, 0)) 58 10 already exists.
2022-08-24 22:23:45.892739 ((0, 1, 0), (0, 1, 1), (1, 0, 1), (1, 1, 0)) 58 11 already exists.
2022-08-24 22:23:45.893861 ((0, 1, 0), (0, 1, 1), (1, 0, 1), (1, 1, 0)) 58 12 already exists.
2022-08-24 22:23:45.895198 ((0, 1, 0), (0, 1, 1), (1, 0, 1), (1, 1, 0)) 58 13 already exists.
2022-08-24 22:23:45.896378 ((0, 1, 0), (0, 1, 1), (1, 0, 1), (1, 1, 0)) 58 14 already exists.
2022-08-24 22:23:45.897857 ((0, 1, 0), (0, 1, 1), (1, 0, 1), (1, 1, 1)) 59 10 already exists.
2022-08-24 22:23:45.899122 ((0, 1, 0), (0, 1, 1), (1, 0, 1), (1, 1, 1)) 59 11 already exists.
2022-08-24 22:23:45.900638 ((0, 1, 0), (0, 1, 1), (1, 0, 1), (1, 1, 1)) 59 12 already exists.
2022-08-24 22:23:45.901773 ((0, 1, 0), (0, 1, 1), (1, 0, 1), (1, 1, 1)) 59 13 already exists.
2022-08-24 22:23:45.903040 ((0, 1, 0), (0, 1, 1), (1, 0, 1), (1, 1, 1)) 59 14 already exists.
2022-08-24 22:23:45.904419 ((0, 1, 0), (0, 1, 1), (1, 1, 0), (1, 1, 1)) 60 10 already exists.
2022-08-24 22:23:45.905631 ((0, 1, 0), (0, 1, 1), (1, 1, 0), (1, 1, 1)) 60 11 already exists.
2022-08-24 22:23:45.906984 ((0, 1, 0), (0, 1, 1), (1, 1, 0), (1, 1, 1)) 60 12 already exists.
2022-08-24 22:23:45.908373 ((0, 1, 0), (0, 1, 1), (1, 1, 0), (1, 1, 1)) 60 13 already exists.
2022-08-24 22:23:45.909554 ((0, 1, 0), (0, 1, 1), (1, 1, 0), (1, 1, 1)) 60 14 already exists.
2022-08-24 22:23:45.910891 ((0, 1, 0), (1, 0, 0), (1, 0, 1), (1, 1, 0)) 61 10 already exists.
2022-08-24 22:23:45.912394 ((0, 1, 0), (1, 0, 0), (1, 0, 1), (1, 1, 0)) 61 11 already exists.
2022-08-24 22:23:45.913719 ((0, 1, 0), (1, 0, 0), (1, 0, 1), (1, 1, 0)) 61 12 already exists.
2022-08-24 22:23:45.914983 ((0, 1, 0), (1, 0, 0), (1, 0, 1), (1, 1, 0)) 61 13 already exists.
2022-08-24 22:23:45.916353 ((0, 1, 0), (1, 0, 0), (1, 0, 1), (1, 1, 0)) 61 14 already exists.
2022-08-24 22:23:45.917889 ((0, 1, 0), (1, 0, 0), (1, 0, 1), (1, 1, 1)) 62 10 already exists.
2022-08-24 22:23:45.919283 ((0, 1, 0), (1, 0, 0), (1, 0, 1), (1, 1, 1)) 62 11 already exists.
2022-08-24 22:23:45.920401 ((0, 1, 0), (1, 0, 0), (1, 0, 1), (1, 1, 1)) 62 12 already exists.
2022-08-24 22:23:45.921769 ((0, 1, 0), (1, 0, 0), (1, 0, 1), (1, 1, 1)) 62 13 already exists.
2022-08-24 22:23:45.923293 ((0, 1, 0), (1, 0, 0), (1, 0, 1), (1, 1, 1)) 62 14 already exists.
2022-08-24 22:23:45.924609 ((0, 1, 0), (1, 0, 0), (1, 1, 0), (1, 1, 1)) 63 10 already exists.
2022-08-24 22:23:45.925724 ((0, 1, 0), (1, 0, 0), (1, 1, 0), (1, 1, 1)) 63 11 already exists.
2022-08-24 22:23:45.927061 ((0, 1, 0), (1, 0, 0), (1, 1, 0), (1, 1, 1)) 63 12 already exists.
2022-08-24 22:23:45.928415 ((0, 1, 0), (1, 0, 0), (1, 1, 0), (1, 1, 1)) 63 13 already exists.
2022-08-24 22:23:45.929880 ((0, 1, 0), (1, 0, 0), (1, 1, 0), (1, 1, 1)) 63 14 already exists.
2022-08-24 22:23:45.931455 ((0, 1, 0), (1, 0, 1), (1, 1, 0), (1, 1, 1)) 64 10 already exists.
2022-08-24 22:23:45.932959 ((0, 1, 0), (1, 0, 1), (1, 1, 0), (1, 1, 1)) 64 11 already exists.
2022-08-24 22:23:45.934478 ((0, 1, 0), (1, 0, 1), (1, 1, 0), (1, 1, 1)) 64 12 already exists.
2022-08-24 22:23:45.935948 ((0, 1, 0), (1, 0, 1), (1, 1, 0), (1, 1, 1)) 64 13 already exists.
2022-08-24 22:23:45.937323 ((0, 1, 0), (1, 0, 1), (1, 1, 0), (1, 1, 1)) 64 14 already exists.
2022-08-24 22:23:45.938780 ((0, 1, 1), (1, 0, 0), (1, 0, 1), (1, 1, 0)) 65 10 already exists.
2022-08-24 22:23:45.940193 ((0, 1, 1), (1, 0, 0), (1, 0, 1), (1, 1, 0)) 65 11 already exists.
2022-08-24 22:23:45.941558 ((0, 1, 1), (1, 0, 0), (1, 0, 1), (1, 1, 0)) 65 12 already exists.
2022-08-24 22:23:45.943011 ((0, 1, 1), (1, 0, 0), (1, 0, 1), (1, 1, 0)) 65 13 already exists.
2022-08-24 22:23:45.944425 ((0, 1, 1), (1, 0, 0), (1, 0, 1), (1, 1, 0)) 65 14 already exists.
2022-08-24 22:23:45.945807 ((0, 1, 1), (1, 0, 0), (1, 0, 1), (1, 1, 1)) 66 10 already exists.
2022-08-24 22:23:45.947380 ((0, 1, 1), (1, 0, 0), (1, 0, 1), (1, 1, 1)) 66 11 already exists.
2022-08-24 22:23:45.948672 ((0, 1, 1), (1, 0, 0), (1, 0, 1), (1, 1, 1)) 66 12 already exists.
2022-08-24 22:23:45.950121 ((0, 1, 1), (1, 0, 0), (1, 0, 1), (1, 1, 1)) 66 13 already exists.
2022-08-24 22:23:45.951555 ((0, 1, 1), (1, 0, 0), (1, 0, 1), (1, 1, 1)) 66 14 already exists.
2022-08-24 22:23:45.952878 ((0, 1, 1), (1, 0, 0), (1, 1, 0), (1, 1, 1)) 67 10 already exists.
2022-08-24 22:23:45.954482 ((0, 1, 1), (1, 0, 0), (1, 1, 0), (1, 1, 1)) 67 11 already exists.
2022-08-24 22:23:45.956032 ((0, 1, 1), (1, 0, 0), (1, 1, 0), (1, 1, 1)) 67 12 already exists.
2022-08-24 22:23:45.957539 ((0, 1, 1), (1, 0, 0), (1, 1, 0), (1, 1, 1)) 67 13 already exists.
2022-08-24 22:23:45.958932 ((0, 1, 1), (1, 0, 0), (1, 1, 0), (1, 1, 1)) 67 14 already exists.
2022-08-24 22:23:45.960569 ((0, 1, 1), (1, 0, 1), (1, 1, 0), (1, 1, 1)) 68 10 already exists.
2022-08-24 22:23:45.961777 ((0, 1, 1), (1, 0, 1), (1, 1, 0), (1, 1, 1)) 68 11 already exists.
2022-08-24 22:23:45.963320 ((0, 1, 1), (1, 0, 1), (1, 1, 0), (1, 1, 1)) 68 12 already exists.
2022-08-24 22:23:45.964731 ((0, 1, 1), (1, 0, 1), (1, 1, 0), (1, 1, 1)) 68 13 already exists.
2022-08-24 22:23:45.966078 ((0, 1, 1), (1, 0, 1), (1, 1, 0), (1, 1, 1)) 68 14 already exists.
2022-08-24 22:23:45.967538 ((1, 0, 0), (1, 0, 1), (1, 1, 0), (1, 1, 1)) 69 10 already exists.
2022-08-24 22:23:45.968992 ((1, 0, 0), (1, 0, 1), (1, 1, 0), (1, 1, 1)) 69 11
2022-08-24 22:26:30.796776 ((1, 0, 0), (1, 0, 1), (1, 1, 0), (1, 1, 1)) 69 12
2022-08-24 22:29:11.605514 ((1, 0, 0), (1, 0, 1), (1, 1, 0), (1, 1, 1)) 69 13
2022-08-24 22:31:52.430850 ((1, 0, 0), (1, 0, 1), (1, 1, 0), (1, 1, 1)) 69 14
