ODQL Experiment parameters.
Namespace(seed=5, payoffs=[1.0, 1.0], n_iterations=100, n_train_evals=5, train_id_start=15, epsilon=0.3, hist_rep_dim=4, dqn_hidden_dim=4, capacity=16, batch_size=8, dqn_lr=0.01, tau=1.0, gamma=0.975, len_update_cycle=100, n_epochs=300, popsize=48, es_lr=0.05, stdev_init=0.1, stdev_decay=0.99, stdev_min=0.01, save=True, log_interval=0)

Parameter sources.
Command Line Args:   --seed=5 --train_id_start=15 --n_train_evals=5 --save --log_interval=0
Config File (/data/engs-oxfair3/orie4536/online-lever-adaptation/experiments/all_length3_fpp/odql.conf):
  epsilon:           0.3
  hist_rep_dim:      4
  dqn_hidden_dim:    4
  capacity:          16
  batch_size:        8
  dqn_lr:            0.01
  tau:               1.0
  gamma:             0.975
  len_update_cycle:  100
  n_epochs:          300
  popsize:           48
  es_lr:             0.05
  stdev_init:        0.1
  stdev_decay:       0.99
  stdev_min:         0.01
Config File (/data/engs-oxfair3/orie4536/online-lever-adaptation/experiments/all_length3_fpp/defaults.conf):
  payoffs:           ['1.', '1.']
  n_iterations:      100

2022-08-24 07:32:05.085836 ((0, 0, 0), (0, 0, 1), (0, 1, 0), (0, 1, 1)) 0 15 already exists.
2022-08-24 07:32:05.116370 ((0, 0, 0), (0, 0, 1), (0, 1, 0), (0, 1, 1)) 0 16 already exists.
2022-08-24 07:32:05.119694 ((0, 0, 0), (0, 0, 1), (0, 1, 0), (0, 1, 1)) 0 17 already exists.
2022-08-24 07:32:05.122714 ((0, 0, 0), (0, 0, 1), (0, 1, 0), (0, 1, 1)) 0 18 already exists.
2022-08-24 07:32:05.126014 ((0, 0, 0), (0, 0, 1), (0, 1, 0), (0, 1, 1)) 0 19 already exists.
2022-08-24 07:32:05.128816 ((0, 0, 0), (0, 0, 1), (0, 1, 0), (1, 0, 0)) 1 15 already exists.
2022-08-24 07:32:05.160476 ((0, 0, 0), (0, 0, 1), (0, 1, 0), (1, 0, 0)) 1 16 already exists.
2022-08-24 07:32:05.180268 ((0, 0, 0), (0, 0, 1), (0, 1, 0), (1, 0, 0)) 1 17 already exists.
2022-08-24 07:32:05.183327 ((0, 0, 0), (0, 0, 1), (0, 1, 0), (1, 0, 0)) 1 18 already exists.
2022-08-24 07:32:05.186594 ((0, 0, 0), (0, 0, 1), (0, 1, 0), (1, 0, 0)) 1 19 already exists.
2022-08-24 07:32:05.189452 ((0, 0, 0), (0, 0, 1), (0, 1, 0), (1, 0, 1)) 2 15 already exists.
2022-08-24 07:32:05.192455 ((0, 0, 0), (0, 0, 1), (0, 1, 0), (1, 0, 1)) 2 16 already exists.
2022-08-24 07:32:05.209561 ((0, 0, 0), (0, 0, 1), (0, 1, 0), (1, 0, 1)) 2 17 already exists.
2022-08-24 07:32:05.227763 ((0, 0, 0), (0, 0, 1), (0, 1, 0), (1, 0, 1)) 2 18 already exists.
2022-08-24 07:32:05.230793 ((0, 0, 0), (0, 0, 1), (0, 1, 0), (1, 0, 1)) 2 19 already exists.
2022-08-24 07:32:05.234088 ((0, 0, 0), (0, 0, 1), (0, 1, 0), (1, 1, 0)) 3 15 already exists.
2022-08-24 07:32:05.237301 ((0, 0, 0), (0, 0, 1), (0, 1, 0), (1, 1, 0)) 3 16 already exists.
2022-08-24 07:32:05.240243 ((0, 0, 0), (0, 0, 1), (0, 1, 0), (1, 1, 0)) 3 17 already exists.
2022-08-24 07:32:05.243316 ((0, 0, 0), (0, 0, 1), (0, 1, 0), (1, 1, 0)) 3 18 already exists.
2022-08-24 07:32:05.246344 ((0, 0, 0), (0, 0, 1), (0, 1, 0), (1, 1, 0)) 3 19 already exists.
2022-08-24 07:32:05.250108 ((0, 0, 0), (0, 0, 1), (0, 1, 0), (1, 1, 1)) 4 15 already exists.
2022-08-24 07:32:05.253129 ((0, 0, 0), (0, 0, 1), (0, 1, 0), (1, 1, 1)) 4 16 already exists.
2022-08-24 07:32:05.255978 ((0, 0, 0), (0, 0, 1), (0, 1, 0), (1, 1, 1)) 4 17 already exists.
2022-08-24 07:32:05.258690 ((0, 0, 0), (0, 0, 1), (0, 1, 0), (1, 1, 1)) 4 18 already exists.
2022-08-24 07:32:05.261238 ((0, 0, 0), (0, 0, 1), (0, 1, 0), (1, 1, 1)) 4 19 already exists.
2022-08-24 07:32:05.264023 ((0, 0, 0), (0, 0, 1), (0, 1, 1), (1, 0, 0)) 5 15 already exists.
2022-08-24 07:32:05.266780 ((0, 0, 0), (0, 0, 1), (0, 1, 1), (1, 0, 0)) 5 16 already exists.
2022-08-24 07:32:05.269702 ((0, 0, 0), (0, 0, 1), (0, 1, 1), (1, 0, 0)) 5 17 already exists.
2022-08-24 07:32:05.272479 ((0, 0, 0), (0, 0, 1), (0, 1, 1), (1, 0, 0)) 5 18 already exists.
2022-08-24 07:32:05.275460 ((0, 0, 0), (0, 0, 1), (0, 1, 1), (1, 0, 0)) 5 19 already exists.
2022-08-24 07:32:05.280605 ((0, 0, 0), (0, 0, 1), (0, 1, 1), (1, 0, 1)) 6 15 already exists.
2022-08-24 07:32:05.283267 ((0, 0, 0), (0, 0, 1), (0, 1, 1), (1, 0, 1)) 6 16 already exists.
2022-08-24 07:32:05.285958 ((0, 0, 0), (0, 0, 1), (0, 1, 1), (1, 0, 1)) 6 17 already exists.
2022-08-24 07:32:05.288796 ((0, 0, 0), (0, 0, 1), (0, 1, 1), (1, 0, 1)) 6 18 already exists.
2022-08-24 07:32:05.291428 ((0, 0, 0), (0, 0, 1), (0, 1, 1), (1, 0, 1)) 6 19 already exists.
2022-08-24 07:32:05.294303 ((0, 0, 0), (0, 0, 1), (0, 1, 1), (1, 1, 0)) 7 15 already exists.
2022-08-24 07:32:05.296736 ((0, 0, 0), (0, 0, 1), (0, 1, 1), (1, 1, 0)) 7 16 already exists.
2022-08-24 07:32:05.299571 ((0, 0, 0), (0, 0, 1), (0, 1, 1), (1, 1, 0)) 7 17 already exists.
2022-08-24 07:32:05.319123 ((0, 0, 0), (0, 0, 1), (0, 1, 1), (1, 1, 0)) 7 18 already exists.
2022-08-24 07:32:05.321556 ((0, 0, 0), (0, 0, 1), (0, 1, 1), (1, 1, 0)) 7 19 already exists.
2022-08-24 07:32:05.330821 ((0, 0, 0), (0, 0, 1), (0, 1, 1), (1, 1, 1)) 8 15 already exists.
2022-08-24 07:32:05.333069 ((0, 0, 0), (0, 0, 1), (0, 1, 1), (1, 1, 1)) 8 16 already exists.
2022-08-24 07:32:05.353474 ((0, 0, 0), (0, 0, 1), (0, 1, 1), (1, 1, 1)) 8 17 already exists.
2022-08-24 07:32:05.356133 ((0, 0, 0), (0, 0, 1), (0, 1, 1), (1, 1, 1)) 8 18 already exists.
2022-08-24 07:32:05.358991 ((0, 0, 0), (0, 0, 1), (0, 1, 1), (1, 1, 1)) 8 19 already exists.
2022-08-24 07:32:05.361734 ((0, 0, 0), (0, 0, 1), (1, 0, 0), (1, 0, 1)) 9 15 already exists.
2022-08-24 07:32:05.364356 ((0, 0, 0), (0, 0, 1), (1, 0, 0), (1, 0, 1)) 9 16 already exists.
2022-08-24 07:32:05.367007 ((0, 0, 0), (0, 0, 1), (1, 0, 0), (1, 0, 1)) 9 17 already exists.
2022-08-24 07:32:05.369449 ((0, 0, 0), (0, 0, 1), (1, 0, 0), (1, 0, 1)) 9 18 already exists.
2022-08-24 07:32:05.371658 ((0, 0, 0), (0, 0, 1), (1, 0, 0), (1, 0, 1)) 9 19 already exists.
2022-08-24 07:32:05.374386 ((0, 0, 0), (0, 0, 1), (1, 0, 0), (1, 1, 0)) 10 15 already exists.
2022-08-24 07:32:05.376833 ((0, 0, 0), (0, 0, 1), (1, 0, 0), (1, 1, 0)) 10 16 already exists.
2022-08-24 07:32:05.379227 ((0, 0, 0), (0, 0, 1), (1, 0, 0), (1, 1, 0)) 10 17 already exists.
2022-08-24 07:32:05.381496 ((0, 0, 0), (0, 0, 1), (1, 0, 0), (1, 1, 0)) 10 18 already exists.
2022-08-24 07:32:05.383827 ((0, 0, 0), (0, 0, 1), (1, 0, 0), (1, 1, 0)) 10 19 already exists.
2022-08-24 07:32:05.386194 ((0, 0, 0), (0, 0, 1), (1, 0, 0), (1, 1, 1)) 11 15 already exists.
2022-08-24 07:32:05.388336 ((0, 0, 0), (0, 0, 1), (1, 0, 0), (1, 1, 1)) 11 16 already exists.
2022-08-24 07:32:05.390283 ((0, 0, 0), (0, 0, 1), (1, 0, 0), (1, 1, 1)) 11 17 already exists.
2022-08-24 07:32:05.392679 ((0, 0, 0), (0, 0, 1), (1, 0, 0), (1, 1, 1)) 11 18 already exists.
2022-08-24 07:32:05.395246 ((0, 0, 0), (0, 0, 1), (1, 0, 0), (1, 1, 1)) 11 19 already exists.
2022-08-24 07:32:05.397550 ((0, 0, 0), (0, 0, 1), (1, 0, 1), (1, 1, 0)) 12 15 already exists.
2022-08-24 07:32:05.399765 ((0, 0, 0), (0, 0, 1), (1, 0, 1), (1, 1, 0)) 12 16 already exists.
2022-08-24 07:32:05.402084 ((0, 0, 0), (0, 0, 1), (1, 0, 1), (1, 1, 0)) 12 17 already exists.
2022-08-24 07:32:05.404618 ((0, 0, 0), (0, 0, 1), (1, 0, 1), (1, 1, 0)) 12 18 already exists.
2022-08-24 07:32:05.406921 ((0, 0, 0), (0, 0, 1), (1, 0, 1), (1, 1, 0)) 12 19 already exists.
2022-08-24 07:32:05.409015 ((0, 0, 0), (0, 0, 1), (1, 0, 1), (1, 1, 1)) 13 15 already exists.
2022-08-24 07:32:05.411380 ((0, 0, 0), (0, 0, 1), (1, 0, 1), (1, 1, 1)) 13 16 already exists.
2022-08-24 07:32:05.413534 ((0, 0, 0), (0, 0, 1), (1, 0, 1), (1, 1, 1)) 13 17 already exists.
2022-08-24 07:32:05.415668 ((0, 0, 0), (0, 0, 1), (1, 0, 1), (1, 1, 1)) 13 18 already exists.
2022-08-24 07:32:05.418103 ((0, 0, 0), (0, 0, 1), (1, 0, 1), (1, 1, 1)) 13 19 already exists.
2022-08-24 07:32:05.420324 ((0, 0, 0), (0, 0, 1), (1, 1, 0), (1, 1, 1)) 14 15 already exists.
2022-08-24 07:32:05.422590 ((0, 0, 0), (0, 0, 1), (1, 1, 0), (1, 1, 1)) 14 16 already exists.
2022-08-24 07:32:05.425006 ((0, 0, 0), (0, 0, 1), (1, 1, 0), (1, 1, 1)) 14 17 already exists.
2022-08-24 07:32:05.427255 ((0, 0, 0), (0, 0, 1), (1, 1, 0), (1, 1, 1)) 14 18 already exists.
2022-08-24 07:32:05.429651 ((0, 0, 0), (0, 0, 1), (1, 1, 0), (1, 1, 1)) 14 19 already exists.
2022-08-24 07:32:05.432007 ((0, 0, 0), (0, 1, 0), (0, 1, 1), (1, 0, 0)) 15 15 already exists.
2022-08-24 07:32:05.434360 ((0, 0, 0), (0, 1, 0), (0, 1, 1), (1, 0, 0)) 15 16 already exists.
2022-08-24 07:32:05.436911 ((0, 0, 0), (0, 1, 0), (0, 1, 1), (1, 0, 0)) 15 17 already exists.
2022-08-24 07:32:05.439315 ((0, 0, 0), (0, 1, 0), (0, 1, 1), (1, 0, 0)) 15 18 already exists.
2022-08-24 07:32:05.441941 ((0, 0, 0), (0, 1, 0), (0, 1, 1), (1, 0, 0)) 15 19 already exists.
2022-08-24 07:32:05.444724 ((0, 0, 0), (0, 1, 0), (0, 1, 1), (1, 0, 1)) 16 15 already exists.
2022-08-24 07:32:05.447492 ((0, 0, 0), (0, 1, 0), (0, 1, 1), (1, 0, 1)) 16 16 already exists.
2022-08-24 07:32:05.450488 ((0, 0, 0), (0, 1, 0), (0, 1, 1), (1, 0, 1)) 16 17 already exists.
2022-08-24 07:32:05.483813 ((0, 0, 0), (0, 1, 0), (0, 1, 1), (1, 0, 1)) 16 18 already exists.
2022-08-24 07:32:05.486457 ((0, 0, 0), (0, 1, 0), (0, 1, 1), (1, 0, 1)) 16 19 already exists.
2022-08-24 07:32:05.489363 ((0, 0, 0), (0, 1, 0), (0, 1, 1), (1, 1, 0)) 17 15 already exists.
2022-08-24 07:32:05.492370 ((0, 0, 0), (0, 1, 0), (0, 1, 1), (1, 1, 0)) 17 16 already exists.
2022-08-24 07:32:05.495046 ((0, 0, 0), (0, 1, 0), (0, 1, 1), (1, 1, 0)) 17 17 already exists.
2022-08-24 07:32:05.497841 ((0, 0, 0), (0, 1, 0), (0, 1, 1), (1, 1, 0)) 17 18 already exists.
2022-08-24 07:32:05.500531 ((0, 0, 0), (0, 1, 0), (0, 1, 1), (1, 1, 0)) 17 19 already exists.
2022-08-24 07:32:05.503497 ((0, 0, 0), (0, 1, 0), (0, 1, 1), (1, 1, 1)) 18 15 already exists.
2022-08-24 07:32:05.506286 ((0, 0, 0), (0, 1, 0), (0, 1, 1), (1, 1, 1)) 18 16 already exists.
2022-08-24 07:32:05.508921 ((0, 0, 0), (0, 1, 0), (0, 1, 1), (1, 1, 1)) 18 17 already exists.
2022-08-24 07:32:05.511515 ((0, 0, 0), (0, 1, 0), (0, 1, 1), (1, 1, 1)) 18 18 already exists.
2022-08-24 07:32:05.515446 ((0, 0, 0), (0, 1, 0), (0, 1, 1), (1, 1, 1)) 18 19 already exists.
2022-08-24 07:32:05.518408 ((0, 0, 0), (0, 1, 0), (1, 0, 0), (1, 0, 1)) 19 15 already exists.
2022-08-24 07:32:05.521377 ((0, 0, 0), (0, 1, 0), (1, 0, 0), (1, 0, 1)) 19 16 already exists.
2022-08-24 07:32:05.523951 ((0, 0, 0), (0, 1, 0), (1, 0, 0), (1, 0, 1)) 19 17 already exists.
2022-08-24 07:32:05.526726 ((0, 0, 0), (0, 1, 0), (1, 0, 0), (1, 0, 1)) 19 18 already exists.
2022-08-24 07:32:05.560521 ((0, 0, 0), (0, 1, 0), (1, 0, 0), (1, 0, 1)) 19 19 already exists.
2022-08-24 07:32:05.562717 ((0, 0, 0), (0, 1, 0), (1, 0, 0), (1, 1, 0)) 20 15 already exists.
2022-08-24 07:32:05.565272 ((0, 0, 0), (0, 1, 0), (1, 0, 0), (1, 1, 0)) 20 16 already exists.
2022-08-24 07:32:05.567877 ((0, 0, 0), (0, 1, 0), (1, 0, 0), (1, 1, 0)) 20 17 already exists.
2022-08-24 07:32:05.570495 ((0, 0, 0), (0, 1, 0), (1, 0, 0), (1, 1, 0)) 20 18 already exists.
2022-08-24 07:32:05.573207 ((0, 0, 0), (0, 1, 0), (1, 0, 0), (1, 1, 0)) 20 19 already exists.
2022-08-24 07:32:05.576199 ((0, 0, 0), (0, 1, 0), (1, 0, 0), (1, 1, 1)) 21 15 already exists.
2022-08-24 07:32:05.578736 ((0, 0, 0), (0, 1, 0), (1, 0, 0), (1, 1, 1)) 21 16 already exists.
2022-08-24 07:32:05.581122 ((0, 0, 0), (0, 1, 0), (1, 0, 0), (1, 1, 1)) 21 17 already exists.
2022-08-24 07:32:05.583417 ((0, 0, 0), (0, 1, 0), (1, 0, 0), (1, 1, 1)) 21 18 already exists.
2022-08-24 07:32:05.586045 ((0, 0, 0), (0, 1, 0), (1, 0, 0), (1, 1, 1)) 21 19 already exists.
2022-08-24 07:32:05.588680 ((0, 0, 0), (0, 1, 0), (1, 0, 1), (1, 1, 0)) 22 15 already exists.
2022-08-24 07:32:05.591164 ((0, 0, 0), (0, 1, 0), (1, 0, 1), (1, 1, 0)) 22 16 already exists.
2022-08-24 07:32:05.593313 ((0, 0, 0), (0, 1, 0), (1, 0, 1), (1, 1, 0)) 22 17 already exists.
2022-08-24 07:32:05.595916 ((0, 0, 0), (0, 1, 0), (1, 0, 1), (1, 1, 0)) 22 18 already exists.
2022-08-24 07:32:05.598684 ((0, 0, 0), (0, 1, 0), (1, 0, 1), (1, 1, 0)) 22 19 already exists.
2022-08-24 07:32:05.601355 ((0, 0, 0), (0, 1, 0), (1, 0, 1), (1, 1, 1)) 23 15 already exists.
2022-08-24 07:32:05.603806 ((0, 0, 0), (0, 1, 0), (1, 0, 1), (1, 1, 1)) 23 16 already exists.
2022-08-24 07:32:05.606197 ((0, 0, 0), (0, 1, 0), (1, 0, 1), (1, 1, 1)) 23 17 already exists.
2022-08-24 07:32:05.608608 ((0, 0, 0), (0, 1, 0), (1, 0, 1), (1, 1, 1)) 23 18 already exists.
2022-08-24 07:32:05.611331 ((0, 0, 0), (0, 1, 0), (1, 0, 1), (1, 1, 1)) 23 19 already exists.
2022-08-24 07:32:05.613703 ((0, 0, 0), (0, 1, 0), (1, 1, 0), (1, 1, 1)) 24 15 already exists.
2022-08-24 07:32:05.644698 ((0, 0, 0), (0, 1, 0), (1, 1, 0), (1, 1, 1)) 24 16 already exists.
2022-08-24 07:32:05.647282 ((0, 0, 0), (0, 1, 0), (1, 1, 0), (1, 1, 1)) 24 17 already exists.
2022-08-24 07:32:05.649522 ((0, 0, 0), (0, 1, 0), (1, 1, 0), (1, 1, 1)) 24 18 already exists.
2022-08-24 07:32:05.651658 ((0, 0, 0), (0, 1, 0), (1, 1, 0), (1, 1, 1)) 24 19 already exists.
2022-08-24 07:32:05.653822 ((0, 0, 0), (0, 1, 1), (1, 0, 0), (1, 0, 1)) 25 15 already exists.
2022-08-24 07:32:05.655870 ((0, 0, 0), (0, 1, 1), (1, 0, 0), (1, 0, 1)) 25 16 already exists.
2022-08-24 07:32:05.657878 ((0, 0, 0), (0, 1, 1), (1, 0, 0), (1, 0, 1)) 25 17 already exists.
2022-08-24 07:32:05.660220 ((0, 0, 0), (0, 1, 1), (1, 0, 0), (1, 0, 1)) 25 18 already exists.
2022-08-24 07:32:05.662467 ((0, 0, 0), (0, 1, 1), (1, 0, 0), (1, 0, 1)) 25 19 already exists.
2022-08-24 07:32:05.664681 ((0, 0, 0), (0, 1, 1), (1, 0, 0), (1, 1, 0)) 26 15 already exists.
2022-08-24 07:32:05.666851 ((0, 0, 0), (0, 1, 1), (1, 0, 0), (1, 1, 0)) 26 16 already exists.
2022-08-24 07:32:05.668999 ((0, 0, 0), (0, 1, 1), (1, 0, 0), (1, 1, 0)) 26 17 already exists.
2022-08-24 07:32:05.671167 ((0, 0, 0), (0, 1, 1), (1, 0, 0), (1, 1, 0)) 26 18 already exists.
2022-08-24 07:32:05.673135 ((0, 0, 0), (0, 1, 1), (1, 0, 0), (1, 1, 0)) 26 19 already exists.
2022-08-24 07:32:05.675267 ((0, 0, 0), (0, 1, 1), (1, 0, 0), (1, 1, 1)) 27 15 already exists.
2022-08-24 07:32:05.677365 ((0, 0, 0), (0, 1, 1), (1, 0, 0), (1, 1, 1)) 27 16 already exists.
2022-08-24 07:32:05.679591 ((0, 0, 0), (0, 1, 1), (1, 0, 0), (1, 1, 1)) 27 17 already exists.
2022-08-24 07:32:05.681528 ((0, 0, 0), (0, 1, 1), (1, 0, 0), (1, 1, 1)) 27 18 already exists.
2022-08-24 07:32:05.683662 ((0, 0, 0), (0, 1, 1), (1, 0, 0), (1, 1, 1)) 27 19 already exists.
2022-08-24 07:32:05.686009 ((0, 0, 0), (0, 1, 1), (1, 0, 1), (1, 1, 0)) 28 15 already exists.
2022-08-24 07:32:05.688142 ((0, 0, 0), (0, 1, 1), (1, 0, 1), (1, 1, 0)) 28 16 already exists.
2022-08-24 07:32:05.690389 ((0, 0, 0), (0, 1, 1), (1, 0, 1), (1, 1, 0)) 28 17 already exists.
2022-08-24 07:32:05.692666 ((0, 0, 0), (0, 1, 1), (1, 0, 1), (1, 1, 0)) 28 18 already exists.
2022-08-24 07:32:05.694991 ((0, 0, 0), (0, 1, 1), (1, 0, 1), (1, 1, 0)) 28 19 already exists.
2022-08-24 07:32:05.703606 ((0, 0, 0), (0, 1, 1), (1, 0, 1), (1, 1, 1)) 29 15 already exists.
2022-08-24 07:32:05.728253 ((0, 0, 0), (0, 1, 1), (1, 0, 1), (1, 1, 1)) 29 16 already exists.
2022-08-24 07:32:05.730854 ((0, 0, 0), (0, 1, 1), (1, 0, 1), (1, 1, 1)) 29 17 already exists.
2022-08-24 07:32:05.733242 ((0, 0, 0), (0, 1, 1), (1, 0, 1), (1, 1, 1)) 29 18 already exists.
2022-08-24 07:32:05.735713 ((0, 0, 0), (0, 1, 1), (1, 0, 1), (1, 1, 1)) 29 19 already exists.
2022-08-24 07:32:05.737932 ((0, 0, 0), (0, 1, 1), (1, 1, 0), (1, 1, 1)) 30 15 already exists.
2022-08-24 07:32:05.740043 ((0, 0, 0), (0, 1, 1), (1, 1, 0), (1, 1, 1)) 30 16 already exists.
2022-08-24 07:32:05.742331 ((0, 0, 0), (0, 1, 1), (1, 1, 0), (1, 1, 1)) 30 17 already exists.
2022-08-24 07:32:05.744336 ((0, 0, 0), (0, 1, 1), (1, 1, 0), (1, 1, 1)) 30 18 already exists.
2022-08-24 07:32:05.746719 ((0, 0, 0), (0, 1, 1), (1, 1, 0), (1, 1, 1)) 30 19 already exists.
2022-08-24 07:32:05.748994 ((0, 0, 0), (1, 0, 0), (1, 0, 1), (1, 1, 0)) 31 15 already exists.
2022-08-24 07:32:05.750902 ((0, 0, 0), (1, 0, 0), (1, 0, 1), (1, 1, 0)) 31 16 already exists.
2022-08-24 07:32:05.753128 ((0, 0, 0), (1, 0, 0), (1, 0, 1), (1, 1, 0)) 31 17 already exists.
2022-08-24 07:32:05.755346 ((0, 0, 0), (1, 0, 0), (1, 0, 1), (1, 1, 0)) 31 18 already exists.
2022-08-24 07:32:05.757286 ((0, 0, 0), (1, 0, 0), (1, 0, 1), (1, 1, 0)) 31 19 already exists.
2022-08-24 07:32:05.759486 ((0, 0, 0), (1, 0, 0), (1, 0, 1), (1, 1, 1)) 32 15 already exists.
2022-08-24 07:32:05.761508 ((0, 0, 0), (1, 0, 0), (1, 0, 1), (1, 1, 1)) 32 16 already exists.
2022-08-24 07:32:05.763660 ((0, 0, 0), (1, 0, 0), (1, 0, 1), (1, 1, 1)) 32 17 already exists.
2022-08-24 07:32:05.765874 ((0, 0, 0), (1, 0, 0), (1, 0, 1), (1, 1, 1)) 32 18 already exists.
2022-08-24 07:32:05.768017 ((0, 0, 0), (1, 0, 0), (1, 0, 1), (1, 1, 1)) 32 19 already exists.
2022-08-24 07:32:05.770296 ((0, 0, 0), (1, 0, 0), (1, 1, 0), (1, 1, 1)) 33 15 already exists.
2022-08-24 07:32:05.772427 ((0, 0, 0), (1, 0, 0), (1, 1, 0), (1, 1, 1)) 33 16 already exists.
2022-08-24 07:32:05.774476 ((0, 0, 0), (1, 0, 0), (1, 1, 0), (1, 1, 1)) 33 17 already exists.
2022-08-24 07:32:05.776637 ((0, 0, 0), (1, 0, 0), (1, 1, 0), (1, 1, 1)) 33 18 already exists.
2022-08-24 07:32:05.778620 ((0, 0, 0), (1, 0, 0), (1, 1, 0), (1, 1, 1)) 33 19 already exists.
2022-08-24 07:32:05.780757 ((0, 0, 0), (1, 0, 1), (1, 1, 0), (1, 1, 1)) 34 15 already exists.
2022-08-24 07:32:05.782967 ((0, 0, 0), (1, 0, 1), (1, 1, 0), (1, 1, 1)) 34 16 already exists.
2022-08-24 07:32:05.785229 ((0, 0, 0), (1, 0, 1), (1, 1, 0), (1, 1, 1)) 34 17 already exists.
2022-08-24 07:32:05.787445 ((0, 0, 0), (1, 0, 1), (1, 1, 0), (1, 1, 1)) 34 18 already exists.
2022-08-24 07:32:05.789478 ((0, 0, 0), (1, 0, 1), (1, 1, 0), (1, 1, 1)) 34 19 already exists.
2022-08-24 07:32:05.791705 ((0, 0, 1), (0, 1, 0), (0, 1, 1), (1, 0, 0)) 35 15 already exists.
2022-08-24 07:32:05.793904 ((0, 0, 1), (0, 1, 0), (0, 1, 1), (1, 0, 0)) 35 16 already exists.
2022-08-24 07:32:05.795905 ((0, 0, 1), (0, 1, 0), (0, 1, 1), (1, 0, 0)) 35 17 already exists.
2022-08-24 07:32:05.798075 ((0, 0, 1), (0, 1, 0), (0, 1, 1), (1, 0, 0)) 35 18 already exists.
2022-08-24 07:32:05.800252 ((0, 0, 1), (0, 1, 0), (0, 1, 1), (1, 0, 0)) 35 19 already exists.
2022-08-24 07:32:05.802343 ((0, 0, 1), (0, 1, 0), (0, 1, 1), (1, 0, 1)) 36 15 already exists.
2022-08-24 07:32:05.804495 ((0, 0, 1), (0, 1, 0), (0, 1, 1), (1, 0, 1)) 36 16 already exists.
2022-08-24 07:32:05.806763 ((0, 0, 1), (0, 1, 0), (0, 1, 1), (1, 0, 1)) 36 17 already exists.
2022-08-24 07:32:05.809058 ((0, 0, 1), (0, 1, 0), (0, 1, 1), (1, 0, 1)) 36 18 already exists.
2022-08-24 07:32:05.810924 ((0, 0, 1), (0, 1, 0), (0, 1, 1), (1, 0, 1)) 36 19 already exists.
2022-08-24 07:32:05.813086 ((0, 0, 1), (0, 1, 0), (0, 1, 1), (1, 1, 0)) 37 15 already exists.
2022-08-24 07:32:05.815115 ((0, 0, 1), (0, 1, 0), (0, 1, 1), (1, 1, 0)) 37 16 already exists.
2022-08-24 07:32:05.817234 ((0, 0, 1), (0, 1, 0), (0, 1, 1), (1, 1, 0)) 37 17 already exists.
2022-08-24 07:32:05.819189 ((0, 0, 1), (0, 1, 0), (0, 1, 1), (1, 1, 0)) 37 18 already exists.
2022-08-24 07:32:05.821259 ((0, 0, 1), (0, 1, 0), (0, 1, 1), (1, 1, 0)) 37 19 already exists.
2022-08-24 07:32:05.823702 ((0, 0, 1), (0, 1, 0), (0, 1, 1), (1, 1, 1)) 38 15 already exists.
2022-08-24 07:32:05.825876 ((0, 0, 1), (0, 1, 0), (0, 1, 1), (1, 1, 1)) 38 16 already exists.
2022-08-24 07:32:05.828085 ((0, 0, 1), (0, 1, 0), (0, 1, 1), (1, 1, 1)) 38 17 already exists.
2022-08-24 07:32:05.830507 ((0, 0, 1), (0, 1, 0), (0, 1, 1), (1, 1, 1)) 38 18 already exists.
2022-08-24 07:32:05.832637 ((0, 0, 1), (0, 1, 0), (0, 1, 1), (1, 1, 1)) 38 19 already exists.
2022-08-24 07:32:05.834857 ((0, 0, 1), (0, 1, 0), (1, 0, 0), (1, 0, 1)) 39 15 already exists.
2022-08-24 07:32:05.837120 ((0, 0, 1), (0, 1, 0), (1, 0, 0), (1, 0, 1)) 39 16 already exists.
2022-08-24 07:32:05.839239 ((0, 0, 1), (0, 1, 0), (1, 0, 0), (1, 0, 1)) 39 17 already exists.
2022-08-24 07:32:05.841285 ((0, 0, 1), (0, 1, 0), (1, 0, 0), (1, 0, 1)) 39 18 already exists.
2022-08-24 07:32:05.843424 ((0, 0, 1), (0, 1, 0), (1, 0, 0), (1, 0, 1)) 39 19 already exists.
2022-08-24 07:32:05.845487 ((0, 0, 1), (0, 1, 0), (1, 0, 0), (1, 1, 0)) 40 15 already exists.
2022-08-24 07:32:05.847429 ((0, 0, 1), (0, 1, 0), (1, 0, 0), (1, 1, 0)) 40 16 already exists.
2022-08-24 07:32:05.849620 ((0, 0, 1), (0, 1, 0), (1, 0, 0), (1, 1, 0)) 40 17 already exists.
2022-08-24 07:32:05.851644 ((0, 0, 1), (0, 1, 0), (1, 0, 0), (1, 1, 0)) 40 18 already exists.
2022-08-24 07:32:05.853842 ((0, 0, 1), (0, 1, 0), (1, 0, 0), (1, 1, 0)) 40 19 already exists.
2022-08-24 07:32:05.856027 ((0, 0, 1), (0, 1, 0), (1, 0, 0), (1, 1, 1)) 41 15 already exists.
2022-08-24 07:32:05.858206 ((0, 0, 1), (0, 1, 0), (1, 0, 0), (1, 1, 1)) 41 16 already exists.
2022-08-24 07:32:05.860506 ((0, 0, 1), (0, 1, 0), (1, 0, 0), (1, 1, 1)) 41 17 already exists.
2022-08-24 07:32:05.862515 ((0, 0, 1), (0, 1, 0), (1, 0, 0), (1, 1, 1)) 41 18 already exists.
2022-08-24 07:32:05.864705 ((0, 0, 1), (0, 1, 0), (1, 0, 0), (1, 1, 1)) 41 19 already exists.
2022-08-24 07:32:05.866904 ((0, 0, 1), (0, 1, 0), (1, 0, 1), (1, 1, 0)) 42 15 already exists.
2022-08-24 07:32:05.869123 ((0, 0, 1), (0, 1, 0), (1, 0, 1), (1, 1, 0)) 42 16 already exists.
2022-08-24 07:32:05.871313 ((0, 0, 1), (0, 1, 0), (1, 0, 1), (1, 1, 0)) 42 17 already exists.
2022-08-24 07:32:05.873348 ((0, 0, 1), (0, 1, 0), (1, 0, 1), (1, 1, 0)) 42 18 already exists.
2022-08-24 07:32:05.875799 ((0, 0, 1), (0, 1, 0), (1, 0, 1), (1, 1, 0)) 42 19 already exists.
2022-08-24 07:32:05.878009 ((0, 0, 1), (0, 1, 0), (1, 0, 1), (1, 1, 1)) 43 15 already exists.
2022-08-24 07:32:05.880108 ((0, 0, 1), (0, 1, 0), (1, 0, 1), (1, 1, 1)) 43 16 already exists.
2022-08-24 07:32:05.882109 ((0, 0, 1), (0, 1, 0), (1, 0, 1), (1, 1, 1)) 43 17 already exists.
2022-08-24 07:32:05.884373 ((0, 0, 1), (0, 1, 0), (1, 0, 1), (1, 1, 1)) 43 18 already exists.
2022-08-24 07:32:05.886389 ((0, 0, 1), (0, 1, 0), (1, 0, 1), (1, 1, 1)) 43 19 already exists.
2022-08-24 07:32:05.888934 ((0, 0, 1), (0, 1, 0), (1, 1, 0), (1, 1, 1)) 44 15 already exists.
2022-08-24 07:32:05.891353 ((0, 0, 1), (0, 1, 0), (1, 1, 0), (1, 1, 1)) 44 16 already exists.
2022-08-24 07:32:05.893649 ((0, 0, 1), (0, 1, 0), (1, 1, 0), (1, 1, 1)) 44 17 already exists.
2022-08-24 07:32:05.895689 ((0, 0, 1), (0, 1, 0), (1, 1, 0), (1, 1, 1)) 44 18 already exists.
2022-08-24 07:32:05.897600 ((0, 0, 1), (0, 1, 0), (1, 1, 0), (1, 1, 1)) 44 19 already exists.
2022-08-24 07:32:05.899654 ((0, 0, 1), (0, 1, 1), (1, 0, 0), (1, 0, 1)) 45 15 already exists.
2022-08-24 07:32:05.901752 ((0, 0, 1), (0, 1, 1), (1, 0, 0), (1, 0, 1)) 45 16 already exists.
2022-08-24 07:32:05.903716 ((0, 0, 1), (0, 1, 1), (1, 0, 0), (1, 0, 1)) 45 17 already exists.
2022-08-24 07:32:05.952409 ((0, 0, 1), (0, 1, 1), (1, 0, 0), (1, 0, 1)) 45 18 already exists.
2022-08-24 07:32:05.954602 ((0, 0, 1), (0, 1, 1), (1, 0, 0), (1, 0, 1)) 45 19 already exists.
2022-08-24 07:32:05.957012 ((0, 0, 1), (0, 1, 1), (1, 0, 0), (1, 1, 0)) 46 15 already exists.
2022-08-24 07:32:05.959421 ((0, 0, 1), (0, 1, 1), (1, 0, 0), (1, 1, 0)) 46 16 already exists.
2022-08-24 07:32:05.961435 ((0, 0, 1), (0, 1, 1), (1, 0, 0), (1, 1, 0)) 46 17 already exists.
2022-08-24 07:32:05.963686 ((0, 0, 1), (0, 1, 1), (1, 0, 0), (1, 1, 0)) 46 18 already exists.
2022-08-24 07:32:05.969869 ((0, 0, 1), (0, 1, 1), (1, 0, 0), (1, 1, 0)) 46 19 already exists.
2022-08-24 07:32:05.972300 ((0, 0, 1), (0, 1, 1), (1, 0, 0), (1, 1, 1)) 47 15 already exists.
2022-08-24 07:32:05.974534 ((0, 0, 1), (0, 1, 1), (1, 0, 0), (1, 1, 1)) 47 16 already exists.
2022-08-24 07:32:05.977717 ((0, 0, 1), (0, 1, 1), (1, 0, 0), (1, 1, 1)) 47 17 already exists.
2022-08-24 07:32:05.980115 ((0, 0, 1), (0, 1, 1), (1, 0, 0), (1, 1, 1)) 47 18 already exists.
2022-08-24 07:32:05.982103 ((0, 0, 1), (0, 1, 1), (1, 0, 0), (1, 1, 1)) 47 19 already exists.
2022-08-24 07:32:05.984641 ((0, 0, 1), (0, 1, 1), (1, 0, 1), (1, 1, 0)) 48 15 already exists.
2022-08-24 07:32:05.986824 ((0, 0, 1), (0, 1, 1), (1, 0, 1), (1, 1, 0)) 48 16 already exists.
2022-08-24 07:32:05.989024 ((0, 0, 1), (0, 1, 1), (1, 0, 1), (1, 1, 0)) 48 17 already exists.
2022-08-24 07:32:05.991248 ((0, 0, 1), (0, 1, 1), (1, 0, 1), (1, 1, 0)) 48 18 already exists.
2022-08-24 07:32:05.993396 ((0, 0, 1), (0, 1, 1), (1, 0, 1), (1, 1, 0)) 48 19 already exists.
2022-08-24 07:32:05.995826 ((0, 0, 1), (0, 1, 1), (1, 0, 1), (1, 1, 1)) 49 15 already exists.
2022-08-24 07:32:05.998041 ((0, 0, 1), (0, 1, 1), (1, 0, 1), (1, 1, 1)) 49 16 already exists.
2022-08-24 07:32:06.000859 ((0, 0, 1), (0, 1, 1), (1, 0, 1), (1, 1, 1)) 49 17 already exists.
2022-08-24 07:32:06.003203 ((0, 0, 1), (0, 1, 1), (1, 0, 1), (1, 1, 1)) 49 18 already exists.
2022-08-24 07:32:06.005714 ((0, 0, 1), (0, 1, 1), (1, 0, 1), (1, 1, 1)) 49 19 already exists.
2022-08-24 07:32:06.008095 ((0, 0, 1), (0, 1, 1), (1, 1, 0), (1, 1, 1)) 50 15 already exists.
2022-08-24 07:32:06.010701 ((0, 0, 1), (0, 1, 1), (1, 1, 0), (1, 1, 1)) 50 16 already exists.
2022-08-24 07:32:06.030519 ((0, 0, 1), (0, 1, 1), (1, 1, 0), (1, 1, 1)) 50 17 already exists.
2022-08-24 07:32:06.033053 ((0, 0, 1), (0, 1, 1), (1, 1, 0), (1, 1, 1)) 50 18 already exists.
2022-08-24 07:32:06.035316 ((0, 0, 1), (0, 1, 1), (1, 1, 0), (1, 1, 1)) 50 19 already exists.
2022-08-24 07:32:06.037561 ((0, 0, 1), (1, 0, 0), (1, 0, 1), (1, 1, 0)) 51 15 already exists.
2022-08-24 07:32:06.039994 ((0, 0, 1), (1, 0, 0), (1, 0, 1), (1, 1, 0)) 51 16 already exists.
2022-08-24 07:32:06.042679 ((0, 0, 1), (1, 0, 0), (1, 0, 1), (1, 1, 0)) 51 17 already exists.
2022-08-24 07:32:06.044803 ((0, 0, 1), (1, 0, 0), (1, 0, 1), (1, 1, 0)) 51 18 already exists.
2022-08-24 07:32:06.068849 ((0, 0, 1), (1, 0, 0), (1, 0, 1), (1, 1, 0)) 51 19 already exists.
2022-08-24 07:32:06.071777 ((0, 0, 1), (1, 0, 0), (1, 0, 1), (1, 1, 1)) 52 15 already exists.
2022-08-24 07:32:06.091503 ((0, 0, 1), (1, 0, 0), (1, 0, 1), (1, 1, 1)) 52 16 already exists.
2022-08-24 07:32:06.132847 ((0, 0, 1), (1, 0, 0), (1, 0, 1), (1, 1, 1)) 52 17 already exists.
2022-08-24 07:32:06.136255 ((0, 0, 1), (1, 0, 0), (1, 0, 1), (1, 1, 1)) 52 18 already exists.
2022-08-24 07:32:06.181882 ((0, 0, 1), (1, 0, 0), (1, 0, 1), (1, 1, 1)) 52 19 already exists.
2022-08-24 07:32:06.193193 ((0, 0, 1), (1, 0, 0), (1, 1, 0), (1, 1, 1)) 53 15 already exists.
2022-08-24 07:32:06.219928 ((0, 0, 1), (1, 0, 0), (1, 1, 0), (1, 1, 1)) 53 16 already exists.
2022-08-24 07:32:06.222446 ((0, 0, 1), (1, 0, 0), (1, 1, 0), (1, 1, 1)) 53 17 already exists.
2022-08-24 07:32:06.228207 ((0, 0, 1), (1, 0, 0), (1, 1, 0), (1, 1, 1)) 53 18 already exists.
2022-08-24 07:32:06.232509 ((0, 0, 1), (1, 0, 0), (1, 1, 0), (1, 1, 1)) 53 19
2022-08-24 07:34:47.156362 ((0, 0, 1), (1, 0, 1), (1, 1, 0), (1, 1, 1)) 54 15
2022-08-24 07:37:24.203491 ((0, 0, 1), (1, 0, 1), (1, 1, 0), (1, 1, 1)) 54 16
2022-08-24 07:40:04.567658 ((0, 0, 1), (1, 0, 1), (1, 1, 0), (1, 1, 1)) 54 17
2022-08-24 07:42:42.595251 ((0, 0, 1), (1, 0, 1), (1, 1, 0), (1, 1, 1)) 54 18
2022-08-24 07:45:22.056735 ((0, 0, 1), (1, 0, 1), (1, 1, 0), (1, 1, 1)) 54 19
2022-08-24 07:48:00.025140 ((0, 1, 0), (0, 1, 1), (1, 0, 0), (1, 0, 1)) 55 15
2022-08-24 07:50:38.788725 ((0, 1, 0), (0, 1, 1), (1, 0, 0), (1, 0, 1)) 55 16
2022-08-24 07:53:15.742572 ((0, 1, 0), (0, 1, 1), (1, 0, 0), (1, 0, 1)) 55 17
2022-08-24 07:55:53.404708 ((0, 1, 0), (0, 1, 1), (1, 0, 0), (1, 0, 1)) 55 18
2022-08-24 07:58:32.291497 ((0, 1, 0), (0, 1, 1), (1, 0, 0), (1, 0, 1)) 55 19
2022-08-24 08:01:09.933837 ((0, 1, 0), (0, 1, 1), (1, 0, 0), (1, 1, 0)) 56 15
2022-08-24 08:03:47.924780 ((0, 1, 0), (0, 1, 1), (1, 0, 0), (1, 1, 0)) 56 16
2022-08-24 08:06:26.008662 ((0, 1, 0), (0, 1, 1), (1, 0, 0), (1, 1, 0)) 56 17
2022-08-24 08:09:04.833570 ((0, 1, 0), (0, 1, 1), (1, 0, 0), (1, 1, 0)) 56 18
2022-08-24 08:11:43.009837 ((0, 1, 0), (0, 1, 1), (1, 0, 0), (1, 1, 0)) 56 19
2022-08-24 08:14:21.594592 ((0, 1, 0), (0, 1, 1), (1, 0, 0), (1, 1, 1)) 57 15
2022-08-24 08:16:59.705612 ((0, 1, 0), (0, 1, 1), (1, 0, 0), (1, 1, 1)) 57 16
2022-08-24 08:19:39.800961 ((0, 1, 0), (0, 1, 1), (1, 0, 0), (1, 1, 1)) 57 17
2022-08-24 08:22:17.641828 ((0, 1, 0), (0, 1, 1), (1, 0, 0), (1, 1, 1)) 57 18
2022-08-24 08:24:56.281513 ((0, 1, 0), (0, 1, 1), (1, 0, 0), (1, 1, 1)) 57 19
2022-08-24 08:27:33.287829 ((0, 1, 0), (0, 1, 1), (1, 0, 1), (1, 1, 0)) 58 15
2022-08-24 08:30:14.052168 ((0, 1, 0), (0, 1, 1), (1, 0, 1), (1, 1, 0)) 58 16
2022-08-24 08:32:50.810393 ((0, 1, 0), (0, 1, 1), (1, 0, 1), (1, 1, 0)) 58 17
2022-08-24 08:35:29.263420 ((0, 1, 0), (0, 1, 1), (1, 0, 1), (1, 1, 0)) 58 18
2022-08-24 08:38:07.017561 ((0, 1, 0), (0, 1, 1), (1, 0, 1), (1, 1, 0)) 58 19
2022-08-24 08:40:46.446538 ((0, 1, 0), (0, 1, 1), (1, 0, 1), (1, 1, 1)) 59 15
2022-08-24 08:43:23.422070 ((0, 1, 0), (0, 1, 1), (1, 0, 1), (1, 1, 1)) 59 16
2022-08-24 08:46:01.269264 ((0, 1, 0), (0, 1, 1), (1, 0, 1), (1, 1, 1)) 59 17
2022-08-24 08:48:39.152969 ((0, 1, 0), (0, 1, 1), (1, 0, 1), (1, 1, 1)) 59 18
2022-08-24 08:51:17.221707 ((0, 1, 0), (0, 1, 1), (1, 0, 1), (1, 1, 1)) 59 19
2022-08-24 08:53:56.120857 ((0, 1, 0), (0, 1, 1), (1, 1, 0), (1, 1, 1)) 60 15
2022-08-24 08:56:32.762166 ((0, 1, 0), (0, 1, 1), (1, 1, 0), (1, 1, 1)) 60 16
2022-08-24 08:59:11.563403 ((0, 1, 0), (0, 1, 1), (1, 1, 0), (1, 1, 1)) 60 17
2022-08-24 09:01:48.549115 ((0, 1, 0), (0, 1, 1), (1, 1, 0), (1, 1, 1)) 60 18
2022-08-24 09:04:26.924298 ((0, 1, 0), (0, 1, 1), (1, 1, 0), (1, 1, 1)) 60 19
2022-08-24 09:07:04.411399 ((0, 1, 0), (1, 0, 0), (1, 0, 1), (1, 1, 0)) 61 15
2022-08-24 09:09:43.116357 ((0, 1, 0), (1, 0, 0), (1, 0, 1), (1, 1, 0)) 61 16
2022-08-24 09:12:20.063185 ((0, 1, 0), (1, 0, 0), (1, 0, 1), (1, 1, 0)) 61 17
2022-08-24 09:14:58.807590 ((0, 1, 0), (1, 0, 0), (1, 0, 1), (1, 1, 0)) 61 18
2022-08-24 09:17:36.142000 ((0, 1, 0), (1, 0, 0), (1, 0, 1), (1, 1, 0)) 61 19
2022-08-24 09:20:15.954091 ((0, 1, 0), (1, 0, 0), (1, 0, 1), (1, 1, 1)) 62 15
2022-08-24 09:22:53.830984 ((0, 1, 0), (1, 0, 0), (1, 0, 1), (1, 1, 1)) 62 16
2022-08-24 09:25:32.121761 ((0, 1, 0), (1, 0, 0), (1, 0, 1), (1, 1, 1)) 62 17
2022-08-24 09:28:11.167596 ((0, 1, 0), (1, 0, 0), (1, 0, 1), (1, 1, 1)) 62 18
2022-08-24 09:30:50.164031 ((0, 1, 0), (1, 0, 0), (1, 0, 1), (1, 1, 1)) 62 19
2022-08-24 09:33:27.576943 ((0, 1, 0), (1, 0, 0), (1, 1, 0), (1, 1, 1)) 63 15
2022-08-24 09:36:06.518015 ((0, 1, 0), (1, 0, 0), (1, 1, 0), (1, 1, 1)) 63 16
2022-08-24 09:38:45.577293 ((0, 1, 0), (1, 0, 0), (1, 1, 0), (1, 1, 1)) 63 17
2022-08-24 09:41:23.728896 ((0, 1, 0), (1, 0, 0), (1, 1, 0), (1, 1, 1)) 63 18
2022-08-24 09:44:02.541624 ((0, 1, 0), (1, 0, 0), (1, 1, 0), (1, 1, 1)) 63 19
2022-08-24 09:46:40.833821 ((0, 1, 0), (1, 0, 1), (1, 1, 0), (1, 1, 1)) 64 15
2022-08-24 09:49:20.377933 ((0, 1, 0), (1, 0, 1), (1, 1, 0), (1, 1, 1)) 64 16
2022-08-24 09:51:57.113861 ((0, 1, 0), (1, 0, 1), (1, 1, 0), (1, 1, 1)) 64 17
2022-08-24 09:54:35.184179 ((0, 1, 0), (1, 0, 1), (1, 1, 0), (1, 1, 1)) 64 18
2022-08-24 09:57:12.591412 ((0, 1, 0), (1, 0, 1), (1, 1, 0), (1, 1, 1)) 64 19
2022-08-24 09:59:51.812203 ((0, 1, 1), (1, 0, 0), (1, 0, 1), (1, 1, 0)) 65 15
2022-08-24 10:02:28.743575 ((0, 1, 1), (1, 0, 0), (1, 0, 1), (1, 1, 0)) 65 16
2022-08-24 10:05:07.623961 ((0, 1, 1), (1, 0, 0), (1, 0, 1), (1, 1, 0)) 65 17
2022-08-24 10:07:44.615357 ((0, 1, 1), (1, 0, 0), (1, 0, 1), (1, 1, 0)) 65 18
2022-08-24 10:10:23.691375 ((0, 1, 1), (1, 0, 0), (1, 0, 1), (1, 1, 0)) 65 19
2022-08-24 10:13:00.418921 ((0, 1, 1), (1, 0, 0), (1, 0, 1), (1, 1, 1)) 66 15
2022-08-24 10:15:39.170960 ((0, 1, 1), (1, 0, 0), (1, 0, 1), (1, 1, 1)) 66 16
2022-08-24 10:18:17.774657 ((0, 1, 1), (1, 0, 0), (1, 0, 1), (1, 1, 1)) 66 17
2022-08-24 10:20:57.725103 ((0, 1, 1), (1, 0, 0), (1, 0, 1), (1, 1, 1)) 66 18
2022-08-24 10:23:35.609141 ((0, 1, 1), (1, 0, 0), (1, 0, 1), (1, 1, 1)) 66 19
2022-08-24 10:26:13.134765 ((0, 1, 1), (1, 0, 0), (1, 1, 0), (1, 1, 1)) 67 15
2022-08-24 10:28:52.676668 ((0, 1, 1), (1, 0, 0), (1, 1, 0), (1, 1, 1)) 67 16
2022-08-24 10:31:29.905441 ((0, 1, 1), (1, 0, 0), (1, 1, 0), (1, 1, 1)) 67 17
2022-08-24 10:34:08.489207 ((0, 1, 1), (1, 0, 0), (1, 1, 0), (1, 1, 1)) 67 18
2022-08-24 10:36:46.100380 ((0, 1, 1), (1, 0, 0), (1, 1, 0), (1, 1, 1)) 67 19
2022-08-24 10:39:24.748217 ((0, 1, 1), (1, 0, 1), (1, 1, 0), (1, 1, 1)) 68 15
2022-08-24 10:42:02.108058 ((0, 1, 1), (1, 0, 1), (1, 1, 0), (1, 1, 1)) 68 16
2022-08-24 10:44:40.302826 ((0, 1, 1), (1, 0, 1), (1, 1, 0), (1, 1, 1)) 68 17
2022-08-24 10:47:18.007361 ((0, 1, 1), (1, 0, 1), (1, 1, 0), (1, 1, 1)) 68 18
2022-08-24 10:49:57.536464 ((0, 1, 1), (1, 0, 1), (1, 1, 0), (1, 1, 1)) 68 19
2022-08-24 10:52:35.533218 ((1, 0, 0), (1, 0, 1), (1, 1, 0), (1, 1, 1)) 69 15
2022-08-24 10:55:14.227500 ((1, 0, 0), (1, 0, 1), (1, 1, 0), (1, 1, 1)) 69 16
2022-08-24 10:57:52.215365 ((1, 0, 0), (1, 0, 1), (1, 1, 0), (1, 1, 1)) 69 17
2022-08-24 11:00:32.403554 ((1, 0, 0), (1, 0, 1), (1, 1, 0), (1, 1, 1)) 69 18
2022-08-24 11:03:10.156934 ((1, 0, 0), (1, 0, 1), (1, 1, 0), (1, 1, 1)) 69 19
