ODQL Experiment parameters.
Namespace(seed=8, payoffs=[1.0, 1.0], n_iterations=100, n_train_evals=5, train_id_start=20, epsilon=0.3, hist_rep_dim=4, dqn_hidden_dim=4, capacity=16, batch_size=8, dqn_lr=0.01, tau=1.0, gamma=0.975, len_update_cycle=100, n_epochs=300, popsize=48, es_lr=0.05, stdev_init=0.1, stdev_decay=0.99, stdev_min=0.01, save=True, log_interval=0)

Parameter sources.
Command Line Args:   --seed=8 --train_id_start=20 --n_train_evals=5 --save --log_interval=0
Config File (/data/engs-oxfair3/orie4536/online-lever-adaptation/experiments/all_length3_fpp/odql.conf):
  epsilon:           0.3
  hist_rep_dim:      4
  dqn_hidden_dim:    4
  capacity:          16
  batch_size:        8
  dqn_lr:            0.01
  tau:               1.0
  gamma:             0.975
  len_update_cycle:  100
  n_epochs:          300
  popsize:           48
  es_lr:             0.05
  stdev_init:        0.1
  stdev_decay:       0.99
  stdev_min:         0.01
Config File (/data/engs-oxfair3/orie4536/online-lever-adaptation/experiments/all_length3_fpp/defaults.conf):
  payoffs:           ['1.', '1.']
  n_iterations:      100

2022-08-24 10:15:05.259106 ((0, 0, 0), (0, 0, 1), (0, 1, 0), (0, 1, 1)) 0 20 already exists.
2022-08-24 10:15:05.272700 ((0, 0, 0), (0, 0, 1), (0, 1, 0), (0, 1, 1)) 0 21 already exists.
2022-08-24 10:15:05.274180 ((0, 0, 0), (0, 0, 1), (0, 1, 0), (0, 1, 1)) 0 22 already exists.
2022-08-24 10:15:05.275543 ((0, 0, 0), (0, 0, 1), (0, 1, 0), (0, 1, 1)) 0 23 already exists.
2022-08-24 10:15:05.276808 ((0, 0, 0), (0, 0, 1), (0, 1, 0), (0, 1, 1)) 0 24 already exists.
2022-08-24 10:15:05.278300 ((0, 0, 0), (0, 0, 1), (0, 1, 0), (1, 0, 0)) 1 20 already exists.
2022-08-24 10:15:05.279524 ((0, 0, 0), (0, 0, 1), (0, 1, 0), (1, 0, 0)) 1 21 already exists.
2022-08-24 10:15:05.280565 ((0, 0, 0), (0, 0, 1), (0, 1, 0), (1, 0, 0)) 1 22 already exists.
2022-08-24 10:15:05.281724 ((0, 0, 0), (0, 0, 1), (0, 1, 0), (1, 0, 0)) 1 23 already exists.
2022-08-24 10:15:05.283007 ((0, 0, 0), (0, 0, 1), (0, 1, 0), (1, 0, 0)) 1 24 already exists.
2022-08-24 10:15:05.284463 ((0, 0, 0), (0, 0, 1), (0, 1, 0), (1, 0, 1)) 2 20 already exists.
2022-08-24 10:15:05.285718 ((0, 0, 0), (0, 0, 1), (0, 1, 0), (1, 0, 1)) 2 21 already exists.
2022-08-24 10:15:05.287092 ((0, 0, 0), (0, 0, 1), (0, 1, 0), (1, 0, 1)) 2 22 already exists.
2022-08-24 10:15:05.288384 ((0, 0, 0), (0, 0, 1), (0, 1, 0), (1, 0, 1)) 2 23 already exists.
2022-08-24 10:15:05.289596 ((0, 0, 0), (0, 0, 1), (0, 1, 0), (1, 0, 1)) 2 24 already exists.
2022-08-24 10:15:05.291099 ((0, 0, 0), (0, 0, 1), (0, 1, 0), (1, 1, 0)) 3 20 already exists.
2022-08-24 10:15:05.292541 ((0, 0, 0), (0, 0, 1), (0, 1, 0), (1, 1, 0)) 3 21 already exists.
2022-08-24 10:15:05.293797 ((0, 0, 0), (0, 0, 1), (0, 1, 0), (1, 1, 0)) 3 22 already exists.
2022-08-24 10:15:05.295029 ((0, 0, 0), (0, 0, 1), (0, 1, 0), (1, 1, 0)) 3 23 already exists.
2022-08-24 10:15:05.296211 ((0, 0, 0), (0, 0, 1), (0, 1, 0), (1, 1, 0)) 3 24 already exists.
2022-08-24 10:15:05.297317 ((0, 0, 0), (0, 0, 1), (0, 1, 0), (1, 1, 1)) 4 20 already exists.
2022-08-24 10:15:05.298708 ((0, 0, 0), (0, 0, 1), (0, 1, 0), (1, 1, 1)) 4 21 already exists.
2022-08-24 10:15:05.300013 ((0, 0, 0), (0, 0, 1), (0, 1, 0), (1, 1, 1)) 4 22 already exists.
2022-08-24 10:15:05.301133 ((0, 0, 0), (0, 0, 1), (0, 1, 0), (1, 1, 1)) 4 23 already exists.
2022-08-24 10:15:05.302291 ((0, 0, 0), (0, 0, 1), (0, 1, 0), (1, 1, 1)) 4 24 already exists.
2022-08-24 10:15:05.303652 ((0, 0, 0), (0, 0, 1), (0, 1, 1), (1, 0, 0)) 5 20 already exists.
2022-08-24 10:15:05.304976 ((0, 0, 0), (0, 0, 1), (0, 1, 1), (1, 0, 0)) 5 21 already exists.
2022-08-24 10:15:05.306067 ((0, 0, 0), (0, 0, 1), (0, 1, 1), (1, 0, 0)) 5 22 already exists.
2022-08-24 10:15:05.307133 ((0, 0, 0), (0, 0, 1), (0, 1, 1), (1, 0, 0)) 5 23 already exists.
2022-08-24 10:15:05.308464 ((0, 0, 0), (0, 0, 1), (0, 1, 1), (1, 0, 0)) 5 24 already exists.
2022-08-24 10:15:05.309657 ((0, 0, 0), (0, 0, 1), (0, 1, 1), (1, 0, 1)) 6 20 already exists.
2022-08-24 10:15:05.311163 ((0, 0, 0), (0, 0, 1), (0, 1, 1), (1, 0, 1)) 6 21 already exists.
2022-08-24 10:15:05.312387 ((0, 0, 0), (0, 0, 1), (0, 1, 1), (1, 0, 1)) 6 22 already exists.
2022-08-24 10:15:05.313499 ((0, 0, 0), (0, 0, 1), (0, 1, 1), (1, 0, 1)) 6 23 already exists.
2022-08-24 10:15:05.314779 ((0, 0, 0), (0, 0, 1), (0, 1, 1), (1, 0, 1)) 6 24 already exists.
2022-08-24 10:15:05.316136 ((0, 0, 0), (0, 0, 1), (0, 1, 1), (1, 1, 0)) 7 20 already exists.
2022-08-24 10:15:05.317324 ((0, 0, 0), (0, 0, 1), (0, 1, 1), (1, 1, 0)) 7 21 already exists.
2022-08-24 10:15:05.318712 ((0, 0, 0), (0, 0, 1), (0, 1, 1), (1, 1, 0)) 7 22 already exists.
2022-08-24 10:15:05.320010 ((0, 0, 0), (0, 0, 1), (0, 1, 1), (1, 1, 0)) 7 23 already exists.
2022-08-24 10:15:05.321403 ((0, 0, 0), (0, 0, 1), (0, 1, 1), (1, 1, 0)) 7 24 already exists.
2022-08-24 10:15:05.322868 ((0, 0, 0), (0, 0, 1), (0, 1, 1), (1, 1, 1)) 8 20 already exists.
2022-08-24 10:15:05.324019 ((0, 0, 0), (0, 0, 1), (0, 1, 1), (1, 1, 1)) 8 21 already exists.
2022-08-24 10:15:05.325038 ((0, 0, 0), (0, 0, 1), (0, 1, 1), (1, 1, 1)) 8 22 already exists.
2022-08-24 10:15:05.326266 ((0, 0, 0), (0, 0, 1), (0, 1, 1), (1, 1, 1)) 8 23 already exists.
2022-08-24 10:15:05.327616 ((0, 0, 0), (0, 0, 1), (0, 1, 1), (1, 1, 1)) 8 24 already exists.
2022-08-24 10:15:05.328913 ((0, 0, 0), (0, 0, 1), (1, 0, 0), (1, 0, 1)) 9 20 already exists.
2022-08-24 10:15:05.330180 ((0, 0, 0), (0, 0, 1), (1, 0, 0), (1, 0, 1)) 9 21 already exists.
2022-08-24 10:15:05.331423 ((0, 0, 0), (0, 0, 1), (1, 0, 0), (1, 0, 1)) 9 22 already exists.
2022-08-24 10:15:05.332527 ((0, 0, 0), (0, 0, 1), (1, 0, 0), (1, 0, 1)) 9 23 already exists.
2022-08-24 10:15:05.333842 ((0, 0, 0), (0, 0, 1), (1, 0, 0), (1, 0, 1)) 9 24 already exists.
2022-08-24 10:15:05.335134 ((0, 0, 0), (0, 0, 1), (1, 0, 0), (1, 1, 0)) 10 20 already exists.
2022-08-24 10:15:05.336216 ((0, 0, 0), (0, 0, 1), (1, 0, 0), (1, 1, 0)) 10 21 already exists.
2022-08-24 10:15:05.337438 ((0, 0, 0), (0, 0, 1), (1, 0, 0), (1, 1, 0)) 10 22 already exists.
2022-08-24 10:15:05.338809 ((0, 0, 0), (0, 0, 1), (1, 0, 0), (1, 1, 0)) 10 23 already exists.
2022-08-24 10:15:05.340017 ((0, 0, 0), (0, 0, 1), (1, 0, 0), (1, 1, 0)) 10 24 already exists.
2022-08-24 10:15:05.341199 ((0, 0, 0), (0, 0, 1), (1, 0, 0), (1, 1, 1)) 11 20 already exists.
2022-08-24 10:15:05.342674 ((0, 0, 0), (0, 0, 1), (1, 0, 0), (1, 1, 1)) 11 21 already exists.
2022-08-24 10:15:05.343817 ((0, 0, 0), (0, 0, 1), (1, 0, 0), (1, 1, 1)) 11 22 already exists.
2022-08-24 10:15:05.344874 ((0, 0, 0), (0, 0, 1), (1, 0, 0), (1, 1, 1)) 11 23 already exists.
2022-08-24 10:15:05.346021 ((0, 0, 0), (0, 0, 1), (1, 0, 0), (1, 1, 1)) 11 24 already exists.
2022-08-24 10:15:05.347432 ((0, 0, 0), (0, 0, 1), (1, 0, 1), (1, 1, 0)) 12 20 already exists.
2022-08-24 10:15:05.348785 ((0, 0, 0), (0, 0, 1), (1, 0, 1), (1, 1, 0)) 12 21 already exists.
2022-08-24 10:15:05.350012 ((0, 0, 0), (0, 0, 1), (1, 0, 1), (1, 1, 0)) 12 22 already exists.
2022-08-24 10:15:05.351237 ((0, 0, 0), (0, 0, 1), (1, 0, 1), (1, 1, 0)) 12 23 already exists.
2022-08-24 10:15:05.352430 ((0, 0, 0), (0, 0, 1), (1, 0, 1), (1, 1, 0)) 12 24 already exists.
2022-08-24 10:15:05.353885 ((0, 0, 0), (0, 0, 1), (1, 0, 1), (1, 1, 1)) 13 20 already exists.
2022-08-24 10:15:05.355050 ((0, 0, 0), (0, 0, 1), (1, 0, 1), (1, 1, 1)) 13 21 already exists.
2022-08-24 10:15:05.356143 ((0, 0, 0), (0, 0, 1), (1, 0, 1), (1, 1, 1)) 13 22 already exists.
2022-08-24 10:15:05.357320 ((0, 0, 0), (0, 0, 1), (1, 0, 1), (1, 1, 1)) 13 23 already exists.
2022-08-24 10:15:05.358577 ((0, 0, 0), (0, 0, 1), (1, 0, 1), (1, 1, 1)) 13 24 already exists.
2022-08-24 10:15:05.360004 ((0, 0, 0), (0, 0, 1), (1, 1, 0), (1, 1, 1)) 14 20 already exists.
2022-08-24 10:15:05.361369 ((0, 0, 0), (0, 0, 1), (1, 1, 0), (1, 1, 1)) 14 21 already exists.
2022-08-24 10:15:05.362445 ((0, 0, 0), (0, 0, 1), (1, 1, 0), (1, 1, 1)) 14 22 already exists.
2022-08-24 10:15:05.363855 ((0, 0, 0), (0, 0, 1), (1, 1, 0), (1, 1, 1)) 14 23 already exists.
2022-08-24 10:15:05.365131 ((0, 0, 0), (0, 0, 1), (1, 1, 0), (1, 1, 1)) 14 24 already exists.
2022-08-24 10:15:05.366482 ((0, 0, 0), (0, 1, 0), (0, 1, 1), (1, 0, 0)) 15 20 already exists.
2022-08-24 10:15:05.367766 ((0, 0, 0), (0, 1, 0), (0, 1, 1), (1, 0, 0)) 15 21 already exists.
2022-08-24 10:15:05.369017 ((0, 0, 0), (0, 1, 0), (0, 1, 1), (1, 0, 0)) 15 22 already exists.
2022-08-24 10:15:05.370137 ((0, 0, 0), (0, 1, 0), (0, 1, 1), (1, 0, 0)) 15 23 already exists.
2022-08-24 10:15:05.371315 ((0, 0, 0), (0, 1, 0), (0, 1, 1), (1, 0, 0)) 15 24 already exists.
2022-08-24 10:15:05.372508 ((0, 0, 0), (0, 1, 0), (0, 1, 1), (1, 0, 1)) 16 20 already exists.
2022-08-24 10:15:05.373852 ((0, 0, 0), (0, 1, 0), (0, 1, 1), (1, 0, 1)) 16 21 already exists.
2022-08-24 10:15:05.374879 ((0, 0, 0), (0, 1, 0), (0, 1, 1), (1, 0, 1)) 16 22 already exists.
2022-08-24 10:15:05.375858 ((0, 0, 0), (0, 1, 0), (0, 1, 1), (1, 0, 1)) 16 23 already exists.
2022-08-24 10:15:05.376954 ((0, 0, 0), (0, 1, 0), (0, 1, 1), (1, 0, 1)) 16 24 already exists.
2022-08-24 10:15:05.378150 ((0, 0, 0), (0, 1, 0), (0, 1, 1), (1, 1, 0)) 17 20 already exists.
2022-08-24 10:15:05.379346 ((0, 0, 0), (0, 1, 0), (0, 1, 1), (1, 1, 0)) 17 21 already exists.
2022-08-24 10:15:05.380590 ((0, 0, 0), (0, 1, 0), (0, 1, 1), (1, 1, 0)) 17 22 already exists.
2022-08-24 10:15:05.381789 ((0, 0, 0), (0, 1, 0), (0, 1, 1), (1, 1, 0)) 17 23 already exists.
2022-08-24 10:15:05.382932 ((0, 0, 0), (0, 1, 0), (0, 1, 1), (1, 1, 0)) 17 24 already exists.
2022-08-24 10:15:05.384299 ((0, 0, 0), (0, 1, 0), (0, 1, 1), (1, 1, 1)) 18 20 already exists.
2022-08-24 10:15:05.385237 ((0, 0, 0), (0, 1, 0), (0, 1, 1), (1, 1, 1)) 18 21 already exists.
2022-08-24 10:15:05.386269 ((0, 0, 0), (0, 1, 0), (0, 1, 1), (1, 1, 1)) 18 22 already exists.
2022-08-24 10:15:05.387456 ((0, 0, 0), (0, 1, 0), (0, 1, 1), (1, 1, 1)) 18 23 already exists.
2022-08-24 10:15:05.388406 ((0, 0, 0), (0, 1, 0), (0, 1, 1), (1, 1, 1)) 18 24 already exists.
2022-08-24 10:15:05.389741 ((0, 0, 0), (0, 1, 0), (1, 0, 0), (1, 0, 1)) 19 20 already exists.
2022-08-24 10:15:05.390967 ((0, 0, 0), (0, 1, 0), (1, 0, 0), (1, 0, 1)) 19 21 already exists.
2022-08-24 10:15:05.392140 ((0, 0, 0), (0, 1, 0), (1, 0, 0), (1, 0, 1)) 19 22 already exists.
2022-08-24 10:15:05.393413 ((0, 0, 0), (0, 1, 0), (1, 0, 0), (1, 0, 1)) 19 23 already exists.
2022-08-24 10:15:05.394543 ((0, 0, 0), (0, 1, 0), (1, 0, 0), (1, 0, 1)) 19 24 already exists.
2022-08-24 10:15:05.395767 ((0, 0, 0), (0, 1, 0), (1, 0, 0), (1, 1, 0)) 20 20 already exists.
2022-08-24 10:15:05.397036 ((0, 0, 0), (0, 1, 0), (1, 0, 0), (1, 1, 0)) 20 21 already exists.
2022-08-24 10:15:05.398159 ((0, 0, 0), (0, 1, 0), (1, 0, 0), (1, 1, 0)) 20 22 already exists.
2022-08-24 10:15:05.399319 ((0, 0, 0), (0, 1, 0), (1, 0, 0), (1, 1, 0)) 20 23 already exists.
2022-08-24 10:15:05.400569 ((0, 0, 0), (0, 1, 0), (1, 0, 0), (1, 1, 0)) 20 24 already exists.
2022-08-24 10:15:05.401833 ((0, 0, 0), (0, 1, 0), (1, 0, 0), (1, 1, 1)) 21 20 already exists.
2022-08-24 10:15:05.402972 ((0, 0, 0), (0, 1, 0), (1, 0, 0), (1, 1, 1)) 21 21 already exists.
2022-08-24 10:15:05.404047 ((0, 0, 0), (0, 1, 0), (1, 0, 0), (1, 1, 1)) 21 22 already exists.
2022-08-24 10:15:05.405229 ((0, 0, 0), (0, 1, 0), (1, 0, 0), (1, 1, 1)) 21 23 already exists.
2022-08-24 10:15:05.406262 ((0, 0, 0), (0, 1, 0), (1, 0, 0), (1, 1, 1)) 21 24 already exists.
2022-08-24 10:15:05.407375 ((0, 0, 0), (0, 1, 0), (1, 0, 1), (1, 1, 0)) 22 20 already exists.
2022-08-24 10:15:05.408744 ((0, 0, 0), (0, 1, 0), (1, 0, 1), (1, 1, 0)) 22 21 already exists.
2022-08-24 10:15:05.409915 ((0, 0, 0), (0, 1, 0), (1, 0, 1), (1, 1, 0)) 22 22 already exists.
2022-08-24 10:15:05.411033 ((0, 0, 0), (0, 1, 0), (1, 0, 1), (1, 1, 0)) 22 23 already exists.
2022-08-24 10:15:05.412318 ((0, 0, 0), (0, 1, 0), (1, 0, 1), (1, 1, 0)) 22 24 already exists.
2022-08-24 10:15:05.413795 ((0, 0, 0), (0, 1, 0), (1, 0, 1), (1, 1, 1)) 23 20 already exists.
2022-08-24 10:15:05.414966 ((0, 0, 0), (0, 1, 0), (1, 0, 1), (1, 1, 1)) 23 21 already exists.
2022-08-24 10:15:05.416073 ((0, 0, 0), (0, 1, 0), (1, 0, 1), (1, 1, 1)) 23 22 already exists.
2022-08-24 10:15:05.417277 ((0, 0, 0), (0, 1, 0), (1, 0, 1), (1, 1, 1)) 23 23 already exists.
2022-08-24 10:15:05.418539 ((0, 0, 0), (0, 1, 0), (1, 0, 1), (1, 1, 1)) 23 24 already exists.
2022-08-24 10:15:05.419719 ((0, 0, 0), (0, 1, 0), (1, 1, 0), (1, 1, 1)) 24 20 already exists.
2022-08-24 10:15:05.420971 ((0, 0, 0), (0, 1, 0), (1, 1, 0), (1, 1, 1)) 24 21 already exists.
2022-08-24 10:15:05.422216 ((0, 0, 0), (0, 1, 0), (1, 1, 0), (1, 1, 1)) 24 22 already exists.
2022-08-24 10:15:05.423426 ((0, 0, 0), (0, 1, 0), (1, 1, 0), (1, 1, 1)) 24 23 already exists.
2022-08-24 10:15:05.424775 ((0, 0, 0), (0, 1, 0), (1, 1, 0), (1, 1, 1)) 24 24 already exists.
2022-08-24 10:15:05.426240 ((0, 0, 0), (0, 1, 1), (1, 0, 0), (1, 0, 1)) 25 20 already exists.
2022-08-24 10:15:05.427762 ((0, 0, 0), (0, 1, 1), (1, 0, 0), (1, 0, 1)) 25 21 already exists.
2022-08-24 10:15:05.428950 ((0, 0, 0), (0, 1, 1), (1, 0, 0), (1, 0, 1)) 25 22 already exists.
2022-08-24 10:15:05.430238 ((0, 0, 0), (0, 1, 1), (1, 0, 0), (1, 0, 1)) 25 23 already exists.
2022-08-24 10:15:05.431371 ((0, 0, 0), (0, 1, 1), (1, 0, 0), (1, 0, 1)) 25 24 already exists.
2022-08-24 10:15:05.432718 ((0, 0, 0), (0, 1, 1), (1, 0, 0), (1, 1, 0)) 26 20 already exists.
2022-08-24 10:15:05.433932 ((0, 0, 0), (0, 1, 1), (1, 0, 0), (1, 1, 0)) 26 21 already exists.
2022-08-24 10:15:05.435119 ((0, 0, 0), (0, 1, 1), (1, 0, 0), (1, 1, 0)) 26 22 already exists.
2022-08-24 10:15:05.436326 ((0, 0, 0), (0, 1, 1), (1, 0, 0), (1, 1, 0)) 26 23 already exists.
2022-08-24 10:15:05.437486 ((0, 0, 0), (0, 1, 1), (1, 0, 0), (1, 1, 0)) 26 24 already exists.
2022-08-24 10:15:05.438848 ((0, 0, 0), (0, 1, 1), (1, 0, 0), (1, 1, 1)) 27 20 already exists.
2022-08-24 10:15:05.440032 ((0, 0, 0), (0, 1, 1), (1, 0, 0), (1, 1, 1)) 27 21 already exists.
2022-08-24 10:15:05.441136 ((0, 0, 0), (0, 1, 1), (1, 0, 0), (1, 1, 1)) 27 22 already exists.
2022-08-24 10:15:05.442435 ((0, 0, 0), (0, 1, 1), (1, 0, 0), (1, 1, 1)) 27 23 already exists.
2022-08-24 10:15:05.443679 ((0, 0, 0), (0, 1, 1), (1, 0, 0), (1, 1, 1)) 27 24 already exists.
2022-08-24 10:15:05.444978 ((0, 0, 0), (0, 1, 1), (1, 0, 1), (1, 1, 0)) 28 20 already exists.
2022-08-24 10:15:05.446120 ((0, 0, 0), (0, 1, 1), (1, 0, 1), (1, 1, 0)) 28 21 already exists.
2022-08-24 10:15:05.447292 ((0, 0, 0), (0, 1, 1), (1, 0, 1), (1, 1, 0)) 28 22 already exists.
2022-08-24 10:15:05.448368 ((0, 0, 0), (0, 1, 1), (1, 0, 1), (1, 1, 0)) 28 23 already exists.
2022-08-24 10:15:05.449507 ((0, 0, 0), (0, 1, 1), (1, 0, 1), (1, 1, 0)) 28 24 already exists.
2022-08-24 10:15:05.450792 ((0, 0, 0), (0, 1, 1), (1, 0, 1), (1, 1, 1)) 29 20 already exists.
2022-08-24 10:15:05.452047 ((0, 0, 0), (0, 1, 1), (1, 0, 1), (1, 1, 1)) 29 21 already exists.
2022-08-24 10:15:05.453234 ((0, 0, 0), (0, 1, 1), (1, 0, 1), (1, 1, 1)) 29 22 already exists.
2022-08-24 10:15:05.454293 ((0, 0, 0), (0, 1, 1), (1, 0, 1), (1, 1, 1)) 29 23 already exists.
2022-08-24 10:15:05.455557 ((0, 0, 0), (0, 1, 1), (1, 0, 1), (1, 1, 1)) 29 24 already exists.
2022-08-24 10:15:05.456795 ((0, 0, 0), (0, 1, 1), (1, 1, 0), (1, 1, 1)) 30 20 already exists.
2022-08-24 10:15:05.457898 ((0, 0, 0), (0, 1, 1), (1, 1, 0), (1, 1, 1)) 30 21 already exists.
2022-08-24 10:15:05.458977 ((0, 0, 0), (0, 1, 1), (1, 1, 0), (1, 1, 1)) 30 22 already exists.
2022-08-24 10:15:05.460121 ((0, 0, 0), (0, 1, 1), (1, 1, 0), (1, 1, 1)) 30 23 already exists.
2022-08-24 10:15:05.461293 ((0, 0, 0), (0, 1, 1), (1, 1, 0), (1, 1, 1)) 30 24 already exists.
2022-08-24 10:15:05.462691 ((0, 0, 0), (1, 0, 0), (1, 0, 1), (1, 1, 0)) 31 20 already exists.
2022-08-24 10:15:05.464044 ((0, 0, 0), (1, 0, 0), (1, 0, 1), (1, 1, 0)) 31 21 already exists.
2022-08-24 10:15:05.465227 ((0, 0, 0), (1, 0, 0), (1, 0, 1), (1, 1, 0)) 31 22 already exists.
2022-08-24 10:15:05.466321 ((0, 0, 0), (1, 0, 0), (1, 0, 1), (1, 1, 0)) 31 23 already exists.
2022-08-24 10:15:05.467557 ((0, 0, 0), (1, 0, 0), (1, 0, 1), (1, 1, 0)) 31 24 already exists.
2022-08-24 10:15:05.468777 ((0, 0, 0), (1, 0, 0), (1, 0, 1), (1, 1, 1)) 32 20 already exists.
2022-08-24 10:15:05.469934 ((0, 0, 0), (1, 0, 0), (1, 0, 1), (1, 1, 1)) 32 21 already exists.
2022-08-24 10:15:05.471119 ((0, 0, 0), (1, 0, 0), (1, 0, 1), (1, 1, 1)) 32 22 already exists.
2022-08-24 10:15:05.472322 ((0, 0, 0), (1, 0, 0), (1, 0, 1), (1, 1, 1)) 32 23 already exists.
2022-08-24 10:15:05.473629 ((0, 0, 0), (1, 0, 0), (1, 0, 1), (1, 1, 1)) 32 24 already exists.
2022-08-24 10:15:05.474724 ((0, 0, 0), (1, 0, 0), (1, 1, 0), (1, 1, 1)) 33 20 already exists.
2022-08-24 10:15:05.476103 ((0, 0, 0), (1, 0, 0), (1, 1, 0), (1, 1, 1)) 33 21 already exists.
2022-08-24 10:15:05.476988 ((0, 0, 0), (1, 0, 0), (1, 1, 0), (1, 1, 1)) 33 22 already exists.
2022-08-24 10:15:05.478056 ((0, 0, 0), (1, 0, 0), (1, 1, 0), (1, 1, 1)) 33 23 already exists.
2022-08-24 10:15:05.479015 ((0, 0, 0), (1, 0, 0), (1, 1, 0), (1, 1, 1)) 33 24 already exists.
2022-08-24 10:15:05.480292 ((0, 0, 0), (1, 0, 1), (1, 1, 0), (1, 1, 1)) 34 20 already exists.
2022-08-24 10:15:05.481329 ((0, 0, 0), (1, 0, 1), (1, 1, 0), (1, 1, 1)) 34 21 already exists.
2022-08-24 10:15:05.482216 ((0, 0, 0), (1, 0, 1), (1, 1, 0), (1, 1, 1)) 34 22 already exists.
2022-08-24 10:15:05.483320 ((0, 0, 0), (1, 0, 1), (1, 1, 0), (1, 1, 1)) 34 23 already exists.
2022-08-24 10:15:05.484654 ((0, 0, 0), (1, 0, 1), (1, 1, 0), (1, 1, 1)) 34 24 already exists.
2022-08-24 10:15:05.485792 ((0, 0, 1), (0, 1, 0), (0, 1, 1), (1, 0, 0)) 35 20 already exists.
2022-08-24 10:15:05.486965 ((0, 0, 1), (0, 1, 0), (0, 1, 1), (1, 0, 0)) 35 21 already exists.
2022-08-24 10:15:05.487907 ((0, 0, 1), (0, 1, 0), (0, 1, 1), (1, 0, 0)) 35 22 already exists.
2022-08-24 10:15:05.488999 ((0, 0, 1), (0, 1, 0), (0, 1, 1), (1, 0, 0)) 35 23 already exists.
2022-08-24 10:15:05.490086 ((0, 0, 1), (0, 1, 0), (0, 1, 1), (1, 0, 0)) 35 24 already exists.
2022-08-24 10:15:05.491163 ((0, 0, 1), (0, 1, 0), (0, 1, 1), (1, 0, 1)) 36 20 already exists.
2022-08-24 10:15:05.492365 ((0, 0, 1), (0, 1, 0), (0, 1, 1), (1, 0, 1)) 36 21 already exists.
2022-08-24 10:15:05.493418 ((0, 0, 1), (0, 1, 0), (0, 1, 1), (1, 0, 1)) 36 22 already exists.
2022-08-24 10:15:05.494468 ((0, 0, 1), (0, 1, 0), (0, 1, 1), (1, 0, 1)) 36 23 already exists.
2022-08-24 10:15:05.495480 ((0, 0, 1), (0, 1, 0), (0, 1, 1), (1, 0, 1)) 36 24 already exists.
2022-08-24 10:15:05.496714 ((0, 0, 1), (0, 1, 0), (0, 1, 1), (1, 1, 0)) 37 20 already exists.
2022-08-24 10:15:05.498011 ((0, 0, 1), (0, 1, 0), (0, 1, 1), (1, 1, 0)) 37 21 already exists.
2022-08-24 10:15:05.499151 ((0, 0, 1), (0, 1, 0), (0, 1, 1), (1, 1, 0)) 37 22 already exists.
2022-08-24 10:15:05.500390 ((0, 0, 1), (0, 1, 0), (0, 1, 1), (1, 1, 0)) 37 23 already exists.
2022-08-24 10:15:05.501625 ((0, 0, 1), (0, 1, 0), (0, 1, 1), (1, 1, 0)) 37 24 already exists.
2022-08-24 10:15:05.502816 ((0, 0, 1), (0, 1, 0), (0, 1, 1), (1, 1, 1)) 38 20 already exists.
2022-08-24 10:15:05.503977 ((0, 0, 1), (0, 1, 0), (0, 1, 1), (1, 1, 1)) 38 21 already exists.
2022-08-24 10:15:05.505067 ((0, 0, 1), (0, 1, 0), (0, 1, 1), (1, 1, 1)) 38 22 already exists.
2022-08-24 10:15:05.506179 ((0, 0, 1), (0, 1, 0), (0, 1, 1), (1, 1, 1)) 38 23 already exists.
2022-08-24 10:15:05.507357 ((0, 0, 1), (0, 1, 0), (0, 1, 1), (1, 1, 1)) 38 24 already exists.
2022-08-24 10:15:05.508588 ((0, 0, 1), (0, 1, 0), (1, 0, 0), (1, 0, 1)) 39 20 already exists.
2022-08-24 10:15:05.509770 ((0, 0, 1), (0, 1, 0), (1, 0, 0), (1, 0, 1)) 39 21 already exists.
2022-08-24 10:15:05.511016 ((0, 0, 1), (0, 1, 0), (1, 0, 0), (1, 0, 1)) 39 22 already exists.
2022-08-24 10:15:05.511931 ((0, 0, 1), (0, 1, 0), (1, 0, 0), (1, 0, 1)) 39 23 already exists.
2022-08-24 10:15:05.513086 ((0, 0, 1), (0, 1, 0), (1, 0, 0), (1, 0, 1)) 39 24 already exists.
2022-08-24 10:15:05.514411 ((0, 0, 1), (0, 1, 0), (1, 0, 0), (1, 1, 0)) 40 20 already exists.
2022-08-24 10:15:05.515731 ((0, 0, 1), (0, 1, 0), (1, 0, 0), (1, 1, 0)) 40 21 already exists.
2022-08-24 10:15:05.516896 ((0, 0, 1), (0, 1, 0), (1, 0, 0), (1, 1, 0)) 40 22 already exists.
2022-08-24 10:15:05.517991 ((0, 0, 1), (0, 1, 0), (1, 0, 0), (1, 1, 0)) 40 23 already exists.
2022-08-24 10:15:05.519038 ((0, 0, 1), (0, 1, 0), (1, 0, 0), (1, 1, 0)) 40 24 already exists.
2022-08-24 10:15:05.520280 ((0, 0, 1), (0, 1, 0), (1, 0, 0), (1, 1, 1)) 41 20 already exists.
2022-08-24 10:15:05.521542 ((0, 0, 1), (0, 1, 0), (1, 0, 0), (1, 1, 1)) 41 21 already exists.
2022-08-24 10:15:05.522680 ((0, 0, 1), (0, 1, 0), (1, 0, 0), (1, 1, 1)) 41 22 already exists.
2022-08-24 10:15:05.523975 ((0, 0, 1), (0, 1, 0), (1, 0, 0), (1, 1, 1)) 41 23 already exists.
2022-08-24 10:15:05.525282 ((0, 0, 1), (0, 1, 0), (1, 0, 0), (1, 1, 1)) 41 24 already exists.
2022-08-24 10:15:05.526523 ((0, 0, 1), (0, 1, 0), (1, 0, 1), (1, 1, 0)) 42 20 already exists.
2022-08-24 10:15:05.527823 ((0, 0, 1), (0, 1, 0), (1, 0, 1), (1, 1, 0)) 42 21 already exists.
2022-08-24 10:15:05.528982 ((0, 0, 1), (0, 1, 0), (1, 0, 1), (1, 1, 0)) 42 22 already exists.
2022-08-24 10:15:05.530131 ((0, 0, 1), (0, 1, 0), (1, 0, 1), (1, 1, 0)) 42 23 already exists.
2022-08-24 10:15:05.531326 ((0, 0, 1), (0, 1, 0), (1, 0, 1), (1, 1, 0)) 42 24 already exists.
2022-08-24 10:15:05.532611 ((0, 0, 1), (0, 1, 0), (1, 0, 1), (1, 1, 1)) 43 20 already exists.
2022-08-24 10:15:05.533826 ((0, 0, 1), (0, 1, 0), (1, 0, 1), (1, 1, 1)) 43 21 already exists.
2022-08-24 10:15:05.535128 ((0, 0, 1), (0, 1, 0), (1, 0, 1), (1, 1, 1)) 43 22 already exists.
2022-08-24 10:15:05.536256 ((0, 0, 1), (0, 1, 0), (1, 0, 1), (1, 1, 1)) 43 23 already exists.
2022-08-24 10:15:05.537327 ((0, 0, 1), (0, 1, 0), (1, 0, 1), (1, 1, 1)) 43 24 already exists.
2022-08-24 10:15:05.538622 ((0, 0, 1), (0, 1, 0), (1, 1, 0), (1, 1, 1)) 44 20 already exists.
2022-08-24 10:15:05.539695 ((0, 0, 1), (0, 1, 0), (1, 1, 0), (1, 1, 1)) 44 21 already exists.
2022-08-24 10:15:05.540834 ((0, 0, 1), (0, 1, 0), (1, 1, 0), (1, 1, 1)) 44 22 already exists.
2022-08-24 10:15:05.541919 ((0, 0, 1), (0, 1, 0), (1, 1, 0), (1, 1, 1)) 44 23 already exists.
2022-08-24 10:15:05.543177 ((0, 0, 1), (0, 1, 0), (1, 1, 0), (1, 1, 1)) 44 24 already exists.
2022-08-24 10:15:05.544514 ((0, 0, 1), (0, 1, 1), (1, 0, 0), (1, 0, 1)) 45 20 already exists.
2022-08-24 10:15:05.545717 ((0, 0, 1), (0, 1, 1), (1, 0, 0), (1, 0, 1)) 45 21 already exists.
2022-08-24 10:15:05.546892 ((0, 0, 1), (0, 1, 1), (1, 0, 0), (1, 0, 1)) 45 22 already exists.
2022-08-24 10:15:05.547980 ((0, 0, 1), (0, 1, 1), (1, 0, 0), (1, 0, 1)) 45 23 already exists.
2022-08-24 10:15:05.549102 ((0, 0, 1), (0, 1, 1), (1, 0, 0), (1, 0, 1)) 45 24 already exists.
2022-08-24 10:15:05.550438 ((0, 0, 1), (0, 1, 1), (1, 0, 0), (1, 1, 0)) 46 20 already exists.
2022-08-24 10:15:05.551753 ((0, 0, 1), (0, 1, 1), (1, 0, 0), (1, 1, 0)) 46 21 already exists.
2022-08-24 10:15:05.553008 ((0, 0, 1), (0, 1, 1), (1, 0, 0), (1, 1, 0)) 46 22 already exists.
2022-08-24 10:15:05.553984 ((0, 0, 1), (0, 1, 1), (1, 0, 0), (1, 1, 0)) 46 23 already exists.
2022-08-24 10:15:05.555184 ((0, 0, 1), (0, 1, 1), (1, 0, 0), (1, 1, 0)) 46 24 already exists.
2022-08-24 10:15:05.556422 ((0, 0, 1), (0, 1, 1), (1, 0, 0), (1, 1, 1)) 47 20 already exists.
2022-08-24 10:15:05.557529 ((0, 0, 1), (0, 1, 1), (1, 0, 0), (1, 1, 1)) 47 21 already exists.
2022-08-24 10:15:05.558685 ((0, 0, 1), (0, 1, 1), (1, 0, 0), (1, 1, 1)) 47 22 already exists.
2022-08-24 10:15:05.559804 ((0, 0, 1), (0, 1, 1), (1, 0, 0), (1, 1, 1)) 47 23 already exists.
2022-08-24 10:15:05.561112 ((0, 0, 1), (0, 1, 1), (1, 0, 0), (1, 1, 1)) 47 24 already exists.
2022-08-24 10:15:05.562476 ((0, 0, 1), (0, 1, 1), (1, 0, 1), (1, 1, 0)) 48 20 already exists.
2022-08-24 10:15:05.563668 ((0, 0, 1), (0, 1, 1), (1, 0, 1), (1, 1, 0)) 48 21 already exists.
2022-08-24 10:15:05.564904 ((0, 0, 1), (0, 1, 1), (1, 0, 1), (1, 1, 0)) 48 22 already exists.
2022-08-24 10:15:05.566047 ((0, 0, 1), (0, 1, 1), (1, 0, 1), (1, 1, 0)) 48 23 already exists.
2022-08-24 10:15:05.567364 ((0, 0, 1), (0, 1, 1), (1, 0, 1), (1, 1, 0)) 48 24 already exists.
2022-08-24 10:15:05.568630 ((0, 0, 1), (0, 1, 1), (1, 0, 1), (1, 1, 1)) 49 20 already exists.
2022-08-24 10:15:05.569841 ((0, 0, 1), (0, 1, 1), (1, 0, 1), (1, 1, 1)) 49 21 already exists.
2022-08-24 10:15:05.570825 ((0, 0, 1), (0, 1, 1), (1, 0, 1), (1, 1, 1)) 49 22 already exists.
2022-08-24 10:15:05.571854 ((0, 0, 1), (0, 1, 1), (1, 0, 1), (1, 1, 1)) 49 23 already exists.
2022-08-24 10:15:05.573077 ((0, 0, 1), (0, 1, 1), (1, 0, 1), (1, 1, 1)) 49 24 already exists.
2022-08-24 10:15:05.574324 ((0, 0, 1), (0, 1, 1), (1, 1, 0), (1, 1, 1)) 50 20 already exists.
2022-08-24 10:15:05.575403 ((0, 0, 1), (0, 1, 1), (1, 1, 0), (1, 1, 1)) 50 21 already exists.
2022-08-24 10:15:05.576511 ((0, 0, 1), (0, 1, 1), (1, 1, 0), (1, 1, 1)) 50 22 already exists.
2022-08-24 10:15:05.577526 ((0, 0, 1), (0, 1, 1), (1, 1, 0), (1, 1, 1)) 50 23 already exists.
2022-08-24 10:15:05.578473 ((0, 0, 1), (0, 1, 1), (1, 1, 0), (1, 1, 1)) 50 24 already exists.
2022-08-24 10:15:05.579752 ((0, 0, 1), (1, 0, 0), (1, 0, 1), (1, 1, 0)) 51 20 already exists.
2022-08-24 10:15:05.580613 ((0, 0, 1), (1, 0, 0), (1, 0, 1), (1, 1, 0)) 51 21 already exists.
2022-08-24 10:15:05.581571 ((0, 0, 1), (1, 0, 0), (1, 0, 1), (1, 1, 0)) 51 22 already exists.
2022-08-24 10:15:05.582748 ((0, 0, 1), (1, 0, 0), (1, 0, 1), (1, 1, 0)) 51 23 already exists.
2022-08-24 10:15:05.583716 ((0, 0, 1), (1, 0, 0), (1, 0, 1), (1, 1, 0)) 51 24 already exists.
2022-08-24 10:15:05.584832 ((0, 0, 1), (1, 0, 0), (1, 0, 1), (1, 1, 1)) 52 20 already exists.
2022-08-24 10:15:05.585862 ((0, 0, 1), (1, 0, 0), (1, 0, 1), (1, 1, 1)) 52 21 already exists.
2022-08-24 10:15:05.586879 ((0, 0, 1), (1, 0, 0), (1, 0, 1), (1, 1, 1)) 52 22 already exists.
2022-08-24 10:15:05.588053 ((0, 0, 1), (1, 0, 0), (1, 0, 1), (1, 1, 1)) 52 23 already exists.
2022-08-24 10:15:05.589134 ((0, 0, 1), (1, 0, 0), (1, 0, 1), (1, 1, 1)) 52 24 already exists.
2022-08-24 10:15:05.590286 ((0, 0, 1), (1, 0, 0), (1, 1, 0), (1, 1, 1)) 53 20 already exists.
2022-08-24 10:15:05.591325 ((0, 0, 1), (1, 0, 0), (1, 1, 0), (1, 1, 1)) 53 21 already exists.
2022-08-24 10:15:05.592633 ((0, 0, 1), (1, 0, 0), (1, 1, 0), (1, 1, 1)) 53 22 already exists.
2022-08-24 10:15:05.593673 ((0, 0, 1), (1, 0, 0), (1, 1, 0), (1, 1, 1)) 53 23 already exists.
2022-08-24 10:15:05.594694 ((0, 0, 1), (1, 0, 0), (1, 1, 0), (1, 1, 1)) 53 24 already exists.
2022-08-24 10:15:05.595909 ((0, 0, 1), (1, 0, 1), (1, 1, 0), (1, 1, 1)) 54 20 already exists.
2022-08-24 10:15:05.597086 ((0, 0, 1), (1, 0, 1), (1, 1, 0), (1, 1, 1)) 54 21 already exists.
2022-08-24 10:15:05.598200 ((0, 0, 1), (1, 0, 1), (1, 1, 0), (1, 1, 1)) 54 22 already exists.
2022-08-24 10:15:05.599205 ((0, 0, 1), (1, 0, 1), (1, 1, 0), (1, 1, 1)) 54 23 already exists.
2022-08-24 10:15:05.600302 ((0, 0, 1), (1, 0, 1), (1, 1, 0), (1, 1, 1)) 54 24 already exists.
2022-08-24 10:15:05.601498 ((0, 1, 0), (0, 1, 1), (1, 0, 0), (1, 0, 1)) 55 20 already exists.
2022-08-24 10:15:05.602792 ((0, 1, 0), (0, 1, 1), (1, 0, 0), (1, 0, 1)) 55 21 already exists.
2022-08-24 10:15:05.604122 ((0, 1, 0), (0, 1, 1), (1, 0, 0), (1, 0, 1)) 55 22 already exists.
2022-08-24 10:15:05.605188 ((0, 1, 0), (0, 1, 1), (1, 0, 0), (1, 0, 1)) 55 23 already exists.
2022-08-24 10:15:05.606413 ((0, 1, 0), (0, 1, 1), (1, 0, 0), (1, 0, 1)) 55 24 already exists.
2022-08-24 10:15:05.607623 ((0, 1, 0), (0, 1, 1), (1, 0, 0), (1, 1, 0)) 56 20 already exists.
2022-08-24 10:15:05.608954 ((0, 1, 0), (0, 1, 1), (1, 0, 0), (1, 1, 0)) 56 21 already exists.
2022-08-24 10:15:05.610302 ((0, 1, 0), (0, 1, 1), (1, 0, 0), (1, 1, 0)) 56 22 already exists.
2022-08-24 10:15:05.611459 ((0, 1, 0), (0, 1, 1), (1, 0, 0), (1, 1, 0)) 56 23 already exists.
2022-08-24 10:15:05.612518 ((0, 1, 0), (0, 1, 1), (1, 0, 0), (1, 1, 0)) 56 24 already exists.
2022-08-24 10:15:05.613929 ((0, 1, 0), (0, 1, 1), (1, 0, 0), (1, 1, 1)) 57 20 already exists.
2022-08-24 10:15:05.615082 ((0, 1, 0), (0, 1, 1), (1, 0, 0), (1, 1, 1)) 57 21 already exists.
2022-08-24 10:15:05.616435 ((0, 1, 0), (0, 1, 1), (1, 0, 0), (1, 1, 1)) 57 22 already exists.
2022-08-24 10:15:05.617566 ((0, 1, 0), (0, 1, 1), (1, 0, 0), (1, 1, 1)) 57 23 already exists.
2022-08-24 10:15:05.618616 ((0, 1, 0), (0, 1, 1), (1, 0, 0), (1, 1, 1)) 57 24 already exists.
2022-08-24 10:15:05.620077 ((0, 1, 0), (0, 1, 1), (1, 0, 1), (1, 1, 0)) 58 20 already exists.
2022-08-24 10:15:05.621206 ((0, 1, 0), (0, 1, 1), (1, 0, 1), (1, 1, 0)) 58 21 already exists.
2022-08-24 10:15:05.622328 ((0, 1, 0), (0, 1, 1), (1, 0, 1), (1, 1, 0)) 58 22 already exists.
2022-08-24 10:15:05.623476 ((0, 1, 0), (0, 1, 1), (1, 0, 1), (1, 1, 0)) 58 23 already exists.
2022-08-24 10:15:05.624740 ((0, 1, 0), (0, 1, 1), (1, 0, 1), (1, 1, 0)) 58 24 already exists.
2022-08-24 10:15:05.626135 ((0, 1, 0), (0, 1, 1), (1, 0, 1), (1, 1, 1)) 59 20 already exists.
2022-08-24 10:15:05.627342 ((0, 1, 0), (0, 1, 1), (1, 0, 1), (1, 1, 1)) 59 21 already exists.
2022-08-24 10:15:05.628466 ((0, 1, 0), (0, 1, 1), (1, 0, 1), (1, 1, 1)) 59 22 already exists.
2022-08-24 10:15:05.629683 ((0, 1, 0), (0, 1, 1), (1, 0, 1), (1, 1, 1)) 59 23 already exists.
2022-08-24 10:15:05.630919 ((0, 1, 0), (0, 1, 1), (1, 0, 1), (1, 1, 1)) 59 24 already exists.
2022-08-24 10:15:05.632166 ((0, 1, 0), (0, 1, 1), (1, 1, 0), (1, 1, 1)) 60 20 already exists.
2022-08-24 10:15:05.633345 ((0, 1, 0), (0, 1, 1), (1, 1, 0), (1, 1, 1)) 60 21
2022-08-24 10:17:49.077360 ((0, 1, 0), (0, 1, 1), (1, 1, 0), (1, 1, 1)) 60 22
2022-08-24 10:20:29.636207 ((0, 1, 0), (0, 1, 1), (1, 1, 0), (1, 1, 1)) 60 23
2022-08-24 10:23:10.211888 ((0, 1, 0), (0, 1, 1), (1, 1, 0), (1, 1, 1)) 60 24
2022-08-24 10:25:50.321578 ((0, 1, 0), (1, 0, 0), (1, 0, 1), (1, 1, 0)) 61 20
2022-08-24 10:28:29.785686 ((0, 1, 0), (1, 0, 0), (1, 0, 1), (1, 1, 0)) 61 21
2022-08-24 10:31:12.379448 ((0, 1, 0), (1, 0, 0), (1, 0, 1), (1, 1, 0)) 61 22
2022-08-24 10:33:52.788066 ((0, 1, 0), (1, 0, 0), (1, 0, 1), (1, 1, 0)) 61 23
2022-08-24 10:36:31.474978 ((0, 1, 0), (1, 0, 0), (1, 0, 1), (1, 1, 0)) 61 24
2022-08-24 10:39:11.292891 ((0, 1, 0), (1, 0, 0), (1, 0, 1), (1, 1, 1)) 62 20
2022-08-24 10:41:50.759619 ((0, 1, 0), (1, 0, 0), (1, 0, 1), (1, 1, 1)) 62 21
2022-08-24 10:44:30.245945 ((0, 1, 0), (1, 0, 0), (1, 0, 1), (1, 1, 1)) 62 22
2022-08-24 10:47:09.889395 ((0, 1, 0), (1, 0, 0), (1, 0, 1), (1, 1, 1)) 62 23
2022-08-24 10:49:50.341426 ((0, 1, 0), (1, 0, 0), (1, 0, 1), (1, 1, 1)) 62 24
2022-08-24 10:52:29.098412 ((0, 1, 0), (1, 0, 0), (1, 1, 0), (1, 1, 1)) 63 20
2022-08-24 10:55:08.760767 ((0, 1, 0), (1, 0, 0), (1, 1, 0), (1, 1, 1)) 63 21
2022-08-24 10:57:46.436881 ((0, 1, 0), (1, 0, 0), (1, 1, 0), (1, 1, 1)) 63 22
2022-08-24 11:00:27.158168 ((0, 1, 0), (1, 0, 0), (1, 1, 0), (1, 1, 1)) 63 23
2022-08-24 11:03:05.504612 ((0, 1, 0), (1, 0, 0), (1, 1, 0), (1, 1, 1)) 63 24
2022-08-24 11:05:45.321130 ((0, 1, 0), (1, 0, 1), (1, 1, 0), (1, 1, 1)) 64 20
2022-08-24 11:08:25.462281 ((0, 1, 0), (1, 0, 1), (1, 1, 0), (1, 1, 1)) 64 21
2022-08-24 11:11:06.137728 ((0, 1, 0), (1, 0, 1), (1, 1, 0), (1, 1, 1)) 64 22
2022-08-24 11:13:46.750649 ((0, 1, 0), (1, 0, 1), (1, 1, 0), (1, 1, 1)) 64 23
2022-08-24 11:16:25.827657 ((0, 1, 0), (1, 0, 1), (1, 1, 0), (1, 1, 1)) 64 24
2022-08-24 11:19:05.724518 ((0, 1, 1), (1, 0, 0), (1, 0, 1), (1, 1, 0)) 65 20
2022-08-24 11:21:44.765691 ((0, 1, 1), (1, 0, 0), (1, 0, 1), (1, 1, 0)) 65 21
2022-08-24 11:24:24.203269 ((0, 1, 1), (1, 0, 0), (1, 0, 1), (1, 1, 0)) 65 22
2022-08-24 11:27:02.068994 ((0, 1, 1), (1, 0, 0), (1, 0, 1), (1, 1, 0)) 65 23
2022-08-24 11:29:42.518746 ((0, 1, 1), (1, 0, 0), (1, 0, 1), (1, 1, 0)) 65 24
2022-08-24 11:32:22.870831 ((0, 1, 1), (1, 0, 0), (1, 0, 1), (1, 1, 1)) 66 20
2022-08-24 11:35:02.026853 ((0, 1, 1), (1, 0, 0), (1, 0, 1), (1, 1, 1)) 66 21
2022-08-24 11:37:40.777320 ((0, 1, 1), (1, 0, 0), (1, 0, 1), (1, 1, 1)) 66 22
2022-08-24 11:40:20.795629 ((0, 1, 1), (1, 0, 0), (1, 0, 1), (1, 1, 1)) 66 23
2022-08-24 11:42:59.184215 ((0, 1, 1), (1, 0, 0), (1, 0, 1), (1, 1, 1)) 66 24
2022-08-24 11:45:39.260256 ((0, 1, 1), (1, 0, 0), (1, 1, 0), (1, 1, 1)) 67 20
2022-08-24 11:48:19.243626 ((0, 1, 1), (1, 0, 0), (1, 1, 0), (1, 1, 1)) 67 21
2022-08-24 11:50:59.499090 ((0, 1, 1), (1, 0, 0), (1, 1, 0), (1, 1, 1)) 67 22
2022-08-24 11:53:40.156146 ((0, 1, 1), (1, 0, 0), (1, 1, 0), (1, 1, 1)) 67 23
2022-08-24 11:56:19.200732 ((0, 1, 1), (1, 0, 0), (1, 1, 0), (1, 1, 1)) 67 24
2022-08-24 11:58:59.631103 ((0, 1, 1), (1, 0, 1), (1, 1, 0), (1, 1, 1)) 68 20
2022-08-24 12:01:39.892679 ((0, 1, 1), (1, 0, 1), (1, 1, 0), (1, 1, 1)) 68 21
2022-08-24 12:04:20.599277 ((0, 1, 1), (1, 0, 1), (1, 1, 0), (1, 1, 1)) 68 22
2022-08-24 12:06:59.127669 ((0, 1, 1), (1, 0, 1), (1, 1, 0), (1, 1, 1)) 68 23
2022-08-24 12:09:40.670870 ((0, 1, 1), (1, 0, 1), (1, 1, 0), (1, 1, 1)) 68 24
2022-08-24 12:12:19.580994 ((1, 0, 0), (1, 0, 1), (1, 1, 0), (1, 1, 1)) 69 20
2022-08-24 12:15:00.400739 ((1, 0, 0), (1, 0, 1), (1, 1, 0), (1, 1, 1)) 69 21
2022-08-24 12:17:41.652781 ((1, 0, 0), (1, 0, 1), (1, 1, 0), (1, 1, 1)) 69 22
2022-08-24 12:20:22.168964 ((1, 0, 0), (1, 0, 1), (1, 1, 0), (1, 1, 1)) 69 23
2022-08-24 12:23:02.941285 ((1, 0, 0), (1, 0, 1), (1, 1, 0), (1, 1, 1)) 69 24
