ODQL Experiment parameters.
Namespace(seed=4, payoffs=[1.0, 1.0], n_iterations=100, n_train_evals=1, train_id_start=4, epsilon=0.3, hist_rep_dim=4, dqn_hidden_dim=4, capacity=16, batch_size=8, dqn_lr=0.01, tau=1.0, gamma=0.975, len_update_cycle=100, n_epochs=300, popsize=48, es_lr=0.05, stdev_init=0.1, stdev_decay=0.99, stdev_min=0.01, save=True, log_interval=0)

Parameter sources.
Command Line Args:   --seed=4 --train_id_start=4 --n_train_evals=1 --save --log_interval=0
Config File (/data/engs-oxfair3/orie4536/online-lever-adaptation/experiments/all_length3_fpp/odql.conf):
  epsilon:           0.3
  hist_rep_dim:      4
  dqn_hidden_dim:    4
  capacity:          16
  batch_size:        8
  dqn_lr:            0.01
  tau:               1.0
  gamma:             0.975
  len_update_cycle:  100
  n_epochs:          300
  popsize:           48
  es_lr:             0.05
  stdev_init:        0.1
  stdev_decay:       0.99
  stdev_min:         0.01
Config File (/data/engs-oxfair3/orie4536/online-lever-adaptation/experiments/all_length3_fpp/defaults.conf):
  payoffs:           ['1.', '1.']
  n_iterations:      100

2022-08-22 10:31:04.462107 ((0, 0, 0), (0, 0, 1), (0, 1, 0), (0, 1, 1)) 04
2022-08-22 10:33:45.651756 ((0, 0, 0), (0, 0, 1), (0, 1, 0), (1, 0, 0)) 04
2022-08-22 10:36:22.278093 ((0, 0, 0), (0, 0, 1), (0, 1, 0), (1, 0, 1)) 04
2022-08-22 10:38:58.926389 ((0, 0, 0), (0, 0, 1), (0, 1, 0), (1, 1, 0)) 04
2022-08-22 10:41:36.843897 ((0, 0, 0), (0, 0, 1), (0, 1, 0), (1, 1, 1)) 04
2022-08-22 10:44:15.768216 ((0, 0, 0), (0, 0, 1), (0, 1, 1), (1, 0, 0)) 04
2022-08-22 10:46:53.777880 ((0, 0, 0), (0, 0, 1), (0, 1, 1), (1, 0, 1)) 04
2022-08-22 10:49:32.640368 ((0, 0, 0), (0, 0, 1), (0, 1, 1), (1, 1, 0)) 04
2022-08-22 10:52:09.978466 ((0, 0, 0), (0, 0, 1), (0, 1, 1), (1, 1, 1)) 04
2022-08-22 10:54:46.517515 ((0, 0, 0), (0, 0, 1), (1, 0, 0), (1, 0, 1)) 04
2022-08-22 10:57:24.221813 ((0, 0, 0), (0, 0, 1), (1, 0, 0), (1, 1, 0)) 04
2022-08-22 11:00:02.000789 ((0, 0, 0), (0, 0, 1), (1, 0, 0), (1, 1, 1)) 04
2022-08-22 11:02:42.766039 ((0, 0, 0), (0, 0, 1), (1, 0, 1), (1, 1, 0)) 04
2022-08-22 11:05:19.881999 ((0, 0, 0), (0, 0, 1), (1, 0, 1), (1, 1, 1)) 04
2022-08-22 11:07:58.603859 ((0, 0, 0), (0, 0, 1), (1, 1, 0), (1, 1, 1)) 04
2022-08-22 11:10:35.879964 ((0, 0, 0), (0, 1, 0), (0, 1, 1), (1, 0, 0)) 04
2022-08-22 11:13:13.229929 ((0, 0, 0), (0, 1, 0), (0, 1, 1), (1, 0, 1)) 04
2022-08-22 11:15:50.148825 ((0, 0, 0), (0, 1, 0), (0, 1, 1), (1, 1, 0)) 04
2022-08-22 11:18:28.029071 ((0, 0, 0), (0, 1, 0), (0, 1, 1), (1, 1, 1)) 04
2022-08-22 11:21:05.291019 ((0, 0, 0), (0, 1, 0), (1, 0, 0), (1, 0, 1)) 04
2022-08-22 11:23:43.552909 ((0, 0, 0), (0, 1, 0), (1, 0, 0), (1, 1, 0)) 04
2022-08-22 11:26:20.177557 ((0, 0, 0), (0, 1, 0), (1, 0, 0), (1, 1, 1)) 04
2022-08-22 11:29:58.161310 ((0, 0, 0), (0, 1, 0), (1, 0, 1), (1, 1, 0)) 04
2022-08-22 11:32:36.001243 ((0, 0, 0), (0, 1, 0), (1, 0, 1), (1, 1, 1)) 04
2022-08-22 11:35:13.117574 ((0, 0, 0), (0, 1, 0), (1, 1, 0), (1, 1, 1)) 04
2022-08-22 11:37:51.299773 ((0, 0, 0), (0, 1, 1), (1, 0, 0), (1, 0, 1)) 04
2022-08-22 11:40:29.164907 ((0, 0, 0), (0, 1, 1), (1, 0, 0), (1, 1, 0)) 04
2022-08-22 11:43:06.464074 ((0, 0, 0), (0, 1, 1), (1, 0, 0), (1, 1, 1)) 04
2022-08-22 11:45:44.324085 ((0, 0, 0), (0, 1, 1), (1, 0, 1), (1, 1, 0)) 04
2022-08-22 11:48:23.073011 ((0, 0, 0), (0, 1, 1), (1, 0, 1), (1, 1, 1)) 04
2022-08-22 11:51:00.137026 ((0, 0, 0), (0, 1, 1), (1, 1, 0), (1, 1, 1)) 04
2022-08-22 11:53:37.055634 ((0, 0, 0), (1, 0, 0), (1, 0, 1), (1, 1, 0)) 04
2022-08-22 11:56:13.760426 ((0, 0, 0), (1, 0, 0), (1, 0, 1), (1, 1, 1)) 04
2022-08-22 11:58:52.693524 ((0, 0, 0), (1, 0, 0), (1, 1, 0), (1, 1, 1)) 04
2022-08-22 12:01:29.090540 ((0, 0, 0), (1, 0, 1), (1, 1, 0), (1, 1, 1)) 04
2022-08-22 12:04:08.518721 ((0, 0, 1), (0, 1, 0), (0, 1, 1), (1, 0, 0)) 04
2022-08-22 12:06:46.584054 ((0, 0, 1), (0, 1, 0), (0, 1, 1), (1, 0, 1)) 04
2022-08-22 12:09:28.470078 ((0, 0, 1), (0, 1, 0), (0, 1, 1), (1, 1, 0)) 04
2022-08-22 12:12:05.056837 ((0, 0, 1), (0, 1, 0), (0, 1, 1), (1, 1, 1)) 04
2022-08-22 12:14:44.647528 ((0, 0, 1), (0, 1, 0), (1, 0, 0), (1, 0, 1)) 04
2022-08-22 12:17:23.249426 ((0, 0, 1), (0, 1, 0), (1, 0, 0), (1, 1, 0)) 04
2022-08-22 12:20:00.808608 ((0, 0, 1), (0, 1, 0), (1, 0, 0), (1, 1, 1)) 04
2022-08-22 12:22:39.682695 ((0, 0, 1), (0, 1, 0), (1, 0, 1), (1, 1, 0)) 04
2022-08-22 12:25:17.360630 ((0, 0, 1), (0, 1, 0), (1, 0, 1), (1, 1, 1)) 04
2022-08-22 12:27:57.376197 ((0, 0, 1), (0, 1, 0), (1, 1, 0), (1, 1, 1)) 04
2022-08-22 12:30:34.000695 ((0, 0, 1), (0, 1, 1), (1, 0, 0), (1, 0, 1)) 04
2022-08-22 12:33:11.974853 ((0, 0, 1), (0, 1, 1), (1, 0, 0), (1, 1, 0)) 04
2022-08-22 12:35:48.416400 ((0, 0, 1), (0, 1, 1), (1, 0, 0), (1, 1, 1)) 04
2022-08-22 12:38:27.449580 ((0, 0, 1), (0, 1, 1), (1, 0, 1), (1, 1, 0)) 04
2022-08-22 12:41:03.582239 ((0, 0, 1), (0, 1, 1), (1, 0, 1), (1, 1, 1)) 04
2022-08-22 12:43:40.990082 ((0, 0, 1), (0, 1, 1), (1, 1, 0), (1, 1, 1)) 04
2022-08-22 12:46:18.340086 ((0, 0, 1), (1, 0, 0), (1, 0, 1), (1, 1, 0)) 04
2022-08-22 12:48:57.599065 ((0, 0, 1), (1, 0, 0), (1, 0, 1), (1, 1, 1)) 04
2022-08-22 12:51:35.002944 ((0, 0, 1), (1, 0, 0), (1, 1, 0), (1, 1, 1)) 04
2022-08-22 12:54:13.083681 ((0, 0, 1), (1, 0, 1), (1, 1, 0), (1, 1, 1)) 04
2022-08-22 12:56:50.783553 ((0, 1, 0), (0, 1, 1), (1, 0, 0), (1, 0, 1)) 04
2022-08-22 12:59:30.795121 ((0, 1, 0), (0, 1, 1), (1, 0, 0), (1, 1, 0)) 04
2022-08-22 13:02:08.430171 ((0, 1, 0), (0, 1, 1), (1, 0, 0), (1, 1, 1)) 04
2022-08-22 13:04:46.919933 ((0, 1, 0), (0, 1, 1), (1, 0, 1), (1, 1, 0)) 04
2022-08-22 13:07:25.698510 ((0, 1, 0), (0, 1, 1), (1, 0, 1), (1, 1, 1)) 04
2022-08-22 13:10:03.026845 ((0, 1, 0), (0, 1, 1), (1, 1, 0), (1, 1, 1)) 04
2022-08-22 13:12:40.050243 ((0, 1, 0), (1, 0, 0), (1, 0, 1), (1, 1, 0)) 04
2022-08-22 13:15:16.990293 ((0, 1, 0), (1, 0, 0), (1, 0, 1), (1, 1, 1)) 04
2022-08-22 13:17:55.523975 ((0, 1, 0), (1, 0, 0), (1, 1, 0), (1, 1, 1)) 04
2022-08-22 13:20:33.565051 ((0, 1, 0), (1, 0, 1), (1, 1, 0), (1, 1, 1)) 04
2022-08-22 13:23:11.729729 ((0, 1, 1), (1, 0, 0), (1, 0, 1), (1, 1, 0)) 04
2022-08-22 13:25:48.964815 ((0, 1, 1), (1, 0, 0), (1, 0, 1), (1, 1, 1)) 04
2022-08-22 13:28:28.873746 ((0, 1, 1), (1, 0, 0), (1, 1, 0), (1, 1, 1)) 04
2022-08-22 13:31:05.887580 ((0, 1, 1), (1, 0, 1), (1, 1, 0), (1, 1, 1)) 04
2022-08-22 13:33:43.168752 ((1, 0, 0), (1, 0, 1), (1, 1, 0), (1, 1, 1)) 04
